INFO:root:Namespace(batch_size=128, drop_rate=0.0, logging_dir='logs', lr=0.1, lr_decay=0.1, lr_decay_epoch='80,160,240', lr_decay_period=0, mode='hybrid', model='cifar_wideresnet40_8', momentum=0.9, num_epochs=350, num_gpus=1, num_workers=8, resume_from=None, save_dir='params', save_period=10, save_plot_dir='.', wd=0.0001)
/usr/local/lib/python2.7/dist-packages/mxnet/gluon/data/vision/datasets.py:193: DeprecationWarning: The binary mode of fromstring is deprecated, as it behaves surprisingly on unicode inputs. Use frombuffer instead
  data = np.fromstring(fin.read(), dtype=np.uint8).reshape(-1, 3072+1)
[02:13:15] src/operator/nn/./cudnn/./cudnn_algoreg-inl.h:107: Running performance tests to find the best convolution algorithm, this can take a while... (setting env variable MXNET_CUDNN_AUTOTUNE_DEFAULT to 0 to disable)
INFO:root:[Epoch 0] train=0.234622 val=0.331500 loss=2.076491 time: 73.494054
INFO:root:[Epoch 1] train=0.225486 val=0.433800 loss=1.908229 time: 71.695364
INFO:root:[Epoch 2] train=0.216497 val=0.574000 loss=1.827061 time: 71.820043
INFO:root:[Epoch 3] train=0.207929 val=0.627900 loss=1.763095 time: 71.659636
INFO:root:[Epoch 4] train=0.203217 val=0.621200 loss=1.698714 time: 71.801363
INFO:root:[Epoch 5] train=0.198207 val=0.694500 loss=1.636029 time: 71.853144
INFO:root:[Epoch 6] train=0.194098 val=0.701200 loss=1.597392 time: 71.817506
INFO:root:[Epoch 7] train=0.190484 val=0.729500 loss=1.586005 time: 71.809992
INFO:root:[Epoch 8] train=0.188907 val=0.720600 loss=1.574348 time: 71.784629
INFO:root:[Epoch 9] train=0.186719 val=0.748000 loss=1.514942 time: 71.841188
INFO:root:[Epoch 10] train=0.183700 val=0.783800 loss=1.543611 time: 71.826565
INFO:root:[Epoch 11] train=0.182667 val=0.764100 loss=1.477749 time: 71.789552
INFO:root:[Epoch 12] train=0.181593 val=0.789000 loss=1.500384 time: 71.790765
INFO:root:[Epoch 13] train=0.179840 val=0.792700 loss=1.455940 time: 71.626845
INFO:root:[Epoch 14] train=0.177656 val=0.806100 loss=1.480485 time: 71.665550
INFO:root:[Epoch 15] train=0.176859 val=0.812500 loss=1.432856 time: 71.819330
INFO:root:[Epoch 16] train=0.175079 val=0.792300 loss=1.454475 time: 71.860682
INFO:root:[Epoch 17] train=0.174731 val=0.810900 loss=1.420322 time: 71.849022
INFO:root:[Epoch 18] train=0.173177 val=0.736400 loss=1.418180 time: 71.810430
INFO:root:[Epoch 19] train=0.171750 val=0.817800 loss=1.427449 time: 71.860297
INFO:root:[Epoch 20] train=0.170540 val=0.824700 loss=1.373762 time: 71.835557
INFO:root:[Epoch 21] train=0.169319 val=0.849200 loss=1.401308 time: 71.852998
INFO:root:[Epoch 22] train=0.169032 val=0.853900 loss=1.386869 time: 71.955812
INFO:root:[Epoch 23] train=0.168050 val=0.846700 loss=1.400902 time: 71.841555
INFO:root:[Epoch 24] train=0.168321 val=0.844600 loss=1.408593 time: 71.879293
INFO:root:[Epoch 25] train=0.166565 val=0.816100 loss=1.355616 time: 71.822637
INFO:root:[Epoch 26] train=0.165968 val=0.806300 loss=1.372238 time: 71.886302
INFO:root:[Epoch 27] train=0.165995 val=0.863500 loss=1.397941 time: 71.817903
INFO:root:[Epoch 28] train=0.165516 val=0.843000 loss=1.359575 time: 71.633187
INFO:root:[Epoch 29] train=0.165033 val=0.862500 loss=1.370118 time: 71.886414
INFO:root:[Epoch 30] train=0.164121 val=0.853600 loss=1.349468 time: 71.884315
INFO:root:[Epoch 31] train=0.163381 val=0.873800 loss=1.350096 time: 71.902983
INFO:root:[Epoch 32] train=0.163552 val=0.866700 loss=1.354558 time: 72.013095
INFO:root:[Epoch 33] train=0.162773 val=0.870700 loss=1.332068 time: 71.819146
INFO:root:[Epoch 34] train=0.162798 val=0.878800 loss=1.350386 time: 71.856214
INFO:root:[Epoch 35] train=0.162361 val=0.872900 loss=1.343583 time: 71.819668
INFO:root:[Epoch 36] train=0.161636 val=0.846800 loss=1.332261 time: 71.932659
INFO:root:[Epoch 37] train=0.161105 val=0.865800 loss=1.334689 time: 71.774254
INFO:root:[Epoch 38] train=0.161240 val=0.866400 loss=1.320726 time: 71.810011
INFO:root:[Epoch 39] train=0.161262 val=0.883300 loss=1.347052 time: 72.000552
INFO:root:[Epoch 40] train=0.160639 val=0.890700 loss=1.325541 time: 71.815496
INFO:root:[Epoch 41] train=0.159947 val=0.874100 loss=1.307169 time: 71.913455
INFO:root:[Epoch 42] train=0.159593 val=0.893800 loss=1.303588 time: 71.995810
INFO:root:[Epoch 43] train=0.159517 val=0.878800 loss=1.329020 time: 71.711197
INFO:root:[Epoch 44] train=0.158674 val=0.890700 loss=1.306535 time: 71.630889
INFO:root:[Epoch 45] train=0.159150 val=0.885000 loss=1.309517 time: 71.668129
INFO:root:[Epoch 46] train=0.159130 val=0.896200 loss=1.287077 time: 71.509194
INFO:root:[Epoch 47] train=0.159427 val=0.873300 loss=1.313815 time: 71.549185
INFO:root:[Epoch 48] train=0.157868 val=0.890500 loss=1.294370 time: 71.607489
INFO:root:[Epoch 49] train=0.157921 val=0.879300 loss=1.308134 time: 71.931981
INFO:root:[Epoch 50] train=0.157998 val=0.895300 loss=1.290109 time: 71.916741
INFO:root:[Epoch 51] train=0.157142 val=0.897500 loss=1.278971 time: 71.982588
INFO:root:[Epoch 52] train=0.157232 val=0.893900 loss=1.291316 time: 71.854720
INFO:root:[Epoch 53] train=0.156587 val=0.891900 loss=1.289926 time: 71.896263
INFO:root:[Epoch 54] train=0.156750 val=0.910200 loss=1.293800 time: 71.871230
INFO:root:[Epoch 55] train=0.155845 val=0.882400 loss=1.276905 time: 71.803565
INFO:root:[Epoch 56] train=0.157143 val=0.893200 loss=1.285581 time: 71.894411
INFO:root:[Epoch 57] train=0.156673 val=0.893700 loss=1.309141 time: 71.739976
INFO:root:[Epoch 58] train=0.155598 val=0.899700 loss=1.287265 time: 71.882773
INFO:root:[Epoch 59] train=0.155368 val=0.889700 loss=1.289542 time: 72.088346
INFO:root:[Epoch 60] train=0.155906 val=0.901800 loss=1.271992 time: 71.879291
INFO:root:[Epoch 61] train=0.154769 val=0.901600 loss=1.294235 time: 71.901016
INFO:root:[Epoch 62] train=0.154837 val=0.896100 loss=1.270291 time: 71.863590
INFO:root:[Epoch 63] train=0.154244 val=0.900300 loss=1.276155 time: 71.777311
INFO:root:[Epoch 64] train=0.155393 val=0.903300 loss=1.278842 time: 71.873609
INFO:root:[Epoch 65] train=0.155149 val=0.891200 loss=1.279838 time: 71.870983
INFO:root:[Epoch 66] train=0.154361 val=0.901000 loss=1.259941 time: 71.879206
INFO:root:[Epoch 67] train=0.153235 val=0.899900 loss=1.264299 time: 71.878966
INFO:root:[Epoch 68] train=0.154590 val=0.904400 loss=1.265735 time: 71.851689
INFO:root:[Epoch 69] train=0.153708 val=0.871000 loss=1.252860 time: 71.944536
INFO:root:[Epoch 70] train=0.155019 val=0.911000 loss=1.296343 time: 71.902823
INFO:root:[Epoch 71] train=0.153365 val=0.901600 loss=1.262716 time: 71.934886
INFO:root:[Epoch 72] train=0.153959 val=0.900600 loss=1.262831 time: 71.793784
INFO:root:[Epoch 73] train=0.152785 val=0.890100 loss=1.271023 time: 71.878101
INFO:root:[Epoch 74] train=0.153674 val=0.900500 loss=1.240801 time: 71.919912
INFO:root:[Epoch 75] train=0.153499 val=0.907800 loss=1.264411 time: 71.904303
INFO:root:[Epoch 76] train=0.153232 val=0.910500 loss=1.254478 time: 71.889359
INFO:root:[Epoch 77] train=0.152963 val=0.895000 loss=1.278385 time: 71.905642
INFO:root:[Epoch 78] train=0.153173 val=0.900500 loss=1.239687 time: 71.937787
INFO:root:[Epoch 79] train=0.152125 val=0.902600 loss=1.241061 time: 71.950604
INFO:root:[Epoch 80] train=0.144608 val=0.936000 loss=1.194199 time: 71.884485
INFO:root:[Epoch 81] train=0.140082 val=0.942400 loss=1.170367 time: 71.936955
INFO:root:[Epoch 82] train=0.137769 val=0.942300 loss=1.142225 time: 72.032560
INFO:root:[Epoch 83] train=0.136984 val=0.945200 loss=1.143833 time: 71.926987
INFO:root:[Epoch 84] train=0.135040 val=0.947500 loss=1.117099 time: 71.806005
INFO:root:[Epoch 85] train=0.134683 val=0.944300 loss=1.131322 time: 71.994029
INFO:root:[Epoch 86] train=0.136209 val=0.946800 loss=1.156847 time: 71.828772
INFO:root:[Epoch 87] train=0.133755 val=0.946200 loss=1.114214 time: 71.801597
INFO:root:[Epoch 88] train=0.134125 val=0.948200 loss=1.122480 time: 71.988477
INFO:root:[Epoch 89] train=0.132444 val=0.944700 loss=1.100981 time: 71.931922
INFO:root:[Epoch 90] train=0.132501 val=0.946900 loss=1.094385 time: 71.916529
INFO:root:[Epoch 91] train=0.131686 val=0.948700 loss=1.104259 time: 71.971427
INFO:root:[Epoch 92] train=0.133305 val=0.948400 loss=1.126860 time: 71.899685
INFO:root:[Epoch 93] train=0.132707 val=0.948500 loss=1.117428 time: 72.045690
INFO:root:[Epoch 94] train=0.132762 val=0.948900 loss=1.111411 time: 71.970058
INFO:root:[Epoch 95] train=0.133300 val=0.947500 loss=1.146184 time: 72.004833
INFO:root:[Epoch 96] train=0.132269 val=0.949300 loss=1.104001 time: 71.940956
INFO:root:[Epoch 97] train=0.131366 val=0.950500 loss=1.112801 time: 71.971754
INFO:root:[Epoch 98] train=0.131105 val=0.950700 loss=1.099073 time: 71.963843
INFO:root:[Epoch 99] train=0.131610 val=0.951600 loss=1.119228 time: 71.993051
INFO:root:[Epoch 100] train=0.132111 val=0.952700 loss=1.135751 time: 71.972587
INFO:root:[Epoch 101] train=0.130355 val=0.953000 loss=1.087420 time: 71.670251
INFO:root:[Epoch 102] train=0.129708 val=0.951800 loss=1.081187 time: 71.937897
INFO:root:[Epoch 103] train=0.131789 val=0.951300 loss=1.121544 time: 71.689500
INFO:root:[Epoch 104] train=0.129978 val=0.952300 loss=1.096676 time: 71.670537
INFO:root:[Epoch 105] train=0.131232 val=0.950300 loss=1.123797 time: 71.921166
INFO:root:[Epoch 106] train=0.127574 val=0.951500 loss=1.055099 time: 71.955043
INFO:root:[Epoch 107] train=0.128855 val=0.950600 loss=1.081456 time: 71.978212
INFO:root:[Epoch 108] train=0.128713 val=0.950600 loss=1.095010 time: 71.990423
INFO:root:[Epoch 109] train=0.128390 val=0.951900 loss=1.071314 time: 71.946853
INFO:root:[Epoch 110] train=0.129368 val=0.952800 loss=1.104183 time: 72.000115
INFO:root:[Epoch 111] train=0.128623 val=0.951200 loss=1.079281 time: 72.060944
INFO:root:[Epoch 112] train=0.128656 val=0.951800 loss=1.079596 time: 71.987015
INFO:root:[Epoch 113] train=0.128142 val=0.951000 loss=1.077433 time: 71.942692
INFO:root:[Epoch 114] train=0.128635 val=0.953000 loss=1.088455 time: 72.014369
INFO:root:[Epoch 115] train=0.129324 val=0.952000 loss=1.104634 time: 71.913747
INFO:root:[Epoch 116] train=0.127650 val=0.951300 loss=1.082597 time: 71.974535
INFO:root:[Epoch 117] train=0.128188 val=0.954300 loss=1.091044 time: 72.047785
INFO:root:[Epoch 118] train=0.128549 val=0.957900 loss=1.076580 time: 71.944580
INFO:root:[Epoch 119] train=0.127969 val=0.952700 loss=1.078454 time: 71.956949
INFO:root:[Epoch 120] train=0.126300 val=0.954300 loss=1.050765 time: 71.979287
INFO:root:[Epoch 121] train=0.126224 val=0.952500 loss=1.048562 time: 71.915868
INFO:root:[Epoch 122] train=0.127050 val=0.955600 loss=1.078771 time: 71.871794
INFO:root:[Epoch 123] train=0.128372 val=0.953300 loss=1.080003 time: 71.967262
INFO:root:[Epoch 124] train=0.125957 val=0.952200 loss=1.038574 time: 71.883308
INFO:root:[Epoch 125] train=0.128022 val=0.950600 loss=1.090772 time: 71.969039
INFO:root:[Epoch 126] train=0.127463 val=0.951200 loss=1.090229 time: 71.907044
INFO:root:[Epoch 127] train=0.128161 val=0.951800 loss=1.102386 time: 71.778131
INFO:root:[Epoch 128] train=0.125152 val=0.953600 loss=1.033726 time: 71.914169
INFO:root:[Epoch 129] train=0.126791 val=0.953500 loss=1.080977 time: 72.039614
INFO:root:[Epoch 130] train=0.127074 val=0.953600 loss=1.083873 time: 72.005781
INFO:root:[Epoch 131] train=0.125015 val=0.956100 loss=1.027875 time: 71.883923
INFO:root:[Epoch 132] train=0.127212 val=0.953900 loss=1.080401 time: 71.869083
INFO:root:[Epoch 133] train=0.126388 val=0.956900 loss=1.067615 time: 71.831298
INFO:root:[Epoch 134] train=0.126173 val=0.953000 loss=1.081486 time: 71.926211
INFO:root:[Epoch 135] train=0.125986 val=0.956200 loss=1.053947 time: 71.928509
INFO:root:[Epoch 136] train=0.126538 val=0.954400 loss=1.070252 time: 72.069754
INFO:root:[Epoch 137] train=0.126427 val=0.956000 loss=1.069030 time: 71.958419
INFO:root:[Epoch 138] train=0.126943 val=0.951300 loss=1.088366 time: 71.917412
INFO:root:[Epoch 139] train=0.127129 val=0.954600 loss=1.078394 time: 72.059231
INFO:root:[Epoch 140] train=0.127120 val=0.955500 loss=1.086209 time: 71.993951
INFO:root:[Epoch 141] train=0.126702 val=0.951900 loss=1.075449 time: 71.998916
INFO:root:[Epoch 142] train=0.126147 val=0.955600 loss=1.085541 time: 72.075890
INFO:root:[Epoch 143] train=0.124965 val=0.955200 loss=1.044117 time: 71.941945
INFO:root:[Epoch 144] train=0.125613 val=0.954400 loss=1.049185 time: 72.037330
INFO:root:[Epoch 145] train=0.127092 val=0.955100 loss=1.098959 time: 72.083175
INFO:root:[Epoch 146] train=0.126656 val=0.953600 loss=1.069141 time: 71.990148
INFO:root:[Epoch 147] train=0.126264 val=0.952200 loss=1.087238 time: 72.085223
INFO:root:[Epoch 148] train=0.125957 val=0.955100 loss=1.060623 time: 72.072272
INFO:root:[Epoch 149] train=0.125942 val=0.955000 loss=1.078740 time: 71.756631
INFO:root:[Epoch 150] train=0.124414 val=0.952500 loss=1.042218 time: 71.979052
INFO:root:[Epoch 151] train=0.125231 val=0.952600 loss=1.050102 time: 72.024140
INFO:root:[Epoch 152] train=0.124678 val=0.954900 loss=1.047327 time: 71.985666
INFO:root:[Epoch 153] train=0.126453 val=0.954400 loss=1.082553 time: 71.978557
INFO:root:[Epoch 154] train=0.124929 val=0.953000 loss=1.064609 time: 72.023998
INFO:root:[Epoch 155] train=0.124282 val=0.955800 loss=1.025573 time: 71.929193
INFO:root:[Epoch 156] train=0.125182 val=0.954600 loss=1.060474 time: 72.154842
INFO:root:[Epoch 157] train=0.124116 val=0.951200 loss=1.030964 time: 71.995510
INFO:root:[Epoch 158] train=0.124349 val=0.954300 loss=1.037131 time: 72.094768
INFO:root:[Epoch 159] train=0.125572 val=0.955900 loss=1.059590 time: 71.986849
INFO:root:[Epoch 160] train=0.123967 val=0.959200 loss=1.060601 time: 71.975581
INFO:root:[Epoch 161] train=0.121042 val=0.959200 loss=1.014897 time: 71.989031
INFO:root:[Epoch 162] train=0.119520 val=0.959900 loss=1.014105 time: 72.096530
INFO:root:[Epoch 163] train=0.120606 val=0.961200 loss=1.015990 time: 72.132850
INFO:root:[Epoch 164] train=0.120676 val=0.960300 loss=1.041091 time: 71.997176
INFO:root:[Epoch 165] train=0.120157 val=0.960500 loss=1.038621 time: 72.155217
INFO:root:[Epoch 166] train=0.119837 val=0.960400 loss=1.032117 time: 71.955038
INFO:root:[Epoch 167] train=0.119098 val=0.959900 loss=1.021623 time: 72.103687
INFO:root:[Epoch 168] train=0.120358 val=0.961000 loss=1.041051 time: 72.126039
INFO:root:[Epoch 169] train=0.119429 val=0.960300 loss=1.030396 time: 72.062620
INFO:root:[Epoch 170] train=0.119609 val=0.961400 loss=1.036832 time: 72.061543
INFO:root:[Epoch 171] train=0.120831 val=0.961600 loss=1.063749 time: 71.977511
INFO:root:[Epoch 172] train=0.119204 val=0.961500 loss=1.019262 time: 72.031724
INFO:root:[Epoch 173] train=0.117000 val=0.961100 loss=0.999628 time: 71.920085
INFO:root:[Epoch 174] train=0.118831 val=0.959600 loss=1.011339 time: 71.706622
INFO:root:[Epoch 175] train=0.117508 val=0.960600 loss=1.005569 time: 71.863419
INFO:root:[Epoch 176] train=0.118557 val=0.959600 loss=1.015630 time: 72.123243
INFO:root:[Epoch 177] train=0.118478 val=0.960600 loss=1.026002 time: 72.058400
INFO:root:[Epoch 178] train=0.118118 val=0.960600 loss=1.005441 time: 72.098170
INFO:root:[Epoch 179] train=0.117753 val=0.961600 loss=1.018744 time: 72.093344
INFO:root:[Epoch 180] train=0.119446 val=0.960800 loss=1.026427 time: 72.092324
INFO:root:[Epoch 181] train=0.119348 val=0.961400 loss=1.037699 time: 72.053820
INFO:root:[Epoch 182] train=0.114521 val=0.960000 loss=0.958879 time: 71.991674
INFO:root:[Epoch 183] train=0.118710 val=0.961700 loss=1.026714 time: 72.061350
INFO:root:[Epoch 184] train=0.116579 val=0.961500 loss=1.000187 time: 72.021223
INFO:root:[Epoch 185] train=0.116335 val=0.960500 loss=0.980073 time: 72.238158
INFO:root:[Epoch 186] train=0.118745 val=0.961300 loss=1.034696 time: 72.076073
INFO:root:[Epoch 187] train=0.118595 val=0.961700 loss=1.034340 time: 72.078531
INFO:root:[Epoch 188] train=0.118794 val=0.960700 loss=1.025822 time: 72.040025
INFO:root:[Epoch 189] train=0.120018 val=0.961700 loss=1.041013 time: 72.032688
INFO:root:[Epoch 190] train=0.118836 val=0.961900 loss=1.035788 time: 72.025046
INFO:root:[Epoch 191] train=0.118492 val=0.962500 loss=1.010139 time: 72.015073
INFO:root:[Epoch 192] train=0.116948 val=0.960500 loss=0.997581 time: 72.019723
INFO:root:[Epoch 193] train=0.119411 val=0.962400 loss=1.034750 time: 72.049435
INFO:root:[Epoch 194] train=0.117134 val=0.962700 loss=1.003810 time: 72.171953
INFO:root:[Epoch 195] train=0.116654 val=0.962300 loss=1.003800 time: 72.118356
INFO:root:[Epoch 196] train=0.119093 val=0.962100 loss=1.051099 time: 72.018403
INFO:root:[Epoch 197] train=0.117305 val=0.962500 loss=1.020761 time: 71.998535
INFO:root:[Epoch 198] train=0.117452 val=0.961800 loss=1.018435 time: 71.905168
INFO:root:[Epoch 199] train=0.116017 val=0.961900 loss=0.993475 time: 71.859785
INFO:root:[Epoch 200] train=0.116590 val=0.962600 loss=1.007561 time: 71.907070
INFO:root:[Epoch 201] train=0.118065 val=0.962300 loss=1.028706 time: 72.165342
INFO:root:[Epoch 202] train=0.116503 val=0.962500 loss=0.989304 time: 72.026840
INFO:root:[Epoch 203] train=0.116974 val=0.962600 loss=1.006714 time: 72.043449
INFO:root:[Epoch 204] train=0.118850 val=0.961600 loss=1.040811 time: 71.925685
INFO:root:[Epoch 205] train=0.116066 val=0.961300 loss=1.008163 time: 72.045520
INFO:root:[Epoch 206] train=0.117314 val=0.961800 loss=1.010914 time: 72.048789
INFO:root:[Epoch 207] train=0.117280 val=0.963200 loss=1.014581 time: 72.068862
INFO:root:[Epoch 208] train=0.117122 val=0.961500 loss=1.012915 time: 71.940567
INFO:root:[Epoch 209] train=0.118672 val=0.963300 loss=1.039680 time: 72.000865
INFO:root:[Epoch 210] train=0.119618 val=0.961700 loss=1.059722 time: 71.912839
INFO:root:[Epoch 211] train=0.117074 val=0.962100 loss=1.016731 time: 71.932862
INFO:root:[Epoch 212] train=0.114849 val=0.961200 loss=0.979662 time: 71.900152
INFO:root:[Epoch 213] train=0.116104 val=0.961000 loss=1.004054 time: 71.926718
INFO:root:[Epoch 214] train=0.115509 val=0.962900 loss=1.001233 time: 71.935531
INFO:root:[Epoch 215] train=0.114598 val=0.962900 loss=0.981511 time: 72.042867
INFO:root:[Epoch 216] train=0.116838 val=0.962700 loss=1.015957 time: 71.872792
INFO:root:[Epoch 217] train=0.115614 val=0.964000 loss=0.993984 time: 72.038897
INFO:root:[Epoch 218] train=0.115261 val=0.963400 loss=0.975840 time: 71.911880
INFO:root:[Epoch 219] train=0.114823 val=0.962600 loss=0.990683 time: 71.783106
INFO:root:[Epoch 220] train=0.116461 val=0.962900 loss=0.992220 time: 71.979530
INFO:root:[Epoch 221] train=0.115240 val=0.962400 loss=0.986480 time: 71.826138
INFO:root:[Epoch 222] train=0.115510 val=0.964100 loss=0.981622 time: 72.292007
INFO:root:[Epoch 223] train=0.114131 val=0.963900 loss=0.967507 time: 71.880443
INFO:root:[Epoch 224] train=0.115640 val=0.962500 loss=0.993744 time: 71.921799
INFO:root:[Epoch 225] train=0.116991 val=0.962800 loss=1.017469 time: 71.977381
INFO:root:[Epoch 226] train=0.116452 val=0.963600 loss=1.018073 time: 72.014548
INFO:root:[Epoch 227] train=0.115757 val=0.962800 loss=1.015671 time: 71.929939
INFO:root:[Epoch 228] train=0.115586 val=0.963900 loss=1.004819 time: 71.944905
INFO:root:[Epoch 229] train=0.117847 val=0.963000 loss=1.030083 time: 71.790085
INFO:root:[Epoch 230] train=0.117068 val=0.963600 loss=1.010847 time: 71.913339
INFO:root:[Epoch 231] train=0.116081 val=0.962100 loss=1.001754 time: 71.963070
INFO:root:[Epoch 232] train=0.115844 val=0.963900 loss=1.000924 time: 71.969422
INFO:root:[Epoch 233] train=0.115405 val=0.963400 loss=0.989140 time: 71.870168
INFO:root:[Epoch 234] train=0.114136 val=0.963200 loss=0.976732 time: 71.975880
INFO:root:[Epoch 235] train=0.116689 val=0.963800 loss=1.015073 time: 71.943923
INFO:root:[Epoch 236] train=0.116399 val=0.963800 loss=1.004310 time: 71.929837
INFO:root:[Epoch 237] train=0.116710 val=0.962400 loss=1.006525 time: 71.884231
INFO:root:[Epoch 238] train=0.114128 val=0.962900 loss=0.961534 time: 71.928460
INFO:root:[Epoch 239] train=0.114769 val=0.963600 loss=0.971063 time: 72.032712
INFO:root:[Epoch 240] train=0.112995 val=0.963300 loss=0.958409 time: 71.954333
INFO:root:[Epoch 241] train=0.115487 val=0.963200 loss=0.994961 time: 72.045742
INFO:root:[Epoch 242] train=0.116423 val=0.963000 loss=1.016629 time: 71.874622
INFO:root:[Epoch 243] train=0.115811 val=0.962600 loss=0.993768 time: 72.026540
INFO:root:[Epoch 244] train=0.117074 val=0.963600 loss=1.015334 time: 72.104754
INFO:root:[Epoch 245] train=0.115424 val=0.963100 loss=0.991111 time: 71.935311
INFO:root:[Epoch 246] train=0.115089 val=0.963500 loss=0.991261 time: 72.058743
INFO:root:[Epoch 247] train=0.116012 val=0.964600 loss=1.022141 time: 72.138151
INFO:root:[Epoch 248] train=0.113698 val=0.963700 loss=0.965304 time: 71.996880
INFO:root:[Epoch 249] train=0.115493 val=0.963800 loss=1.004877 time: 71.957168
INFO:root:[Epoch 250] train=0.113265 val=0.963700 loss=0.962211 time: 71.918175
INFO:root:[Epoch 251] train=0.114057 val=0.964000 loss=0.988463 time: 71.926214
INFO:root:[Epoch 252] train=0.115062 val=0.963200 loss=0.990879 time: 71.855487
INFO:root:[Epoch 253] train=0.113536 val=0.963200 loss=0.957228 time: 72.041182
INFO:root:[Epoch 254] train=0.114970 val=0.963800 loss=0.987074 time: 71.963949
INFO:root:[Epoch 255] train=0.113101 val=0.961800 loss=0.971104 time: 71.891387
INFO:root:[Epoch 256] train=0.114856 val=0.963700 loss=0.986454 time: 71.946405
INFO:root:[Epoch 257] train=0.114525 val=0.963000 loss=0.994132 time: 71.900544
INFO:root:[Epoch 258] train=0.115945 val=0.963400 loss=1.004276 time: 72.052261
INFO:root:[Epoch 259] train=0.114645 val=0.963300 loss=0.996860 time: 71.875797
INFO:root:[Epoch 260] train=0.115537 val=0.962800 loss=0.996684 time: 72.130641
INFO:root:[Epoch 261] train=0.115745 val=0.963800 loss=1.005050 time: 72.000220
INFO:root:[Epoch 262] train=0.114494 val=0.963300 loss=0.985393 time: 72.069818
INFO:root:[Epoch 263] train=0.114793 val=0.963400 loss=0.995868 time: 72.028534
INFO:root:[Epoch 264] train=0.114526 val=0.962800 loss=0.988865 time: 71.910328
INFO:root:[Epoch 265] train=0.115714 val=0.963900 loss=1.002640 time: 71.978934
INFO:root:[Epoch 266] train=0.113047 val=0.962100 loss=0.953741 time: 72.008773
INFO:root:[Epoch 267] train=0.116284 val=0.963000 loss=1.013629 time: 71.937217
INFO:root:[Epoch 268] train=0.115764 val=0.963100 loss=0.992057 time: 71.993421
INFO:root:[Epoch 269] train=0.114769 val=0.964000 loss=0.988611 time: 72.124942
INFO:root:[Epoch 270] train=0.113644 val=0.963300 loss=0.968971 time: 72.006501
INFO:root:[Epoch 271] train=0.114286 val=0.962700 loss=0.983377 time: 71.964075
INFO:root:[Epoch 272] train=0.116280 val=0.961800 loss=1.010444 time: 72.034991
INFO:root:[Epoch 273] train=0.115381 val=0.963600 loss=1.004148 time: 72.127768
INFO:root:[Epoch 274] train=0.114545 val=0.963600 loss=0.991731 time: 72.001037
INFO:root:[Epoch 275] train=0.114021 val=0.963500 loss=0.985621 time: 72.003937
INFO:root:[Epoch 276] train=0.114943 val=0.965100 loss=0.990096 time: 72.100804
INFO:root:[Epoch 277] train=0.115597 val=0.964000 loss=1.000214 time: 72.046871
INFO:root:[Epoch 278] train=0.114327 val=0.963200 loss=0.989414 time: 71.936019
INFO:root:[Epoch 279] train=0.112749 val=0.963900 loss=0.962482 time: 71.912992
INFO:root:[Epoch 280] train=0.114152 val=0.964600 loss=0.984182 time: 72.011070
INFO:root:[Epoch 281] train=0.114444 val=0.963900 loss=0.985483 time: 71.969128
INFO:root:[Epoch 282] train=0.115068 val=0.964000 loss=0.998385 time: 71.981674
INFO:root:[Epoch 283] train=0.116368 val=0.964300 loss=1.024449 time: 72.040711
INFO:root:[Epoch 284] train=0.112756 val=0.963400 loss=0.960782 time: 72.006651
INFO:root:[Epoch 285] train=0.115586 val=0.963800 loss=1.004583 time: 72.040186
INFO:root:[Epoch 286] train=0.115657 val=0.964200 loss=1.007848 time: 72.084906
INFO:root:[Epoch 287] train=0.114681 val=0.963800 loss=0.985909 time: 72.019257
INFO:root:[Epoch 288] train=0.114959 val=0.964000 loss=0.984463 time: 72.016212
INFO:root:[Epoch 289] train=0.115795 val=0.963300 loss=1.004131 time: 72.080861
INFO:root:[Epoch 290] train=0.113336 val=0.963700 loss=0.978459 time: 72.089282
INFO:root:[Epoch 291] train=0.114850 val=0.963900 loss=1.008457 time: 72.011031
INFO:root:[Epoch 292] train=0.113443 val=0.964100 loss=0.965908 time: 72.352017
INFO:root:[Epoch 293] train=0.115404 val=0.963200 loss=1.009359 time: 72.083664
INFO:root:[Epoch 294] train=0.113141 val=0.963900 loss=0.966840 time: 71.922074
INFO:root:[Epoch 295] train=0.115746 val=0.963400 loss=1.001893 time: 71.897314
INFO:root:[Epoch 296] train=0.113970 val=0.964100 loss=0.974770 time: 72.044220
INFO:root:[Epoch 297] train=0.113150 val=0.963100 loss=0.977451 time: 72.082666
INFO:root:[Epoch 298] train=0.114939 val=0.962300 loss=0.991305 time: 72.001992
INFO:root:[Epoch 299] train=0.113743 val=0.963600 loss=0.980959 time: 72.151855
INFO:root:[Epoch 300] train=0.090424 val=0.965100 loss=0.194355 time: 72.087327
INFO:root:[Epoch 301] train=0.092090 val=0.964700 loss=0.196926 time: 72.176261
INFO:root:[Epoch 302] train=0.090296 val=0.964500 loss=0.188419 time: 72.067505
INFO:root:[Epoch 303] train=0.091725 val=0.964700 loss=0.193654 time: 72.083404
INFO:root:[Epoch 304] train=0.091969 val=0.965300 loss=0.194556 time: 72.359676
INFO:root:[Epoch 305] train=0.092497 val=0.964900 loss=0.193803 time: 72.030544
INFO:root:[Epoch 306] train=0.090645 val=0.966400 loss=0.186362 time: 72.183553
INFO:root:[Epoch 307] train=0.090330 val=0.965300 loss=0.185768 time: 72.152776
INFO:root:[Epoch 308] train=0.091298 val=0.964400 loss=0.189844 time: 72.032265
INFO:root:[Epoch 309] train=0.090196 val=0.964700 loss=0.184525 time: 72.105198
INFO:root:[Epoch 310] train=0.092280 val=0.964900 loss=0.193080 time: 72.104615
INFO:root:[Epoch 311] train=0.091739 val=0.965300 loss=0.189375 time: 72.110965
INFO:root:[Epoch 312] train=0.090394 val=0.965100 loss=0.184612 time: 72.095026
INFO:root:[Epoch 313] train=0.090216 val=0.965000 loss=0.182809 time: 71.988978
INFO:root:[Epoch 314] train=0.090925 val=0.964600 loss=0.185961 time: 72.123704
INFO:root:[Epoch 315] train=0.091031 val=0.965200 loss=0.186771 time: 72.084940
INFO:root:[Epoch 316] train=0.089847 val=0.964700 loss=0.182042 time: 72.362480
INFO:root:[Epoch 317] train=0.090655 val=0.965300 loss=0.183571 time: 72.198422
INFO:root:[Epoch 318] train=0.089852 val=0.965400 loss=0.181953 time: 72.078417
INFO:root:[Epoch 319] train=0.089872 val=0.964100 loss=0.180430 time: 72.099009
INFO:root:[Epoch 320] train=0.089825 val=0.965200 loss=0.180894 time: 72.097239
INFO:root:[Epoch 321] train=0.090684 val=0.965000 loss=0.185335 time: 72.150747
INFO:root:[Epoch 322] train=0.089782 val=0.965100 loss=0.181983 time: 72.111149
INFO:root:[Epoch 323] train=0.090535 val=0.965200 loss=0.182669 time: 72.082898
INFO:root:[Epoch 324] train=0.091683 val=0.964500 loss=0.186920 time: 72.071029
INFO:root:[Epoch 325] train=0.090014 val=0.965500 loss=0.180636 time: 72.146069
INFO:root:[Epoch 326] train=0.090272 val=0.964500 loss=0.182988 time: 72.037631
INFO:root:[Epoch 327] train=0.088966 val=0.964500 loss=0.177775 time: 72.112057
INFO:root:[Epoch 328] train=0.089117 val=0.964700 loss=0.177451 time: 72.181833
INFO:root:[Epoch 329] train=0.090402 val=0.965100 loss=0.182397 time: 72.091419
INFO:root:[Epoch 330] train=0.089292 val=0.964600 loss=0.178444 time: 72.015391
INFO:root:[Epoch 331] train=0.088994 val=0.965800 loss=0.177098 time: 72.202449
INFO:root:[Epoch 332] train=0.090404 val=0.965100 loss=0.183393 time: 72.109202
INFO:root:[Epoch 333] train=0.090060 val=0.964500 loss=0.180661 time: 72.154082
INFO:root:[Epoch 334] train=0.089896 val=0.964300 loss=0.181795 time: 72.099460
INFO:root:[Epoch 335] train=0.090372 val=0.964500 loss=0.181475 time: 72.149433
INFO:root:[Epoch 336] train=0.090395 val=0.964500 loss=0.180633 time: 72.121447
INFO:root:[Epoch 337] train=0.089385 val=0.965600 loss=0.178534 time: 72.230401
INFO:root:[Epoch 338] train=0.089487 val=0.964400 loss=0.178599 time: 72.093964
INFO:root:[Epoch 339] train=0.089570 val=0.964600 loss=0.178488 time: 72.135965
INFO:root:[Epoch 340] train=0.090321 val=0.964500 loss=0.181782 time: 72.308093
INFO:root:[Epoch 341] train=0.088665 val=0.964400 loss=0.174768 time: 72.265168
INFO:root:[Epoch 342] train=0.089627 val=0.964500 loss=0.178694 time: 72.334323
INFO:root:[Epoch 343] train=0.089066 val=0.965300 loss=0.177738 time: 72.226745
INFO:root:[Epoch 344] train=0.088917 val=0.964800 loss=0.174241 time: 72.127895
INFO:root:[Epoch 345] train=0.088661 val=0.965200 loss=0.173541 time: 72.233418
INFO:root:[Epoch 346] train=0.089597 val=0.964500 loss=0.178747 time: 72.273004
INFO:root:[Epoch 347] train=0.089905 val=0.964600 loss=0.180149 time: 72.251643
INFO:root:[Epoch 348] train=0.089610 val=0.964900 loss=0.178275 time: 72.218576
INFO:root:[Epoch 349] train=0.090162 val=0.964600 loss=0.180771 time: 72.174500
