INFO:root:Namespace(batch_size=128, drop_rate=0.0, logging_dir='logs', lr=0.1, lr_decay=0.1, lr_decay_epoch='150,250', lr_decay_period=0, mode='hybrid', model='cifar_resnet110_v2', momentum=0.9, num_epochs=350, num_gpus=1, num_workers=8, resume_from=None, save_dir='params', save_period=10, save_plot_dir='.', wd=0.0001)
/usr/local/lib/python2.7/dist-packages/mxnet/gluon/data/vision/datasets.py:193: DeprecationWarning: The binary mode of fromstring is deprecated, as it behaves surprisingly on unicode inputs. Use frombuffer instead
  data = np.fromstring(fin.read(), dtype=np.uint8).reshape(-1, 3072+1)
[13:34:03] src/operator/nn/./cudnn/./cudnn_algoreg-inl.h:107: Running performance tests to find the best convolution algorithm, this can take a while... (setting env variable MXNET_CUDNN_AUTOTUNE_DEFAULT to 0 to disable)
INFO:root:[Epoch 0] train=0.232398 val=0.394500 loss=2.028787 time: 36.406744
INFO:root:[Epoch 1] train=0.220428 val=0.459000 loss=1.880212 time: 35.105610
INFO:root:[Epoch 2] train=0.212731 val=0.538600 loss=1.803263 time: 34.871892
INFO:root:[Epoch 3] train=0.208696 val=0.535700 loss=1.738859 time: 35.061758
INFO:root:[Epoch 4] train=0.203761 val=0.628300 loss=1.730667 time: 35.038839
INFO:root:[Epoch 5] train=0.201836 val=0.633300 loss=1.663622 time: 34.969300
INFO:root:[Epoch 6] train=0.198701 val=0.657000 loss=1.642571 time: 34.885058
INFO:root:[Epoch 7] train=0.195810 val=0.695700 loss=1.630512 time: 34.870798
INFO:root:[Epoch 8] train=0.194034 val=0.673300 loss=1.624156 time: 34.978016
INFO:root:[Epoch 9] train=0.192670 val=0.702500 loss=1.580091 time: 34.873991
INFO:root:[Epoch 10] train=0.190751 val=0.644500 loss=1.576458 time: 35.047582
INFO:root:[Epoch 11] train=0.189967 val=0.712300 loss=1.570375 time: 34.840534
INFO:root:[Epoch 12] train=0.189037 val=0.746500 loss=1.551405 time: 34.928734
INFO:root:[Epoch 13] train=0.186488 val=0.756800 loss=1.540611 time: 34.981692
INFO:root:[Epoch 14] train=0.186206 val=0.756400 loss=1.507281 time: 35.080048
INFO:root:[Epoch 15] train=0.183954 val=0.744000 loss=1.535850 time: 34.871099
INFO:root:[Epoch 16] train=0.183422 val=0.746300 loss=1.534243 time: 35.055882
INFO:root:[Epoch 17] train=0.181899 val=0.777400 loss=1.527108 time: 35.223583
INFO:root:[Epoch 18] train=0.182262 val=0.763500 loss=1.486880 time: 34.989779
INFO:root:[Epoch 19] train=0.182168 val=0.709300 loss=1.483421 time: 35.094033
INFO:root:[Epoch 20] train=0.181462 val=0.770100 loss=1.492280 time: 35.112746
INFO:root:[Epoch 21] train=0.180458 val=0.795500 loss=1.458134 time: 34.931799
INFO:root:[Epoch 22] train=0.178393 val=0.772300 loss=1.503248 time: 34.815641
INFO:root:[Epoch 23] train=0.178767 val=0.798000 loss=1.427734 time: 34.916016
INFO:root:[Epoch 24] train=0.178333 val=0.759300 loss=1.436511 time: 34.845215
INFO:root:[Epoch 25] train=0.177398 val=0.798000 loss=1.459333 time: 35.129788
INFO:root:[Epoch 26] train=0.177172 val=0.787600 loss=1.455396 time: 34.868171
INFO:root:[Epoch 27] train=0.176089 val=0.816500 loss=1.433946 time: 35.206291
INFO:root:[Epoch 28] train=0.176366 val=0.766600 loss=1.433327 time: 34.954672
INFO:root:[Epoch 29] train=0.176381 val=0.808500 loss=1.444433 time: 35.094775
INFO:root:[Epoch 30] train=0.175439 val=0.805800 loss=1.427174 time: 34.949512
INFO:root:[Epoch 31] train=0.174680 val=0.834700 loss=1.419560 time: 34.909060
INFO:root:[Epoch 32] train=0.174163 val=0.793100 loss=1.419791 time: 34.959626
INFO:root:[Epoch 33] train=0.174021 val=0.800500 loss=1.424491 time: 34.946570
INFO:root:[Epoch 34] train=0.173685 val=0.787400 loss=1.420315 time: 35.142431
INFO:root:[Epoch 35] train=0.172936 val=0.840200 loss=1.454390 time: 35.132929
INFO:root:[Epoch 36] train=0.173616 val=0.823300 loss=1.429743 time: 35.056002
INFO:root:[Epoch 37] train=0.173008 val=0.831800 loss=1.453384 time: 35.432315
INFO:root:[Epoch 38] train=0.172679 val=0.799100 loss=1.409135 time: 35.126617
INFO:root:[Epoch 39] train=0.172115 val=0.841600 loss=1.425718 time: 35.004490
INFO:root:[Epoch 40] train=0.172310 val=0.800400 loss=1.424472 time: 35.190326
INFO:root:[Epoch 41] train=0.171679 val=0.837500 loss=1.381462 time: 34.963898
INFO:root:[Epoch 42] train=0.172027 val=0.765900 loss=1.408929 time: 35.154212
INFO:root:[Epoch 43] train=0.172168 val=0.825300 loss=1.387381 time: 35.169913
INFO:root:[Epoch 44] train=0.170209 val=0.816500 loss=1.405355 time: 35.379177
INFO:root:[Epoch 45] train=0.170454 val=0.792300 loss=1.406675 time: 35.238533
INFO:root:[Epoch 46] train=0.170434 val=0.819300 loss=1.407305 time: 35.024625
INFO:root:[Epoch 47] train=0.170958 val=0.849500 loss=1.392698 time: 34.940093
INFO:root:[Epoch 48] train=0.169841 val=0.831800 loss=1.399939 time: 35.080863
INFO:root:[Epoch 49] train=0.169904 val=0.847500 loss=1.408329 time: 35.034232
INFO:root:[Epoch 50] train=0.170150 val=0.837600 loss=1.403715 time: 34.918979
INFO:root:[Epoch 51] train=0.169901 val=0.840300 loss=1.387853 time: 35.040832
INFO:root:[Epoch 52] train=0.169772 val=0.835200 loss=1.401634 time: 35.038778
INFO:root:[Epoch 53] train=0.168966 val=0.834500 loss=1.394634 time: 35.234386
INFO:root:[Epoch 54] train=0.169148 val=0.824700 loss=1.409738 time: 35.166110
INFO:root:[Epoch 55] train=0.168622 val=0.831000 loss=1.369587 time: 35.073847
INFO:root:[Epoch 56] train=0.169193 val=0.838800 loss=1.390133 time: 35.108822
INFO:root:[Epoch 57] train=0.168020 val=0.839500 loss=1.380506 time: 35.016788
INFO:root:[Epoch 58] train=0.169012 val=0.848600 loss=1.362185 time: 34.853958
INFO:root:[Epoch 59] train=0.169482 val=0.838200 loss=1.397967 time: 35.019096
INFO:root:[Epoch 60] train=0.168142 val=0.842800 loss=1.387622 time: 35.097957
INFO:root:[Epoch 61] train=0.168628 val=0.828800 loss=1.409569 time: 35.036859
INFO:root:[Epoch 62] train=0.168550 val=0.803700 loss=1.377579 time: 35.230063
INFO:root:[Epoch 63] train=0.167985 val=0.855600 loss=1.398443 time: 35.005325
INFO:root:[Epoch 64] train=0.168597 val=0.849800 loss=1.383442 time: 35.020936
INFO:root:[Epoch 65] train=0.167497 val=0.835900 loss=1.390254 time: 35.146574
INFO:root:[Epoch 66] train=0.167440 val=0.835600 loss=1.387664 time: 35.295965
INFO:root:[Epoch 67] train=0.167812 val=0.852500 loss=1.385423 time: 34.720647
INFO:root:[Epoch 68] train=0.167358 val=0.841100 loss=1.384786 time: 35.051191
INFO:root:[Epoch 69] train=0.167741 val=0.853900 loss=1.399271 time: 35.375497
INFO:root:[Epoch 70] train=0.167460 val=0.837200 loss=1.352828 time: 35.199939
INFO:root:[Epoch 71] train=0.167895 val=0.836900 loss=1.385464 time: 35.091202
INFO:root:[Epoch 72] train=0.166911 val=0.826600 loss=1.380978 time: 34.993022
INFO:root:[Epoch 73] train=0.166888 val=0.797000 loss=1.352393 time: 35.166739
INFO:root:[Epoch 74] train=0.166673 val=0.850800 loss=1.347888 time: 34.919434
INFO:root:[Epoch 75] train=0.166357 val=0.847300 loss=1.376761 time: 35.265499
INFO:root:[Epoch 76] train=0.166213 val=0.839100 loss=1.372936 time: 35.125071
INFO:root:[Epoch 77] train=0.166258 val=0.851500 loss=1.356800 time: 35.121728
INFO:root:[Epoch 78] train=0.166378 val=0.868600 loss=1.391847 time: 34.909217
INFO:root:[Epoch 79] train=0.166218 val=0.856400 loss=1.370136 time: 35.069617
INFO:root:[Epoch 80] train=0.165658 val=0.859900 loss=1.356844 time: 35.169601
INFO:root:[Epoch 81] train=0.165536 val=0.851200 loss=1.377120 time: 35.029310
INFO:root:[Epoch 82] train=0.165460 val=0.833100 loss=1.375984 time: 35.069063
INFO:root:[Epoch 83] train=0.165557 val=0.862000 loss=1.368685 time: 35.088311
INFO:root:[Epoch 84] train=0.165524 val=0.844400 loss=1.355681 time: 34.974715
INFO:root:[Epoch 85] train=0.166175 val=0.832900 loss=1.338774 time: 34.960953
INFO:root:[Epoch 86] train=0.166418 val=0.842800 loss=1.371311 time: 35.205372
INFO:root:[Epoch 87] train=0.166898 val=0.844400 loss=1.385318 time: 35.162290
INFO:root:[Epoch 88] train=0.165987 val=0.866500 loss=1.387718 time: 34.999910
INFO:root:[Epoch 89] train=0.165397 val=0.857700 loss=1.378869 time: 34.935115
INFO:root:[Epoch 90] train=0.166424 val=0.856000 loss=1.386276 time: 35.082452
INFO:root:[Epoch 91] train=0.166233 val=0.853000 loss=1.393655 time: 34.936754
INFO:root:[Epoch 92] train=0.165752 val=0.861600 loss=1.340151 time: 35.111763
INFO:root:[Epoch 93] train=0.164963 val=0.870500 loss=1.345178 time: 35.127201
INFO:root:[Epoch 94] train=0.165754 val=0.857800 loss=1.368234 time: 35.208921
INFO:root:[Epoch 95] train=0.164909 val=0.862600 loss=1.350160 time: 35.170412
INFO:root:[Epoch 96] train=0.165868 val=0.790700 loss=1.350738 time: 35.281681
INFO:root:[Epoch 97] train=0.164743 val=0.853700 loss=1.332864 time: 35.015234
INFO:root:[Epoch 98] train=0.165482 val=0.846500 loss=1.361452 time: 35.159038
INFO:root:[Epoch 99] train=0.164654 val=0.859200 loss=1.354617 time: 35.208775
INFO:root:[Epoch 100] train=0.164802 val=0.847800 loss=1.366997 time: 35.123253
INFO:root:[Epoch 101] train=0.164736 val=0.844500 loss=1.358158 time: 35.204947
INFO:root:[Epoch 102] train=0.164831 val=0.852000 loss=1.344966 time: 35.067437
INFO:root:[Epoch 103] train=0.164839 val=0.846700 loss=1.382903 time: 35.043155
INFO:root:[Epoch 104] train=0.165106 val=0.868900 loss=1.378463 time: 35.083240
INFO:root:[Epoch 105] train=0.164708 val=0.867300 loss=1.346268 time: 35.034191
INFO:root:[Epoch 106] train=0.163805 val=0.871700 loss=1.347165 time: 35.161341
INFO:root:[Epoch 107] train=0.163952 val=0.842700 loss=1.353241 time: 34.860999
INFO:root:[Epoch 108] train=0.164691 val=0.864600 loss=1.357862 time: 34.978575
INFO:root:[Epoch 109] train=0.163457 val=0.857100 loss=1.379223 time: 34.931588
INFO:root:[Epoch 110] train=0.164900 val=0.844200 loss=1.346501 time: 34.998242
INFO:root:[Epoch 111] train=0.163110 val=0.859400 loss=1.344638 time: 35.013806
INFO:root:[Epoch 112] train=0.164277 val=0.877600 loss=1.340961 time: 35.203254
INFO:root:[Epoch 113] train=0.163943 val=0.851900 loss=1.345857 time: 35.077427
INFO:root:[Epoch 114] train=0.163716 val=0.852100 loss=1.348479 time: 35.510326
INFO:root:[Epoch 115] train=0.163851 val=0.849700 loss=1.325313 time: 34.959592
INFO:root:[Epoch 116] train=0.163833 val=0.869300 loss=1.365770 time: 35.352712
INFO:root:[Epoch 117] train=0.164161 val=0.856300 loss=1.334705 time: 34.966545
INFO:root:[Epoch 118] train=0.163530 val=0.865400 loss=1.345844 time: 35.345833
INFO:root:[Epoch 119] train=0.163948 val=0.862500 loss=1.358654 time: 35.236943
INFO:root:[Epoch 120] train=0.163941 val=0.855600 loss=1.347040 time: 34.994563
INFO:root:[Epoch 121] train=0.164560 val=0.883900 loss=1.350024 time: 35.241265
INFO:root:[Epoch 122] train=0.163859 val=0.868000 loss=1.332353 time: 35.045315
INFO:root:[Epoch 123] train=0.164490 val=0.860000 loss=1.350776 time: 35.369707
INFO:root:[Epoch 124] train=0.163756 val=0.870900 loss=1.362788 time: 34.963499
INFO:root:[Epoch 125] train=0.163605 val=0.869800 loss=1.369208 time: 35.153312
INFO:root:[Epoch 126] train=0.164001 val=0.880500 loss=1.325109 time: 34.958979
INFO:root:[Epoch 127] train=0.163427 val=0.876700 loss=1.337437 time: 35.312618
INFO:root:[Epoch 128] train=0.164663 val=0.873900 loss=1.347299 time: 35.181610
INFO:root:[Epoch 129] train=0.163579 val=0.868400 loss=1.347013 time: 35.069844
INFO:root:[Epoch 130] train=0.163712 val=0.877800 loss=1.351467 time: 35.247947
INFO:root:[Epoch 131] train=0.164136 val=0.872600 loss=1.321635 time: 35.249192
INFO:root:[Epoch 132] train=0.163801 val=0.841200 loss=1.328373 time: 35.164745
INFO:root:[Epoch 133] train=0.162140 val=0.868500 loss=1.322300 time: 35.222536
INFO:root:[Epoch 134] train=0.162835 val=0.864700 loss=1.337752 time: 35.110318
INFO:root:[Epoch 135] train=0.163430 val=0.875100 loss=1.321203 time: 34.988417
INFO:root:[Epoch 136] train=0.162828 val=0.864700 loss=1.325335 time: 35.211100
INFO:root:[Epoch 137] train=0.162396 val=0.841800 loss=1.320673 time: 35.130620
INFO:root:[Epoch 138] train=0.163168 val=0.850000 loss=1.346578 time: 35.294109
INFO:root:[Epoch 139] train=0.162873 val=0.877200 loss=1.332903 time: 35.072670
INFO:root:[Epoch 140] train=0.163132 val=0.847600 loss=1.335170 time: 35.194082
INFO:root:[Epoch 141] train=0.163162 val=0.876800 loss=1.327254 time: 35.235411
INFO:root:[Epoch 142] train=0.162565 val=0.877700 loss=1.353024 time: 35.103116
INFO:root:[Epoch 143] train=0.161959 val=0.854700 loss=1.325669 time: 35.345507
INFO:root:[Epoch 144] train=0.163186 val=0.858900 loss=1.357577 time: 35.017923
INFO:root:[Epoch 145] train=0.163676 val=0.860500 loss=1.342343 time: 35.246329
INFO:root:[Epoch 146] train=0.162839 val=0.811100 loss=1.357822 time: 35.044048
INFO:root:[Epoch 147] train=0.162944 val=0.871900 loss=1.332488 time: 35.270754
INFO:root:[Epoch 148] train=0.162662 val=0.846400 loss=1.312879 time: 35.228406
INFO:root:[Epoch 149] train=0.161913 val=0.855800 loss=1.307681 time: 35.201916
INFO:root:[Epoch 150] train=0.155427 val=0.909600 loss=1.265123 time: 35.005264
INFO:root:[Epoch 151] train=0.151223 val=0.915800 loss=1.256618 time: 35.329650
INFO:root:[Epoch 152] train=0.148877 val=0.916200 loss=1.233462 time: 35.132845
INFO:root:[Epoch 153] train=0.147952 val=0.918300 loss=1.208631 time: 35.050010
INFO:root:[Epoch 154] train=0.147863 val=0.922400 loss=1.222078 time: 35.209873
INFO:root:[Epoch 155] train=0.147230 val=0.923800 loss=1.206954 time: 34.988197
INFO:root:[Epoch 156] train=0.147375 val=0.919700 loss=1.250715 time: 35.259644
INFO:root:[Epoch 157] train=0.146294 val=0.923000 loss=1.202175 time: 35.105485
INFO:root:[Epoch 158] train=0.146949 val=0.923300 loss=1.219128 time: 35.240144
INFO:root:[Epoch 159] train=0.145805 val=0.923300 loss=1.200894 time: 35.073434
INFO:root:[Epoch 160] train=0.145150 val=0.921500 loss=1.204468 time: 35.180747
INFO:root:[Epoch 161] train=0.145356 val=0.927300 loss=1.211758 time: 35.112561
INFO:root:[Epoch 162] train=0.144833 val=0.927300 loss=1.220564 time: 35.415263
INFO:root:[Epoch 163] train=0.143804 val=0.925600 loss=1.173777 time: 35.281938
INFO:root:[Epoch 164] train=0.145516 val=0.925000 loss=1.230388 time: 35.189978
INFO:root:[Epoch 165] train=0.142813 val=0.929900 loss=1.167792 time: 35.140101
INFO:root:[Epoch 166] train=0.144535 val=0.924900 loss=1.225363 time: 35.323510
INFO:root:[Epoch 167] train=0.144115 val=0.924600 loss=1.226707 time: 35.363122
INFO:root:[Epoch 168] train=0.144050 val=0.921800 loss=1.205557 time: 35.381033
INFO:root:[Epoch 169] train=0.143820 val=0.927500 loss=1.190582 time: 35.361245
INFO:root:[Epoch 170] train=0.143103 val=0.928900 loss=1.173092 time: 35.566735
INFO:root:[Epoch 171] train=0.143003 val=0.926300 loss=1.193437 time: 35.376613
INFO:root:[Epoch 172] train=0.142637 val=0.928500 loss=1.177327 time: 35.098147
INFO:root:[Epoch 173] train=0.144226 val=0.927800 loss=1.218037 time: 35.331260
INFO:root:[Epoch 174] train=0.142662 val=0.928500 loss=1.189216 time: 35.105720
INFO:root:[Epoch 175] train=0.142463 val=0.930700 loss=1.176328 time: 35.176377
INFO:root:[Epoch 176] train=0.142749 val=0.927700 loss=1.194518 time: 35.128869
INFO:root:[Epoch 177] train=0.142689 val=0.929500 loss=1.186589 time: 35.240354
INFO:root:[Epoch 178] train=0.141544 val=0.932800 loss=1.154545 time: 35.218010
INFO:root:[Epoch 179] train=0.141790 val=0.920800 loss=1.183147 time: 35.123759
INFO:root:[Epoch 180] train=0.141758 val=0.927800 loss=1.157406 time: 35.199622
INFO:root:[Epoch 181] train=0.141165 val=0.932000 loss=1.156302 time: 35.123445
INFO:root:[Epoch 182] train=0.142164 val=0.930000 loss=1.188578 time: 35.140991
INFO:root:[Epoch 183] train=0.142151 val=0.933500 loss=1.179568 time: 35.231989
INFO:root:[Epoch 184] train=0.141597 val=0.929600 loss=1.188598 time: 35.177050
INFO:root:[Epoch 185] train=0.141143 val=0.933100 loss=1.187900 time: 35.086257
INFO:root:[Epoch 186] train=0.141650 val=0.933800 loss=1.178573 time: 35.148591
INFO:root:[Epoch 187] train=0.141604 val=0.928700 loss=1.168686 time: 35.103088
INFO:root:[Epoch 188] train=0.140162 val=0.937900 loss=1.159123 time: 35.417419
INFO:root:[Epoch 189] train=0.141662 val=0.930700 loss=1.177750 time: 35.235101
INFO:root:[Epoch 190] train=0.141015 val=0.934600 loss=1.189386 time: 35.354841
INFO:root:[Epoch 191] train=0.141885 val=0.935200 loss=1.185803 time: 35.208136
INFO:root:[Epoch 192] train=0.140331 val=0.933900 loss=1.148411 time: 35.337466
INFO:root:[Epoch 193] train=0.140503 val=0.928800 loss=1.167062 time: 35.359046
INFO:root:[Epoch 194] train=0.140802 val=0.933700 loss=1.156222 time: 35.364164
INFO:root:[Epoch 195] train=0.140849 val=0.931900 loss=1.161248 time: 35.482692
INFO:root:[Epoch 196] train=0.140115 val=0.933500 loss=1.173231 time: 35.530154
INFO:root:[Epoch 197] train=0.140989 val=0.930600 loss=1.168733 time: 35.353083
INFO:root:[Epoch 198] train=0.140265 val=0.930000 loss=1.150796 time: 35.359166
INFO:root:[Epoch 199] train=0.140633 val=0.931100 loss=1.164637 time: 35.270317
INFO:root:[Epoch 200] train=0.141478 val=0.932100 loss=1.199496 time: 35.165764
INFO:root:[Epoch 201] train=0.140903 val=0.931200 loss=1.179515 time: 35.356666
INFO:root:[Epoch 202] train=0.139524 val=0.936300 loss=1.154938 time: 35.596556
INFO:root:[Epoch 203] train=0.140588 val=0.929200 loss=1.173268 time: 35.230787
INFO:root:[Epoch 204] train=0.139282 val=0.931300 loss=1.142559 time: 35.280446
INFO:root:[Epoch 205] train=0.140190 val=0.932000 loss=1.172664 time: 35.268520
INFO:root:[Epoch 206] train=0.139924 val=0.931400 loss=1.174858 time: 35.332654
INFO:root:[Epoch 207] train=0.140169 val=0.932800 loss=1.142087 time: 35.318406
INFO:root:[Epoch 208] train=0.138373 val=0.935000 loss=1.107880 time: 35.514469
INFO:root:[Epoch 209] train=0.140090 val=0.933400 loss=1.152993 time: 35.248268
INFO:root:[Epoch 210] train=0.140836 val=0.932400 loss=1.173215 time: 35.435615
INFO:root:[Epoch 211] train=0.141503 val=0.934700 loss=1.204348 time: 35.211122
INFO:root:[Epoch 212] train=0.139921 val=0.933000 loss=1.158601 time: 35.361272
INFO:root:[Epoch 213] train=0.139839 val=0.931800 loss=1.158777 time: 35.180032
INFO:root:[Epoch 214] train=0.141863 val=0.936900 loss=1.212929 time: 35.789883
INFO:root:[Epoch 215] train=0.140624 val=0.932000 loss=1.171503 time: 35.182495
INFO:root:[Epoch 216] train=0.139297 val=0.931200 loss=1.133284 time: 35.593453
INFO:root:[Epoch 217] train=0.140639 val=0.931800 loss=1.169387 time: 35.376424
INFO:root:[Epoch 218] train=0.140640 val=0.930600 loss=1.182419 time: 35.249465
INFO:root:[Epoch 219] train=0.140126 val=0.934200 loss=1.171885 time: 35.308728
INFO:root:[Epoch 220] train=0.139211 val=0.931400 loss=1.156387 time: 35.308177
INFO:root:[Epoch 221] train=0.138657 val=0.932100 loss=1.137384 time: 35.429232
INFO:root:[Epoch 222] train=0.139840 val=0.934300 loss=1.172673 time: 35.512499
INFO:root:[Epoch 223] train=0.140149 val=0.935100 loss=1.151090 time: 35.513053
INFO:root:[Epoch 224] train=0.140180 val=0.934300 loss=1.166058 time: 35.241997
INFO:root:[Epoch 225] train=0.140662 val=0.934100 loss=1.178070 time: 35.288647
INFO:root:[Epoch 226] train=0.139650 val=0.931300 loss=1.161785 time: 35.156431
INFO:root:[Epoch 227] train=0.139577 val=0.930400 loss=1.158934 time: 35.334899
INFO:root:[Epoch 228] train=0.139479 val=0.932700 loss=1.152104 time: 35.411217
INFO:root:[Epoch 229] train=0.140527 val=0.936000 loss=1.182565 time: 35.183698
INFO:root:[Epoch 230] train=0.139685 val=0.934500 loss=1.175798 time: 35.331474
INFO:root:[Epoch 231] train=0.139699 val=0.931800 loss=1.181492 time: 35.602338
INFO:root:[Epoch 232] train=0.139388 val=0.935500 loss=1.149236 time: 35.322782
INFO:root:[Epoch 233] train=0.139870 val=0.935200 loss=1.171336 time: 35.474346
INFO:root:[Epoch 234] train=0.139032 val=0.934100 loss=1.160546 time: 35.706944
INFO:root:[Epoch 235] train=0.138676 val=0.928900 loss=1.138446 time: 35.259515
INFO:root:[Epoch 236] train=0.139241 val=0.934600 loss=1.147182 time: 35.361413
INFO:root:[Epoch 237] train=0.138027 val=0.937600 loss=1.133302 time: 35.349327
INFO:root:[Epoch 238] train=0.139832 val=0.931200 loss=1.154596 time: 35.541314
INFO:root:[Epoch 239] train=0.140060 val=0.934400 loss=1.173895 time: 35.372092
INFO:root:[Epoch 240] train=0.140374 val=0.930200 loss=1.193228 time: 35.534487
INFO:root:[Epoch 241] train=0.140080 val=0.934600 loss=1.171355 time: 35.209225
INFO:root:[Epoch 242] train=0.139150 val=0.935300 loss=1.149441 time: 35.235748
INFO:root:[Epoch 243] train=0.140005 val=0.931900 loss=1.163714 time: 35.304699
INFO:root:[Epoch 244] train=0.140521 val=0.928800 loss=1.184511 time: 35.473158
INFO:root:[Epoch 245] train=0.138415 val=0.928500 loss=1.124235 time: 35.279565
INFO:root:[Epoch 246] train=0.139097 val=0.932400 loss=1.156463 time: 35.211944
INFO:root:[Epoch 247] train=0.140136 val=0.931300 loss=1.184865 time: 35.354434
INFO:root:[Epoch 248] train=0.139868 val=0.928900 loss=1.182350 time: 35.200689
INFO:root:[Epoch 249] train=0.140677 val=0.933300 loss=1.210405 time: 35.502123
INFO:root:[Epoch 250] train=0.136033 val=0.939000 loss=1.121786 time: 35.369809
INFO:root:[Epoch 251] train=0.135012 val=0.939100 loss=1.102964 time: 35.518089
INFO:root:[Epoch 252] train=0.135556 val=0.939300 loss=1.141843 time: 35.461116
INFO:root:[Epoch 253] train=0.135806 val=0.943800 loss=1.165716 time: 35.624509
INFO:root:[Epoch 254] train=0.134979 val=0.941100 loss=1.136867 time: 35.338707
INFO:root:[Epoch 255] train=0.133808 val=0.942500 loss=1.124881 time: 35.269777
INFO:root:[Epoch 256] train=0.133858 val=0.942500 loss=1.110643 time: 35.348783
INFO:root:[Epoch 257] train=0.134064 val=0.939800 loss=1.128378 time: 35.291791
INFO:root:[Epoch 258] train=0.132734 val=0.941500 loss=1.102875 time: 35.306967
INFO:root:[Epoch 259] train=0.132422 val=0.940800 loss=1.110015 time: 35.436268
INFO:root:[Epoch 260] train=0.133115 val=0.941600 loss=1.114728 time: 35.341266
INFO:root:[Epoch 261] train=0.131649 val=0.942300 loss=1.076151 time: 35.384560
INFO:root:[Epoch 262] train=0.133385 val=0.942400 loss=1.097364 time: 35.628870
INFO:root:[Epoch 263] train=0.132773 val=0.943700 loss=1.128994 time: 35.287277
INFO:root:[Epoch 264] train=0.132995 val=0.942100 loss=1.109880 time: 35.281756
INFO:root:[Epoch 265] train=0.133567 val=0.941500 loss=1.108624 time: 35.367452
INFO:root:[Epoch 266] train=0.133900 val=0.943000 loss=1.125184 time: 35.273697
INFO:root:[Epoch 267] train=0.133534 val=0.942200 loss=1.129281 time: 35.317177
INFO:root:[Epoch 268] train=0.133890 val=0.940500 loss=1.148379 time: 35.727597
INFO:root:[Epoch 269] train=0.133281 val=0.942300 loss=1.129666 time: 35.514585
INFO:root:[Epoch 270] train=0.133005 val=0.943100 loss=1.127935 time: 35.232271
INFO:root:[Epoch 271] train=0.133609 val=0.943700 loss=1.149478 time: 35.406015
INFO:root:[Epoch 272] train=0.131926 val=0.942700 loss=1.094837 time: 35.330904
INFO:root:[Epoch 273] train=0.132412 val=0.944100 loss=1.097204 time: 35.749447
INFO:root:[Epoch 274] train=0.133407 val=0.942800 loss=1.130689 time: 35.275913
INFO:root:[Epoch 275] train=0.133128 val=0.942400 loss=1.136581 time: 35.401876
INFO:root:[Epoch 276] train=0.133201 val=0.940500 loss=1.136547 time: 35.641714
INFO:root:[Epoch 277] train=0.132837 val=0.943300 loss=1.101958 time: 35.441839
INFO:root:[Epoch 278] train=0.133210 val=0.942400 loss=1.131817 time: 35.452153
INFO:root:[Epoch 279] train=0.132892 val=0.943000 loss=1.119828 time: 35.361736
INFO:root:[Epoch 280] train=0.134162 val=0.942000 loss=1.148556 time: 35.545367
INFO:root:[Epoch 281] train=0.131576 val=0.943300 loss=1.111862 time: 35.630731
INFO:root:[Epoch 282] train=0.131190 val=0.944600 loss=1.098651 time: 35.659140
INFO:root:[Epoch 283] train=0.132082 val=0.944500 loss=1.104042 time: 35.351976
INFO:root:[Epoch 284] train=0.132495 val=0.944600 loss=1.105920 time: 35.479928
INFO:root:[Epoch 285] train=0.131500 val=0.942300 loss=1.098420 time: 35.583213
INFO:root:[Epoch 286] train=0.133209 val=0.944000 loss=1.140509 time: 35.583240
INFO:root:[Epoch 287] train=0.130480 val=0.944100 loss=1.098108 time: 35.410474
INFO:root:[Epoch 288] train=0.130654 val=0.943600 loss=1.108812 time: 35.498553
INFO:root:[Epoch 289] train=0.132959 val=0.942700 loss=1.123263 time: 35.435701
INFO:root:[Epoch 290] train=0.131516 val=0.941600 loss=1.108903 time: 35.644999
INFO:root:[Epoch 291] train=0.130840 val=0.943700 loss=1.082010 time: 35.552927
INFO:root:[Epoch 292] train=0.133168 val=0.944600 loss=1.133265 time: 35.434009
INFO:root:[Epoch 293] train=0.133985 val=0.941800 loss=1.153907 time: 35.477537
INFO:root:[Epoch 294] train=0.132050 val=0.942400 loss=1.120948 time: 35.266372
INFO:root:[Epoch 295] train=0.132263 val=0.944900 loss=1.131264 time: 35.573726
INFO:root:[Epoch 296] train=0.131922 val=0.944400 loss=1.106161 time: 35.300985
INFO:root:[Epoch 297] train=0.132308 val=0.944700 loss=1.114452 time: 35.518958
INFO:root:[Epoch 298] train=0.132444 val=0.945900 loss=1.131834 time: 35.783748
INFO:root:[Epoch 299] train=0.130759 val=0.946900 loss=1.096672 time: 35.769909
INFO:root:[Epoch 300] train=0.116898 val=0.946400 loss=0.303367 time: 35.322565
INFO:root:[Epoch 301] train=0.117527 val=0.946500 loss=0.304055 time: 35.465086
INFO:root:[Epoch 302] train=0.116293 val=0.945700 loss=0.297076 time: 35.269059
INFO:root:[Epoch 303] train=0.116072 val=0.947000 loss=0.294239 time: 35.123484
INFO:root:[Epoch 304] train=0.115631 val=0.946400 loss=0.292011 time: 35.244944
INFO:root:[Epoch 305] train=0.115340 val=0.946400 loss=0.290628 time: 35.102649
INFO:root:[Epoch 306] train=0.116178 val=0.947600 loss=0.293254 time: 35.277072
INFO:root:[Epoch 307] train=0.116794 val=0.946700 loss=0.296872 time: 35.215639
INFO:root:[Epoch 308] train=0.114947 val=0.945900 loss=0.286511 time: 35.224003
INFO:root:[Epoch 309] train=0.114506 val=0.945200 loss=0.284259 time: 35.338089
INFO:root:[Epoch 310] train=0.113924 val=0.946700 loss=0.281893 time: 35.191129
INFO:root:[Epoch 311] train=0.114161 val=0.947200 loss=0.282059 time: 35.392384
INFO:root:[Epoch 312] train=0.113399 val=0.946000 loss=0.278085 time: 35.346354
INFO:root:[Epoch 313] train=0.113389 val=0.947300 loss=0.278763 time: 35.148834
INFO:root:[Epoch 314] train=0.114085 val=0.947900 loss=0.281638 time: 35.268359
INFO:root:[Epoch 315] train=0.112999 val=0.946900 loss=0.276693 time: 35.354163
INFO:root:[Epoch 316] train=0.114709 val=0.946900 loss=0.283808 time: 35.551059
INFO:root:[Epoch 317] train=0.112679 val=0.948200 loss=0.275119 time: 35.586385
INFO:root:[Epoch 318] train=0.112805 val=0.946000 loss=0.276078 time: 35.081918
INFO:root:[Epoch 319] train=0.113376 val=0.945300 loss=0.279996 time: 35.982395
INFO:root:[Epoch 320] train=0.111945 val=0.947300 loss=0.272893 time: 35.249921
INFO:root:[Epoch 321] train=0.111864 val=0.945800 loss=0.272457 time: 35.189546
INFO:root:[Epoch 322] train=0.112852 val=0.946800 loss=0.274932 time: 35.106091
INFO:root:[Epoch 323] train=0.111649 val=0.947300 loss=0.269621 time: 35.147415
INFO:root:[Epoch 324] train=0.112316 val=0.947300 loss=0.273842 time: 35.170040
INFO:root:[Epoch 325] train=0.111454 val=0.948200 loss=0.266737 time: 35.343548
INFO:root:[Epoch 326] train=0.111804 val=0.946400 loss=0.268456 time: 35.243591
INFO:root:[Epoch 327] train=0.111492 val=0.947600 loss=0.267975 time: 35.406302
INFO:root:[Epoch 328] train=0.111956 val=0.947700 loss=0.271116 time: 35.223245
INFO:root:[Epoch 329] train=0.111253 val=0.946600 loss=0.267401 time: 35.343390
INFO:root:[Epoch 330] train=0.110620 val=0.947900 loss=0.262399 time: 35.259873
INFO:root:[Epoch 331] train=0.111577 val=0.947600 loss=0.269001 time: 35.240725
INFO:root:[Epoch 332] train=0.111338 val=0.946800 loss=0.268942 time: 35.039933
INFO:root:[Epoch 333] train=0.110221 val=0.946000 loss=0.260664 time: 35.264143
INFO:root:[Epoch 334] train=0.110336 val=0.947100 loss=0.261453 time: 35.242407
INFO:root:[Epoch 335] train=0.111257 val=0.947500 loss=0.265636 time: 35.343099
INFO:root:[Epoch 336] train=0.111219 val=0.948000 loss=0.265853 time: 35.217709
INFO:root:[Epoch 337] train=0.109492 val=0.947400 loss=0.257705 time: 35.336640
INFO:root:[Epoch 338] train=0.109738 val=0.945800 loss=0.260912 time: 35.291493
INFO:root:[Epoch 339] train=0.109009 val=0.945800 loss=0.255137 time: 35.556620
INFO:root:[Epoch 340] train=0.110826 val=0.945800 loss=0.262845 time: 35.107682
INFO:root:[Epoch 341] train=0.111289 val=0.947000 loss=0.266091 time: 35.355383
INFO:root:[Epoch 342] train=0.110085 val=0.946700 loss=0.261870 time: 35.505231
INFO:root:[Epoch 343] train=0.110424 val=0.946800 loss=0.263057 time: 35.168133
INFO:root:[Epoch 344] train=0.110659 val=0.945500 loss=0.262555 time: 35.445369
INFO:root:[Epoch 345] train=0.109035 val=0.944600 loss=0.256698 time: 35.248125
INFO:root:[Epoch 346] train=0.109794 val=0.946400 loss=0.258857 time: 35.314387
INFO:root:[Epoch 347] train=0.110061 val=0.945400 loss=0.261219 time: 35.331745
INFO:root:[Epoch 348] train=0.109990 val=0.946800 loss=0.260529 time: 35.349828
INFO:root:[Epoch 349] train=0.108945 val=0.944900 loss=0.256033 time: 35.469350
