INFO:root:Namespace(batch_size=128, drop_rate=0.0, logging_dir='logs', lr=0.1, lr_decay=0.1, lr_decay_epoch='80,160,240', lr_decay_period=0, mode='hybrid', model='cifar_wideresnet16_10', momentum=0.9, num_epochs=350, num_gpus=1, num_workers=8, resume_from=None, save_dir='params', save_period=10, save_plot_dir='.', wd=0.0001)
/usr/local/lib/python2.7/dist-packages/mxnet/gluon/data/vision/datasets.py:193: DeprecationWarning: The binary mode of fromstring is deprecated, as it behaves surprisingly on unicode inputs. Use frombuffer instead
  data = np.fromstring(fin.read(), dtype=np.uint8).reshape(-1, 3072+1)
[05:01:34] src/operator/nn/./cudnn/./cudnn_algoreg-inl.h:107: Running performance tests to find the best convolution algorithm, this can take a while... (setting env variable MXNET_CUDNN_AUTOTUNE_DEFAULT to 0 to disable)
INFO:root:[Epoch 0] train=0.232565 val=0.395200 loss=2.070602 time: 42.263806
INFO:root:[Epoch 1] train=0.221825 val=0.496200 loss=1.895732 time: 41.278169
INFO:root:[Epoch 2] train=0.213415 val=0.548100 loss=1.821785 time: 41.496767
INFO:root:[Epoch 3] train=0.208461 val=0.590100 loss=1.742524 time: 41.662508
INFO:root:[Epoch 4] train=0.204553 val=0.603900 loss=1.703070 time: 41.722618
INFO:root:[Epoch 5] train=0.197978 val=0.689400 loss=1.693137 time: 41.720387
INFO:root:[Epoch 6] train=0.197287 val=0.712100 loss=1.613901 time: 41.606486
INFO:root:[Epoch 7] train=0.193289 val=0.733000 loss=1.610729 time: 41.474762
INFO:root:[Epoch 8] train=0.191016 val=0.733100 loss=1.567879 time: 41.467636
INFO:root:[Epoch 9] train=0.188078 val=0.758600 loss=1.552199 time: 41.419388
INFO:root:[Epoch 10] train=0.186286 val=0.701200 loss=1.556962 time: 41.533084
INFO:root:[Epoch 11] train=0.184591 val=0.786100 loss=1.502587 time: 41.432939
INFO:root:[Epoch 12] train=0.181371 val=0.785100 loss=1.514806 time: 41.483029
INFO:root:[Epoch 13] train=0.180559 val=0.786600 loss=1.494048 time: 41.585952
INFO:root:[Epoch 14] train=0.179584 val=0.808200 loss=1.486555 time: 41.466877
INFO:root:[Epoch 15] train=0.178319 val=0.806200 loss=1.455011 time: 41.344440
INFO:root:[Epoch 16] train=0.176647 val=0.824000 loss=1.418280 time: 41.385136
INFO:root:[Epoch 17] train=0.174663 val=0.800300 loss=1.433410 time: 41.412164
INFO:root:[Epoch 18] train=0.173531 val=0.810800 loss=1.418097 time: 41.280096
INFO:root:[Epoch 19] train=0.174152 val=0.784200 loss=1.413978 time: 41.358779
INFO:root:[Epoch 20] train=0.172047 val=0.822300 loss=1.420810 time: 41.453966
INFO:root:[Epoch 21] train=0.170491 val=0.844000 loss=1.408886 time: 41.624867
INFO:root:[Epoch 22] train=0.170441 val=0.815400 loss=1.429058 time: 41.342910
INFO:root:[Epoch 23] train=0.169601 val=0.830400 loss=1.367168 time: 41.334136
INFO:root:[Epoch 24] train=0.169335 val=0.843800 loss=1.398447 time: 41.310304
INFO:root:[Epoch 25] train=0.168708 val=0.842500 loss=1.369339 time: 41.476977
INFO:root:[Epoch 26] train=0.167713 val=0.846200 loss=1.403189 time: 41.347122
INFO:root:[Epoch 27] train=0.166772 val=0.850400 loss=1.358565 time: 41.418526
INFO:root:[Epoch 28] train=0.166538 val=0.845600 loss=1.351063 time: 41.413536
INFO:root:[Epoch 29] train=0.166121 val=0.849900 loss=1.379926 time: 41.472964
INFO:root:[Epoch 30] train=0.166134 val=0.861300 loss=1.380367 time: 41.419436
INFO:root:[Epoch 31] train=0.164924 val=0.858600 loss=1.351026 time: 41.418062
INFO:root:[Epoch 32] train=0.165186 val=0.871700 loss=1.357646 time: 41.313346
INFO:root:[Epoch 33] train=0.163859 val=0.853700 loss=1.328011 time: 41.451526
INFO:root:[Epoch 34] train=0.164437 val=0.875300 loss=1.361798 time: 41.500816
INFO:root:[Epoch 35] train=0.164094 val=0.869100 loss=1.374432 time: 41.481970
INFO:root:[Epoch 36] train=0.163111 val=0.876300 loss=1.355855 time: 41.457495
INFO:root:[Epoch 37] train=0.163490 val=0.839500 loss=1.344707 time: 41.405655
INFO:root:[Epoch 38] train=0.162189 val=0.857000 loss=1.343611 time: 41.365102
INFO:root:[Epoch 39] train=0.163281 val=0.840900 loss=1.344955 time: 41.397264
INFO:root:[Epoch 40] train=0.161526 val=0.858500 loss=1.332690 time: 41.298831
INFO:root:[Epoch 41] train=0.160754 val=0.870800 loss=1.325545 time: 41.235545
INFO:root:[Epoch 42] train=0.160743 val=0.894900 loss=1.314679 time: 41.127554
INFO:root:[Epoch 43] train=0.161405 val=0.880500 loss=1.311319 time: 41.159006
INFO:root:[Epoch 44] train=0.160674 val=0.881400 loss=1.309158 time: 41.160373
INFO:root:[Epoch 45] train=0.160158 val=0.887600 loss=1.316029 time: 41.189031
INFO:root:[Epoch 46] train=0.160213 val=0.864900 loss=1.312765 time: 41.185012
INFO:root:[Epoch 47] train=0.160450 val=0.893500 loss=1.333278 time: 41.207637
INFO:root:[Epoch 48] train=0.159472 val=0.879400 loss=1.312156 time: 41.087627
INFO:root:[Epoch 49] train=0.159942 val=0.873200 loss=1.312405 time: 41.096378
INFO:root:[Epoch 50] train=0.159065 val=0.880700 loss=1.307559 time: 41.217856
INFO:root:[Epoch 51] train=0.159549 val=0.888400 loss=1.310439 time: 41.208521
INFO:root:[Epoch 52] train=0.158843 val=0.887000 loss=1.310204 time: 41.135353
INFO:root:[Epoch 53] train=0.157500 val=0.886100 loss=1.290168 time: 41.086451
INFO:root:[Epoch 54] train=0.158384 val=0.900700 loss=1.293743 time: 41.117110
INFO:root:[Epoch 55] train=0.157531 val=0.884600 loss=1.301208 time: 41.219392
INFO:root:[Epoch 56] train=0.156710 val=0.889500 loss=1.277560 time: 41.182838
INFO:root:[Epoch 57] train=0.158158 val=0.873700 loss=1.289936 time: 41.236370
INFO:root:[Epoch 58] train=0.157412 val=0.884500 loss=1.296859 time: 41.194756
INFO:root:[Epoch 59] train=0.156908 val=0.900200 loss=1.289326 time: 41.065162
INFO:root:[Epoch 60] train=0.156430 val=0.897400 loss=1.283195 time: 41.233117
INFO:root:[Epoch 61] train=0.156807 val=0.897900 loss=1.317953 time: 41.223746
INFO:root:[Epoch 62] train=0.157905 val=0.880400 loss=1.307083 time: 41.192077
INFO:root:[Epoch 63] train=0.156337 val=0.891000 loss=1.288242 time: 41.170225
INFO:root:[Epoch 64] train=0.156822 val=0.882800 loss=1.308384 time: 41.133763
INFO:root:[Epoch 65] train=0.157012 val=0.897400 loss=1.304580 time: 41.170765
INFO:root:[Epoch 66] train=0.156246 val=0.893000 loss=1.293428 time: 41.202906
INFO:root:[Epoch 67] train=0.156025 val=0.894800 loss=1.282799 time: 41.264207
INFO:root:[Epoch 68] train=0.156193 val=0.865900 loss=1.301153 time: 41.193504
INFO:root:[Epoch 69] train=0.155889 val=0.896700 loss=1.276314 time: 41.119690
INFO:root:[Epoch 70] train=0.155195 val=0.897900 loss=1.296322 time: 41.150174
INFO:root:[Epoch 71] train=0.156086 val=0.907400 loss=1.276738 time: 41.223904
INFO:root:[Epoch 72] train=0.155642 val=0.898900 loss=1.262993 time: 41.239591
INFO:root:[Epoch 73] train=0.155353 val=0.896200 loss=1.278257 time: 41.216586
INFO:root:[Epoch 74] train=0.154260 val=0.901700 loss=1.257029 time: 41.289646
INFO:root:[Epoch 75] train=0.156131 val=0.894900 loss=1.291569 time: 41.106720
INFO:root:[Epoch 76] train=0.154728 val=0.901100 loss=1.284713 time: 41.092706
INFO:root:[Epoch 77] train=0.154851 val=0.887700 loss=1.292858 time: 41.202788
INFO:root:[Epoch 78] train=0.154698 val=0.899200 loss=1.280588 time: 41.231138
INFO:root:[Epoch 79] train=0.154956 val=0.891300 loss=1.287914 time: 41.116104
INFO:root:[Epoch 80] train=0.146078 val=0.935100 loss=1.168621 time: 40.995468
INFO:root:[Epoch 81] train=0.142991 val=0.936600 loss=1.205921 time: 41.266405
INFO:root:[Epoch 82] train=0.140994 val=0.937300 loss=1.161344 time: 41.297493
INFO:root:[Epoch 83] train=0.138124 val=0.936400 loss=1.127667 time: 41.275062
INFO:root:[Epoch 84] train=0.140270 val=0.937900 loss=1.195173 time: 41.165225
INFO:root:[Epoch 85] train=0.139271 val=0.941900 loss=1.157131 time: 41.088259
INFO:root:[Epoch 86] train=0.137952 val=0.939000 loss=1.136639 time: 41.243273
INFO:root:[Epoch 87] train=0.138099 val=0.940100 loss=1.156964 time: 41.313508
INFO:root:[Epoch 88] train=0.137249 val=0.941300 loss=1.141274 time: 41.079711
INFO:root:[Epoch 89] train=0.137935 val=0.943000 loss=1.159054 time: 41.205763
INFO:root:[Epoch 90] train=0.137097 val=0.943500 loss=1.151306 time: 41.246165
INFO:root:[Epoch 91] train=0.135923 val=0.943600 loss=1.117042 time: 41.186783
INFO:root:[Epoch 92] train=0.136650 val=0.943800 loss=1.139729 time: 41.300892
INFO:root:[Epoch 93] train=0.134251 val=0.944200 loss=1.098336 time: 41.286676
INFO:root:[Epoch 94] train=0.134523 val=0.942900 loss=1.109977 time: 41.020899
INFO:root:[Epoch 95] train=0.135283 val=0.942500 loss=1.120440 time: 41.225295
INFO:root:[Epoch 96] train=0.134472 val=0.943000 loss=1.123441 time: 41.304811
INFO:root:[Epoch 97] train=0.134190 val=0.940300 loss=1.127497 time: 41.208901
INFO:root:[Epoch 98] train=0.134913 val=0.945200 loss=1.140075 time: 41.086182
INFO:root:[Epoch 99] train=0.134874 val=0.943500 loss=1.131294 time: 41.262471
INFO:root:[Epoch 100] train=0.134925 val=0.945100 loss=1.142391 time: 41.289688
INFO:root:[Epoch 101] train=0.133431 val=0.943700 loss=1.117150 time: 41.100487
INFO:root:[Epoch 102] train=0.134438 val=0.942100 loss=1.139656 time: 41.263837
INFO:root:[Epoch 103] train=0.133307 val=0.946200 loss=1.122878 time: 41.304673
INFO:root:[Epoch 104] train=0.133275 val=0.944500 loss=1.110136 time: 41.288011
INFO:root:[Epoch 105] train=0.133108 val=0.944000 loss=1.126396 time: 41.146137
INFO:root:[Epoch 106] train=0.134325 val=0.946800 loss=1.127491 time: 41.121992
INFO:root:[Epoch 107] train=0.131852 val=0.945400 loss=1.087208 time: 41.245113
INFO:root:[Epoch 108] train=0.132351 val=0.944000 loss=1.117250 time: 41.267685
INFO:root:[Epoch 109] train=0.132395 val=0.945500 loss=1.089843 time: 41.054863
INFO:root:[Epoch 110] train=0.132760 val=0.948200 loss=1.128364 time: 41.277869
INFO:root:[Epoch 111] train=0.131651 val=0.947100 loss=1.107477 time: 41.257972
INFO:root:[Epoch 112] train=0.132595 val=0.950000 loss=1.105637 time: 41.129197
INFO:root:[Epoch 113] train=0.132683 val=0.948600 loss=1.124583 time: 41.143514
INFO:root:[Epoch 114] train=0.132720 val=0.946000 loss=1.119419 time: 41.282808
INFO:root:[Epoch 115] train=0.132266 val=0.947700 loss=1.108132 time: 41.418785
INFO:root:[Epoch 116] train=0.132222 val=0.947900 loss=1.098596 time: 41.238216
INFO:root:[Epoch 117] train=0.130975 val=0.949300 loss=1.086921 time: 41.174543
INFO:root:[Epoch 118] train=0.132703 val=0.948900 loss=1.132379 time: 41.175808
INFO:root:[Epoch 119] train=0.131745 val=0.947900 loss=1.099992 time: 41.168711
INFO:root:[Epoch 120] train=0.132415 val=0.945200 loss=1.104413 time: 41.230364
INFO:root:[Epoch 121] train=0.130913 val=0.949400 loss=1.107773 time: 41.145723
INFO:root:[Epoch 122] train=0.132650 val=0.948900 loss=1.131445 time: 41.087219
INFO:root:[Epoch 123] train=0.133305 val=0.946700 loss=1.129364 time: 41.085523
INFO:root:[Epoch 124] train=0.131189 val=0.948400 loss=1.106981 time: 41.174166
INFO:root:[Epoch 125] train=0.130160 val=0.946300 loss=1.091819 time: 41.200011
INFO:root:[Epoch 126] train=0.131993 val=0.948000 loss=1.127057 time: 40.997034
INFO:root:[Epoch 127] train=0.131394 val=0.947100 loss=1.127271 time: 41.220837
INFO:root:[Epoch 128] train=0.130475 val=0.948000 loss=1.087413 time: 41.154933
INFO:root:[Epoch 129] train=0.129046 val=0.948700 loss=1.071258 time: 41.235855
INFO:root:[Epoch 130] train=0.130816 val=0.945000 loss=1.110296 time: 41.210853
INFO:root:[Epoch 131] train=0.131781 val=0.947400 loss=1.114710 time: 41.179814
INFO:root:[Epoch 132] train=0.130948 val=0.946100 loss=1.118649 time: 41.049948
INFO:root:[Epoch 133] train=0.129471 val=0.949300 loss=1.096591 time: 41.198773
INFO:root:[Epoch 134] train=0.130289 val=0.947400 loss=1.108553 time: 41.332641
INFO:root:[Epoch 135] train=0.132092 val=0.946900 loss=1.128410 time: 41.284334
INFO:root:[Epoch 136] train=0.129603 val=0.944200 loss=1.076594 time: 41.126466
INFO:root:[Epoch 137] train=0.129437 val=0.948700 loss=1.084056 time: 41.131161
INFO:root:[Epoch 138] train=0.129129 val=0.947500 loss=1.083637 time: 41.167825
INFO:root:[Epoch 139] train=0.128320 val=0.948500 loss=1.057689 time: 41.226564
INFO:root:[Epoch 140] train=0.128715 val=0.946700 loss=1.087372 time: 41.265352
INFO:root:[Epoch 141] train=0.128202 val=0.948200 loss=1.077592 time: 41.276716
INFO:root:[Epoch 142] train=0.129658 val=0.948200 loss=1.113649 time: 41.184424
INFO:root:[Epoch 143] train=0.129116 val=0.948900 loss=1.093986 time: 41.161835
INFO:root:[Epoch 144] train=0.130120 val=0.944800 loss=1.085628 time: 41.219442
INFO:root:[Epoch 145] train=0.129516 val=0.949500 loss=1.102910 time: 41.197863
INFO:root:[Epoch 146] train=0.130196 val=0.947300 loss=1.095948 time: 41.172394
INFO:root:[Epoch 147] train=0.130633 val=0.947200 loss=1.102582 time: 41.201862
INFO:root:[Epoch 148] train=0.129711 val=0.950500 loss=1.095032 time: 41.266482
INFO:root:[Epoch 149] train=0.131497 val=0.947200 loss=1.120566 time: 41.179398
INFO:root:[Epoch 150] train=0.130100 val=0.947800 loss=1.109046 time: 41.279057
INFO:root:[Epoch 151] train=0.128206 val=0.948500 loss=1.070195 time: 41.401102
INFO:root:[Epoch 152] train=0.127693 val=0.949900 loss=1.063439 time: 41.076094
INFO:root:[Epoch 153] train=0.130273 val=0.950400 loss=1.105344 time: 41.100312
INFO:root:[Epoch 154] train=0.129925 val=0.945000 loss=1.106960 time: 41.322489
INFO:root:[Epoch 155] train=0.130268 val=0.948100 loss=1.089615 time: 41.289006
INFO:root:[Epoch 156] train=0.128669 val=0.949200 loss=1.085002 time: 41.297287
INFO:root:[Epoch 157] train=0.127465 val=0.949400 loss=1.064910 time: 41.213813
INFO:root:[Epoch 158] train=0.128749 val=0.949100 loss=1.081825 time: 41.167582
INFO:root:[Epoch 159] train=0.128445 val=0.947900 loss=1.075648 time: 41.188737
INFO:root:[Epoch 160] train=0.127400 val=0.953800 loss=1.089571 time: 41.290115
INFO:root:[Epoch 161] train=0.125941 val=0.954800 loss=1.074245 time: 41.223464
INFO:root:[Epoch 162] train=0.126136 val=0.952900 loss=1.081461 time: 41.178509
INFO:root:[Epoch 163] train=0.124739 val=0.954300 loss=1.058171 time: 41.248853
INFO:root:[Epoch 164] train=0.125320 val=0.953600 loss=1.080065 time: 41.173806
INFO:root:[Epoch 165] train=0.125189 val=0.954300 loss=1.068086 time: 41.148537
INFO:root:[Epoch 166] train=0.124128 val=0.954800 loss=1.062415 time: 41.143212
INFO:root:[Epoch 167] train=0.124008 val=0.955400 loss=1.051105 time: 41.404164
INFO:root:[Epoch 168] train=0.125677 val=0.954200 loss=1.079556 time: 41.252843
INFO:root:[Epoch 169] train=0.124262 val=0.955200 loss=1.059886 time: 41.299348
INFO:root:[Epoch 170] train=0.123424 val=0.954900 loss=1.037134 time: 41.281594
INFO:root:[Epoch 171] train=0.124941 val=0.954800 loss=1.084180 time: 41.212326
INFO:root:[Epoch 172] train=0.125148 val=0.954700 loss=1.062248 time: 41.276852
INFO:root:[Epoch 173] train=0.122520 val=0.955300 loss=1.029122 time: 41.281265
INFO:root:[Epoch 174] train=0.122247 val=0.955200 loss=1.024681 time: 41.314440
INFO:root:[Epoch 175] train=0.123280 val=0.954700 loss=1.052081 time: 41.248340
INFO:root:[Epoch 176] train=0.124139 val=0.954300 loss=1.068551 time: 41.249323
INFO:root:[Epoch 177] train=0.123249 val=0.954900 loss=1.050375 time: 41.326306
INFO:root:[Epoch 178] train=0.122712 val=0.955200 loss=1.041930 time: 41.136569
INFO:root:[Epoch 179] train=0.123954 val=0.955500 loss=1.047696 time: 41.274079
INFO:root:[Epoch 180] train=0.122450 val=0.954100 loss=1.056133 time: 41.338521
INFO:root:[Epoch 181] train=0.122671 val=0.954800 loss=1.049570 time: 41.306859
INFO:root:[Epoch 182] train=0.124284 val=0.954500 loss=1.067089 time: 41.201486
INFO:root:[Epoch 183] train=0.122810 val=0.956300 loss=1.038534 time: 41.119554
INFO:root:[Epoch 184] train=0.122411 val=0.955700 loss=1.050181 time: 41.395543
INFO:root:[Epoch 185] train=0.122535 val=0.954700 loss=1.036834 time: 41.210936
INFO:root:[Epoch 186] train=0.122718 val=0.955200 loss=1.051875 time: 41.241921
INFO:root:[Epoch 187] train=0.121792 val=0.954700 loss=1.020384 time: 41.293671
INFO:root:[Epoch 188] train=0.122185 val=0.955600 loss=1.042276 time: 41.234713
INFO:root:[Epoch 189] train=0.122130 val=0.955100 loss=1.038336 time: 41.167146
INFO:root:[Epoch 190] train=0.121321 val=0.954200 loss=1.022119 time: 41.267155
INFO:root:[Epoch 191] train=0.120797 val=0.954500 loss=1.020118 time: 41.360923
INFO:root:[Epoch 192] train=0.121951 val=0.953400 loss=1.037500 time: 41.096207
INFO:root:[Epoch 193] train=0.122420 val=0.954100 loss=1.046323 time: 41.204545
INFO:root:[Epoch 194] train=0.122030 val=0.955600 loss=1.036979 time: 41.260052
INFO:root:[Epoch 195] train=0.122547 val=0.954800 loss=1.043839 time: 41.175853
INFO:root:[Epoch 196] train=0.122047 val=0.954400 loss=1.029692 time: 41.345042
INFO:root:[Epoch 197] train=0.123935 val=0.955600 loss=1.074860 time: 41.183597
INFO:root:[Epoch 198] train=0.122974 val=0.956100 loss=1.052858 time: 41.090977
INFO:root:[Epoch 199] train=0.123576 val=0.955000 loss=1.067075 time: 41.258681
INFO:root:[Epoch 200] train=0.123038 val=0.954600 loss=1.062587 time: 41.199007
INFO:root:[Epoch 201] train=0.122255 val=0.955400 loss=1.046177 time: 41.402686
INFO:root:[Epoch 202] train=0.122410 val=0.955100 loss=1.053264 time: 41.209367
INFO:root:[Epoch 203] train=0.122211 val=0.954900 loss=1.051633 time: 41.258206
INFO:root:[Epoch 204] train=0.122422 val=0.954500 loss=1.051922 time: 41.169655
INFO:root:[Epoch 205] train=0.121919 val=0.954600 loss=1.052520 time: 41.123511
INFO:root:[Epoch 206] train=0.120884 val=0.955500 loss=1.024878 time: 41.350730
INFO:root:[Epoch 207] train=0.122707 val=0.954300 loss=1.058737 time: 41.016641
INFO:root:[Epoch 208] train=0.119326 val=0.955500 loss=0.991520 time: 41.128072
INFO:root:[Epoch 209] train=0.123229 val=0.955000 loss=1.071774 time: 41.177714
INFO:root:[Epoch 210] train=0.120996 val=0.954300 loss=1.036988 time: 41.229192
INFO:root:[Epoch 211] train=0.121860 val=0.955100 loss=1.038228 time: 41.313984
INFO:root:[Epoch 212] train=0.120701 val=0.954400 loss=1.034982 time: 41.150030
INFO:root:[Epoch 213] train=0.122592 val=0.953700 loss=1.072098 time: 41.214662
INFO:root:[Epoch 214] train=0.123202 val=0.954500 loss=1.071591 time: 41.191488
INFO:root:[Epoch 215] train=0.121609 val=0.953800 loss=1.042273 time: 41.206044
INFO:root:[Epoch 216] train=0.122343 val=0.952900 loss=1.057544 time: 41.148032
INFO:root:[Epoch 217] train=0.121449 val=0.954500 loss=1.032645 time: 40.952238
INFO:root:[Epoch 218] train=0.121415 val=0.954800 loss=1.028423 time: 41.215019
INFO:root:[Epoch 219] train=0.122629 val=0.954300 loss=1.057484 time: 41.186837
INFO:root:[Epoch 220] train=0.121553 val=0.954500 loss=1.040556 time: 41.165822
INFO:root:[Epoch 221] train=0.122207 val=0.953400 loss=1.051913 time: 41.191005
INFO:root:[Epoch 222] train=0.120105 val=0.954200 loss=1.017795 time: 41.171816
INFO:root:[Epoch 223] train=0.121522 val=0.954500 loss=1.045036 time: 41.003438
INFO:root:[Epoch 224] train=0.120909 val=0.952900 loss=1.019819 time: 41.182744
INFO:root:[Epoch 225] train=0.121201 val=0.955900 loss=1.036042 time: 41.265741
INFO:root:[Epoch 226] train=0.122178 val=0.953700 loss=1.044531 time: 41.096305
INFO:root:[Epoch 227] train=0.122504 val=0.953100 loss=1.052961 time: 41.158437
INFO:root:[Epoch 228] train=0.122889 val=0.953300 loss=1.065471 time: 41.296158
INFO:root:[Epoch 229] train=0.121679 val=0.955700 loss=1.044132 time: 41.292685
INFO:root:[Epoch 230] train=0.121870 val=0.955600 loss=1.053783 time: 41.280784
INFO:root:[Epoch 231] train=0.120531 val=0.952900 loss=1.035364 time: 41.259256
INFO:root:[Epoch 232] train=0.121225 val=0.956300 loss=1.040062 time: 41.455316
INFO:root:[Epoch 233] train=0.122984 val=0.955200 loss=1.069361 time: 41.156856
INFO:root:[Epoch 234] train=0.120559 val=0.954800 loss=1.031592 time: 41.258637
INFO:root:[Epoch 235] train=0.120645 val=0.955000 loss=1.027552 time: 41.346837
INFO:root:[Epoch 236] train=0.121175 val=0.954600 loss=1.040215 time: 41.308237
INFO:root:[Epoch 237] train=0.121692 val=0.954600 loss=1.039289 time: 41.269832
INFO:root:[Epoch 238] train=0.119573 val=0.956400 loss=1.009898 time: 41.290471
INFO:root:[Epoch 239] train=0.120609 val=0.955200 loss=1.040918 time: 41.262721
INFO:root:[Epoch 240] train=0.121838 val=0.956400 loss=1.062711 time: 41.225534
INFO:root:[Epoch 241] train=0.122073 val=0.954800 loss=1.057254 time: 41.149295
INFO:root:[Epoch 242] train=0.120639 val=0.956200 loss=1.041517 time: 41.281837
INFO:root:[Epoch 243] train=0.121335 val=0.952600 loss=1.030729 time: 41.218634
INFO:root:[Epoch 244] train=0.122511 val=0.953300 loss=1.061928 time: 41.201814
INFO:root:[Epoch 245] train=0.122233 val=0.955500 loss=1.058687 time: 41.049006
INFO:root:[Epoch 246] train=0.121536 val=0.954800 loss=1.043978 time: 41.207918
INFO:root:[Epoch 247] train=0.118915 val=0.954900 loss=1.008737 time: 41.213486
INFO:root:[Epoch 248] train=0.121545 val=0.955500 loss=1.050220 time: 41.135866
INFO:root:[Epoch 249] train=0.121444 val=0.953800 loss=1.055322 time: 41.239521
INFO:root:[Epoch 250] train=0.120401 val=0.954100 loss=1.039011 time: 41.295982
INFO:root:[Epoch 251] train=0.119709 val=0.953300 loss=1.015705 time: 41.208398
INFO:root:[Epoch 252] train=0.119678 val=0.954300 loss=1.032335 time: 41.141861
INFO:root:[Epoch 253] train=0.118554 val=0.956300 loss=1.003492 time: 41.336941
INFO:root:[Epoch 254] train=0.121437 val=0.954100 loss=1.035117 time: 41.375716
INFO:root:[Epoch 255] train=0.120295 val=0.953000 loss=1.019805 time: 41.432014
INFO:root:[Epoch 256] train=0.121956 val=0.954400 loss=1.057293 time: 41.346284
INFO:root:[Epoch 257] train=0.121194 val=0.954000 loss=1.049534 time: 41.230978
INFO:root:[Epoch 258] train=0.122141 val=0.954200 loss=1.059369 time: 41.389067
INFO:root:[Epoch 259] train=0.120177 val=0.955000 loss=1.025254 time: 41.396096
INFO:root:[Epoch 260] train=0.120872 val=0.953700 loss=1.042929 time: 41.471463
INFO:root:[Epoch 261] train=0.121060 val=0.955700 loss=1.046884 time: 41.258983
INFO:root:[Epoch 262] train=0.121881 val=0.954300 loss=1.047064 time: 41.333448
INFO:root:[Epoch 263] train=0.120347 val=0.952400 loss=1.035154 time: 41.352520
INFO:root:[Epoch 264] train=0.117934 val=0.954500 loss=0.995559 time: 41.297773
INFO:root:[Epoch 265] train=0.121699 val=0.954500 loss=1.058187 time: 41.346227
INFO:root:[Epoch 266] train=0.119410 val=0.954100 loss=1.016754 time: 41.299900
INFO:root:[Epoch 267] train=0.119378 val=0.954300 loss=1.017674 time: 41.279741
INFO:root:[Epoch 268] train=0.120984 val=0.955000 loss=1.031536 time: 41.269226
INFO:root:[Epoch 269] train=0.120712 val=0.953900 loss=1.025701 time: 41.262621
INFO:root:[Epoch 270] train=0.119492 val=0.953900 loss=1.019151 time: 41.252729
INFO:root:[Epoch 271] train=0.121295 val=0.954100 loss=1.050599 time: 41.332133
INFO:root:[Epoch 272] train=0.119590 val=0.954600 loss=1.009846 time: 41.184157
INFO:root:[Epoch 273] train=0.120808 val=0.955200 loss=1.028485 time: 41.258840
INFO:root:[Epoch 274] train=0.120968 val=0.954000 loss=1.051960 time: 41.213740
INFO:root:[Epoch 275] train=0.119017 val=0.954100 loss=1.012230 time: 41.439510
INFO:root:[Epoch 276] train=0.118745 val=0.954900 loss=1.004874 time: 41.220794
INFO:root:[Epoch 277] train=0.121156 val=0.953800 loss=1.042790 time: 41.240628
INFO:root:[Epoch 278] train=0.121521 val=0.954100 loss=1.053786 time: 41.352439
INFO:root:[Epoch 279] train=0.121427 val=0.954000 loss=1.037203 time: 41.285788
INFO:root:[Epoch 280] train=0.121562 val=0.955200 loss=1.064453 time: 41.312292
INFO:root:[Epoch 281] train=0.120329 val=0.953800 loss=1.030837 time: 41.330722
INFO:root:[Epoch 282] train=0.119969 val=0.954200 loss=1.032742 time: 41.240479
INFO:root:[Epoch 283] train=0.119569 val=0.955700 loss=1.021535 time: 41.363178
INFO:root:[Epoch 284] train=0.118701 val=0.953900 loss=0.999420 time: 41.277356
INFO:root:[Epoch 285] train=0.121504 val=0.952800 loss=1.060247 time: 41.244337
INFO:root:[Epoch 286] train=0.120506 val=0.955900 loss=1.034796 time: 41.222795
INFO:root:[Epoch 287] train=0.120015 val=0.953500 loss=1.031066 time: 41.431664
INFO:root:[Epoch 288] train=0.119517 val=0.953300 loss=1.022310 time: 41.555193
INFO:root:[Epoch 289] train=0.121668 val=0.956000 loss=1.060473 time: 41.482696
INFO:root:[Epoch 290] train=0.118425 val=0.953800 loss=1.008099 time: 41.415412
INFO:root:[Epoch 291] train=0.122255 val=0.953500 loss=1.066120 time: 41.430410
INFO:root:[Epoch 292] train=0.119706 val=0.956400 loss=1.020559 time: 41.366292
INFO:root:[Epoch 293] train=0.119664 val=0.954700 loss=1.027677 time: 41.371741
INFO:root:[Epoch 294] train=0.120241 val=0.955500 loss=1.028203 time: 41.390325
INFO:root:[Epoch 295] train=0.117727 val=0.955900 loss=0.984784 time: 41.527413
INFO:root:[Epoch 296] train=0.119674 val=0.954000 loss=1.028042 time: 41.357738
INFO:root:[Epoch 297] train=0.119444 val=0.956000 loss=1.019841 time: 41.394632
INFO:root:[Epoch 298] train=0.118894 val=0.954600 loss=1.015024 time: 41.335923
INFO:root:[Epoch 299] train=0.119702 val=0.955300 loss=1.031332 time: 41.354940
INFO:root:[Epoch 300] train=0.096105 val=0.959500 loss=0.218749 time: 41.479887
INFO:root:[Epoch 301] train=0.097765 val=0.959300 loss=0.219937 time: 41.340212
INFO:root:[Epoch 302] train=0.098060 val=0.959600 loss=0.221206 time: 41.435675
INFO:root:[Epoch 303] train=0.096885 val=0.959300 loss=0.214054 time: 41.457839
INFO:root:[Epoch 304] train=0.096658 val=0.958200 loss=0.212655 time: 41.399987
INFO:root:[Epoch 305] train=0.097045 val=0.959200 loss=0.212699 time: 41.351740
INFO:root:[Epoch 306] train=0.097188 val=0.959000 loss=0.213270 time: 41.385356
INFO:root:[Epoch 307] train=0.096948 val=0.959100 loss=0.214112 time: 41.455468
INFO:root:[Epoch 308] train=0.096857 val=0.958700 loss=0.212727 time: 41.329411
INFO:root:[Epoch 309] train=0.096059 val=0.960100 loss=0.209381 time: 41.435789
INFO:root:[Epoch 310] train=0.097136 val=0.959800 loss=0.212542 time: 41.347159
INFO:root:[Epoch 311] train=0.096564 val=0.959900 loss=0.210543 time: 41.525143
INFO:root:[Epoch 312] train=0.095618 val=0.958100 loss=0.205818 time: 41.371135
INFO:root:[Epoch 313] train=0.096354 val=0.958400 loss=0.208165 time: 41.434760
INFO:root:[Epoch 314] train=0.096372 val=0.959200 loss=0.209536 time: 41.396821
INFO:root:[Epoch 315] train=0.095563 val=0.958800 loss=0.207291 time: 41.304387
INFO:root:[Epoch 316] train=0.096175 val=0.959500 loss=0.207955 time: 41.290864
INFO:root:[Epoch 317] train=0.095743 val=0.957600 loss=0.205502 time: 41.435418
INFO:root:[Epoch 318] train=0.094704 val=0.959800 loss=0.202907 time: 41.303879
INFO:root:[Epoch 319] train=0.096410 val=0.959500 loss=0.209680 time: 41.519108
INFO:root:[Epoch 320] train=0.096612 val=0.959400 loss=0.209405 time: 41.642702
INFO:root:[Epoch 321] train=0.095796 val=0.958100 loss=0.206492 time: 41.710625
INFO:root:[Epoch 322] train=0.095306 val=0.958800 loss=0.205213 time: 41.818321
INFO:root:[Epoch 323] train=0.095371 val=0.958600 loss=0.204740 time: 41.608757
INFO:root:[Epoch 324] train=0.095664 val=0.957900 loss=0.204675 time: 41.818952
INFO:root:[Epoch 325] train=0.095157 val=0.959000 loss=0.205507 time: 41.652103
INFO:root:[Epoch 326] train=0.095402 val=0.958100 loss=0.203718 time: 41.793826
INFO:root:[Epoch 327] train=0.094408 val=0.959200 loss=0.200441 time: 41.929816
INFO:root:[Epoch 328] train=0.095522 val=0.959200 loss=0.204050 time: 41.702680
INFO:root:[Epoch 329] train=0.094873 val=0.958200 loss=0.203617 time: 41.746845
INFO:root:[Epoch 330] train=0.094325 val=0.957900 loss=0.199569 time: 41.878286
INFO:root:[Epoch 331] train=0.094701 val=0.957600 loss=0.201074 time: 41.774313
INFO:root:[Epoch 332] train=0.094700 val=0.958500 loss=0.201675 time: 41.814168
INFO:root:[Epoch 333] train=0.095959 val=0.958400 loss=0.205327 time: 41.818830
INFO:root:[Epoch 334] train=0.096344 val=0.958200 loss=0.206846 time: 41.735877
INFO:root:[Epoch 335] train=0.094301 val=0.957300 loss=0.197748 time: 41.741233
INFO:root:[Epoch 336] train=0.094675 val=0.958100 loss=0.200429 time: 41.814234
INFO:root:[Epoch 337] train=0.095245 val=0.958100 loss=0.203523 time: 41.835178
INFO:root:[Epoch 338] train=0.093686 val=0.958600 loss=0.196168 time: 41.768606
INFO:root:[Epoch 339] train=0.095043 val=0.959200 loss=0.202624 time: 41.718044
INFO:root:[Epoch 340] train=0.095643 val=0.958700 loss=0.204239 time: 41.907174
INFO:root:[Epoch 341] train=0.094849 val=0.959000 loss=0.200780 time: 41.817942
INFO:root:[Epoch 342] train=0.094804 val=0.958200 loss=0.200282 time: 41.732837
INFO:root:[Epoch 343] train=0.094654 val=0.958200 loss=0.198673 time: 41.742654
INFO:root:[Epoch 344] train=0.094132 val=0.958800 loss=0.197753 time: 41.936361
INFO:root:[Epoch 345] train=0.095012 val=0.957900 loss=0.201954 time: 41.828249
INFO:root:[Epoch 346] train=0.094750 val=0.958200 loss=0.199897 time: 41.859551
INFO:root:[Epoch 347] train=0.094012 val=0.958700 loss=0.197014 time: 41.790540
INFO:root:[Epoch 348] train=0.093585 val=0.959400 loss=0.195725 time: 41.892583
INFO:root:[Epoch 349] train=0.094534 val=0.958100 loss=0.199552 time: 41.877656
