INFO:root:Namespace(batch_size=128, drop_rate=0.0, logging_dir='logs', lr=0.1, lr_decay=0.1, lr_decay_epoch='150,250', lr_decay_period=0, mode='hybrid', model='cifar_resnet110_v1', momentum=0.9, num_epochs=350, num_gpus=1, num_workers=8, resume_from=None, save_dir='params', save_period=10, save_plot_dir='.', wd=0.0001)
/usr/local/lib/python2.7/dist-packages/mxnet/gluon/data/vision/datasets.py:193: DeprecationWarning: The binary mode of fromstring is deprecated, as it behaves surprisingly on unicode inputs. Use frombuffer instead
  data = np.fromstring(fin.read(), dtype=np.uint8).reshape(-1, 3072+1)
[07:22:11] src/operator/nn/./cudnn/./cudnn_algoreg-inl.h:107: Running performance tests to find the best convolution algorithm, this can take a while... (setting env variable MXNET_CUDNN_AUTOTUNE_DEFAULT to 0 to disable)
INFO:root:[Epoch 0] train=0.242045 val=0.184700 loss=2.414172 time: 36.423690
INFO:root:[Epoch 1] train=0.235866 val=0.281000 loss=2.150326 time: 35.401722
INFO:root:[Epoch 2] train=0.232865 val=0.378200 loss=2.076518 time: 35.290662
INFO:root:[Epoch 3] train=0.230820 val=0.380500 loss=2.017251 time: 35.139468
INFO:root:[Epoch 4] train=0.227346 val=0.438800 loss=1.970783 time: 35.231927
INFO:root:[Epoch 5] train=0.224889 val=0.417700 loss=1.931310 time: 35.159467
INFO:root:[Epoch 6] train=0.221744 val=0.432100 loss=1.912322 time: 35.339006
INFO:root:[Epoch 7] train=0.219453 val=0.480700 loss=1.899013 time: 35.228116
INFO:root:[Epoch 8] train=0.220072 val=0.446500 loss=1.855641 time: 35.343244
INFO:root:[Epoch 9] train=0.217673 val=0.522600 loss=1.844132 time: 34.923884
INFO:root:[Epoch 10] train=0.215684 val=0.520900 loss=1.827382 time: 35.087762
INFO:root:[Epoch 11] train=0.213856 val=0.519700 loss=1.812277 time: 35.307250
INFO:root:[Epoch 12] train=0.212548 val=0.568700 loss=1.792504 time: 35.215784
INFO:root:[Epoch 13] train=0.211157 val=0.601100 loss=1.768300 time: 35.064158
INFO:root:[Epoch 14] train=0.209849 val=0.581000 loss=1.753666 time: 35.230294
INFO:root:[Epoch 15] train=0.207155 val=0.544100 loss=1.749412 time: 35.222343
INFO:root:[Epoch 16] train=0.206070 val=0.596000 loss=1.755113 time: 35.136191
INFO:root:[Epoch 17] train=0.205686 val=0.595500 loss=1.726935 time: 35.066032
INFO:root:[Epoch 18] train=0.203763 val=0.597400 loss=1.717780 time: 35.098487
INFO:root:[Epoch 19] train=0.204077 val=0.606400 loss=1.698867 time: 35.354951
INFO:root:[Epoch 20] train=0.202649 val=0.620200 loss=1.684809 time: 35.171931
INFO:root:[Epoch 21] train=0.201077 val=0.622300 loss=1.690187 time: 35.231411
INFO:root:[Epoch 22] train=0.200097 val=0.604600 loss=1.685927 time: 35.201189
INFO:root:[Epoch 23] train=0.200224 val=0.618600 loss=1.661362 time: 35.281388
INFO:root:[Epoch 24] train=0.197542 val=0.633500 loss=1.681069 time: 35.124254
INFO:root:[Epoch 25] train=0.197621 val=0.646600 loss=1.642421 time: 35.169871
INFO:root:[Epoch 26] train=0.196818 val=0.621000 loss=1.633855 time: 35.051079
INFO:root:[Epoch 27] train=0.194413 val=0.648900 loss=1.634162 time: 35.103028
INFO:root:[Epoch 28] train=0.194547 val=0.695600 loss=1.616181 time: 35.321112
INFO:root:[Epoch 29] train=0.194518 val=0.658500 loss=1.611856 time: 35.263872
INFO:root:[Epoch 30] train=0.194174 val=0.688300 loss=1.601264 time: 35.154248
INFO:root:[Epoch 31] train=0.192064 val=0.669200 loss=1.600826 time: 35.230187
INFO:root:[Epoch 32] train=0.192269 val=0.697200 loss=1.589352 time: 35.362303
INFO:root:[Epoch 33] train=0.192075 val=0.707200 loss=1.568783 time: 35.456565
INFO:root:[Epoch 34] train=0.190810 val=0.708700 loss=1.572207 time: 35.123531
INFO:root:[Epoch 35] train=0.190078 val=0.727500 loss=1.587183 time: 35.161777
INFO:root:[Epoch 36] train=0.189490 val=0.711600 loss=1.554443 time: 35.302943
INFO:root:[Epoch 37] train=0.190132 val=0.658300 loss=1.571226 time: 34.985623
INFO:root:[Epoch 38] train=0.189166 val=0.698600 loss=1.545931 time: 35.042568
INFO:root:[Epoch 39] train=0.188700 val=0.698500 loss=1.559394 time: 35.159561
INFO:root:[Epoch 40] train=0.187991 val=0.726300 loss=1.534312 time: 35.127053
INFO:root:[Epoch 41] train=0.187521 val=0.741600 loss=1.540501 time: 35.323751
INFO:root:[Epoch 42] train=0.186821 val=0.696100 loss=1.550558 time: 35.345774
INFO:root:[Epoch 43] train=0.185315 val=0.749700 loss=1.547430 time: 35.128265
INFO:root:[Epoch 44] train=0.185328 val=0.745600 loss=1.550829 time: 35.353400
INFO:root:[Epoch 45] train=0.184720 val=0.743600 loss=1.530680 time: 35.184714
INFO:root:[Epoch 46] train=0.185130 val=0.756200 loss=1.521695 time: 35.335600
INFO:root:[Epoch 47] train=0.184358 val=0.760000 loss=1.516527 time: 35.295786
INFO:root:[Epoch 48] train=0.184126 val=0.731200 loss=1.500153 time: 35.302985
INFO:root:[Epoch 49] train=0.183784 val=0.760200 loss=1.509127 time: 34.990357
INFO:root:[Epoch 50] train=0.183686 val=0.737200 loss=1.488558 time: 35.182411
INFO:root:[Epoch 51] train=0.182777 val=0.682200 loss=1.509139 time: 35.036031
INFO:root:[Epoch 52] train=0.182385 val=0.734200 loss=1.502276 time: 35.134582
INFO:root:[Epoch 53] train=0.181951 val=0.733700 loss=1.529954 time: 35.248151
INFO:root:[Epoch 54] train=0.181803 val=0.729600 loss=1.486073 time: 35.226198
INFO:root:[Epoch 55] train=0.181256 val=0.743400 loss=1.497361 time: 35.246327
INFO:root:[Epoch 56] train=0.181999 val=0.753200 loss=1.477799 time: 35.019768
INFO:root:[Epoch 57] train=0.181771 val=0.759300 loss=1.476127 time: 35.385702
INFO:root:[Epoch 58] train=0.180559 val=0.785400 loss=1.511562 time: 34.992940
INFO:root:[Epoch 59] train=0.180657 val=0.764800 loss=1.526672 time: 35.219925
INFO:root:[Epoch 60] train=0.181314 val=0.755700 loss=1.497373 time: 35.136120
INFO:root:[Epoch 61] train=0.180302 val=0.745100 loss=1.491482 time: 35.121131
INFO:root:[Epoch 62] train=0.181133 val=0.762700 loss=1.490690 time: 35.084218
INFO:root:[Epoch 63] train=0.180451 val=0.790500 loss=1.480550 time: 35.210533
INFO:root:[Epoch 64] train=0.179904 val=0.698000 loss=1.481171 time: 35.272011
INFO:root:[Epoch 65] train=0.180507 val=0.752600 loss=1.478848 time: 35.163129
INFO:root:[Epoch 66] train=0.179776 val=0.757600 loss=1.444371 time: 35.162017
INFO:root:[Epoch 67] train=0.178965 val=0.770700 loss=1.484087 time: 35.236489
INFO:root:[Epoch 68] train=0.179823 val=0.771500 loss=1.478764 time: 35.331467
INFO:root:[Epoch 69] train=0.179046 val=0.778700 loss=1.477367 time: 35.129882
INFO:root:[Epoch 70] train=0.178488 val=0.755800 loss=1.482268 time: 35.238022
INFO:root:[Epoch 71] train=0.178553 val=0.764200 loss=1.440764 time: 35.005097
INFO:root:[Epoch 72] train=0.178192 val=0.754200 loss=1.475772 time: 35.319379
INFO:root:[Epoch 73] train=0.177938 val=0.789100 loss=1.465640 time: 35.289857
INFO:root:[Epoch 74] train=0.177237 val=0.778500 loss=1.454562 time: 35.364089
INFO:root:[Epoch 75] train=0.178015 val=0.752500 loss=1.442695 time: 35.150946
INFO:root:[Epoch 76] train=0.176879 val=0.788900 loss=1.475169 time: 35.200287
INFO:root:[Epoch 77] train=0.177678 val=0.780600 loss=1.457295 time: 35.151306
INFO:root:[Epoch 78] train=0.177483 val=0.802300 loss=1.432034 time: 35.466158
INFO:root:[Epoch 79] train=0.176920 val=0.733800 loss=1.458397 time: 35.151960
INFO:root:[Epoch 80] train=0.177189 val=0.797500 loss=1.442642 time: 35.212381
INFO:root:[Epoch 81] train=0.176264 val=0.793600 loss=1.455281 time: 35.367549
INFO:root:[Epoch 82] train=0.176322 val=0.766100 loss=1.432221 time: 35.200348
INFO:root:[Epoch 83] train=0.176749 val=0.774300 loss=1.432575 time: 35.342964
INFO:root:[Epoch 84] train=0.176276 val=0.783400 loss=1.444921 time: 35.309002
INFO:root:[Epoch 85] train=0.176149 val=0.762700 loss=1.448097 time: 35.216174
INFO:root:[Epoch 86] train=0.176651 val=0.789200 loss=1.460449 time: 35.196060
INFO:root:[Epoch 87] train=0.176206 val=0.747900 loss=1.460430 time: 35.263798
INFO:root:[Epoch 88] train=0.176511 val=0.780500 loss=1.439647 time: 35.296632
INFO:root:[Epoch 89] train=0.175721 val=0.791600 loss=1.433315 time: 35.297731
INFO:root:[Epoch 90] train=0.174974 val=0.806500 loss=1.445566 time: 35.145582
INFO:root:[Epoch 91] train=0.175067 val=0.804100 loss=1.420857 time: 35.406082
INFO:root:[Epoch 92] train=0.175110 val=0.762800 loss=1.469154 time: 35.228774
INFO:root:[Epoch 93] train=0.175561 val=0.792000 loss=1.428242 time: 35.332598
INFO:root:[Epoch 94] train=0.175989 val=0.795800 loss=1.419015 time: 35.369914
INFO:root:[Epoch 95] train=0.174452 val=0.751600 loss=1.450067 time: 35.172289
INFO:root:[Epoch 96] train=0.173878 val=0.793000 loss=1.446673 time: 35.255730
INFO:root:[Epoch 97] train=0.174635 val=0.803000 loss=1.443562 time: 35.185346
INFO:root:[Epoch 98] train=0.174402 val=0.788400 loss=1.430185 time: 35.306643
INFO:root:[Epoch 99] train=0.174522 val=0.751300 loss=1.440753 time: 35.386869
INFO:root:[Epoch 100] train=0.174824 val=0.797600 loss=1.446004 time: 35.183739
INFO:root:[Epoch 101] train=0.174361 val=0.811900 loss=1.462611 time: 35.464259
INFO:root:[Epoch 102] train=0.174269 val=0.785900 loss=1.459031 time: 35.347930
INFO:root:[Epoch 103] train=0.173709 val=0.768400 loss=1.434493 time: 35.282298
INFO:root:[Epoch 104] train=0.174038 val=0.753700 loss=1.427273 time: 35.256327
INFO:root:[Epoch 105] train=0.173240 val=0.792700 loss=1.429771 time: 35.220439
INFO:root:[Epoch 106] train=0.173845 val=0.773100 loss=1.421909 time: 35.370806
INFO:root:[Epoch 107] train=0.173661 val=0.806200 loss=1.422105 time: 35.344668
INFO:root:[Epoch 108] train=0.173582 val=0.804300 loss=1.411594 time: 35.378249
INFO:root:[Epoch 109] train=0.173054 val=0.802000 loss=1.422378 time: 35.184844
INFO:root:[Epoch 110] train=0.172423 val=0.795100 loss=1.412252 time: 35.606667
INFO:root:[Epoch 111] train=0.173038 val=0.798100 loss=1.454236 time: 35.286057
INFO:root:[Epoch 112] train=0.172968 val=0.810200 loss=1.402364 time: 35.222339
INFO:root:[Epoch 113] train=0.173096 val=0.820600 loss=1.420965 time: 35.271717
INFO:root:[Epoch 114] train=0.173218 val=0.814400 loss=1.447361 time: 35.457366
INFO:root:[Epoch 115] train=0.173088 val=0.814900 loss=1.422351 time: 35.453481
INFO:root:[Epoch 116] train=0.173938 val=0.771000 loss=1.405335 time: 35.317094
INFO:root:[Epoch 117] train=0.172594 val=0.793100 loss=1.417155 time: 35.337446
INFO:root:[Epoch 118] train=0.172964 val=0.822700 loss=1.420058 time: 35.559202
INFO:root:[Epoch 119] train=0.171959 val=0.769800 loss=1.426591 time: 35.290013
INFO:root:[Epoch 120] train=0.171958 val=0.799300 loss=1.412921 time: 35.420231
INFO:root:[Epoch 121] train=0.172548 val=0.822000 loss=1.422158 time: 35.250728
INFO:root:[Epoch 122] train=0.172778 val=0.811700 loss=1.421827 time: 35.259050
INFO:root:[Epoch 123] train=0.172609 val=0.811800 loss=1.399647 time: 35.395705
INFO:root:[Epoch 124] train=0.172778 val=0.801900 loss=1.447616 time: 35.386796
INFO:root:[Epoch 125] train=0.172638 val=0.816600 loss=1.426183 time: 35.516092
INFO:root:[Epoch 126] train=0.171500 val=0.798200 loss=1.435246 time: 35.124711
INFO:root:[Epoch 127] train=0.172293 val=0.811600 loss=1.427810 time: 35.414428
INFO:root:[Epoch 128] train=0.171664 val=0.769100 loss=1.428165 time: 35.392419
INFO:root:[Epoch 129] train=0.172746 val=0.801100 loss=1.427732 time: 35.441799
INFO:root:[Epoch 130] train=0.171807 val=0.817700 loss=1.419745 time: 35.470867
INFO:root:[Epoch 131] train=0.171818 val=0.818900 loss=1.394941 time: 35.224563
INFO:root:[Epoch 132] train=0.172005 val=0.806500 loss=1.433690 time: 35.229515
INFO:root:[Epoch 133] train=0.172372 val=0.812300 loss=1.415349 time: 35.219606
INFO:root:[Epoch 134] train=0.171997 val=0.816100 loss=1.423362 time: 35.400432
INFO:root:[Epoch 135] train=0.172127 val=0.804900 loss=1.402791 time: 36.621211
INFO:root:[Epoch 136] train=0.171310 val=0.795600 loss=1.421677 time: 36.961309
INFO:root:[Epoch 137] train=0.171144 val=0.815300 loss=1.420322 time: 36.715224
INFO:root:[Epoch 138] train=0.170670 val=0.807300 loss=1.380014 time: 36.798234
INFO:root:[Epoch 139] train=0.170781 val=0.803800 loss=1.386891 time: 36.979819
INFO:root:[Epoch 140] train=0.170522 val=0.821700 loss=1.389321 time: 37.024241
INFO:root:[Epoch 141] train=0.171028 val=0.813700 loss=1.406481 time: 36.700911
INFO:root:[Epoch 142] train=0.171039 val=0.822000 loss=1.396839 time: 37.022635
INFO:root:[Epoch 143] train=0.170857 val=0.802200 loss=1.407671 time: 36.863874
INFO:root:[Epoch 144] train=0.170444 val=0.832000 loss=1.384109 time: 36.892730
INFO:root:[Epoch 145] train=0.170145 val=0.831700 loss=1.391998 time: 36.817753
INFO:root:[Epoch 146] train=0.170467 val=0.805300 loss=1.372800 time: 37.039269
INFO:root:[Epoch 147] train=0.171482 val=0.828500 loss=1.420113 time: 36.798946
INFO:root:[Epoch 148] train=0.170680 val=0.838300 loss=1.400046 time: 36.986030
INFO:root:[Epoch 149] train=0.170663 val=0.827600 loss=1.382850 time: 36.847252
INFO:root:[Epoch 150] train=0.164345 val=0.869600 loss=1.349690 time: 36.807868
INFO:root:[Epoch 151] train=0.159148 val=0.877600 loss=1.311200 time: 36.747129
INFO:root:[Epoch 152] train=0.157247 val=0.879500 loss=1.251010 time: 36.972704
INFO:root:[Epoch 153] train=0.157033 val=0.882100 loss=1.303252 time: 36.927380
INFO:root:[Epoch 154] train=0.156807 val=0.880500 loss=1.292514 time: 36.998946
INFO:root:[Epoch 155] train=0.156690 val=0.883000 loss=1.295875 time: 36.941559
INFO:root:[Epoch 156] train=0.157229 val=0.885700 loss=1.325816 time: 36.921612
INFO:root:[Epoch 157] train=0.155361 val=0.888100 loss=1.290567 time: 36.783458
INFO:root:[Epoch 158] train=0.155417 val=0.887100 loss=1.288174 time: 36.767221
INFO:root:[Epoch 159] train=0.154417 val=0.882900 loss=1.260946 time: 36.750345
INFO:root:[Epoch 160] train=0.155500 val=0.882300 loss=1.315486 time: 36.946160
INFO:root:[Epoch 161] train=0.153869 val=0.883700 loss=1.268611 time: 36.839498
INFO:root:[Epoch 162] train=0.154698 val=0.880000 loss=1.288553 time: 36.902312
INFO:root:[Epoch 163] train=0.154391 val=0.884200 loss=1.319085 time: 36.742646
INFO:root:[Epoch 164] train=0.153992 val=0.887400 loss=1.277287 time: 36.923959
INFO:root:[Epoch 165] train=0.152534 val=0.884500 loss=1.258414 time: 36.911682
INFO:root:[Epoch 166] train=0.153383 val=0.885800 loss=1.289496 time: 36.992145
INFO:root:[Epoch 167] train=0.154907 val=0.888900 loss=1.293933 time: 36.903028
INFO:root:[Epoch 168] train=0.152842 val=0.893100 loss=1.250765 time: 36.876693
INFO:root:[Epoch 169] train=0.153007 val=0.890400 loss=1.262748 time: 36.884372
INFO:root:[Epoch 170] train=0.152166 val=0.893100 loss=1.229680 time: 36.786644
INFO:root:[Epoch 171] train=0.153059 val=0.887800 loss=1.301007 time: 36.600987
INFO:root:[Epoch 172] train=0.152714 val=0.894000 loss=1.281694 time: 36.788198
INFO:root:[Epoch 173] train=0.153023 val=0.890100 loss=1.279307 time: 36.855649
INFO:root:[Epoch 174] train=0.153199 val=0.888200 loss=1.279290 time: 36.711917
INFO:root:[Epoch 175] train=0.152701 val=0.895900 loss=1.262691 time: 36.867102
INFO:root:[Epoch 176] train=0.152182 val=0.898300 loss=1.274225 time: 36.680487
INFO:root:[Epoch 177] train=0.151931 val=0.896000 loss=1.241533 time: 36.804688
INFO:root:[Epoch 178] train=0.152498 val=0.896700 loss=1.295323 time: 36.746695
INFO:root:[Epoch 179] train=0.152169 val=0.894000 loss=1.271534 time: 36.570943
INFO:root:[Epoch 180] train=0.151372 val=0.890900 loss=1.255140 time: 36.686897
INFO:root:[Epoch 181] train=0.152716 val=0.892300 loss=1.300737 time: 36.734826
INFO:root:[Epoch 182] train=0.151021 val=0.900900 loss=1.236695 time: 36.731714
INFO:root:[Epoch 183] train=0.151380 val=0.892300 loss=1.249960 time: 36.760938
INFO:root:[Epoch 184] train=0.151851 val=0.896800 loss=1.249711 time: 36.852983
INFO:root:[Epoch 185] train=0.151017 val=0.896300 loss=1.236218 time: 36.866002
INFO:root:[Epoch 186] train=0.150702 val=0.897500 loss=1.250556 time: 36.815578
INFO:root:[Epoch 187] train=0.150840 val=0.898500 loss=1.253317 time: 36.442218
INFO:root:[Epoch 188] train=0.151191 val=0.897700 loss=1.261671 time: 35.485659
INFO:root:[Epoch 189] train=0.150561 val=0.894400 loss=1.233069 time: 35.497881
INFO:root:[Epoch 190] train=0.150528 val=0.897500 loss=1.243966 time: 35.546510
INFO:root:[Epoch 191] train=0.150143 val=0.899400 loss=1.239136 time: 35.583334
INFO:root:[Epoch 192] train=0.151215 val=0.902100 loss=1.255756 time: 35.662836
INFO:root:[Epoch 193] train=0.150270 val=0.900000 loss=1.261156 time: 35.630695
INFO:root:[Epoch 194] train=0.150026 val=0.897500 loss=1.241124 time: 35.686424
INFO:root:[Epoch 195] train=0.150336 val=0.896600 loss=1.247820 time: 35.669071
INFO:root:[Epoch 196] train=0.149442 val=0.899300 loss=1.229839 time: 35.600717
INFO:root:[Epoch 197] train=0.150388 val=0.885700 loss=1.265007 time: 35.802697
INFO:root:[Epoch 198] train=0.150836 val=0.901200 loss=1.246430 time: 35.694206
INFO:root:[Epoch 199] train=0.151006 val=0.899200 loss=1.272453 time: 35.756563
INFO:root:[Epoch 200] train=0.150625 val=0.899100 loss=1.257695 time: 35.504114
INFO:root:[Epoch 201] train=0.150674 val=0.896300 loss=1.264400 time: 35.921907
INFO:root:[Epoch 202] train=0.149529 val=0.904300 loss=1.216602 time: 35.648668
INFO:root:[Epoch 203] train=0.150029 val=0.894600 loss=1.246796 time: 35.774692
INFO:root:[Epoch 204] train=0.149124 val=0.900700 loss=1.219088 time: 35.888748
INFO:root:[Epoch 205] train=0.149605 val=0.899700 loss=1.235185 time: 35.636184
INFO:root:[Epoch 206] train=0.149832 val=0.895300 loss=1.252306 time: 35.798532
INFO:root:[Epoch 207] train=0.150024 val=0.899600 loss=1.245600 time: 35.585455
INFO:root:[Epoch 208] train=0.148735 val=0.893000 loss=1.222163 time: 35.699092
INFO:root:[Epoch 209] train=0.149274 val=0.896000 loss=1.236941 time: 35.565563
INFO:root:[Epoch 210] train=0.149417 val=0.896500 loss=1.234159 time: 35.771796
INFO:root:[Epoch 211] train=0.149058 val=0.895900 loss=1.232064 time: 35.789732
INFO:root:[Epoch 212] train=0.150036 val=0.894300 loss=1.251862 time: 35.733680
INFO:root:[Epoch 213] train=0.150073 val=0.894600 loss=1.235385 time: 35.651278
INFO:root:[Epoch 214] train=0.148692 val=0.899500 loss=1.223352 time: 35.826990
INFO:root:[Epoch 215] train=0.149572 val=0.898100 loss=1.249380 time: 35.664093
INFO:root:[Epoch 216] train=0.149809 val=0.899000 loss=1.245173 time: 35.792011
INFO:root:[Epoch 217] train=0.150571 val=0.895800 loss=1.283963 time: 35.551762
INFO:root:[Epoch 218] train=0.149425 val=0.904500 loss=1.252866 time: 35.979875
INFO:root:[Epoch 219] train=0.149511 val=0.889000 loss=1.248118 time: 35.580111
INFO:root:[Epoch 220] train=0.148853 val=0.899400 loss=1.221619 time: 35.763140
INFO:root:[Epoch 221] train=0.147409 val=0.899500 loss=1.202626 time: 35.568359
INFO:root:[Epoch 222] train=0.149483 val=0.901100 loss=1.263444 time: 35.897901
INFO:root:[Epoch 223] train=0.148664 val=0.895100 loss=1.231596 time: 35.628647
INFO:root:[Epoch 224] train=0.148512 val=0.901900 loss=1.233100 time: 35.783790
INFO:root:[Epoch 225] train=0.149058 val=0.892300 loss=1.226042 time: 35.699218
INFO:root:[Epoch 226] train=0.149715 val=0.896100 loss=1.253067 time: 35.629620
INFO:root:[Epoch 227] train=0.148294 val=0.901200 loss=1.234295 time: 35.769392
INFO:root:[Epoch 228] train=0.149191 val=0.902000 loss=1.250924 time: 35.678204
INFO:root:[Epoch 229] train=0.147848 val=0.893300 loss=1.218540 time: 35.937959
INFO:root:[Epoch 230] train=0.148638 val=0.895700 loss=1.233113 time: 35.555671
INFO:root:[Epoch 231] train=0.147645 val=0.900900 loss=1.211546 time: 35.810692
INFO:root:[Epoch 232] train=0.147711 val=0.902300 loss=1.201715 time: 35.905761
INFO:root:[Epoch 233] train=0.148577 val=0.894000 loss=1.270081 time: 35.864418
INFO:root:[Epoch 234] train=0.147820 val=0.900700 loss=1.223980 time: 35.589786
INFO:root:[Epoch 235] train=0.149013 val=0.902400 loss=1.243620 time: 35.572547
INFO:root:[Epoch 236] train=0.148195 val=0.886900 loss=1.225540 time: 35.689378
INFO:root:[Epoch 237] train=0.147785 val=0.894200 loss=1.224626 time: 35.995989
INFO:root:[Epoch 238] train=0.148208 val=0.905900 loss=1.225951 time: 35.600154
INFO:root:[Epoch 239] train=0.148142 val=0.901900 loss=1.227766 time: 35.669675
INFO:root:[Epoch 240] train=0.148835 val=0.898200 loss=1.228685 time: 35.765066
INFO:root:[Epoch 241] train=0.148294 val=0.900400 loss=1.238495 time: 35.798019
INFO:root:[Epoch 242] train=0.148324 val=0.898900 loss=1.240764 time: 35.526822
INFO:root:[Epoch 243] train=0.148211 val=0.896900 loss=1.234265 time: 35.756356
INFO:root:[Epoch 244] train=0.148103 val=0.900300 loss=1.242985 time: 35.784232
INFO:root:[Epoch 245] train=0.148676 val=0.896800 loss=1.252149 time: 35.740233
INFO:root:[Epoch 246] train=0.147808 val=0.896900 loss=1.196406 time: 35.697889
INFO:root:[Epoch 247] train=0.147638 val=0.902100 loss=1.210084 time: 35.604652
INFO:root:[Epoch 248] train=0.149048 val=0.898400 loss=1.261531 time: 35.800792
INFO:root:[Epoch 249] train=0.148467 val=0.901600 loss=1.225011 time: 35.667177
INFO:root:[Epoch 250] train=0.145792 val=0.906900 loss=1.212096 time: 35.906845
INFO:root:[Epoch 251] train=0.145941 val=0.911500 loss=1.229890 time: 35.920461
INFO:root:[Epoch 252] train=0.143793 val=0.914200 loss=1.190363 time: 36.149062
INFO:root:[Epoch 253] train=0.143508 val=0.912500 loss=1.188617 time: 35.518260
INFO:root:[Epoch 254] train=0.142868 val=0.913600 loss=1.179440 time: 35.959424
INFO:root:[Epoch 255] train=0.143066 val=0.913200 loss=1.194762 time: 35.654498
INFO:root:[Epoch 256] train=0.144082 val=0.915900 loss=1.217488 time: 35.924517
INFO:root:[Epoch 257] train=0.143183 val=0.914800 loss=1.195424 time: 35.673790
INFO:root:[Epoch 258] train=0.143582 val=0.910600 loss=1.204889 time: 35.744861
INFO:root:[Epoch 259] train=0.143122 val=0.913400 loss=1.216495 time: 35.679581
INFO:root:[Epoch 260] train=0.142413 val=0.913700 loss=1.169534 time: 35.852876
INFO:root:[Epoch 261] train=0.143886 val=0.911800 loss=1.198220 time: 35.829436
INFO:root:[Epoch 262] train=0.143366 val=0.916100 loss=1.218215 time: 35.807104
INFO:root:[Epoch 263] train=0.144119 val=0.913800 loss=1.230573 time: 35.868565
INFO:root:[Epoch 264] train=0.144159 val=0.913800 loss=1.240798 time: 35.675230
INFO:root:[Epoch 265] train=0.142292 val=0.915300 loss=1.194777 time: 36.008068
INFO:root:[Epoch 266] train=0.142827 val=0.916100 loss=1.211985 time: 35.661015
INFO:root:[Epoch 267] train=0.142646 val=0.913400 loss=1.203876 time: 35.802964
INFO:root:[Epoch 268] train=0.141846 val=0.916900 loss=1.175558 time: 35.888504
INFO:root:[Epoch 269] train=0.140079 val=0.915100 loss=1.155570 time: 35.780402
INFO:root:[Epoch 270] train=0.142346 val=0.916600 loss=1.204248 time: 35.629745
INFO:root:[Epoch 271] train=0.141785 val=0.916600 loss=1.173672 time: 35.845436
INFO:root:[Epoch 272] train=0.142441 val=0.915900 loss=1.198654 time: 35.812036
INFO:root:[Epoch 273] train=0.143146 val=0.916200 loss=1.221452 time: 35.764072
INFO:root:[Epoch 274] train=0.142545 val=0.916900 loss=1.203881 time: 35.749020
INFO:root:[Epoch 275] train=0.141698 val=0.913000 loss=1.191920 time: 35.836643
INFO:root:[Epoch 276] train=0.142674 val=0.915600 loss=1.206959 time: 35.808600
INFO:root:[Epoch 277] train=0.141213 val=0.916200 loss=1.183257 time: 35.593717
INFO:root:[Epoch 278] train=0.142888 val=0.916400 loss=1.201652 time: 35.715195
INFO:root:[Epoch 279] train=0.141824 val=0.917100 loss=1.205798 time: 35.948704
INFO:root:[Epoch 280] train=0.141984 val=0.917900 loss=1.194487 time: 35.895646
INFO:root:[Epoch 281] train=0.141070 val=0.917100 loss=1.187724 time: 35.791952
INFO:root:[Epoch 282] train=0.141211 val=0.919800 loss=1.166351 time: 35.952738
INFO:root:[Epoch 283] train=0.140700 val=0.915200 loss=1.184615 time: 35.756624
INFO:root:[Epoch 284] train=0.140847 val=0.916700 loss=1.184868 time: 35.923766
INFO:root:[Epoch 285] train=0.141101 val=0.919400 loss=1.166534 time: 35.866369
INFO:root:[Epoch 286] train=0.142558 val=0.917800 loss=1.206784 time: 35.743970
INFO:root:[Epoch 287] train=0.141064 val=0.918100 loss=1.160171 time: 35.824043
INFO:root:[Epoch 288] train=0.142835 val=0.917300 loss=1.200946 time: 35.746544
INFO:root:[Epoch 289] train=0.141320 val=0.914800 loss=1.190459 time: 35.645375
INFO:root:[Epoch 290] train=0.142198 val=0.917900 loss=1.190072 time: 35.922710
INFO:root:[Epoch 291] train=0.141049 val=0.918700 loss=1.176241 time: 36.007838
INFO:root:[Epoch 292] train=0.142032 val=0.915100 loss=1.192644 time: 35.936350
INFO:root:[Epoch 293] train=0.142673 val=0.914700 loss=1.212758 time: 35.732485
INFO:root:[Epoch 294] train=0.141259 val=0.916300 loss=1.187317 time: 35.878381
INFO:root:[Epoch 295] train=0.141442 val=0.914500 loss=1.184577 time: 36.002619
INFO:root:[Epoch 296] train=0.140873 val=0.916400 loss=1.174608 time: 35.873297
INFO:root:[Epoch 297] train=0.140595 val=0.915300 loss=1.184836 time: 35.829720
INFO:root:[Epoch 298] train=0.142129 val=0.919100 loss=1.209969 time: 35.957954
INFO:root:[Epoch 299] train=0.141365 val=0.914300 loss=1.189130 time: 35.819729
INFO:root:[Epoch 300] train=0.129188 val=0.920800 loss=0.369170 time: 36.034597
INFO:root:[Epoch 301] train=0.128933 val=0.919900 loss=0.362881 time: 35.763896
INFO:root:[Epoch 302] train=0.128067 val=0.920100 loss=0.355534 time: 35.962620
INFO:root:[Epoch 303] train=0.128065 val=0.921300 loss=0.354175 time: 35.855220
INFO:root:[Epoch 304] train=0.127461 val=0.919600 loss=0.349277 time: 35.784178
INFO:root:[Epoch 305] train=0.128432 val=0.920400 loss=0.354709 time: 35.555267
INFO:root:[Epoch 306] train=0.126751 val=0.920000 loss=0.344064 time: 35.919027
INFO:root:[Epoch 307] train=0.126812 val=0.920200 loss=0.346105 time: 36.085570
INFO:root:[Epoch 308] train=0.125484 val=0.923700 loss=0.337153 time: 35.891015
INFO:root:[Epoch 309] train=0.126445 val=0.919700 loss=0.342542 time: 35.864840
INFO:root:[Epoch 310] train=0.126587 val=0.919500 loss=0.344107 time: 35.852476
INFO:root:[Epoch 311] train=0.126089 val=0.920200 loss=0.340691 time: 36.185152
INFO:root:[Epoch 312] train=0.126465 val=0.918800 loss=0.341887 time: 35.242401
INFO:root:[Epoch 313] train=0.126220 val=0.920100 loss=0.340343 time: 35.617305
INFO:root:[Epoch 314] train=0.125315 val=0.919200 loss=0.335434 time: 35.415444
INFO:root:[Epoch 315] train=0.126795 val=0.918400 loss=0.342898 time: 35.799620
INFO:root:[Epoch 316] train=0.124627 val=0.919600 loss=0.332462 time: 35.421031
INFO:root:[Epoch 317] train=0.124526 val=0.921700 loss=0.330426 time: 35.527222
INFO:root:[Epoch 318] train=0.125032 val=0.920900 loss=0.334402 time: 35.356913
INFO:root:[Epoch 319] train=0.124971 val=0.918800 loss=0.334462 time: 35.591167
INFO:root:[Epoch 320] train=0.124286 val=0.921100 loss=0.328969 time: 35.504611
INFO:root:[Epoch 321] train=0.124031 val=0.921300 loss=0.326528 time: 35.928307
INFO:root:[Epoch 322] train=0.124574 val=0.921000 loss=0.328994 time: 35.373142
INFO:root:[Epoch 323] train=0.124166 val=0.920500 loss=0.327989 time: 35.566135
INFO:root:[Epoch 324] train=0.123588 val=0.920500 loss=0.325869 time: 35.511441
INFO:root:[Epoch 325] train=0.123028 val=0.919000 loss=0.324332 time: 35.728856
INFO:root:[Epoch 326] train=0.123614 val=0.920300 loss=0.325859 time: 35.378466
INFO:root:[Epoch 327] train=0.123365 val=0.920600 loss=0.324034 time: 35.506161
INFO:root:[Epoch 328] train=0.125032 val=0.920800 loss=0.331648 time: 35.645175
INFO:root:[Epoch 329] train=0.123213 val=0.920600 loss=0.325290 time: 35.432108
INFO:root:[Epoch 330] train=0.123669 val=0.921100 loss=0.326070 time: 35.713361
INFO:root:[Epoch 331] train=0.121576 val=0.919100 loss=0.315486 time: 35.682233
INFO:root:[Epoch 332] train=0.123051 val=0.922100 loss=0.322291 time: 35.708620
INFO:root:[Epoch 333] train=0.121484 val=0.921300 loss=0.314941 time: 35.381037
INFO:root:[Epoch 334] train=0.122794 val=0.921400 loss=0.321020 time: 35.675899
INFO:root:[Epoch 335] train=0.122584 val=0.922200 loss=0.320342 time: 35.721546
INFO:root:[Epoch 336] train=0.122416 val=0.919700 loss=0.319554 time: 35.957037
INFO:root:[Epoch 337] train=0.122324 val=0.920500 loss=0.317703 time: 35.678100
INFO:root:[Epoch 338] train=0.122889 val=0.921900 loss=0.320863 time: 35.631095
INFO:root:[Epoch 339] train=0.120498 val=0.921500 loss=0.308270 time: 35.608015
INFO:root:[Epoch 340] train=0.121713 val=0.919000 loss=0.314816 time: 35.705337
INFO:root:[Epoch 341] train=0.122543 val=0.921300 loss=0.318626 time: 35.563144
INFO:root:[Epoch 342] train=0.122375 val=0.920900 loss=0.318099 time: 35.668575
INFO:root:[Epoch 343] train=0.121830 val=0.920200 loss=0.317105 time: 35.614849
INFO:root:[Epoch 344] train=0.121175 val=0.919100 loss=0.313075 time: 35.571758
INFO:root:[Epoch 345] train=0.121658 val=0.922400 loss=0.313616 time: 35.730777
INFO:root:[Epoch 346] train=0.120518 val=0.919400 loss=0.309560 time: 35.536967
INFO:root:[Epoch 347] train=0.120950 val=0.918300 loss=0.313655 time: 35.938426
INFO:root:[Epoch 348] train=0.121288 val=0.919800 loss=0.314555 time: 35.500220
INFO:root:[Epoch 349] train=0.119981 val=0.920200 loss=0.307049 time: 35.808843
