INFO:root:Namespace(batch_size=128, drop_rate=0.0, logging_dir='logs', lr=0.1, lr_decay=0.1, lr_decay_epoch='80,160,240', lr_decay_period=0, mode='hybrid', model='cifar_wideresnet28_10', momentum=0.9, num_epochs=350, num_gpus=1, num_workers=8, resume_from=None, save_dir='params', save_period=10, save_plot_dir='.', wd=0.0001)
/usr/local/lib/python2.7/dist-packages/mxnet/gluon/data/vision/datasets.py:193: DeprecationWarning: The binary mode of fromstring is deprecated, as it behaves surprisingly on unicode inputs. Use frombuffer instead
  data = np.fromstring(fin.read(), dtype=np.uint8).reshape(-1, 3072+1)
[09:02:41] src/operator/nn/./cudnn/./cudnn_algoreg-inl.h:107: Running performance tests to find the best convolution algorithm, this can take a while... (setting env variable MXNET_CUDNN_AUTOTUNE_DEFAULT to 0 to disable)
INFO:root:[Epoch 0] train=0.234025 val=0.374700 loss=2.087228 time: 78.340540
INFO:root:[Epoch 1] train=0.223204 val=0.444200 loss=1.928528 time: 77.232358
INFO:root:[Epoch 2] train=0.213776 val=0.558200 loss=1.844388 time: 77.281011
INFO:root:[Epoch 3] train=0.209359 val=0.562700 loss=1.765657 time: 77.413991
INFO:root:[Epoch 4] train=0.204235 val=0.632900 loss=1.693364 time: 77.187031
INFO:root:[Epoch 5] train=0.198925 val=0.657700 loss=1.662480 time: 77.391312
INFO:root:[Epoch 6] train=0.195527 val=0.691400 loss=1.612700 time: 77.104551
INFO:root:[Epoch 7] train=0.192086 val=0.720200 loss=1.589687 time: 77.478151
INFO:root:[Epoch 8] train=0.190587 val=0.745500 loss=1.542755 time: 77.335888
INFO:root:[Epoch 9] train=0.188030 val=0.677300 loss=1.542499 time: 76.782211
INFO:root:[Epoch 10] train=0.185849 val=0.735100 loss=1.503345 time: 77.001233
INFO:root:[Epoch 11] train=0.183544 val=0.762700 loss=1.507999 time: 76.951306
INFO:root:[Epoch 12] train=0.181738 val=0.766700 loss=1.515707 time: 76.922248
INFO:root:[Epoch 13] train=0.180519 val=0.795400 loss=1.483886 time: 76.912630
INFO:root:[Epoch 14] train=0.178366 val=0.785800 loss=1.480334 time: 76.921242
INFO:root:[Epoch 15] train=0.177685 val=0.795200 loss=1.473184 time: 76.941638
INFO:root:[Epoch 16] train=0.175855 val=0.792700 loss=1.430671 time: 76.905537
INFO:root:[Epoch 17] train=0.175306 val=0.820000 loss=1.437222 time: 77.045714
INFO:root:[Epoch 18] train=0.173757 val=0.806200 loss=1.436858 time: 76.877506
INFO:root:[Epoch 19] train=0.172894 val=0.830800 loss=1.402585 time: 76.965991
INFO:root:[Epoch 20] train=0.170933 val=0.841200 loss=1.414066 time: 76.994968
INFO:root:[Epoch 21] train=0.169925 val=0.841100 loss=1.422186 time: 76.800370
INFO:root:[Epoch 22] train=0.169158 val=0.833800 loss=1.386434 time: 76.947359
INFO:root:[Epoch 23] train=0.169005 val=0.844800 loss=1.380573 time: 76.766059
INFO:root:[Epoch 24] train=0.168471 val=0.858100 loss=1.389971 time: 77.005647
INFO:root:[Epoch 25] train=0.167718 val=0.865000 loss=1.403068 time: 76.861293
INFO:root:[Epoch 26] train=0.165680 val=0.816200 loss=1.374674 time: 77.157407
INFO:root:[Epoch 27] train=0.165798 val=0.834900 loss=1.364672 time: 76.736341
INFO:root:[Epoch 28] train=0.164444 val=0.863900 loss=1.353189 time: 77.035317
INFO:root:[Epoch 29] train=0.164257 val=0.856500 loss=1.334764 time: 76.675377
INFO:root:[Epoch 30] train=0.164214 val=0.855300 loss=1.337695 time: 77.058843
INFO:root:[Epoch 31] train=0.164846 val=0.880000 loss=1.341423 time: 76.800849
INFO:root:[Epoch 32] train=0.162862 val=0.868000 loss=1.349954 time: 76.982292
INFO:root:[Epoch 33] train=0.162668 val=0.875300 loss=1.330249 time: 76.999668
INFO:root:[Epoch 34] train=0.162448 val=0.881300 loss=1.360064 time: 76.774798
INFO:root:[Epoch 35] train=0.162117 val=0.873000 loss=1.352564 time: 76.998768
INFO:root:[Epoch 36] train=0.161583 val=0.848400 loss=1.325545 time: 76.978494
INFO:root:[Epoch 37] train=0.161493 val=0.870900 loss=1.330058 time: 76.807308
INFO:root:[Epoch 38] train=0.161465 val=0.888300 loss=1.334256 time: 77.103195
INFO:root:[Epoch 39] train=0.160992 val=0.888600 loss=1.320179 time: 76.831727
INFO:root:[Epoch 40] train=0.159968 val=0.879900 loss=1.339742 time: 77.026903
INFO:root:[Epoch 41] train=0.159757 val=0.878400 loss=1.321921 time: 76.633092
INFO:root:[Epoch 42] train=0.158309 val=0.887000 loss=1.294951 time: 76.978303
INFO:root:[Epoch 43] train=0.158887 val=0.881200 loss=1.309031 time: 76.632538
INFO:root:[Epoch 44] train=0.158397 val=0.880700 loss=1.327221 time: 76.897889
INFO:root:[Epoch 45] train=0.159110 val=0.893900 loss=1.329944 time: 76.819624
INFO:root:[Epoch 46] train=0.158319 val=0.890000 loss=1.283810 time: 77.079529
INFO:root:[Epoch 47] train=0.158491 val=0.885700 loss=1.309960 time: 76.777576
INFO:root:[Epoch 48] train=0.157767 val=0.899600 loss=1.281742 time: 76.892985
INFO:root:[Epoch 49] train=0.157549 val=0.891900 loss=1.313496 time: 76.775103
INFO:root:[Epoch 50] train=0.157584 val=0.906400 loss=1.307720 time: 76.984828
INFO:root:[Epoch 51] train=0.156920 val=0.889600 loss=1.285495 time: 76.234655
INFO:root:[Epoch 52] train=0.157058 val=0.884500 loss=1.298396 time: 77.136298
INFO:root:[Epoch 53] train=0.157145 val=0.902200 loss=1.291846 time: 76.630035
INFO:root:[Epoch 54] train=0.156598 val=0.890300 loss=1.279848 time: 77.106244
INFO:root:[Epoch 55] train=0.156527 val=0.908600 loss=1.285980 time: 76.813220
INFO:root:[Epoch 56] train=0.155399 val=0.895700 loss=1.279744 time: 76.938963
INFO:root:[Epoch 57] train=0.155241 val=0.895300 loss=1.252726 time: 76.946114
INFO:root:[Epoch 58] train=0.155075 val=0.893600 loss=1.288199 time: 76.993126
INFO:root:[Epoch 59] train=0.154905 val=0.899200 loss=1.283328 time: 76.821244
INFO:root:[Epoch 60] train=0.155621 val=0.894500 loss=1.277397 time: 76.984790
INFO:root:[Epoch 61] train=0.154106 val=0.900000 loss=1.255556 time: 76.738513
INFO:root:[Epoch 62] train=0.154209 val=0.898300 loss=1.255825 time: 77.013437
INFO:root:[Epoch 63] train=0.155076 val=0.905200 loss=1.274837 time: 76.730631
INFO:root:[Epoch 64] train=0.155113 val=0.902600 loss=1.277556 time: 76.995808
INFO:root:[Epoch 65] train=0.153787 val=0.902200 loss=1.259298 time: 76.710983
INFO:root:[Epoch 66] train=0.154866 val=0.879000 loss=1.293730 time: 77.108493
INFO:root:[Epoch 67] train=0.153642 val=0.899000 loss=1.270663 time: 76.600884
INFO:root:[Epoch 68] train=0.154355 val=0.903300 loss=1.265850 time: 76.893799
INFO:root:[Epoch 69] train=0.153591 val=0.898500 loss=1.273515 time: 76.622193
INFO:root:[Epoch 70] train=0.154538 val=0.901800 loss=1.294022 time: 76.799367
INFO:root:[Epoch 71] train=0.154115 val=0.909500 loss=1.265589 time: 76.713935
INFO:root:[Epoch 72] train=0.152713 val=0.905700 loss=1.221114 time: 76.795386
INFO:root:[Epoch 73] train=0.153765 val=0.910500 loss=1.282465 time: 76.642181
INFO:root:[Epoch 74] train=0.153708 val=0.908600 loss=1.276399 time: 76.818304
INFO:root:[Epoch 75] train=0.152689 val=0.911500 loss=1.269780 time: 76.994415
INFO:root:[Epoch 76] train=0.152909 val=0.893300 loss=1.258027 time: 76.676717
INFO:root:[Epoch 77] train=0.152183 val=0.894500 loss=1.252933 time: 76.871902
INFO:root:[Epoch 78] train=0.152646 val=0.909400 loss=1.266919 time: 76.823672
INFO:root:[Epoch 79] train=0.152482 val=0.894600 loss=1.240535 time: 76.884213
INFO:root:[Epoch 80] train=0.145481 val=0.935800 loss=1.231917 time: 77.011558
INFO:root:[Epoch 81] train=0.138378 val=0.938100 loss=1.136942 time: 76.989846
INFO:root:[Epoch 82] train=0.137806 val=0.945200 loss=1.153098 time: 76.944998
INFO:root:[Epoch 83] train=0.136613 val=0.945500 loss=1.147562 time: 76.941072
INFO:root:[Epoch 84] train=0.136207 val=0.946200 loss=1.147337 time: 77.225175
INFO:root:[Epoch 85] train=0.135011 val=0.945700 loss=1.135241 time: 77.380572
INFO:root:[Epoch 86] train=0.134444 val=0.945300 loss=1.117734 time: 77.332002
INFO:root:[Epoch 87] train=0.133675 val=0.947800 loss=1.109901 time: 77.366270
INFO:root:[Epoch 88] train=0.132294 val=0.947200 loss=1.094292 time: 77.418723
INFO:root:[Epoch 89] train=0.134820 val=0.949100 loss=1.150746 time: 77.335476
INFO:root:[Epoch 90] train=0.132292 val=0.948900 loss=1.093672 time: 77.226839
INFO:root:[Epoch 91] train=0.132204 val=0.947900 loss=1.108099 time: 77.326553
INFO:root:[Epoch 92] train=0.132106 val=0.947800 loss=1.109099 time: 77.026847
INFO:root:[Epoch 93] train=0.130881 val=0.950800 loss=1.096839 time: 77.432845
INFO:root:[Epoch 94] train=0.131491 val=0.949300 loss=1.117814 time: 77.235861
INFO:root:[Epoch 95] train=0.131918 val=0.950800 loss=1.107381 time: 77.361946
INFO:root:[Epoch 96] train=0.131955 val=0.949900 loss=1.116571 time: 77.262008
INFO:root:[Epoch 97] train=0.130832 val=0.950500 loss=1.110593 time: 77.527001
INFO:root:[Epoch 98] train=0.130014 val=0.952600 loss=1.091308 time: 77.146326
INFO:root:[Epoch 99] train=0.129485 val=0.951200 loss=1.065875 time: 77.307958
INFO:root:[Epoch 100] train=0.129077 val=0.952200 loss=1.079489 time: 77.376154
INFO:root:[Epoch 101] train=0.131638 val=0.951200 loss=1.120387 time: 77.060284
INFO:root:[Epoch 102] train=0.130646 val=0.950400 loss=1.110625 time: 77.510357
INFO:root:[Epoch 103] train=0.131100 val=0.950200 loss=1.106601 time: 77.115997
INFO:root:[Epoch 104] train=0.130088 val=0.948300 loss=1.100677 time: 77.393158
INFO:root:[Epoch 105] train=0.129005 val=0.953500 loss=1.085304 time: 76.993283
INFO:root:[Epoch 106] train=0.131634 val=0.951900 loss=1.152087 time: 77.255447
INFO:root:[Epoch 107] train=0.129550 val=0.952300 loss=1.101633 time: 77.433753
INFO:root:[Epoch 108] train=0.128586 val=0.951500 loss=1.100139 time: 77.272695
INFO:root:[Epoch 109] train=0.127576 val=0.954400 loss=1.069796 time: 77.367817
INFO:root:[Epoch 110] train=0.129037 val=0.950800 loss=1.089977 time: 77.295586
INFO:root:[Epoch 111] train=0.128641 val=0.951900 loss=1.099543 time: 77.393497
INFO:root:[Epoch 112] train=0.128038 val=0.951300 loss=1.082686 time: 77.362387
INFO:root:[Epoch 113] train=0.128869 val=0.953100 loss=1.097437 time: 77.422659
INFO:root:[Epoch 114] train=0.128603 val=0.953500 loss=1.089665 time: 77.277177
INFO:root:[Epoch 115] train=0.128406 val=0.951900 loss=1.090314 time: 77.381218
INFO:root:[Epoch 116] train=0.125667 val=0.951600 loss=1.046985 time: 77.414587
INFO:root:[Epoch 117] train=0.126964 val=0.953200 loss=1.070383 time: 77.302982
INFO:root:[Epoch 118] train=0.127494 val=0.951900 loss=1.077801 time: 77.314990
INFO:root:[Epoch 119] train=0.126011 val=0.953200 loss=1.041460 time: 77.335988
INFO:root:[Epoch 120] train=0.128282 val=0.953600 loss=1.089608 time: 77.246335
INFO:root:[Epoch 121] train=0.126679 val=0.954900 loss=1.073787 time: 77.258070
INFO:root:[Epoch 122] train=0.126482 val=0.954200 loss=1.064533 time: 77.345299
INFO:root:[Epoch 123] train=0.127716 val=0.952000 loss=1.087357 time: 77.346289
INFO:root:[Epoch 124] train=0.127751 val=0.954100 loss=1.065851 time: 77.268063
INFO:root:[Epoch 125] train=0.126974 val=0.952300 loss=1.082040 time: 77.356167
INFO:root:[Epoch 126] train=0.126208 val=0.954300 loss=1.054828 time: 76.986655
INFO:root:[Epoch 127] train=0.126608 val=0.954700 loss=1.078700 time: 77.057288
INFO:root:[Epoch 128] train=0.125366 val=0.950700 loss=1.043290 time: 76.856324
INFO:root:[Epoch 129] train=0.127256 val=0.950100 loss=1.092226 time: 76.988275
INFO:root:[Epoch 130] train=0.127114 val=0.951600 loss=1.084119 time: 76.927777
INFO:root:[Epoch 131] train=0.126093 val=0.953400 loss=1.058894 time: 76.885899
INFO:root:[Epoch 132] train=0.126882 val=0.952400 loss=1.074693 time: 76.885793
INFO:root:[Epoch 133] train=0.127233 val=0.953700 loss=1.074217 time: 76.920423
INFO:root:[Epoch 134] train=0.126332 val=0.953100 loss=1.073755 time: 76.998206
INFO:root:[Epoch 135] train=0.127076 val=0.952500 loss=1.069485 time: 76.916556
INFO:root:[Epoch 136] train=0.124986 val=0.951200 loss=1.063396 time: 77.074827
INFO:root:[Epoch 137] train=0.125100 val=0.952300 loss=1.046728 time: 77.105293
INFO:root:[Epoch 138] train=0.125517 val=0.952100 loss=1.062161 time: 76.998665
INFO:root:[Epoch 139] train=0.126675 val=0.950100 loss=1.087643 time: 76.976765
INFO:root:[Epoch 140] train=0.126982 val=0.952400 loss=1.099610 time: 76.896423
INFO:root:[Epoch 141] train=0.125900 val=0.952100 loss=1.070758 time: 76.934418
INFO:root:[Epoch 142] train=0.125298 val=0.953700 loss=1.054567 time: 77.045138
INFO:root:[Epoch 143] train=0.125534 val=0.951000 loss=1.060770 time: 76.937896
INFO:root:[Epoch 144] train=0.125661 val=0.956100 loss=1.071890 time: 76.928777
INFO:root:[Epoch 145] train=0.125930 val=0.954600 loss=1.082337 time: 77.015370
INFO:root:[Epoch 146] train=0.124544 val=0.951100 loss=1.050921 time: 76.956236
INFO:root:[Epoch 147] train=0.123549 val=0.952400 loss=1.027164 time: 77.148397
INFO:root:[Epoch 148] train=0.124012 val=0.951900 loss=1.044407 time: 77.025871
INFO:root:[Epoch 149] train=0.125968 val=0.955500 loss=1.068591 time: 76.917152
INFO:root:[Epoch 150] train=0.126128 val=0.950100 loss=1.067241 time: 77.012912
INFO:root:[Epoch 151] train=0.122951 val=0.951500 loss=1.022157 time: 77.115493
INFO:root:[Epoch 152] train=0.124612 val=0.953600 loss=1.047619 time: 77.000947
INFO:root:[Epoch 153] train=0.124500 val=0.952400 loss=1.059243 time: 77.082939
INFO:root:[Epoch 154] train=0.126465 val=0.949900 loss=1.090842 time: 77.038179
INFO:root:[Epoch 155] train=0.124367 val=0.955700 loss=1.048500 time: 77.103536
INFO:root:[Epoch 156] train=0.122578 val=0.953900 loss=1.020380 time: 77.091713
INFO:root:[Epoch 157] train=0.124981 val=0.952300 loss=1.059893 time: 77.078795
INFO:root:[Epoch 158] train=0.124771 val=0.952500 loss=1.056979 time: 77.030687
INFO:root:[Epoch 159] train=0.126443 val=0.951600 loss=1.095070 time: 76.968815
INFO:root:[Epoch 160] train=0.122013 val=0.956400 loss=1.041103 time: 77.087584
INFO:root:[Epoch 161] train=0.122101 val=0.958100 loss=1.050751 time: 77.108990
INFO:root:[Epoch 162] train=0.118829 val=0.957900 loss=1.012081 time: 76.990790
INFO:root:[Epoch 163] train=0.118608 val=0.960100 loss=1.003450 time: 77.088805
INFO:root:[Epoch 164] train=0.120777 val=0.958900 loss=1.040154 time: 77.126869
INFO:root:[Epoch 165] train=0.120421 val=0.958800 loss=1.042404 time: 77.072930
INFO:root:[Epoch 166] train=0.119954 val=0.957800 loss=1.028087 time: 76.922326
INFO:root:[Epoch 167] train=0.120714 val=0.959800 loss=1.042532 time: 76.925743
INFO:root:[Epoch 168] train=0.117637 val=0.959100 loss=0.999561 time: 76.996126
INFO:root:[Epoch 169] train=0.118438 val=0.959800 loss=0.999013 time: 77.075826
INFO:root:[Epoch 170] train=0.120931 val=0.959500 loss=1.069492 time: 77.008220
INFO:root:[Epoch 171] train=0.120310 val=0.957800 loss=1.043303 time: 77.109552
INFO:root:[Epoch 172] train=0.117872 val=0.960700 loss=1.008220 time: 77.031852
INFO:root:[Epoch 173] train=0.118853 val=0.959000 loss=1.029468 time: 76.644035
INFO:root:[Epoch 174] train=0.119015 val=0.959900 loss=1.032578 time: 76.737490
INFO:root:[Epoch 175] train=0.119142 val=0.959100 loss=1.036335 time: 76.625017
INFO:root:[Epoch 176] train=0.117433 val=0.960100 loss=0.994355 time: 76.694640
INFO:root:[Epoch 177] train=0.119688 val=0.960500 loss=1.044725 time: 76.817564
INFO:root:[Epoch 178] train=0.116949 val=0.961000 loss=0.993032 time: 76.635970
INFO:root:[Epoch 179] train=0.118689 val=0.960100 loss=1.035159 time: 76.751067
INFO:root:[Epoch 180] train=0.116544 val=0.961600 loss=0.994549 time: 76.803436
INFO:root:[Epoch 181] train=0.117606 val=0.961200 loss=1.014969 time: 76.785766
INFO:root:[Epoch 182] train=0.117986 val=0.959800 loss=1.016447 time: 76.582489
INFO:root:[Epoch 183] train=0.116941 val=0.959900 loss=1.009403 time: 76.680530
INFO:root:[Epoch 184] train=0.120450 val=0.960700 loss=1.052633 time: 76.731143
INFO:root:[Epoch 185] train=0.117408 val=0.960500 loss=1.007496 time: 76.631051
INFO:root:[Epoch 186] train=0.117811 val=0.961000 loss=1.022170 time: 76.621197
INFO:root:[Epoch 187] train=0.116501 val=0.962000 loss=0.994818 time: 76.745553
INFO:root:[Epoch 188] train=0.116234 val=0.961900 loss=0.983614 time: 76.769683
INFO:root:[Epoch 189] train=0.119759 val=0.960500 loss=1.046408 time: 76.691896
INFO:root:[Epoch 190] train=0.117842 val=0.959500 loss=1.015596 time: 76.801319
INFO:root:[Epoch 191] train=0.117806 val=0.961600 loss=1.024780 time: 76.664902
INFO:root:[Epoch 192] train=0.118342 val=0.958900 loss=1.022758 time: 76.733343
INFO:root:[Epoch 193] train=0.116951 val=0.961000 loss=0.992725 time: 76.714976
INFO:root:[Epoch 194] train=0.116606 val=0.960500 loss=0.991542 time: 76.655471
INFO:root:[Epoch 195] train=0.117287 val=0.960100 loss=1.012958 time: 76.676540
INFO:root:[Epoch 196] train=0.115277 val=0.960900 loss=0.968676 time: 76.684810
INFO:root:[Epoch 197] train=0.115871 val=0.961600 loss=0.973927 time: 76.685382
INFO:root:[Epoch 198] train=0.117197 val=0.961000 loss=1.022073 time: 76.719932
INFO:root:[Epoch 199] train=0.119267 val=0.959800 loss=1.045115 time: 76.617529
INFO:root:[Epoch 200] train=0.117687 val=0.961000 loss=1.020559 time: 76.790573
INFO:root:[Epoch 201] train=0.118481 val=0.961000 loss=1.020730 time: 76.890480
INFO:root:[Epoch 202] train=0.116736 val=0.959200 loss=1.011189 time: 77.036856
INFO:root:[Epoch 203] train=0.115777 val=0.960400 loss=0.980159 time: 76.850838
INFO:root:[Epoch 204] train=0.116876 val=0.961100 loss=1.004471 time: 76.946387
INFO:root:[Epoch 205] train=0.118186 val=0.960200 loss=1.031559 time: 76.731258
INFO:root:[Epoch 206] train=0.116308 val=0.960200 loss=1.016218 time: 76.674746
INFO:root:[Epoch 207] train=0.117851 val=0.959000 loss=1.019320 time: 76.697385
INFO:root:[Epoch 208] train=0.115597 val=0.960800 loss=1.003519 time: 76.608892
INFO:root:[Epoch 209] train=0.116975 val=0.961200 loss=0.989399 time: 77.015217
INFO:root:[Epoch 210] train=0.116331 val=0.961700 loss=0.996536 time: 77.001202
INFO:root:[Epoch 211] train=0.115025 val=0.960600 loss=0.977897 time: 76.755275
INFO:root:[Epoch 212] train=0.116672 val=0.960500 loss=1.001332 time: 76.606799
INFO:root:[Epoch 213] train=0.117195 val=0.960200 loss=1.023391 time: 76.562876
INFO:root:[Epoch 214] train=0.116659 val=0.960600 loss=1.014979 time: 76.666278
INFO:root:[Epoch 215] train=0.115780 val=0.960100 loss=0.992366 time: 76.593236
INFO:root:[Epoch 216] train=0.115761 val=0.960200 loss=1.011172 time: 76.648154
INFO:root:[Epoch 217] train=0.114009 val=0.960300 loss=0.983017 time: 76.654882
INFO:root:[Epoch 218] train=0.115382 val=0.960900 loss=0.984180 time: 76.636959
INFO:root:[Epoch 219] train=0.115351 val=0.959700 loss=0.987252 time: 76.612470
INFO:root:[Epoch 220] train=0.115507 val=0.959100 loss=0.986603 time: 76.800951
INFO:root:[Epoch 221] train=0.116330 val=0.961500 loss=1.005606 time: 76.578830
INFO:root:[Epoch 222] train=0.113809 val=0.961200 loss=0.972548 time: 76.612346
INFO:root:[Epoch 223] train=0.115951 val=0.961800 loss=0.998128 time: 76.788596
INFO:root:[Epoch 224] train=0.116691 val=0.960300 loss=1.006543 time: 76.573573
INFO:root:[Epoch 225] train=0.116124 val=0.960300 loss=1.002299 time: 76.671959
INFO:root:[Epoch 226] train=0.114770 val=0.960900 loss=0.987415 time: 76.553604
INFO:root:[Epoch 227] train=0.115481 val=0.961000 loss=0.989718 time: 76.608054
INFO:root:[Epoch 228] train=0.114976 val=0.960900 loss=0.991482 time: 76.733580
INFO:root:[Epoch 229] train=0.116638 val=0.961200 loss=1.021918 time: 76.649481
INFO:root:[Epoch 230] train=0.114692 val=0.960200 loss=0.984683 time: 76.614675
INFO:root:[Epoch 231] train=0.116163 val=0.960800 loss=1.004778 time: 76.599023
INFO:root:[Epoch 232] train=0.117603 val=0.960800 loss=1.035631 time: 76.608797
INFO:root:[Epoch 233] train=0.116642 val=0.961800 loss=1.019315 time: 76.523453
INFO:root:[Epoch 234] train=0.115430 val=0.960300 loss=0.985840 time: 76.528998
INFO:root:[Epoch 235] train=0.115274 val=0.959200 loss=1.006226 time: 76.741845
INFO:root:[Epoch 236] train=0.115170 val=0.960700 loss=0.984382 time: 76.604367
INFO:root:[Epoch 237] train=0.113512 val=0.961600 loss=0.983356 time: 76.593104
INFO:root:[Epoch 238] train=0.114109 val=0.959600 loss=0.986704 time: 76.708712
INFO:root:[Epoch 239] train=0.114619 val=0.961100 loss=1.003226 time: 76.531986
INFO:root:[Epoch 240] train=0.114316 val=0.960800 loss=0.975971 time: 76.608530
INFO:root:[Epoch 241] train=0.113990 val=0.960800 loss=0.973742 time: 76.542390
INFO:root:[Epoch 242] train=0.115542 val=0.961100 loss=1.001189 time: 76.647366
INFO:root:[Epoch 243] train=0.112448 val=0.960400 loss=0.957078 time: 76.774517
INFO:root:[Epoch 244] train=0.116266 val=0.960900 loss=1.021600 time: 76.616604
INFO:root:[Epoch 245] train=0.115993 val=0.960600 loss=1.014554 time: 76.693689
INFO:root:[Epoch 246] train=0.114892 val=0.961400 loss=0.989801 time: 76.721316
INFO:root:[Epoch 247] train=0.115874 val=0.961500 loss=0.999223 time: 76.646666
INFO:root:[Epoch 248] train=0.115106 val=0.961300 loss=0.999031 time: 76.682079
INFO:root:[Epoch 249] train=0.114676 val=0.960800 loss=0.996950 time: 76.592186
INFO:root:[Epoch 250] train=0.115218 val=0.960200 loss=1.008547 time: 76.553672
INFO:root:[Epoch 251] train=0.115450 val=0.960200 loss=1.001570 time: 76.699252
INFO:root:[Epoch 252] train=0.113501 val=0.959600 loss=0.963010 time: 76.661330
INFO:root:[Epoch 253] train=0.113879 val=0.959800 loss=0.984303 time: 76.656186
INFO:root:[Epoch 254] train=0.116675 val=0.960200 loss=1.019850 time: 76.674933
INFO:root:[Epoch 255] train=0.115413 val=0.960000 loss=1.007098 time: 76.669551
INFO:root:[Epoch 256] train=0.113472 val=0.960700 loss=0.983751 time: 76.627024
INFO:root:[Epoch 257] train=0.114473 val=0.959200 loss=0.991683 time: 76.561012
INFO:root:[Epoch 258] train=0.114912 val=0.959800 loss=0.992700 time: 76.638957
INFO:root:[Epoch 259] train=0.114706 val=0.960600 loss=0.987596 time: 76.732965
INFO:root:[Epoch 260] train=0.114157 val=0.961100 loss=0.974990 time: 76.597157
INFO:root:[Epoch 261] train=0.116275 val=0.960000 loss=1.013735 time: 76.607853
INFO:root:[Epoch 262] train=0.113950 val=0.960300 loss=0.986480 time: 76.581998
INFO:root:[Epoch 263] train=0.112675 val=0.960800 loss=0.961323 time: 76.660936
INFO:root:[Epoch 264] train=0.115952 val=0.960900 loss=1.011986 time: 76.748690
INFO:root:[Epoch 265] train=0.114143 val=0.961100 loss=1.001533 time: 76.594955
INFO:root:[Epoch 266] train=0.112541 val=0.961300 loss=0.962139 time: 76.757432
INFO:root:[Epoch 267] train=0.115422 val=0.960300 loss=1.005125 time: 76.583662
INFO:root:[Epoch 268] train=0.114588 val=0.959600 loss=0.997004 time: 76.557572
INFO:root:[Epoch 269] train=0.113630 val=0.960800 loss=0.976043 time: 76.808577
INFO:root:[Epoch 270] train=0.114888 val=0.961300 loss=0.997685 time: 76.696981
INFO:root:[Epoch 271] train=0.114562 val=0.961300 loss=0.987563 time: 76.630855
INFO:root:[Epoch 272] train=0.114446 val=0.961000 loss=0.996381 time: 76.727790
INFO:root:[Epoch 273] train=0.112911 val=0.960600 loss=0.959171 time: 76.791792
INFO:root:[Epoch 274] train=0.115017 val=0.961000 loss=0.999074 time: 76.725427
INFO:root:[Epoch 275] train=0.115052 val=0.960700 loss=0.993665 time: 76.830375
INFO:root:[Epoch 276] train=0.114941 val=0.961700 loss=1.003342 time: 76.789610
INFO:root:[Epoch 277] train=0.114362 val=0.961600 loss=0.988219 time: 76.720629
INFO:root:[Epoch 278] train=0.114072 val=0.961200 loss=0.988907 time: 76.795658
INFO:root:[Epoch 279] train=0.112706 val=0.960900 loss=0.963116 time: 76.730882
INFO:root:[Epoch 280] train=0.115971 val=0.961000 loss=0.995238 time: 76.811331
INFO:root:[Epoch 281] train=0.113164 val=0.960900 loss=0.975690 time: 76.828313
INFO:root:[Epoch 282] train=0.113315 val=0.960900 loss=0.978674 time: 76.682379
INFO:root:[Epoch 283] train=0.114053 val=0.960000 loss=0.981933 time: 76.695699
INFO:root:[Epoch 284] train=0.115487 val=0.959900 loss=0.997661 time: 76.844421
INFO:root:[Epoch 285] train=0.115583 val=0.961400 loss=1.003874 time: 76.779984
INFO:root:[Epoch 286] train=0.113637 val=0.960100 loss=0.984582 time: 76.795793
INFO:root:[Epoch 287] train=0.117114 val=0.960800 loss=1.041308 time: 76.849058
INFO:root:[Epoch 288] train=0.114135 val=0.961800 loss=0.989774 time: 76.779736
INFO:root:[Epoch 289] train=0.113307 val=0.961300 loss=0.973861 time: 76.720345
INFO:root:[Epoch 290] train=0.115116 val=0.960900 loss=1.003016 time: 76.776672
INFO:root:[Epoch 291] train=0.113509 val=0.962300 loss=0.983223 time: 76.907186
INFO:root:[Epoch 292] train=0.112635 val=0.960900 loss=0.969812 time: 76.760264
INFO:root:[Epoch 293] train=0.113444 val=0.961100 loss=0.959602 time: 76.758392
INFO:root:[Epoch 294] train=0.114044 val=0.961900 loss=1.000336 time: 76.709841
INFO:root:[Epoch 295] train=0.115694 val=0.960400 loss=0.998098 time: 76.775883
INFO:root:[Epoch 296] train=0.114926 val=0.961900 loss=1.002276 time: 76.765915
INFO:root:[Epoch 297] train=0.113772 val=0.960800 loss=0.985493 time: 76.714914
INFO:root:[Epoch 298] train=0.114352 val=0.962000 loss=0.987547 time: 77.022940
INFO:root:[Epoch 299] train=0.113446 val=0.961200 loss=0.976543 time: 76.814542
INFO:root:[Epoch 300] train=0.090230 val=0.963100 loss=0.190681 time: 76.893223
INFO:root:[Epoch 301] train=0.091854 val=0.962600 loss=0.195202 time: 76.867127
INFO:root:[Epoch 302] train=0.091092 val=0.962700 loss=0.190612 time: 76.804563
INFO:root:[Epoch 303] train=0.090425 val=0.963000 loss=0.187486 time: 76.786382
INFO:root:[Epoch 304] train=0.090825 val=0.963300 loss=0.188668 time: 77.001641
INFO:root:[Epoch 305] train=0.090330 val=0.962700 loss=0.185341 time: 76.647215
INFO:root:[Epoch 306] train=0.089580 val=0.963200 loss=0.183451 time: 76.781458
INFO:root:[Epoch 307] train=0.089636 val=0.962900 loss=0.182599 time: 76.800842
INFO:root:[Epoch 308] train=0.089641 val=0.963000 loss=0.180946 time: 76.679286
INFO:root:[Epoch 309] train=0.089636 val=0.962700 loss=0.182699 time: 76.736092
INFO:root:[Epoch 310] train=0.089808 val=0.962900 loss=0.183416 time: 76.767987
INFO:root:[Epoch 311] train=0.090128 val=0.962900 loss=0.183146 time: 76.785551
INFO:root:[Epoch 312] train=0.090445 val=0.963300 loss=0.185108 time: 76.885690
INFO:root:[Epoch 313] train=0.090439 val=0.962700 loss=0.184125 time: 76.785625
INFO:root:[Epoch 314] train=0.090469 val=0.963500 loss=0.184572 time: 76.898966
INFO:root:[Epoch 315] train=0.087823 val=0.963400 loss=0.174943 time: 76.774334
INFO:root:[Epoch 316] train=0.089748 val=0.963300 loss=0.181414 time: 76.781186
INFO:root:[Epoch 317] train=0.089847 val=0.962600 loss=0.181018 time: 76.791478
INFO:root:[Epoch 318] train=0.089564 val=0.963000 loss=0.179236 time: 76.895804
INFO:root:[Epoch 319] train=0.090799 val=0.962900 loss=0.184340 time: 76.796233
INFO:root:[Epoch 320] train=0.089940 val=0.962700 loss=0.181418 time: 76.906449
INFO:root:[Epoch 321] train=0.089539 val=0.962700 loss=0.180154 time: 76.904982
INFO:root:[Epoch 322] train=0.090832 val=0.963400 loss=0.184357 time: 76.792728
INFO:root:[Epoch 323] train=0.089832 val=0.963000 loss=0.180210 time: 76.806432
INFO:root:[Epoch 324] train=0.089694 val=0.963000 loss=0.179641 time: 76.825770
INFO:root:[Epoch 325] train=0.088992 val=0.963700 loss=0.175936 time: 76.951355
INFO:root:[Epoch 326] train=0.089538 val=0.963600 loss=0.178125 time: 76.816453
INFO:root:[Epoch 327] train=0.089039 val=0.963500 loss=0.176485 time: 77.028409
INFO:root:[Epoch 328] train=0.089648 val=0.964100 loss=0.178358 time: 76.885098
INFO:root:[Epoch 329] train=0.088874 val=0.963300 loss=0.176528 time: 76.778477
INFO:root:[Epoch 330] train=0.088853 val=0.963300 loss=0.174780 time: 76.775621
INFO:root:[Epoch 331] train=0.090582 val=0.964000 loss=0.182272 time: 76.927084
INFO:root:[Epoch 332] train=0.090976 val=0.962000 loss=0.185460 time: 76.746153
INFO:root:[Epoch 333] train=0.088927 val=0.962500 loss=0.176783 time: 76.723420
INFO:root:[Epoch 334] train=0.088846 val=0.962400 loss=0.176986 time: 76.857939
INFO:root:[Epoch 335] train=0.089075 val=0.963300 loss=0.177882 time: 76.777722
INFO:root:[Epoch 336] train=0.089462 val=0.962600 loss=0.177287 time: 76.877873
INFO:root:[Epoch 337] train=0.088945 val=0.962900 loss=0.176312 time: 76.769678
INFO:root:[Epoch 338] train=0.089918 val=0.963200 loss=0.178022 time: 76.764947
INFO:root:[Epoch 339] train=0.089502 val=0.962200 loss=0.178117 time: 76.771592
INFO:root:[Epoch 340] train=0.088578 val=0.963200 loss=0.172893 time: 76.791279
INFO:root:[Epoch 341] train=0.088426 val=0.962500 loss=0.174459 time: 76.772601
INFO:root:[Epoch 342] train=0.088574 val=0.962700 loss=0.175023 time: 76.739607
INFO:root:[Epoch 343] train=0.088708 val=0.963400 loss=0.175448 time: 76.806082
INFO:root:[Epoch 344] train=0.090280 val=0.962300 loss=0.180441 time: 76.915638
INFO:root:[Epoch 345] train=0.087213 val=0.962300 loss=0.169192 time: 76.964385
INFO:root:[Epoch 346] train=0.088462 val=0.962900 loss=0.173849 time: 76.708355
INFO:root:[Epoch 347] train=0.088705 val=0.962400 loss=0.175187 time: 76.815041
INFO:root:[Epoch 348] train=0.088030 val=0.963800 loss=0.171885 time: 76.834628
INFO:root:[Epoch 349] train=0.088177 val=0.963200 loss=0.173193 time: 76.831324
