INFO:root:Namespace(batch_size=128, drop_rate=0.0, logging_dir='logs', lr=0.1, lr_decay=0.1, lr_decay_epoch='150,250', lr_decay_period=0, mode='hybrid', model='cifar_resnet56_v2', momentum=0.9, num_epochs=350, num_gpus=1, num_workers=8, resume_from=None, save_dir='params', save_period=10, save_plot_dir='.', wd=0.0001)
/usr/local/lib/python2.7/dist-packages/mxnet/gluon/data/vision/datasets.py:193: DeprecationWarning: The binary mode of fromstring is deprecated, as it behaves surprisingly on unicode inputs. Use frombuffer instead
  data = np.fromstring(fin.read(), dtype=np.uint8).reshape(-1, 3072+1)
[11:44:12] src/operator/nn/./cudnn/./cudnn_algoreg-inl.h:107: Running performance tests to find the best convolution algorithm, this can take a while... (setting env variable MXNET_CUDNN_AUTOTUNE_DEFAULT to 0 to disable)
INFO:root:[Epoch 0] train=0.227383 val=0.421000 loss=2.043961 time: 19.625098
INFO:root:[Epoch 1] train=0.219707 val=0.475800 loss=1.877595 time: 18.729520
INFO:root:[Epoch 2] train=0.211299 val=0.552900 loss=1.813932 time: 18.556425
INFO:root:[Epoch 3] train=0.209359 val=0.481800 loss=1.733151 time: 18.817819
INFO:root:[Epoch 4] train=0.205023 val=0.616500 loss=1.702733 time: 18.863296
INFO:root:[Epoch 5] train=0.199323 val=0.560400 loss=1.688803 time: 18.917943
INFO:root:[Epoch 6] train=0.198211 val=0.601800 loss=1.639965 time: 18.645120
INFO:root:[Epoch 7] train=0.196387 val=0.655100 loss=1.626498 time: 18.868671
INFO:root:[Epoch 8] train=0.194746 val=0.696000 loss=1.595622 time: 18.869296
INFO:root:[Epoch 9] train=0.191748 val=0.656000 loss=1.598278 time: 18.661009
INFO:root:[Epoch 10] train=0.191727 val=0.720700 loss=1.578494 time: 18.676417
INFO:root:[Epoch 11] train=0.189735 val=0.697600 loss=1.567906 time: 18.572063
INFO:root:[Epoch 12] train=0.188259 val=0.750100 loss=1.566784 time: 18.749172
INFO:root:[Epoch 13] train=0.187852 val=0.746100 loss=1.538354 time: 18.763728
INFO:root:[Epoch 14] train=0.186278 val=0.761800 loss=1.546246 time: 18.880848
INFO:root:[Epoch 15] train=0.186747 val=0.763200 loss=1.524040 time: 18.543378
INFO:root:[Epoch 16] train=0.185571 val=0.753300 loss=1.540152 time: 18.786339
INFO:root:[Epoch 17] train=0.183007 val=0.745000 loss=1.537269 time: 18.782678
INFO:root:[Epoch 18] train=0.183750 val=0.759800 loss=1.487193 time: 18.773409
INFO:root:[Epoch 19] train=0.183231 val=0.790400 loss=1.495055 time: 18.793929
INFO:root:[Epoch 20] train=0.180540 val=0.811400 loss=1.508006 time: 18.974630
INFO:root:[Epoch 21] train=0.182261 val=0.753300 loss=1.482866 time: 18.813456
INFO:root:[Epoch 22] train=0.180106 val=0.771600 loss=1.517582 time: 18.798025
INFO:root:[Epoch 23] train=0.181042 val=0.775700 loss=1.477829 time: 19.075039
INFO:root:[Epoch 24] train=0.180411 val=0.797000 loss=1.495840 time: 18.612208
INFO:root:[Epoch 25] train=0.178770 val=0.780900 loss=1.480626 time: 18.852678
INFO:root:[Epoch 26] train=0.179380 val=0.804200 loss=1.462613 time: 18.448086
INFO:root:[Epoch 27] train=0.179155 val=0.758800 loss=1.473914 time: 18.898340
INFO:root:[Epoch 28] train=0.177858 val=0.789900 loss=1.474376 time: 18.613074
INFO:root:[Epoch 29] train=0.177596 val=0.801200 loss=1.465728 time: 18.789069
INFO:root:[Epoch 30] train=0.178251 val=0.830200 loss=1.454155 time: 18.568192
INFO:root:[Epoch 31] train=0.176582 val=0.789600 loss=1.469322 time: 18.678033
INFO:root:[Epoch 32] train=0.176502 val=0.805800 loss=1.452942 time: 18.712126
INFO:root:[Epoch 33] train=0.176532 val=0.792100 loss=1.466421 time: 18.785008
INFO:root:[Epoch 34] train=0.175889 val=0.798700 loss=1.450256 time: 18.834001
INFO:root:[Epoch 35] train=0.175558 val=0.805800 loss=1.479779 time: 18.531502
INFO:root:[Epoch 36] train=0.175906 val=0.809000 loss=1.451372 time: 18.608845
INFO:root:[Epoch 37] train=0.175793 val=0.802700 loss=1.449214 time: 18.659334
INFO:root:[Epoch 38] train=0.175422 val=0.800100 loss=1.424085 time: 18.575331
INFO:root:[Epoch 39] train=0.175501 val=0.795100 loss=1.439008 time: 18.618254
INFO:root:[Epoch 40] train=0.174532 val=0.825500 loss=1.413463 time: 18.966789
INFO:root:[Epoch 41] train=0.173919 val=0.810000 loss=1.452539 time: 18.835073
INFO:root:[Epoch 42] train=0.173743 val=0.789500 loss=1.425132 time: 18.755032
INFO:root:[Epoch 43] train=0.173710 val=0.808800 loss=1.418103 time: 18.845898
INFO:root:[Epoch 44] train=0.173402 val=0.836700 loss=1.406690 time: 18.501118
INFO:root:[Epoch 45] train=0.172993 val=0.821800 loss=1.432229 time: 18.759772
INFO:root:[Epoch 46] train=0.173569 val=0.812800 loss=1.420889 time: 18.828530
INFO:root:[Epoch 47] train=0.172706 val=0.842000 loss=1.430108 time: 18.603393
INFO:root:[Epoch 48] train=0.172350 val=0.830700 loss=1.417232 time: 18.819876
INFO:root:[Epoch 49] train=0.172313 val=0.835000 loss=1.406343 time: 18.583248
INFO:root:[Epoch 50] train=0.172822 val=0.822100 loss=1.427661 time: 18.923133
INFO:root:[Epoch 51] train=0.171763 val=0.803000 loss=1.404757 time: 18.670691
INFO:root:[Epoch 52] train=0.172571 val=0.807000 loss=1.430978 time: 18.644194
INFO:root:[Epoch 53] train=0.172325 val=0.838400 loss=1.414853 time: 18.666100
INFO:root:[Epoch 54] train=0.171955 val=0.827700 loss=1.415637 time: 18.808972
INFO:root:[Epoch 55] train=0.170853 val=0.808300 loss=1.405061 time: 18.745702
INFO:root:[Epoch 56] train=0.171803 val=0.824800 loss=1.401842 time: 18.678402
INFO:root:[Epoch 57] train=0.170792 val=0.843300 loss=1.408898 time: 18.636481
INFO:root:[Epoch 58] train=0.171624 val=0.810400 loss=1.403642 time: 19.252317
INFO:root:[Epoch 59] train=0.170503 val=0.830500 loss=1.411485 time: 18.759701
INFO:root:[Epoch 60] train=0.170787 val=0.828700 loss=1.412224 time: 18.506765
INFO:root:[Epoch 61] train=0.171203 val=0.815300 loss=1.403255 time: 18.810306
INFO:root:[Epoch 62] train=0.170156 val=0.818800 loss=1.407446 time: 18.752098
INFO:root:[Epoch 63] train=0.170735 val=0.799400 loss=1.405836 time: 18.869483
INFO:root:[Epoch 64] train=0.169848 val=0.830900 loss=1.418328 time: 18.725285
INFO:root:[Epoch 65] train=0.169798 val=0.824500 loss=1.413886 time: 18.663842
INFO:root:[Epoch 66] train=0.169430 val=0.814200 loss=1.397976 time: 19.086801
INFO:root:[Epoch 67] train=0.169405 val=0.853200 loss=1.377178 time: 18.660026
INFO:root:[Epoch 68] train=0.169831 val=0.835200 loss=1.390501 time: 18.873966
INFO:root:[Epoch 69] train=0.170105 val=0.848400 loss=1.383150 time: 18.702258
INFO:root:[Epoch 70] train=0.170002 val=0.806900 loss=1.367793 time: 18.916976
INFO:root:[Epoch 71] train=0.169273 val=0.860700 loss=1.398945 time: 18.489427
INFO:root:[Epoch 72] train=0.168822 val=0.863400 loss=1.389256 time: 18.636175
INFO:root:[Epoch 73] train=0.169188 val=0.849300 loss=1.415416 time: 18.804211
INFO:root:[Epoch 74] train=0.169489 val=0.836600 loss=1.406501 time: 18.942449
INFO:root:[Epoch 75] train=0.168741 val=0.857500 loss=1.399665 time: 18.774286
INFO:root:[Epoch 76] train=0.169194 val=0.797700 loss=1.378117 time: 18.750461
INFO:root:[Epoch 77] train=0.169017 val=0.822400 loss=1.405762 time: 18.866579
INFO:root:[Epoch 78] train=0.168322 val=0.820300 loss=1.385810 time: 18.976840
INFO:root:[Epoch 79] train=0.168770 val=0.850400 loss=1.401024 time: 18.779889
INFO:root:[Epoch 80] train=0.168792 val=0.855900 loss=1.390379 time: 18.931154
INFO:root:[Epoch 81] train=0.168204 val=0.833000 loss=1.393143 time: 18.878581
INFO:root:[Epoch 82] train=0.168107 val=0.844200 loss=1.390513 time: 18.836747
INFO:root:[Epoch 83] train=0.168817 val=0.853900 loss=1.394067 time: 18.845297
INFO:root:[Epoch 84] train=0.168550 val=0.854400 loss=1.377489 time: 18.849637
INFO:root:[Epoch 85] train=0.167714 val=0.840100 loss=1.364633 time: 18.751592
INFO:root:[Epoch 86] train=0.167756 val=0.826400 loss=1.357225 time: 18.906621
INFO:root:[Epoch 87] train=0.168324 val=0.842100 loss=1.390749 time: 18.798868
INFO:root:[Epoch 88] train=0.168111 val=0.828700 loss=1.360264 time: 18.860820
INFO:root:[Epoch 89] train=0.167925 val=0.829900 loss=1.367046 time: 18.649613
INFO:root:[Epoch 90] train=0.169124 val=0.844500 loss=1.389258 time: 18.875102
INFO:root:[Epoch 91] train=0.167594 val=0.829400 loss=1.359837 time: 18.752824
INFO:root:[Epoch 92] train=0.168120 val=0.834000 loss=1.410614 time: 18.796179
INFO:root:[Epoch 93] train=0.167711 val=0.828900 loss=1.398562 time: 18.815748
INFO:root:[Epoch 94] train=0.166925 val=0.858100 loss=1.367150 time: 18.899227
INFO:root:[Epoch 95] train=0.167753 val=0.839300 loss=1.373937 time: 18.792113
INFO:root:[Epoch 96] train=0.167438 val=0.844400 loss=1.379889 time: 18.461456
INFO:root:[Epoch 97] train=0.167294 val=0.847800 loss=1.365887 time: 18.749037
INFO:root:[Epoch 98] train=0.167480 val=0.845600 loss=1.380394 time: 18.637236
INFO:root:[Epoch 99] train=0.166879 val=0.800900 loss=1.373355 time: 19.048588
INFO:root:[Epoch 100] train=0.166774 val=0.814800 loss=1.378481 time: 18.635395
INFO:root:[Epoch 101] train=0.166803 val=0.849800 loss=1.363594 time: 18.824956
INFO:root:[Epoch 102] train=0.168285 val=0.854700 loss=1.370461 time: 18.775847
INFO:root:[Epoch 103] train=0.167262 val=0.830600 loss=1.411615 time: 18.810499
INFO:root:[Epoch 104] train=0.167611 val=0.840200 loss=1.382136 time: 18.855512
INFO:root:[Epoch 105] train=0.167200 val=0.848400 loss=1.372352 time: 18.685582
INFO:root:[Epoch 106] train=0.167097 val=0.818200 loss=1.374576 time: 18.783936
INFO:root:[Epoch 107] train=0.166681 val=0.826500 loss=1.350165 time: 18.923993
INFO:root:[Epoch 108] train=0.167506 val=0.841700 loss=1.377493 time: 19.034056
INFO:root:[Epoch 109] train=0.165840 val=0.859200 loss=1.345332 time: 18.878208
INFO:root:[Epoch 110] train=0.166552 val=0.826500 loss=1.379076 time: 18.953166
INFO:root:[Epoch 111] train=0.166522 val=0.860100 loss=1.359892 time: 18.954544
INFO:root:[Epoch 112] train=0.167160 val=0.849200 loss=1.355607 time: 18.807119
INFO:root:[Epoch 113] train=0.166754 val=0.852500 loss=1.372121 time: 18.768670
INFO:root:[Epoch 114] train=0.166969 val=0.824800 loss=1.380248 time: 18.644205
INFO:root:[Epoch 115] train=0.167221 val=0.849600 loss=1.385102 time: 19.096824
INFO:root:[Epoch 116] train=0.166598 val=0.872300 loss=1.363071 time: 18.965361
INFO:root:[Epoch 117] train=0.166751 val=0.811900 loss=1.354203 time: 18.831194
INFO:root:[Epoch 118] train=0.166895 val=0.861000 loss=1.376039 time: 18.869438
INFO:root:[Epoch 119] train=0.166301 val=0.826300 loss=1.366203 time: 18.842841
INFO:root:[Epoch 120] train=0.166216 val=0.853400 loss=1.407939 time: 18.907798
INFO:root:[Epoch 121] train=0.166804 val=0.849400 loss=1.339917 time: 18.804744
INFO:root:[Epoch 122] train=0.165452 val=0.866100 loss=1.375672 time: 18.855338
INFO:root:[Epoch 123] train=0.165937 val=0.863800 loss=1.357873 time: 18.888540
INFO:root:[Epoch 124] train=0.166507 val=0.870300 loss=1.378013 time: 18.981382
INFO:root:[Epoch 125] train=0.166545 val=0.822700 loss=1.369624 time: 18.842380
INFO:root:[Epoch 126] train=0.166914 val=0.864800 loss=1.379170 time: 18.802360
INFO:root:[Epoch 127] train=0.166353 val=0.862400 loss=1.329976 time: 18.809695
INFO:root:[Epoch 128] train=0.166531 val=0.837300 loss=1.389622 time: 18.727055
INFO:root:[Epoch 129] train=0.166626 val=0.847100 loss=1.353570 time: 18.960823
INFO:root:[Epoch 130] train=0.165916 val=0.824300 loss=1.388903 time: 18.800344
INFO:root:[Epoch 131] train=0.165738 val=0.877000 loss=1.360417 time: 18.850329
INFO:root:[Epoch 132] train=0.166020 val=0.873100 loss=1.347078 time: 18.941862
INFO:root:[Epoch 133] train=0.167026 val=0.850400 loss=1.367508 time: 18.881204
INFO:root:[Epoch 134] train=0.165935 val=0.851100 loss=1.343973 time: 18.855799
INFO:root:[Epoch 135] train=0.166202 val=0.850500 loss=1.360042 time: 18.952204
INFO:root:[Epoch 136] train=0.166310 val=0.821000 loss=1.378029 time: 18.895783
INFO:root:[Epoch 137] train=0.166108 val=0.864900 loss=1.368178 time: 18.881438
INFO:root:[Epoch 138] train=0.165348 val=0.853700 loss=1.349435 time: 18.788912
INFO:root:[Epoch 139] train=0.166062 val=0.861500 loss=1.317264 time: 18.789596
INFO:root:[Epoch 140] train=0.165539 val=0.861300 loss=1.363309 time: 18.962616
INFO:root:[Epoch 141] train=0.166137 val=0.859700 loss=1.365109 time: 18.905152
INFO:root:[Epoch 142] train=0.165945 val=0.855800 loss=1.358306 time: 18.830718
INFO:root:[Epoch 143] train=0.165582 val=0.853800 loss=1.363884 time: 18.587112
INFO:root:[Epoch 144] train=0.165689 val=0.835800 loss=1.370116 time: 19.099714
INFO:root:[Epoch 145] train=0.166095 val=0.872700 loss=1.365127 time: 19.099802
INFO:root:[Epoch 146] train=0.164904 val=0.861700 loss=1.318324 time: 18.845499
INFO:root:[Epoch 147] train=0.164911 val=0.844100 loss=1.362416 time: 18.812633
INFO:root:[Epoch 148] train=0.165853 val=0.837100 loss=1.371607 time: 19.111810
INFO:root:[Epoch 149] train=0.165159 val=0.873600 loss=1.371665 time: 18.916511
INFO:root:[Epoch 150] train=0.158087 val=0.900200 loss=1.313790 time: 18.859220
INFO:root:[Epoch 151] train=0.153687 val=0.904300 loss=1.304777 time: 18.923337
INFO:root:[Epoch 152] train=0.152135 val=0.913300 loss=1.252851 time: 19.007365
INFO:root:[Epoch 153] train=0.151158 val=0.911600 loss=1.245651 time: 18.995764
INFO:root:[Epoch 154] train=0.151723 val=0.908500 loss=1.260195 time: 18.810397
INFO:root:[Epoch 155] train=0.151073 val=0.915400 loss=1.260567 time: 18.938996
INFO:root:[Epoch 156] train=0.150634 val=0.913800 loss=1.253064 time: 19.150575
INFO:root:[Epoch 157] train=0.148744 val=0.912400 loss=1.242703 time: 18.945419
INFO:root:[Epoch 158] train=0.149808 val=0.918200 loss=1.242824 time: 18.849857
INFO:root:[Epoch 159] train=0.149496 val=0.918200 loss=1.227617 time: 18.988954
INFO:root:[Epoch 160] train=0.149752 val=0.917500 loss=1.265975 time: 18.876310
INFO:root:[Epoch 161] train=0.148472 val=0.918900 loss=1.221929 time: 18.810437
INFO:root:[Epoch 162] train=0.149501 val=0.917900 loss=1.238094 time: 18.940106
INFO:root:[Epoch 163] train=0.148572 val=0.918200 loss=1.239777 time: 19.069930
INFO:root:[Epoch 164] train=0.149372 val=0.917800 loss=1.247681 time: 18.852582
INFO:root:[Epoch 165] train=0.147993 val=0.916800 loss=1.219339 time: 18.906940
INFO:root:[Epoch 166] train=0.148809 val=0.921000 loss=1.224863 time: 18.898974
INFO:root:[Epoch 167] train=0.147924 val=0.922700 loss=1.211297 time: 18.834558
INFO:root:[Epoch 168] train=0.148349 val=0.922100 loss=1.236354 time: 18.839686
INFO:root:[Epoch 169] train=0.147868 val=0.920900 loss=1.234830 time: 19.127502
INFO:root:[Epoch 170] train=0.147473 val=0.922700 loss=1.219052 time: 18.850621
INFO:root:[Epoch 171] train=0.148681 val=0.919000 loss=1.245650 time: 19.135252
INFO:root:[Epoch 172] train=0.147259 val=0.921300 loss=1.205637 time: 18.998505
INFO:root:[Epoch 173] train=0.146353 val=0.919800 loss=1.199175 time: 18.877753
INFO:root:[Epoch 174] train=0.147098 val=0.922300 loss=1.218643 time: 18.848128
INFO:root:[Epoch 175] train=0.146678 val=0.919700 loss=1.218859 time: 18.833198
INFO:root:[Epoch 176] train=0.147467 val=0.922800 loss=1.236405 time: 19.060044
INFO:root:[Epoch 177] train=0.147343 val=0.920700 loss=1.199463 time: 18.803226
INFO:root:[Epoch 178] train=0.145643 val=0.925000 loss=1.199367 time: 19.086585
INFO:root:[Epoch 179] train=0.146454 val=0.920200 loss=1.218980 time: 18.797445
INFO:root:[Epoch 180] train=0.147748 val=0.921900 loss=1.236090 time: 19.021968
INFO:root:[Epoch 181] train=0.145790 val=0.918800 loss=1.222284 time: 18.894090
INFO:root:[Epoch 182] train=0.146041 val=0.922700 loss=1.208700 time: 18.935838
INFO:root:[Epoch 183] train=0.145752 val=0.923300 loss=1.210079 time: 19.055663
INFO:root:[Epoch 184] train=0.145613 val=0.924800 loss=1.198520 time: 18.899911
INFO:root:[Epoch 185] train=0.146751 val=0.923100 loss=1.220811 time: 19.080420
INFO:root:[Epoch 186] train=0.146589 val=0.923300 loss=1.231763 time: 18.834057
INFO:root:[Epoch 187] train=0.145333 val=0.919000 loss=1.186041 time: 19.051335
INFO:root:[Epoch 188] train=0.145866 val=0.923700 loss=1.210357 time: 18.895792
INFO:root:[Epoch 189] train=0.146561 val=0.923900 loss=1.222421 time: 18.898263
INFO:root:[Epoch 190] train=0.146133 val=0.924500 loss=1.220969 time: 18.896375
INFO:root:[Epoch 191] train=0.145606 val=0.919900 loss=1.202153 time: 19.053275
INFO:root:[Epoch 192] train=0.145941 val=0.923300 loss=1.225692 time: 19.118192
INFO:root:[Epoch 193] train=0.145393 val=0.921000 loss=1.198390 time: 18.826940
INFO:root:[Epoch 194] train=0.145440 val=0.923100 loss=1.201590 time: 18.626380
INFO:root:[Epoch 195] train=0.145529 val=0.922700 loss=1.217241 time: 18.554345
INFO:root:[Epoch 196] train=0.145780 val=0.925300 loss=1.210064 time: 18.601943
INFO:root:[Epoch 197] train=0.145808 val=0.923800 loss=1.208939 time: 18.666138
INFO:root:[Epoch 198] train=0.145118 val=0.922200 loss=1.197189 time: 18.766051
INFO:root:[Epoch 199] train=0.145457 val=0.923200 loss=1.212521 time: 18.743082
INFO:root:[Epoch 200] train=0.144933 val=0.922600 loss=1.191517 time: 18.664748
INFO:root:[Epoch 201] train=0.146155 val=0.922300 loss=1.219465 time: 18.729300
INFO:root:[Epoch 202] train=0.145724 val=0.917400 loss=1.207667 time: 18.597615
INFO:root:[Epoch 203] train=0.145272 val=0.921700 loss=1.205850 time: 18.645044
INFO:root:[Epoch 204] train=0.145017 val=0.924800 loss=1.202440 time: 18.617341
INFO:root:[Epoch 205] train=0.145521 val=0.922700 loss=1.209018 time: 18.555024
INFO:root:[Epoch 206] train=0.145183 val=0.923600 loss=1.214943 time: 18.549116
INFO:root:[Epoch 207] train=0.145068 val=0.923100 loss=1.209953 time: 18.626222
INFO:root:[Epoch 208] train=0.144940 val=0.920700 loss=1.193835 time: 18.704878
INFO:root:[Epoch 209] train=0.143690 val=0.924200 loss=1.196489 time: 18.759557
INFO:root:[Epoch 210] train=0.144589 val=0.921400 loss=1.174223 time: 18.731337
INFO:root:[Epoch 211] train=0.144387 val=0.921800 loss=1.190113 time: 18.695452
INFO:root:[Epoch 212] train=0.145238 val=0.924000 loss=1.212549 time: 18.906288
INFO:root:[Epoch 213] train=0.144350 val=0.919200 loss=1.212375 time: 18.697453
INFO:root:[Epoch 214] train=0.144129 val=0.923700 loss=1.186881 time: 18.454622
INFO:root:[Epoch 215] train=0.144981 val=0.924200 loss=1.216462 time: 18.602244
INFO:root:[Epoch 216] train=0.144741 val=0.923300 loss=1.199890 time: 18.522676
INFO:root:[Epoch 217] train=0.143972 val=0.917100 loss=1.198880 time: 18.672594
INFO:root:[Epoch 218] train=0.145633 val=0.925000 loss=1.230123 time: 18.781258
INFO:root:[Epoch 219] train=0.143918 val=0.921400 loss=1.163260 time: 18.468002
INFO:root:[Epoch 220] train=0.144512 val=0.926900 loss=1.192030 time: 18.710319
INFO:root:[Epoch 221] train=0.144004 val=0.924300 loss=1.178453 time: 18.989764
INFO:root:[Epoch 222] train=0.145478 val=0.921000 loss=1.224807 time: 18.610672
INFO:root:[Epoch 223] train=0.144799 val=0.927800 loss=1.184570 time: 18.694825
INFO:root:[Epoch 224] train=0.144170 val=0.927100 loss=1.186602 time: 18.573917
INFO:root:[Epoch 225] train=0.144286 val=0.918800 loss=1.203210 time: 18.626142
INFO:root:[Epoch 226] train=0.143228 val=0.919700 loss=1.170546 time: 18.827173
INFO:root:[Epoch 227] train=0.144923 val=0.919300 loss=1.214206 time: 18.735618
INFO:root:[Epoch 228] train=0.145547 val=0.923200 loss=1.232681 time: 18.815329
INFO:root:[Epoch 229] train=0.144843 val=0.924100 loss=1.216605 time: 18.643276
INFO:root:[Epoch 230] train=0.144461 val=0.927600 loss=1.199087 time: 18.749394
INFO:root:[Epoch 231] train=0.143584 val=0.923600 loss=1.186682 time: 18.749687
INFO:root:[Epoch 232] train=0.145706 val=0.925700 loss=1.202263 time: 18.758911
INFO:root:[Epoch 233] train=0.144697 val=0.918900 loss=1.204331 time: 18.609715
INFO:root:[Epoch 234] train=0.143601 val=0.923500 loss=1.186813 time: 18.673252
INFO:root:[Epoch 235] train=0.143614 val=0.923800 loss=1.196103 time: 18.633174
INFO:root:[Epoch 236] train=0.144156 val=0.920400 loss=1.187504 time: 18.751629
INFO:root:[Epoch 237] train=0.144809 val=0.922100 loss=1.195575 time: 18.668039
INFO:root:[Epoch 238] train=0.143589 val=0.922900 loss=1.189104 time: 18.767669
INFO:root:[Epoch 239] train=0.143970 val=0.923200 loss=1.205350 time: 18.611678
INFO:root:[Epoch 240] train=0.143597 val=0.923800 loss=1.201477 time: 18.614970
INFO:root:[Epoch 241] train=0.143761 val=0.918400 loss=1.209743 time: 18.595989
INFO:root:[Epoch 242] train=0.145104 val=0.926800 loss=1.216516 time: 18.740227
INFO:root:[Epoch 243] train=0.143581 val=0.924500 loss=1.184706 time: 18.588323
INFO:root:[Epoch 244] train=0.144760 val=0.926600 loss=1.234609 time: 18.778919
INFO:root:[Epoch 245] train=0.144771 val=0.924000 loss=1.209645 time: 18.645910
INFO:root:[Epoch 246] train=0.143228 val=0.924400 loss=1.180821 time: 18.723872
INFO:root:[Epoch 247] train=0.144189 val=0.924700 loss=1.206249 time: 18.612604
INFO:root:[Epoch 248] train=0.144228 val=0.926600 loss=1.174057 time: 18.655921
INFO:root:[Epoch 249] train=0.144841 val=0.925100 loss=1.208411 time: 18.655598
INFO:root:[Epoch 250] train=0.142747 val=0.930300 loss=1.193072 time: 18.982902
INFO:root:[Epoch 251] train=0.141606 val=0.929900 loss=1.187609 time: 18.785342
INFO:root:[Epoch 252] train=0.138528 val=0.932900 loss=1.141884 time: 18.753536
INFO:root:[Epoch 253] train=0.140914 val=0.932700 loss=1.201671 time: 18.716074
INFO:root:[Epoch 254] train=0.139058 val=0.930400 loss=1.140048 time: 18.709336
INFO:root:[Epoch 255] train=0.139205 val=0.932400 loss=1.172137 time: 18.645614
INFO:root:[Epoch 256] train=0.139234 val=0.930900 loss=1.159844 time: 18.681680
INFO:root:[Epoch 257] train=0.138664 val=0.932900 loss=1.140813 time: 18.796622
INFO:root:[Epoch 258] train=0.139450 val=0.934000 loss=1.160090 time: 18.862104
INFO:root:[Epoch 259] train=0.137992 val=0.931300 loss=1.121761 time: 18.689437
INFO:root:[Epoch 260] train=0.139490 val=0.932400 loss=1.177620 time: 18.690170
INFO:root:[Epoch 261] train=0.139552 val=0.932700 loss=1.171362 time: 18.713882
INFO:root:[Epoch 262] train=0.139173 val=0.931400 loss=1.160425 time: 18.670648
INFO:root:[Epoch 263] train=0.138429 val=0.933500 loss=1.139178 time: 18.727594
INFO:root:[Epoch 264] train=0.139630 val=0.932500 loss=1.171610 time: 18.719865
INFO:root:[Epoch 265] train=0.138618 val=0.934200 loss=1.151636 time: 18.777123
INFO:root:[Epoch 266] train=0.140541 val=0.933300 loss=1.190063 time: 18.698840
INFO:root:[Epoch 267] train=0.137301 val=0.929000 loss=1.136852 time: 18.781708
INFO:root:[Epoch 268] train=0.138632 val=0.933800 loss=1.171788 time: 18.712612
INFO:root:[Epoch 269] train=0.136695 val=0.934400 loss=1.130429 time: 18.882386
INFO:root:[Epoch 270] train=0.138581 val=0.933600 loss=1.166891 time: 18.941927
INFO:root:[Epoch 271] train=0.138574 val=0.933600 loss=1.158789 time: 18.996537
INFO:root:[Epoch 272] train=0.139623 val=0.934000 loss=1.190207 time: 18.695946
INFO:root:[Epoch 273] train=0.139435 val=0.932900 loss=1.183597 time: 18.797543
INFO:root:[Epoch 274] train=0.137523 val=0.934300 loss=1.142526 time: 18.601025
INFO:root:[Epoch 275] train=0.137755 val=0.935300 loss=1.161484 time: 18.886018
INFO:root:[Epoch 276] train=0.137828 val=0.934400 loss=1.147362 time: 18.710680
INFO:root:[Epoch 277] train=0.139069 val=0.935300 loss=1.177633 time: 18.830561
INFO:root:[Epoch 278] train=0.137832 val=0.935000 loss=1.156767 time: 18.693131
INFO:root:[Epoch 279] train=0.138117 val=0.936100 loss=1.161891 time: 18.884016
INFO:root:[Epoch 280] train=0.137509 val=0.934800 loss=1.141291 time: 18.713842
INFO:root:[Epoch 281] train=0.138794 val=0.933800 loss=1.168762 time: 18.803926
INFO:root:[Epoch 282] train=0.138089 val=0.936200 loss=1.161202 time: 18.731804
INFO:root:[Epoch 283] train=0.137634 val=0.934400 loss=1.142870 time: 18.688464
INFO:root:[Epoch 284] train=0.138314 val=0.936000 loss=1.166848 time: 18.882525
INFO:root:[Epoch 285] train=0.137827 val=0.937600 loss=1.150584 time: 18.725894
INFO:root:[Epoch 286] train=0.137049 val=0.936500 loss=1.143130 time: 18.889635
INFO:root:[Epoch 287] train=0.138089 val=0.937200 loss=1.162869 time: 18.794905
INFO:root:[Epoch 288] train=0.137475 val=0.936400 loss=1.117581 time: 18.747722
INFO:root:[Epoch 289] train=0.137683 val=0.934900 loss=1.161145 time: 18.989959
INFO:root:[Epoch 290] train=0.137566 val=0.936800 loss=1.146083 time: 18.753769
INFO:root:[Epoch 291] train=0.138241 val=0.934300 loss=1.151451 time: 18.992713
INFO:root:[Epoch 292] train=0.138930 val=0.936700 loss=1.176818 time: 18.693840
INFO:root:[Epoch 293] train=0.136116 val=0.936600 loss=1.114016 time: 18.757635
INFO:root:[Epoch 294] train=0.137426 val=0.936300 loss=1.156049 time: 18.879809
INFO:root:[Epoch 295] train=0.137867 val=0.936600 loss=1.148965 time: 19.060494
INFO:root:[Epoch 296] train=0.137227 val=0.931200 loss=1.157031 time: 18.878643
INFO:root:[Epoch 297] train=0.138089 val=0.935900 loss=1.158061 time: 18.819582
INFO:root:[Epoch 298] train=0.138845 val=0.937200 loss=1.193809 time: 18.923760
INFO:root:[Epoch 299] train=0.138448 val=0.936200 loss=1.156571 time: 18.841287
INFO:root:[Epoch 300] train=0.127190 val=0.936800 loss=0.355569 time: 18.922967
INFO:root:[Epoch 301] train=0.126176 val=0.938200 loss=0.347160 time: 18.935275
INFO:root:[Epoch 302] train=0.125370 val=0.939100 loss=0.340741 time: 18.889091
INFO:root:[Epoch 303] train=0.126248 val=0.938500 loss=0.344685 time: 19.015266
INFO:root:[Epoch 304] train=0.124188 val=0.940200 loss=0.332701 time: 18.846374
INFO:root:[Epoch 305] train=0.124467 val=0.939300 loss=0.334169 time: 18.876291
INFO:root:[Epoch 306] train=0.125248 val=0.937700 loss=0.339833 time: 19.110578
INFO:root:[Epoch 307] train=0.124851 val=0.939400 loss=0.336493 time: 18.894780
INFO:root:[Epoch 308] train=0.123513 val=0.939500 loss=0.329965 time: 18.854240
INFO:root:[Epoch 309] train=0.123825 val=0.937700 loss=0.330407 time: 18.954574
INFO:root:[Epoch 310] train=0.123794 val=0.939100 loss=0.330798 time: 18.763106
INFO:root:[Epoch 311] train=0.123365 val=0.940100 loss=0.327229 time: 18.872146
INFO:root:[Epoch 312] train=0.123775 val=0.938600 loss=0.330530 time: 18.944867
INFO:root:[Epoch 313] train=0.122372 val=0.939100 loss=0.320970 time: 18.941102
INFO:root:[Epoch 314] train=0.122605 val=0.937500 loss=0.323035 time: 19.082311
INFO:root:[Epoch 315] train=0.122876 val=0.938900 loss=0.324424 time: 18.979327
INFO:root:[Epoch 316] train=0.122006 val=0.938500 loss=0.318619 time: 18.901149
INFO:root:[Epoch 317] train=0.122576 val=0.937400 loss=0.322617 time: 18.807075
INFO:root:[Epoch 318] train=0.122356 val=0.935400 loss=0.321083 time: 18.817800
INFO:root:[Epoch 319] train=0.122285 val=0.938600 loss=0.320397 time: 18.901270
INFO:root:[Epoch 320] train=0.122060 val=0.938000 loss=0.318990 time: 18.783391
INFO:root:[Epoch 321] train=0.122956 val=0.938800 loss=0.325290 time: 18.775369
INFO:root:[Epoch 322] train=0.121906 val=0.939000 loss=0.318485 time: 18.965789
INFO:root:[Epoch 323] train=0.123347 val=0.935500 loss=0.327444 time: 18.823352
INFO:root:[Epoch 324] train=0.121919 val=0.935800 loss=0.318461 time: 18.801359
INFO:root:[Epoch 325] train=0.121772 val=0.936700 loss=0.317930 time: 19.031535
INFO:root:[Epoch 326] train=0.121680 val=0.937800 loss=0.318143 time: 18.779387
INFO:root:[Epoch 327] train=0.121910 val=0.936800 loss=0.317266 time: 19.085713
INFO:root:[Epoch 328] train=0.121878 val=0.937400 loss=0.317162 time: 18.882997
INFO:root:[Epoch 329] train=0.121327 val=0.937700 loss=0.313810 time: 18.953093
INFO:root:[Epoch 330] train=0.120640 val=0.938000 loss=0.312243 time: 18.931364
INFO:root:[Epoch 331] train=0.121416 val=0.937100 loss=0.315616 time: 18.964751
INFO:root:[Epoch 332] train=0.120727 val=0.938600 loss=0.311650 time: 19.084230
INFO:root:[Epoch 333] train=0.120063 val=0.938400 loss=0.307447 time: 18.869965
INFO:root:[Epoch 334] train=0.120251 val=0.937200 loss=0.311431 time: 18.864955
INFO:root:[Epoch 335] train=0.119965 val=0.936500 loss=0.307107 time: 19.129611
INFO:root:[Epoch 336] train=0.120965 val=0.938700 loss=0.312605 time: 18.920066
INFO:root:[Epoch 337] train=0.120086 val=0.938300 loss=0.307798 time: 19.091158
INFO:root:[Epoch 338] train=0.120339 val=0.939500 loss=0.307881 time: 18.943723
INFO:root:[Epoch 339] train=0.119872 val=0.939300 loss=0.306611 time: 19.024537
INFO:root:[Epoch 340] train=0.119862 val=0.939200 loss=0.306040 time: 18.978262
INFO:root:[Epoch 341] train=0.120876 val=0.935900 loss=0.311420 time: 18.896609
INFO:root:[Epoch 342] train=0.119432 val=0.937700 loss=0.302320 time: 18.894962
INFO:root:[Epoch 343] train=0.119453 val=0.938000 loss=0.305546 time: 18.918485
INFO:root:[Epoch 344] train=0.119383 val=0.938100 loss=0.304972 time: 18.975352
INFO:root:[Epoch 345] train=0.118729 val=0.938000 loss=0.301529 time: 18.805140
INFO:root:[Epoch 346] train=0.119744 val=0.938200 loss=0.305394 time: 18.743597
INFO:root:[Epoch 347] train=0.119999 val=0.937900 loss=0.306737 time: 18.908677
INFO:root:[Epoch 348] train=0.118816 val=0.938300 loss=0.301186 time: 18.987371
INFO:root:[Epoch 349] train=0.119301 val=0.938800 loss=0.303546 time: 19.113601
