INFO:root:Namespace(batch_size=128, drop_rate=0.0, logging_dir='logs', lr=0.1, lr_decay=0.1, lr_decay_epoch='150,250', lr_decay_period=0, mode='hybrid', model='cifar_resnet20_v2', momentum=0.9, num_epochs=350, num_gpus=1, num_workers=8, resume_from=None, save_dir='params', save_period=10, save_plot_dir='.', wd=0.0001)
/usr/local/lib/python2.7/dist-packages/mxnet/gluon/data/vision/datasets.py:193: DeprecationWarning: The binary mode of fromstring is deprecated, as it behaves surprisingly on unicode inputs. Use frombuffer instead
  data = np.fromstring(fin.read(), dtype=np.uint8).reshape(-1, 3072+1)
[10:50:39] src/operator/nn/./cudnn/./cudnn_algoreg-inl.h:107: Running performance tests to find the best convolution algorithm, this can take a while... (setting env variable MXNET_CUDNN_AUTOTUNE_DEFAULT to 0 to disable)
INFO:root:[Epoch 0] train=0.230920 val=0.387400 loss=2.026022 time: 9.463667
INFO:root:[Epoch 1] train=0.219720 val=0.501800 loss=1.877366 time: 8.937494
INFO:root:[Epoch 2] train=0.212439 val=0.520900 loss=1.799168 time: 9.014590
INFO:root:[Epoch 3] train=0.208470 val=0.606700 loss=1.741088 time: 9.029907
INFO:root:[Epoch 4] train=0.204281 val=0.641600 loss=1.725049 time: 9.026239
INFO:root:[Epoch 5] train=0.201610 val=0.635300 loss=1.687537 time: 8.951515
INFO:root:[Epoch 6] train=0.200557 val=0.676000 loss=1.648028 time: 8.929145
INFO:root:[Epoch 7] train=0.197675 val=0.687400 loss=1.621368 time: 8.869169
INFO:root:[Epoch 8] train=0.196288 val=0.666000 loss=1.608868 time: 9.034036
INFO:root:[Epoch 9] train=0.195171 val=0.698100 loss=1.613214 time: 8.937991
INFO:root:[Epoch 10] train=0.193272 val=0.668300 loss=1.594058 time: 8.949339
INFO:root:[Epoch 11] train=0.191548 val=0.712200 loss=1.610930 time: 8.874496
INFO:root:[Epoch 12] train=0.190586 val=0.668200 loss=1.585893 time: 9.064248
INFO:root:[Epoch 13] train=0.190508 val=0.703500 loss=1.583621 time: 8.936896
INFO:root:[Epoch 14] train=0.189585 val=0.704000 loss=1.572737 time: 9.077031
INFO:root:[Epoch 15] train=0.188713 val=0.724800 loss=1.555358 time: 8.970457
INFO:root:[Epoch 16] train=0.188647 val=0.725900 loss=1.563881 time: 8.884684
INFO:root:[Epoch 17] train=0.187822 val=0.764200 loss=1.560774 time: 8.944687
INFO:root:[Epoch 18] train=0.187140 val=0.729900 loss=1.557328 time: 9.034512
INFO:root:[Epoch 19] train=0.186355 val=0.740200 loss=1.537674 time: 8.965376
INFO:root:[Epoch 20] train=0.186113 val=0.732200 loss=1.532484 time: 8.937588
INFO:root:[Epoch 21] train=0.185590 val=0.759300 loss=1.544319 time: 9.020831
INFO:root:[Epoch 22] train=0.184839 val=0.785000 loss=1.529417 time: 8.936846
INFO:root:[Epoch 23] train=0.183614 val=0.777800 loss=1.509764 time: 8.877984
INFO:root:[Epoch 24] train=0.184569 val=0.752400 loss=1.544665 time: 8.919856
INFO:root:[Epoch 25] train=0.183570 val=0.755500 loss=1.515232 time: 9.023537
INFO:root:[Epoch 26] train=0.183329 val=0.769500 loss=1.517283 time: 8.880648
INFO:root:[Epoch 27] train=0.183808 val=0.767000 loss=1.479816 time: 8.966817
INFO:root:[Epoch 28] train=0.182231 val=0.766000 loss=1.503614 time: 8.936399
INFO:root:[Epoch 29] train=0.181989 val=0.763700 loss=1.509073 time: 9.068068
INFO:root:[Epoch 30] train=0.181963 val=0.806900 loss=1.524337 time: 8.956374
INFO:root:[Epoch 31] train=0.181634 val=0.737700 loss=1.502430 time: 9.014163
INFO:root:[Epoch 32] train=0.181857 val=0.749800 loss=1.503660 time: 9.051801
INFO:root:[Epoch 33] train=0.182539 val=0.782500 loss=1.489854 time: 9.045902
INFO:root:[Epoch 34] train=0.181069 val=0.752700 loss=1.492344 time: 8.906474
INFO:root:[Epoch 35] train=0.181898 val=0.789700 loss=1.475877 time: 8.961812
INFO:root:[Epoch 36] train=0.179916 val=0.794500 loss=1.488344 time: 8.975101
INFO:root:[Epoch 37] train=0.180425 val=0.771200 loss=1.497340 time: 8.996288
INFO:root:[Epoch 38] train=0.180295 val=0.767200 loss=1.480244 time: 9.082926
INFO:root:[Epoch 39] train=0.180524 val=0.772700 loss=1.488612 time: 9.011740
INFO:root:[Epoch 40] train=0.179909 val=0.815200 loss=1.474632 time: 9.164387
INFO:root:[Epoch 41] train=0.180331 val=0.794800 loss=1.483187 time: 9.019519
INFO:root:[Epoch 42] train=0.179537 val=0.788100 loss=1.482060 time: 8.991569
INFO:root:[Epoch 43] train=0.179572 val=0.801300 loss=1.480309 time: 8.909322
INFO:root:[Epoch 44] train=0.180115 val=0.810500 loss=1.461910 time: 8.969763
INFO:root:[Epoch 45] train=0.179089 val=0.797700 loss=1.472853 time: 8.956799
INFO:root:[Epoch 46] train=0.179573 val=0.797500 loss=1.478224 time: 9.005055
INFO:root:[Epoch 47] train=0.179965 val=0.808900 loss=1.457901 time: 8.893982
INFO:root:[Epoch 48] train=0.178498 val=0.812100 loss=1.467550 time: 8.884230
INFO:root:[Epoch 49] train=0.178248 val=0.785100 loss=1.460287 time: 9.015894
INFO:root:[Epoch 50] train=0.178761 val=0.815600 loss=1.459005 time: 9.026665
INFO:root:[Epoch 51] train=0.177684 val=0.822900 loss=1.463941 time: 9.119377
INFO:root:[Epoch 52] train=0.177911 val=0.803200 loss=1.468475 time: 9.093032
INFO:root:[Epoch 53] train=0.178067 val=0.819200 loss=1.453309 time: 9.022811
INFO:root:[Epoch 54] train=0.177197 val=0.800500 loss=1.450405 time: 8.976520
INFO:root:[Epoch 55] train=0.177866 val=0.790700 loss=1.456658 time: 9.010208
INFO:root:[Epoch 56] train=0.177683 val=0.831800 loss=1.454157 time: 9.136218
INFO:root:[Epoch 57] train=0.177401 val=0.803900 loss=1.458415 time: 9.075577
INFO:root:[Epoch 58] train=0.177500 val=0.801200 loss=1.466459 time: 9.100746
INFO:root:[Epoch 59] train=0.177073 val=0.795100 loss=1.463548 time: 9.014343
INFO:root:[Epoch 60] train=0.177311 val=0.777000 loss=1.467710 time: 9.079051
INFO:root:[Epoch 61] train=0.176998 val=0.805200 loss=1.442265 time: 8.919209
INFO:root:[Epoch 62] train=0.176231 val=0.815300 loss=1.460036 time: 9.032955
INFO:root:[Epoch 63] train=0.176748 val=0.813200 loss=1.434559 time: 9.073702
INFO:root:[Epoch 64] train=0.177336 val=0.805600 loss=1.447159 time: 9.092513
INFO:root:[Epoch 65] train=0.176590 val=0.818400 loss=1.467893 time: 9.001624
INFO:root:[Epoch 66] train=0.176062 val=0.810700 loss=1.435185 time: 9.149661
INFO:root:[Epoch 67] train=0.176652 val=0.796200 loss=1.442922 time: 9.113061
INFO:root:[Epoch 68] train=0.176412 val=0.799300 loss=1.443656 time: 9.097864
INFO:root:[Epoch 69] train=0.175584 val=0.773600 loss=1.438884 time: 8.927997
INFO:root:[Epoch 70] train=0.175712 val=0.807400 loss=1.458502 time: 9.055819
INFO:root:[Epoch 71] train=0.176390 val=0.795000 loss=1.423461 time: 9.275631
INFO:root:[Epoch 72] train=0.175808 val=0.789400 loss=1.442348 time: 8.932384
INFO:root:[Epoch 73] train=0.174342 val=0.791300 loss=1.450722 time: 8.999035
INFO:root:[Epoch 74] train=0.175508 val=0.802000 loss=1.422924 time: 9.060335
INFO:root:[Epoch 75] train=0.175354 val=0.819600 loss=1.456131 time: 9.195335
INFO:root:[Epoch 76] train=0.176144 val=0.808600 loss=1.446361 time: 9.033624
INFO:root:[Epoch 77] train=0.175975 val=0.794500 loss=1.478191 time: 9.010039
INFO:root:[Epoch 78] train=0.175449 val=0.809200 loss=1.460720 time: 8.948965
INFO:root:[Epoch 79] train=0.175042 val=0.809300 loss=1.438764 time: 9.198016
INFO:root:[Epoch 80] train=0.175611 val=0.781400 loss=1.453301 time: 9.105330
INFO:root:[Epoch 81] train=0.174979 val=0.800600 loss=1.437059 time: 9.003668
INFO:root:[Epoch 82] train=0.175107 val=0.805800 loss=1.440598 time: 8.921182
INFO:root:[Epoch 83] train=0.175556 val=0.811800 loss=1.426544 time: 9.056639
INFO:root:[Epoch 84] train=0.174834 val=0.767200 loss=1.423053 time: 9.087588
INFO:root:[Epoch 85] train=0.175058 val=0.827600 loss=1.436043 time: 8.950667
INFO:root:[Epoch 86] train=0.174515 val=0.813500 loss=1.437830 time: 9.041284
INFO:root:[Epoch 87] train=0.174749 val=0.828400 loss=1.457388 time: 9.138997
INFO:root:[Epoch 88] train=0.174591 val=0.817600 loss=1.418887 time: 9.036615
INFO:root:[Epoch 89] train=0.174706 val=0.834900 loss=1.453728 time: 8.979592
INFO:root:[Epoch 90] train=0.174659 val=0.803700 loss=1.440219 time: 9.025736
INFO:root:[Epoch 91] train=0.174209 val=0.831000 loss=1.433163 time: 9.129289
INFO:root:[Epoch 92] train=0.173214 val=0.819000 loss=1.454609 time: 9.041757
INFO:root:[Epoch 93] train=0.174103 val=0.792700 loss=1.436353 time: 9.003098
INFO:root:[Epoch 94] train=0.174071 val=0.814300 loss=1.415560 time: 9.014198
INFO:root:[Epoch 95] train=0.174339 val=0.832800 loss=1.427326 time: 9.162107
INFO:root:[Epoch 96] train=0.173858 val=0.776700 loss=1.424939 time: 9.163261
INFO:root:[Epoch 97] train=0.174106 val=0.814000 loss=1.433965 time: 9.074083
INFO:root:[Epoch 98] train=0.174291 val=0.825200 loss=1.416234 time: 9.023104
INFO:root:[Epoch 99] train=0.174177 val=0.821600 loss=1.425492 time: 8.976804
INFO:root:[Epoch 100] train=0.174034 val=0.815500 loss=1.462934 time: 9.177798
INFO:root:[Epoch 101] train=0.174080 val=0.823300 loss=1.429203 time: 9.168970
INFO:root:[Epoch 102] train=0.174148 val=0.821200 loss=1.429237 time: 9.161386
INFO:root:[Epoch 103] train=0.174809 val=0.811100 loss=1.421476 time: 9.004353
INFO:root:[Epoch 104] train=0.174291 val=0.812900 loss=1.438245 time: 9.089494
INFO:root:[Epoch 105] train=0.173697 val=0.825200 loss=1.421872 time: 9.045629
INFO:root:[Epoch 106] train=0.174337 val=0.808400 loss=1.425051 time: 9.112637
INFO:root:[Epoch 107] train=0.173429 val=0.824900 loss=1.419089 time: 9.023142
INFO:root:[Epoch 108] train=0.173243 val=0.813200 loss=1.417254 time: 9.019436
INFO:root:[Epoch 109] train=0.173182 val=0.828200 loss=1.426313 time: 9.151831
INFO:root:[Epoch 110] train=0.173474 val=0.791400 loss=1.441492 time: 9.089910
INFO:root:[Epoch 111] train=0.173350 val=0.827700 loss=1.406588 time: 8.999808
INFO:root:[Epoch 112] train=0.173606 val=0.810800 loss=1.423879 time: 9.029699
INFO:root:[Epoch 113] train=0.173248 val=0.796100 loss=1.412812 time: 9.255177
INFO:root:[Epoch 114] train=0.174023 val=0.826100 loss=1.433458 time: 9.162844
INFO:root:[Epoch 115] train=0.173335 val=0.805600 loss=1.417393 time: 9.120038
INFO:root:[Epoch 116] train=0.172980 val=0.807000 loss=1.418845 time: 9.189373
INFO:root:[Epoch 117] train=0.173422 val=0.822700 loss=1.412469 time: 9.162178
INFO:root:[Epoch 118] train=0.173359 val=0.815200 loss=1.416727 time: 9.197053
INFO:root:[Epoch 119] train=0.172903 val=0.832300 loss=1.419387 time: 9.275607
INFO:root:[Epoch 120] train=0.171743 val=0.827700 loss=1.446191 time: 9.016153
INFO:root:[Epoch 121] train=0.172854 val=0.822900 loss=1.427653 time: 9.210720
INFO:root:[Epoch 122] train=0.173122 val=0.801400 loss=1.373021 time: 9.249634
INFO:root:[Epoch 123] train=0.172650 val=0.834600 loss=1.417196 time: 9.070810
INFO:root:[Epoch 124] train=0.173846 val=0.799900 loss=1.440200 time: 9.118467
INFO:root:[Epoch 125] train=0.173156 val=0.808900 loss=1.408002 time: 9.108592
INFO:root:[Epoch 126] train=0.173341 val=0.836500 loss=1.402335 time: 9.163155
INFO:root:[Epoch 127] train=0.173224 val=0.828400 loss=1.414750 time: 9.051379
INFO:root:[Epoch 128] train=0.172823 val=0.833400 loss=1.405408 time: 8.956140
INFO:root:[Epoch 129] train=0.172194 val=0.836800 loss=1.429246 time: 9.195850
INFO:root:[Epoch 130] train=0.172928 val=0.828100 loss=1.417008 time: 9.146071
INFO:root:[Epoch 131] train=0.172767 val=0.804600 loss=1.388858 time: 9.145246
INFO:root:[Epoch 132] train=0.172553 val=0.835200 loss=1.429709 time: 9.120643
INFO:root:[Epoch 133] train=0.172909 val=0.832700 loss=1.426426 time: 9.292450
INFO:root:[Epoch 134] train=0.173039 val=0.832300 loss=1.420962 time: 9.152806
INFO:root:[Epoch 135] train=0.172258 val=0.816600 loss=1.430982 time: 9.173623
INFO:root:[Epoch 136] train=0.172442 val=0.809700 loss=1.399708 time: 9.072306
INFO:root:[Epoch 137] train=0.172288 val=0.840700 loss=1.387449 time: 9.194561
INFO:root:[Epoch 138] train=0.172881 val=0.815700 loss=1.433961 time: 9.166271
INFO:root:[Epoch 139] train=0.172874 val=0.831600 loss=1.416111 time: 9.216907
INFO:root:[Epoch 140] train=0.173171 val=0.796100 loss=1.442229 time: 9.143743
INFO:root:[Epoch 141] train=0.172582 val=0.816000 loss=1.413930 time: 9.165180
INFO:root:[Epoch 142] train=0.172198 val=0.813700 loss=1.445393 time: 9.048560
INFO:root:[Epoch 143] train=0.173335 val=0.803500 loss=1.432236 time: 9.210166
INFO:root:[Epoch 144] train=0.172383 val=0.811800 loss=1.419481 time: 9.177028
INFO:root:[Epoch 145] train=0.172668 val=0.790500 loss=1.418332 time: 9.215642
INFO:root:[Epoch 146] train=0.172503 val=0.827600 loss=1.440450 time: 9.178245
INFO:root:[Epoch 147] train=0.172111 val=0.832700 loss=1.450060 time: 9.080655
INFO:root:[Epoch 148] train=0.172699 val=0.811200 loss=1.406937 time: 9.082267
INFO:root:[Epoch 149] train=0.172566 val=0.848600 loss=1.423759 time: 9.086265
INFO:root:[Epoch 150] train=0.166172 val=0.866000 loss=1.362725 time: 9.043023
INFO:root:[Epoch 151] train=0.162573 val=0.872800 loss=1.337421 time: 9.281195
INFO:root:[Epoch 152] train=0.161711 val=0.875700 loss=1.313847 time: 9.258730
INFO:root:[Epoch 153] train=0.161635 val=0.880900 loss=1.342241 time: 9.245467
INFO:root:[Epoch 154] train=0.161257 val=0.880100 loss=1.336084 time: 9.178795
INFO:root:[Epoch 155] train=0.160260 val=0.880200 loss=1.315978 time: 9.145508
INFO:root:[Epoch 156] train=0.159998 val=0.882600 loss=1.333447 time: 9.289340
INFO:root:[Epoch 157] train=0.159403 val=0.887400 loss=1.310471 time: 9.208888
INFO:root:[Epoch 158] train=0.159502 val=0.878900 loss=1.303297 time: 9.153547
INFO:root:[Epoch 159] train=0.158989 val=0.887200 loss=1.288194 time: 9.113164
INFO:root:[Epoch 160] train=0.158618 val=0.885300 loss=1.276317 time: 9.360411
INFO:root:[Epoch 161] train=0.158447 val=0.888200 loss=1.272309 time: 9.068158
INFO:root:[Epoch 162] train=0.159139 val=0.881200 loss=1.302014 time: 9.175053
INFO:root:[Epoch 163] train=0.158664 val=0.886000 loss=1.301579 time: 9.196725
INFO:root:[Epoch 164] train=0.158442 val=0.890100 loss=1.294767 time: 9.078415
INFO:root:[Epoch 165] train=0.158175 val=0.888000 loss=1.303917 time: 9.138893
INFO:root:[Epoch 166] train=0.158030 val=0.885000 loss=1.303748 time: 9.157609
INFO:root:[Epoch 167] train=0.158712 val=0.886900 loss=1.296357 time: 9.284847
INFO:root:[Epoch 168] train=0.158442 val=0.890300 loss=1.306126 time: 9.299232
INFO:root:[Epoch 169] train=0.158120 val=0.888400 loss=1.302556 time: 9.225527
INFO:root:[Epoch 170] train=0.158203 val=0.888100 loss=1.326888 time: 9.211034
INFO:root:[Epoch 171] train=0.158371 val=0.888500 loss=1.328925 time: 9.297686
INFO:root:[Epoch 172] train=0.157937 val=0.886400 loss=1.311276 time: 9.217747
INFO:root:[Epoch 173] train=0.157763 val=0.890900 loss=1.298931 time: 9.186565
INFO:root:[Epoch 174] train=0.157740 val=0.888700 loss=1.316365 time: 9.161416
INFO:root:[Epoch 175] train=0.157828 val=0.888800 loss=1.296767 time: 9.329191
INFO:root:[Epoch 176] train=0.157296 val=0.889400 loss=1.304326 time: 9.181027
INFO:root:[Epoch 177] train=0.158051 val=0.883000 loss=1.318356 time: 9.188797
INFO:root:[Epoch 178] train=0.157015 val=0.884200 loss=1.307327 time: 9.142725
INFO:root:[Epoch 179] train=0.157317 val=0.883600 loss=1.285867 time: 9.230220
INFO:root:[Epoch 180] train=0.157007 val=0.890400 loss=1.298935 time: 9.135989
INFO:root:[Epoch 181] train=0.157264 val=0.890300 loss=1.301464 time: 9.107821
INFO:root:[Epoch 182] train=0.157130 val=0.889800 loss=1.272602 time: 9.015722
INFO:root:[Epoch 183] train=0.156864 val=0.890200 loss=1.284927 time: 9.142103
INFO:root:[Epoch 184] train=0.156845 val=0.891900 loss=1.291542 time: 9.058436
INFO:root:[Epoch 185] train=0.156715 val=0.887300 loss=1.307913 time: 9.175782
INFO:root:[Epoch 186] train=0.157109 val=0.887400 loss=1.301337 time: 9.049373
INFO:root:[Epoch 187] train=0.156799 val=0.895700 loss=1.293484 time: 9.118738
INFO:root:[Epoch 188] train=0.156345 val=0.893600 loss=1.282666 time: 8.964510
INFO:root:[Epoch 189] train=0.156788 val=0.893200 loss=1.313405 time: 9.027620
INFO:root:[Epoch 190] train=0.156812 val=0.892900 loss=1.278038 time: 9.231642
INFO:root:[Epoch 191] train=0.155998 val=0.890200 loss=1.293815 time: 9.089554
INFO:root:[Epoch 192] train=0.156611 val=0.888900 loss=1.279655 time: 9.038854
INFO:root:[Epoch 193] train=0.157168 val=0.889600 loss=1.302101 time: 9.109410
INFO:root:[Epoch 194] train=0.156637 val=0.890700 loss=1.283550 time: 9.181394
INFO:root:[Epoch 195] train=0.155931 val=0.887900 loss=1.273310 time: 9.167548
INFO:root:[Epoch 196] train=0.156195 val=0.887900 loss=1.274837 time: 9.132645
INFO:root:[Epoch 197] train=0.156589 val=0.892500 loss=1.265173 time: 9.125511
INFO:root:[Epoch 198] train=0.156630 val=0.892900 loss=1.298251 time: 9.217957
INFO:root:[Epoch 199] train=0.156863 val=0.897200 loss=1.258056 time: 9.081444
INFO:root:[Epoch 200] train=0.156656 val=0.890900 loss=1.304486 time: 9.204613
INFO:root:[Epoch 201] train=0.157037 val=0.893000 loss=1.308356 time: 9.159743
INFO:root:[Epoch 202] train=0.155975 val=0.895100 loss=1.277007 time: 9.252395
INFO:root:[Epoch 203] train=0.155749 val=0.892200 loss=1.290296 time: 9.127991
INFO:root:[Epoch 204] train=0.155978 val=0.893400 loss=1.299406 time: 8.995130
INFO:root:[Epoch 205] train=0.156634 val=0.893000 loss=1.289156 time: 9.203225
INFO:root:[Epoch 206] train=0.156384 val=0.894800 loss=1.276784 time: 9.074731
INFO:root:[Epoch 207] train=0.155589 val=0.893700 loss=1.276221 time: 9.095718
INFO:root:[Epoch 208] train=0.156262 val=0.893800 loss=1.311866 time: 9.211817
INFO:root:[Epoch 209] train=0.155829 val=0.889600 loss=1.286771 time: 9.194895
INFO:root:[Epoch 210] train=0.155989 val=0.893300 loss=1.291801 time: 9.076370
INFO:root:[Epoch 211] train=0.156669 val=0.889000 loss=1.306848 time: 9.246950
INFO:root:[Epoch 212] train=0.155332 val=0.895400 loss=1.276419 time: 9.138723
INFO:root:[Epoch 213] train=0.155659 val=0.894000 loss=1.272934 time: 9.273228
INFO:root:[Epoch 214] train=0.155034 val=0.894100 loss=1.257777 time: 9.235155
INFO:root:[Epoch 215] train=0.155554 val=0.891600 loss=1.273781 time: 9.180599
INFO:root:[Epoch 216] train=0.155570 val=0.893500 loss=1.267828 time: 9.280946
INFO:root:[Epoch 217] train=0.156599 val=0.892100 loss=1.305398 time: 9.063694
INFO:root:[Epoch 218] train=0.156403 val=0.895900 loss=1.310075 time: 9.171881
INFO:root:[Epoch 219] train=0.155480 val=0.886500 loss=1.260108 time: 9.240155
INFO:root:[Epoch 220] train=0.156166 val=0.881800 loss=1.282437 time: 9.180532
INFO:root:[Epoch 221] train=0.155952 val=0.893300 loss=1.291315 time: 9.110199
INFO:root:[Epoch 222] train=0.156137 val=0.897600 loss=1.290458 time: 9.001783
INFO:root:[Epoch 223] train=0.156413 val=0.891100 loss=1.309339 time: 9.139411
INFO:root:[Epoch 224] train=0.155262 val=0.891700 loss=1.281530 time: 9.223704
INFO:root:[Epoch 225] train=0.156642 val=0.894200 loss=1.300506 time: 9.064570
INFO:root:[Epoch 226] train=0.155566 val=0.891000 loss=1.284616 time: 9.055445
INFO:root:[Epoch 227] train=0.156010 val=0.896400 loss=1.294060 time: 9.221166
INFO:root:[Epoch 228] train=0.156469 val=0.892000 loss=1.296116 time: 9.263983
INFO:root:[Epoch 229] train=0.156373 val=0.896500 loss=1.278842 time: 9.086388
INFO:root:[Epoch 230] train=0.155937 val=0.894200 loss=1.290231 time: 9.161892
INFO:root:[Epoch 231] train=0.155860 val=0.892300 loss=1.286980 time: 9.098562
INFO:root:[Epoch 232] train=0.156388 val=0.896100 loss=1.282383 time: 9.126815
INFO:root:[Epoch 233] train=0.155559 val=0.898300 loss=1.270829 time: 9.063202
INFO:root:[Epoch 234] train=0.156113 val=0.895800 loss=1.299466 time: 9.059581
INFO:root:[Epoch 235] train=0.156250 val=0.894000 loss=1.288330 time: 9.285995
INFO:root:[Epoch 236] train=0.155900 val=0.891600 loss=1.281444 time: 9.147404
INFO:root:[Epoch 237] train=0.156436 val=0.887400 loss=1.292112 time: 9.148976
INFO:root:[Epoch 238] train=0.155727 val=0.893400 loss=1.296178 time: 9.182334
INFO:root:[Epoch 239] train=0.156528 val=0.893800 loss=1.281097 time: 9.343540
INFO:root:[Epoch 240] train=0.156125 val=0.898100 loss=1.287099 time: 9.228704
INFO:root:[Epoch 241] train=0.155944 val=0.897800 loss=1.279877 time: 9.157134
INFO:root:[Epoch 242] train=0.155290 val=0.897500 loss=1.271803 time: 9.211322
INFO:root:[Epoch 243] train=0.156239 val=0.891600 loss=1.316246 time: 9.206987
INFO:root:[Epoch 244] train=0.155903 val=0.893900 loss=1.280824 time: 9.269660
INFO:root:[Epoch 245] train=0.154736 val=0.898900 loss=1.252318 time: 9.265965
INFO:root:[Epoch 246] train=0.155027 val=0.891700 loss=1.275220 time: 9.212053
INFO:root:[Epoch 247] train=0.155570 val=0.891300 loss=1.275552 time: 9.062271
INFO:root:[Epoch 248] train=0.155502 val=0.894400 loss=1.246870 time: 9.279896
INFO:root:[Epoch 249] train=0.155136 val=0.896100 loss=1.279853 time: 9.234325
INFO:root:[Epoch 250] train=0.154686 val=0.901900 loss=1.284335 time: 9.218335
INFO:root:[Epoch 251] train=0.152591 val=0.903700 loss=1.251140 time: 9.220835
INFO:root:[Epoch 252] train=0.152095 val=0.903600 loss=1.234734 time: 9.242181
INFO:root:[Epoch 253] train=0.151890 val=0.902100 loss=1.257063 time: 9.187409
INFO:root:[Epoch 254] train=0.151757 val=0.903400 loss=1.257021 time: 9.269107
INFO:root:[Epoch 255] train=0.152196 val=0.905900 loss=1.271565 time: 9.175222
INFO:root:[Epoch 256] train=0.152216 val=0.905800 loss=1.242866 time: 9.193218
INFO:root:[Epoch 257] train=0.151774 val=0.905500 loss=1.250558 time: 9.189763
INFO:root:[Epoch 258] train=0.152360 val=0.905000 loss=1.258577 time: 9.540926
INFO:root:[Epoch 259] train=0.152511 val=0.905000 loss=1.261221 time: 9.284382
INFO:root:[Epoch 260] train=0.152517 val=0.904900 loss=1.254450 time: 9.249783
INFO:root:[Epoch 261] train=0.151444 val=0.905800 loss=1.234223 time: 9.237814
INFO:root:[Epoch 262] train=0.151891 val=0.906600 loss=1.260717 time: 9.247547
INFO:root:[Epoch 263] train=0.152056 val=0.907100 loss=1.249133 time: 9.191951
INFO:root:[Epoch 264] train=0.151940 val=0.904500 loss=1.275022 time: 9.122173
INFO:root:[Epoch 265] train=0.151669 val=0.906900 loss=1.240329 time: 9.276717
INFO:root:[Epoch 266] train=0.151490 val=0.906000 loss=1.242350 time: 9.180976
INFO:root:[Epoch 267] train=0.151765 val=0.905800 loss=1.271071 time: 9.180571
INFO:root:[Epoch 268] train=0.151665 val=0.904200 loss=1.257510 time: 9.166139
INFO:root:[Epoch 269] train=0.151796 val=0.906200 loss=1.249628 time: 9.307003
INFO:root:[Epoch 270] train=0.152161 val=0.907000 loss=1.273186 time: 9.246155
INFO:root:[Epoch 271] train=0.150891 val=0.907900 loss=1.219253 time: 9.237359
INFO:root:[Epoch 272] train=0.151283 val=0.907000 loss=1.223631 time: 9.247547
INFO:root:[Epoch 273] train=0.151478 val=0.908600 loss=1.247710 time: 9.269180
INFO:root:[Epoch 274] train=0.150982 val=0.907000 loss=1.238989 time: 9.247389
INFO:root:[Epoch 275] train=0.150686 val=0.908000 loss=1.227038 time: 9.215109
INFO:root:[Epoch 276] train=0.151327 val=0.906000 loss=1.262067 time: 9.294825
INFO:root:[Epoch 277] train=0.151317 val=0.908400 loss=1.243880 time: 9.282734
INFO:root:[Epoch 278] train=0.151395 val=0.906800 loss=1.274706 time: 9.275849
INFO:root:[Epoch 279] train=0.150633 val=0.909000 loss=1.230287 time: 9.330606
INFO:root:[Epoch 280] train=0.151679 val=0.907000 loss=1.258531 time: 9.243988
INFO:root:[Epoch 281] train=0.151675 val=0.906900 loss=1.251460 time: 9.206544
INFO:root:[Epoch 282] train=0.151310 val=0.907300 loss=1.246842 time: 9.215552
INFO:root:[Epoch 283] train=0.150934 val=0.906200 loss=1.241670 time: 9.219014
INFO:root:[Epoch 284] train=0.150443 val=0.909000 loss=1.244562 time: 9.500914
INFO:root:[Epoch 285] train=0.150981 val=0.907700 loss=1.235450 time: 9.250809
INFO:root:[Epoch 286] train=0.150511 val=0.909400 loss=1.238223 time: 9.339412
INFO:root:[Epoch 287] train=0.151414 val=0.905600 loss=1.263693 time: 9.185761
INFO:root:[Epoch 288] train=0.150787 val=0.905900 loss=1.232387 time: 9.366519
INFO:root:[Epoch 289] train=0.151554 val=0.906400 loss=1.252171 time: 9.447065
INFO:root:[Epoch 290] train=0.151375 val=0.907900 loss=1.261644 time: 9.293590
INFO:root:[Epoch 291] train=0.152406 val=0.906600 loss=1.279477 time: 9.476364
INFO:root:[Epoch 292] train=0.150479 val=0.910500 loss=1.202509 time: 9.313646
INFO:root:[Epoch 293] train=0.150769 val=0.906600 loss=1.234355 time: 9.358766
INFO:root:[Epoch 294] train=0.150683 val=0.908600 loss=1.268583 time: 9.481736
INFO:root:[Epoch 295] train=0.150491 val=0.907500 loss=1.240905 time: 9.338722
INFO:root:[Epoch 296] train=0.150614 val=0.909400 loss=1.242366 time: 9.347491
INFO:root:[Epoch 297] train=0.150844 val=0.907400 loss=1.260023 time: 9.308655
INFO:root:[Epoch 298] train=0.151334 val=0.907900 loss=1.259408 time: 9.332436
INFO:root:[Epoch 299] train=0.151287 val=0.907500 loss=1.272529 time: 9.382328
INFO:root:[Epoch 300] train=0.148393 val=0.910900 loss=0.481852 time: 9.333446
INFO:root:[Epoch 301] train=0.147934 val=0.910300 loss=0.472206 time: 9.326893
INFO:root:[Epoch 302] train=0.147033 val=0.909600 loss=0.466130 time: 9.461513
INFO:root:[Epoch 303] train=0.146576 val=0.911800 loss=0.461475 time: 9.325460
INFO:root:[Epoch 304] train=0.146542 val=0.911600 loss=0.462529 time: 9.320397
INFO:root:[Epoch 305] train=0.146371 val=0.912800 loss=0.459089 time: 9.273513
INFO:root:[Epoch 306] train=0.146473 val=0.913100 loss=0.458764 time: 9.379003
INFO:root:[Epoch 307] train=0.146510 val=0.912700 loss=0.458006 time: 9.266414
INFO:root:[Epoch 308] train=0.146188 val=0.911300 loss=0.456494 time: 9.564443
INFO:root:[Epoch 309] train=0.144383 val=0.911700 loss=0.444576 time: 9.360444
INFO:root:[Epoch 310] train=0.145515 val=0.913100 loss=0.452658 time: 9.282513
INFO:root:[Epoch 311] train=0.145147 val=0.912500 loss=0.448873 time: 9.282941
INFO:root:[Epoch 312] train=0.144546 val=0.913300 loss=0.445814 time: 9.300533
INFO:root:[Epoch 313] train=0.144744 val=0.912600 loss=0.446322 time: 9.283177
INFO:root:[Epoch 314] train=0.143549 val=0.912400 loss=0.440826 time: 9.310540
INFO:root:[Epoch 315] train=0.144873 val=0.912900 loss=0.447091 time: 9.314431
INFO:root:[Epoch 316] train=0.144448 val=0.910900 loss=0.445059 time: 9.414942
INFO:root:[Epoch 317] train=0.144313 val=0.913400 loss=0.443152 time: 9.533583
INFO:root:[Epoch 318] train=0.143860 val=0.913100 loss=0.441455 time: 9.375708
INFO:root:[Epoch 319] train=0.144374 val=0.913100 loss=0.445216 time: 9.411060
INFO:root:[Epoch 320] train=0.143950 val=0.913700 loss=0.441756 time: 9.385533
INFO:root:[Epoch 321] train=0.143645 val=0.911400 loss=0.438981 time: 9.425532
INFO:root:[Epoch 322] train=0.144007 val=0.912600 loss=0.441795 time: 9.372734
INFO:root:[Epoch 323] train=0.143691 val=0.912900 loss=0.437238 time: 9.341160
INFO:root:[Epoch 324] train=0.144242 val=0.911700 loss=0.443750 time: 9.239035
INFO:root:[Epoch 325] train=0.142618 val=0.914200 loss=0.433196 time: 9.447679
INFO:root:[Epoch 326] train=0.143699 val=0.912900 loss=0.439082 time: 9.204882
INFO:root:[Epoch 327] train=0.144273 val=0.912900 loss=0.441823 time: 9.309671
INFO:root:[Epoch 328] train=0.143381 val=0.913500 loss=0.437036 time: 9.396365
INFO:root:[Epoch 329] train=0.143719 val=0.913500 loss=0.438660 time: 9.364232
INFO:root:[Epoch 330] train=0.143122 val=0.915300 loss=0.436367 time: 9.452235
INFO:root:[Epoch 331] train=0.142838 val=0.913500 loss=0.434547 time: 9.354663
INFO:root:[Epoch 332] train=0.142690 val=0.915300 loss=0.432621 time: 9.414964
INFO:root:[Epoch 333] train=0.143165 val=0.913800 loss=0.434177 time: 9.386172
INFO:root:[Epoch 334] train=0.142573 val=0.914400 loss=0.432995 time: 9.349836
INFO:root:[Epoch 335] train=0.143285 val=0.913300 loss=0.434845 time: 9.388500
INFO:root:[Epoch 336] train=0.143275 val=0.912500 loss=0.436926 time: 9.451353
INFO:root:[Epoch 337] train=0.142646 val=0.912700 loss=0.430253 time: 9.457768
INFO:root:[Epoch 338] train=0.143027 val=0.912700 loss=0.433672 time: 9.335117
INFO:root:[Epoch 339] train=0.142657 val=0.912200 loss=0.432852 time: 9.497831
INFO:root:[Epoch 340] train=0.142460 val=0.915300 loss=0.432170 time: 9.291286
INFO:root:[Epoch 341] train=0.143240 val=0.913800 loss=0.437672 time: 9.422077
INFO:root:[Epoch 342] train=0.143664 val=0.914900 loss=0.436318 time: 9.345299
INFO:root:[Epoch 343] train=0.142028 val=0.915000 loss=0.428114 time: 9.679794
INFO:root:[Epoch 344] train=0.141692 val=0.914500 loss=0.426655 time: 9.358619
INFO:root:[Epoch 345] train=0.142620 val=0.914100 loss=0.433462 time: 9.452393
INFO:root:[Epoch 346] train=0.141960 val=0.913100 loss=0.426162 time: 9.378227
INFO:root:[Epoch 347] train=0.142006 val=0.913200 loss=0.428437 time: 9.457984
INFO:root:[Epoch 348] train=0.142219 val=0.912700 loss=0.429239 time: 9.504083
INFO:root:[Epoch 349] train=0.142695 val=0.914400 loss=0.431731 time: 9.287705
