INFO:root:Namespace(batch_size=128, drop_rate=0.0, logging_dir='logs', lr=0.1, lr_decay=0.1, lr_decay_epoch='150,250', lr_decay_period=0, mode='hybrid', model='cifar_resnet56_v1', momentum=0.9, num_epochs=350, num_gpus=1, num_workers=8, resume_from=None, save_dir='params', save_period=10, save_plot_dir='.', wd=0.0001)
/usr/local/lib/python2.7/dist-packages/mxnet/gluon/data/vision/datasets.py:193: DeprecationWarning: The binary mode of fromstring is deprecated, as it behaves surprisingly on unicode inputs. Use frombuffer instead
  data = np.fromstring(fin.read(), dtype=np.uint8).reshape(-1, 3072+1)
[05:29:33] src/operator/nn/./cudnn/./cudnn_algoreg-inl.h:107: Running performance tests to find the best convolution algorithm, this can take a while... (setting env variable MXNET_CUDNN_AUTOTUNE_DEFAULT to 0 to disable)
INFO:root:[Epoch 0] train=0.240226 val=0.307800 loss=2.302343 time: 20.052164
INFO:root:[Epoch 1] train=0.230649 val=0.345600 loss=2.071851 time: 19.077604
INFO:root:[Epoch 2] train=0.227962 val=0.392300 loss=1.992414 time: 18.895273
INFO:root:[Epoch 3] train=0.223137 val=0.463600 loss=1.947887 time: 19.310804
INFO:root:[Epoch 4] train=0.219838 val=0.482600 loss=1.896969 time: 19.077761
INFO:root:[Epoch 5] train=0.216190 val=0.536600 loss=1.862035 time: 19.263687
INFO:root:[Epoch 6] train=0.213551 val=0.565000 loss=1.799799 time: 19.160412
INFO:root:[Epoch 7] train=0.209999 val=0.577400 loss=1.761770 time: 19.154401
INFO:root:[Epoch 8] train=0.206046 val=0.556300 loss=1.727877 time: 19.062530
INFO:root:[Epoch 9] train=0.204319 val=0.633300 loss=1.700748 time: 19.275136
INFO:root:[Epoch 10] train=0.199452 val=0.670700 loss=1.698216 time: 19.073716
INFO:root:[Epoch 11] train=0.199505 val=0.675700 loss=1.643723 time: 19.166149
INFO:root:[Epoch 12] train=0.196290 val=0.669800 loss=1.604575 time: 19.063020
INFO:root:[Epoch 13] train=0.195069 val=0.660700 loss=1.607182 time: 19.123817
INFO:root:[Epoch 14] train=0.192091 val=0.717500 loss=1.620480 time: 19.201641
INFO:root:[Epoch 15] train=0.191058 val=0.688100 loss=1.598616 time: 19.063515
INFO:root:[Epoch 16] train=0.188852 val=0.746300 loss=1.590220 time: 19.170806
INFO:root:[Epoch 17] train=0.188564 val=0.694600 loss=1.561340 time: 19.160833
INFO:root:[Epoch 18] train=0.188177 val=0.701000 loss=1.548059 time: 19.120436
INFO:root:[Epoch 19] train=0.186475 val=0.745000 loss=1.534992 time: 19.259279
INFO:root:[Epoch 20] train=0.186254 val=0.710500 loss=1.526892 time: 19.205770
INFO:root:[Epoch 21] train=0.184985 val=0.730500 loss=1.526257 time: 19.086522
INFO:root:[Epoch 22] train=0.184504 val=0.773500 loss=1.500794 time: 19.135855
INFO:root:[Epoch 23] train=0.182262 val=0.760600 loss=1.493082 time: 19.118366
INFO:root:[Epoch 24] train=0.181858 val=0.762500 loss=1.517175 time: 19.239206
INFO:root:[Epoch 25] train=0.180971 val=0.768300 loss=1.517963 time: 19.054457
INFO:root:[Epoch 26] train=0.181050 val=0.786300 loss=1.478277 time: 19.342629
INFO:root:[Epoch 27] train=0.179650 val=0.788400 loss=1.466778 time: 19.095781
INFO:root:[Epoch 28] train=0.180295 val=0.755700 loss=1.464530 time: 19.194793
INFO:root:[Epoch 29] train=0.179645 val=0.781200 loss=1.481806 time: 19.042197
INFO:root:[Epoch 30] train=0.178848 val=0.793400 loss=1.491367 time: 19.110224
INFO:root:[Epoch 31] train=0.177761 val=0.777200 loss=1.464017 time: 19.191674
INFO:root:[Epoch 32] train=0.178172 val=0.791200 loss=1.444517 time: 19.161708
INFO:root:[Epoch 33] train=0.177325 val=0.795000 loss=1.470124 time: 19.091822
INFO:root:[Epoch 34] train=0.177160 val=0.788000 loss=1.458776 time: 19.147495
INFO:root:[Epoch 35] train=0.176782 val=0.765200 loss=1.466018 time: 18.967206
INFO:root:[Epoch 36] train=0.175669 val=0.808200 loss=1.423208 time: 19.207938
INFO:root:[Epoch 37] train=0.175471 val=0.774000 loss=1.427208 time: 18.994432
INFO:root:[Epoch 38] train=0.176192 val=0.806100 loss=1.444234 time: 19.124262
INFO:root:[Epoch 39] train=0.174226 val=0.783800 loss=1.451283 time: 19.253259
INFO:root:[Epoch 40] train=0.175383 val=0.782400 loss=1.440327 time: 19.157580
INFO:root:[Epoch 41] train=0.174452 val=0.797400 loss=1.425613 time: 19.297246
INFO:root:[Epoch 42] train=0.175157 val=0.812400 loss=1.427768 time: 19.156674
INFO:root:[Epoch 43] train=0.174515 val=0.802400 loss=1.437079 time: 19.133486
INFO:root:[Epoch 44] train=0.173628 val=0.824300 loss=1.417320 time: 19.058749
INFO:root:[Epoch 45] train=0.173352 val=0.814500 loss=1.431170 time: 19.043259
INFO:root:[Epoch 46] train=0.174108 val=0.763200 loss=1.382587 time: 19.369192
INFO:root:[Epoch 47] train=0.172190 val=0.807300 loss=1.404770 time: 19.105193
INFO:root:[Epoch 48] train=0.172744 val=0.834400 loss=1.398515 time: 19.231300
INFO:root:[Epoch 49] train=0.172278 val=0.808700 loss=1.424493 time: 19.130516
INFO:root:[Epoch 50] train=0.172741 val=0.817800 loss=1.411983 time: 19.107098
INFO:root:[Epoch 51] train=0.173401 val=0.802400 loss=1.391688 time: 19.288635
INFO:root:[Epoch 52] train=0.173002 val=0.815100 loss=1.405909 time: 19.072535
INFO:root:[Epoch 53] train=0.171619 val=0.810200 loss=1.417608 time: 19.048506
INFO:root:[Epoch 54] train=0.171587 val=0.842200 loss=1.419388 time: 19.188122
INFO:root:[Epoch 55] train=0.172656 val=0.830300 loss=1.415729 time: 19.280587
INFO:root:[Epoch 56] train=0.171811 val=0.800200 loss=1.391734 time: 18.996796
INFO:root:[Epoch 57] train=0.171086 val=0.809300 loss=1.419507 time: 19.218007
INFO:root:[Epoch 58] train=0.170315 val=0.821100 loss=1.400880 time: 19.206789
INFO:root:[Epoch 59] train=0.170859 val=0.844500 loss=1.422328 time: 19.323166
INFO:root:[Epoch 60] train=0.171169 val=0.826100 loss=1.382237 time: 18.976381
INFO:root:[Epoch 61] train=0.171103 val=0.794300 loss=1.426739 time: 19.458928
INFO:root:[Epoch 62] train=0.170415 val=0.821800 loss=1.420847 time: 19.103336
INFO:root:[Epoch 63] train=0.170254 val=0.831100 loss=1.440455 time: 19.213022
INFO:root:[Epoch 64] train=0.170309 val=0.829300 loss=1.414503 time: 19.080746
INFO:root:[Epoch 65] train=0.170586 val=0.830400 loss=1.418865 time: 19.251385
INFO:root:[Epoch 66] train=0.170209 val=0.839800 loss=1.397632 time: 19.077498
INFO:root:[Epoch 67] train=0.170067 val=0.847500 loss=1.381308 time: 19.121453
INFO:root:[Epoch 68] train=0.168963 val=0.841300 loss=1.397845 time: 19.183497
INFO:root:[Epoch 69] train=0.169675 val=0.783400 loss=1.417158 time: 19.272486
INFO:root:[Epoch 70] train=0.169497 val=0.825200 loss=1.402111 time: 19.154331
INFO:root:[Epoch 71] train=0.169602 val=0.841200 loss=1.422753 time: 19.305745
INFO:root:[Epoch 72] train=0.169145 val=0.838000 loss=1.380742 time: 19.090104
INFO:root:[Epoch 73] train=0.169166 val=0.834200 loss=1.371706 time: 19.198399
INFO:root:[Epoch 74] train=0.168645 val=0.845100 loss=1.382437 time: 19.307024
INFO:root:[Epoch 75] train=0.169220 val=0.823300 loss=1.394816 time: 19.334649
INFO:root:[Epoch 76] train=0.168872 val=0.819700 loss=1.375934 time: 19.423543
INFO:root:[Epoch 77] train=0.168615 val=0.830700 loss=1.406541 time: 19.127072
INFO:root:[Epoch 78] train=0.168364 val=0.829000 loss=1.406456 time: 19.443676
INFO:root:[Epoch 79] train=0.168708 val=0.837100 loss=1.388786 time: 19.254479
INFO:root:[Epoch 80] train=0.168717 val=0.854600 loss=1.399184 time: 19.428193
INFO:root:[Epoch 81] train=0.168112 val=0.836500 loss=1.401836 time: 19.161802
INFO:root:[Epoch 82] train=0.168151 val=0.833700 loss=1.377502 time: 19.415092
INFO:root:[Epoch 83] train=0.168238 val=0.845900 loss=1.373944 time: 19.180460
INFO:root:[Epoch 84] train=0.168703 val=0.820300 loss=1.375036 time: 19.244035
INFO:root:[Epoch 85] train=0.168636 val=0.860200 loss=1.404884 time: 19.264855
INFO:root:[Epoch 86] train=0.167926 val=0.830500 loss=1.375269 time: 19.215606
INFO:root:[Epoch 87] train=0.168326 val=0.844400 loss=1.369032 time: 19.065977
INFO:root:[Epoch 88] train=0.169298 val=0.845600 loss=1.366077 time: 19.226553
INFO:root:[Epoch 89] train=0.167935 val=0.840900 loss=1.383884 time: 19.158038
INFO:root:[Epoch 90] train=0.167779 val=0.845800 loss=1.374412 time: 19.310935
INFO:root:[Epoch 91] train=0.168482 val=0.838200 loss=1.378101 time: 19.128101
INFO:root:[Epoch 92] train=0.167718 val=0.847000 loss=1.377074 time: 19.205052
INFO:root:[Epoch 93] train=0.168067 val=0.846400 loss=1.385209 time: 19.228181
INFO:root:[Epoch 94] train=0.166922 val=0.848600 loss=1.390231 time: 19.403875
INFO:root:[Epoch 95] train=0.167166 val=0.833500 loss=1.378977 time: 19.258334
INFO:root:[Epoch 96] train=0.166979 val=0.851300 loss=1.367398 time: 19.169784
INFO:root:[Epoch 97] train=0.168278 val=0.836500 loss=1.366350 time: 19.346630
INFO:root:[Epoch 98] train=0.167296 val=0.812300 loss=1.359909 time: 19.310631
INFO:root:[Epoch 99] train=0.167509 val=0.845800 loss=1.359287 time: 19.026489
INFO:root:[Epoch 100] train=0.167522 val=0.846600 loss=1.371406 time: 19.197251
INFO:root:[Epoch 101] train=0.167546 val=0.824000 loss=1.376046 time: 19.205037
INFO:root:[Epoch 102] train=0.166306 val=0.845400 loss=1.351947 time: 19.197287
INFO:root:[Epoch 103] train=0.166432 val=0.841200 loss=1.368236 time: 19.251767
INFO:root:[Epoch 104] train=0.167226 val=0.811500 loss=1.384457 time: 19.309995
INFO:root:[Epoch 105] train=0.167255 val=0.842400 loss=1.362644 time: 19.229149
INFO:root:[Epoch 106] train=0.167106 val=0.842000 loss=1.377439 time: 19.265188
INFO:root:[Epoch 107] train=0.166464 val=0.866700 loss=1.381523 time: 19.485276
INFO:root:[Epoch 108] train=0.165816 val=0.850500 loss=1.364351 time: 19.192347
INFO:root:[Epoch 109] train=0.166937 val=0.844200 loss=1.392770 time: 19.255917
INFO:root:[Epoch 110] train=0.166388 val=0.850600 loss=1.366038 time: 19.350705
INFO:root:[Epoch 111] train=0.166725 val=0.832800 loss=1.379833 time: 19.227938
INFO:root:[Epoch 112] train=0.167007 val=0.821400 loss=1.349869 time: 19.214618
INFO:root:[Epoch 113] train=0.165925 val=0.858800 loss=1.371260 time: 19.394585
INFO:root:[Epoch 114] train=0.166442 val=0.848300 loss=1.379103 time: 19.284150
INFO:root:[Epoch 115] train=0.166492 val=0.832600 loss=1.377235 time: 19.222777
INFO:root:[Epoch 116] train=0.165759 val=0.853900 loss=1.383848 time: 19.234243
INFO:root:[Epoch 117] train=0.166512 val=0.867700 loss=1.335318 time: 19.382267
INFO:root:[Epoch 118] train=0.166098 val=0.850500 loss=1.372975 time: 19.279825
INFO:root:[Epoch 119] train=0.165177 val=0.822300 loss=1.367905 time: 19.384618
INFO:root:[Epoch 120] train=0.166011 val=0.840100 loss=1.370428 time: 19.164688
INFO:root:[Epoch 121] train=0.166126 val=0.843700 loss=1.377426 time: 19.377986
INFO:root:[Epoch 122] train=0.165882 val=0.856300 loss=1.349842 time: 19.179124
INFO:root:[Epoch 123] train=0.165707 val=0.858300 loss=1.377680 time: 19.361197
INFO:root:[Epoch 124] train=0.165304 val=0.838100 loss=1.353425 time: 19.177749
INFO:root:[Epoch 125] train=0.165251 val=0.839900 loss=1.369921 time: 19.302155
INFO:root:[Epoch 126] train=0.165769 val=0.858600 loss=1.349621 time: 19.233507
INFO:root:[Epoch 127] train=0.165226 val=0.854400 loss=1.349115 time: 19.379701
INFO:root:[Epoch 128] train=0.165999 val=0.850500 loss=1.358418 time: 19.327337
INFO:root:[Epoch 129] train=0.166731 val=0.859100 loss=1.367909 time: 19.307749
INFO:root:[Epoch 130] train=0.165141 val=0.858600 loss=1.343444 time: 19.335619
INFO:root:[Epoch 131] train=0.165944 val=0.867300 loss=1.359013 time: 19.435495
INFO:root:[Epoch 132] train=0.166102 val=0.831100 loss=1.343499 time: 19.299843
INFO:root:[Epoch 133] train=0.166279 val=0.840700 loss=1.359967 time: 19.379083
INFO:root:[Epoch 134] train=0.165264 val=0.864800 loss=1.344259 time: 19.386378
INFO:root:[Epoch 135] train=0.165084 val=0.842000 loss=1.335597 time: 19.174055
INFO:root:[Epoch 136] train=0.165486 val=0.853200 loss=1.369312 time: 19.463925
INFO:root:[Epoch 137] train=0.164739 val=0.857300 loss=1.382746 time: 19.392841
INFO:root:[Epoch 138] train=0.165620 val=0.844700 loss=1.359859 time: 19.458627
INFO:root:[Epoch 139] train=0.164640 val=0.837700 loss=1.361858 time: 19.286726
INFO:root:[Epoch 140] train=0.164964 val=0.862700 loss=1.347478 time: 19.360226
INFO:root:[Epoch 141] train=0.165225 val=0.865000 loss=1.355799 time: 19.190689
INFO:root:[Epoch 142] train=0.165051 val=0.863000 loss=1.370266 time: 19.560092
INFO:root:[Epoch 143] train=0.165209 val=0.837800 loss=1.345926 time: 19.167873
INFO:root:[Epoch 144] train=0.165891 val=0.859800 loss=1.383379 time: 19.372793
INFO:root:[Epoch 145] train=0.164975 val=0.831000 loss=1.383310 time: 19.236690
INFO:root:[Epoch 146] train=0.164953 val=0.832600 loss=1.344866 time: 19.437068
INFO:root:[Epoch 147] train=0.165251 val=0.857400 loss=1.379443 time: 19.163930
INFO:root:[Epoch 148] train=0.164544 val=0.858700 loss=1.346719 time: 19.504098
INFO:root:[Epoch 149] train=0.165722 val=0.866500 loss=1.351319 time: 19.508134
INFO:root:[Epoch 150] train=0.158239 val=0.897800 loss=1.296698 time: 19.356886
INFO:root:[Epoch 151] train=0.153012 val=0.899300 loss=1.248792 time: 19.310764
INFO:root:[Epoch 152] train=0.152280 val=0.905700 loss=1.247901 time: 19.493163
INFO:root:[Epoch 153] train=0.152357 val=0.907400 loss=1.264871 time: 19.251467
INFO:root:[Epoch 154] train=0.151029 val=0.905700 loss=1.253192 time: 19.238726
INFO:root:[Epoch 155] train=0.150310 val=0.905900 loss=1.261882 time: 19.349860
INFO:root:[Epoch 156] train=0.150145 val=0.906600 loss=1.257582 time: 19.382899
INFO:root:[Epoch 157] train=0.149785 val=0.908200 loss=1.219157 time: 19.392324
INFO:root:[Epoch 158] train=0.149952 val=0.909100 loss=1.242482 time: 19.343277
INFO:root:[Epoch 159] train=0.150308 val=0.909900 loss=1.271920 time: 19.233410
INFO:root:[Epoch 160] train=0.149267 val=0.910600 loss=1.245591 time: 19.433678
INFO:root:[Epoch 161] train=0.148435 val=0.910300 loss=1.224928 time: 19.370655
INFO:root:[Epoch 162] train=0.148589 val=0.909100 loss=1.236164 time: 19.326626
INFO:root:[Epoch 163] train=0.148368 val=0.913200 loss=1.237183 time: 19.116355
INFO:root:[Epoch 164] train=0.148220 val=0.913500 loss=1.225293 time: 19.273278
INFO:root:[Epoch 165] train=0.146763 val=0.913900 loss=1.206332 time: 19.188541
INFO:root:[Epoch 166] train=0.147913 val=0.914000 loss=1.222307 time: 19.116073
INFO:root:[Epoch 167] train=0.147812 val=0.910900 loss=1.215496 time: 19.091751
INFO:root:[Epoch 168] train=0.147751 val=0.913200 loss=1.223380 time: 19.299509
INFO:root:[Epoch 169] train=0.147464 val=0.912900 loss=1.229505 time: 19.223379
INFO:root:[Epoch 170] train=0.146879 val=0.916500 loss=1.208087 time: 19.337117
INFO:root:[Epoch 171] train=0.148437 val=0.917600 loss=1.222653 time: 19.234305
INFO:root:[Epoch 172] train=0.146625 val=0.914500 loss=1.231533 time: 19.280865
INFO:root:[Epoch 173] train=0.146334 val=0.918000 loss=1.218527 time: 19.205227
INFO:root:[Epoch 174] train=0.147288 val=0.913400 loss=1.230502 time: 19.133386
INFO:root:[Epoch 175] train=0.147059 val=0.911400 loss=1.210334 time: 19.164772
INFO:root:[Epoch 176] train=0.147183 val=0.916800 loss=1.211444 time: 19.139827
INFO:root:[Epoch 177] train=0.145937 val=0.917100 loss=1.218435 time: 19.319886
INFO:root:[Epoch 178] train=0.147647 val=0.918300 loss=1.220598 time: 19.408203
INFO:root:[Epoch 179] train=0.146263 val=0.915900 loss=1.212629 time: 19.256251
INFO:root:[Epoch 180] train=0.146274 val=0.921400 loss=1.217591 time: 19.167328
INFO:root:[Epoch 181] train=0.145954 val=0.920300 loss=1.215510 time: 19.184656
INFO:root:[Epoch 182] train=0.146541 val=0.915700 loss=1.219682 time: 19.094287
INFO:root:[Epoch 183] train=0.145672 val=0.919700 loss=1.210429 time: 19.171392
INFO:root:[Epoch 184] train=0.145880 val=0.915100 loss=1.196882 time: 19.141758
INFO:root:[Epoch 185] train=0.146397 val=0.918800 loss=1.233854 time: 19.079008
INFO:root:[Epoch 186] train=0.145202 val=0.919100 loss=1.192761 time: 19.057010
INFO:root:[Epoch 187] train=0.145174 val=0.919900 loss=1.171151 time: 19.418761
INFO:root:[Epoch 188] train=0.145493 val=0.917100 loss=1.230674 time: 19.026590
INFO:root:[Epoch 189] train=0.146482 val=0.914600 loss=1.223567 time: 19.281449
INFO:root:[Epoch 190] train=0.144823 val=0.918700 loss=1.199509 time: 19.259855
INFO:root:[Epoch 191] train=0.145720 val=0.919900 loss=1.229640 time: 19.166142
INFO:root:[Epoch 192] train=0.144823 val=0.917500 loss=1.191136 time: 19.271870
INFO:root:[Epoch 193] train=0.144895 val=0.918600 loss=1.195658 time: 19.094074
INFO:root:[Epoch 194] train=0.145997 val=0.917400 loss=1.225270 time: 19.058923
INFO:root:[Epoch 195] train=0.144368 val=0.919000 loss=1.198203 time: 19.270308
INFO:root:[Epoch 196] train=0.144255 val=0.923200 loss=1.199923 time: 19.273200
INFO:root:[Epoch 197] train=0.144790 val=0.918500 loss=1.195131 time: 19.313950
INFO:root:[Epoch 198] train=0.145200 val=0.920400 loss=1.201903 time: 19.219508
INFO:root:[Epoch 199] train=0.146618 val=0.914700 loss=1.237415 time: 19.251192
INFO:root:[Epoch 200] train=0.144623 val=0.919900 loss=1.221049 time: 19.396860
INFO:root:[Epoch 201] train=0.145253 val=0.919300 loss=1.206765 time: 19.263997
INFO:root:[Epoch 202] train=0.145090 val=0.920000 loss=1.211336 time: 19.596066
INFO:root:[Epoch 203] train=0.145197 val=0.918900 loss=1.204022 time: 19.067877
INFO:root:[Epoch 204] train=0.144498 val=0.917300 loss=1.190558 time: 19.341548
INFO:root:[Epoch 205] train=0.145670 val=0.918200 loss=1.226471 time: 19.282569
INFO:root:[Epoch 206] train=0.144676 val=0.913800 loss=1.196674 time: 19.381474
INFO:root:[Epoch 207] train=0.144458 val=0.918900 loss=1.200388 time: 19.226033
INFO:root:[Epoch 208] train=0.144863 val=0.914300 loss=1.217835 time: 19.298719
INFO:root:[Epoch 209] train=0.143913 val=0.915700 loss=1.179976 time: 19.103696
INFO:root:[Epoch 210] train=0.143879 val=0.921600 loss=1.180187 time: 19.396520
INFO:root:[Epoch 211] train=0.144382 val=0.918500 loss=1.194370 time: 19.182398
INFO:root:[Epoch 212] train=0.145085 val=0.919700 loss=1.197233 time: 19.209717
INFO:root:[Epoch 213] train=0.144113 val=0.920800 loss=1.187919 time: 19.306069
INFO:root:[Epoch 214] train=0.143739 val=0.921600 loss=1.166791 time: 19.270896
INFO:root:[Epoch 215] train=0.143936 val=0.919300 loss=1.185018 time: 19.445788
INFO:root:[Epoch 216] train=0.142959 val=0.921400 loss=1.179224 time: 19.288962
INFO:root:[Epoch 217] train=0.144385 val=0.917800 loss=1.197667 time: 19.312746
INFO:root:[Epoch 218] train=0.144718 val=0.921000 loss=1.206328 time: 19.288238
INFO:root:[Epoch 219] train=0.144663 val=0.921500 loss=1.212504 time: 19.415983
INFO:root:[Epoch 220] train=0.145168 val=0.918600 loss=1.215769 time: 19.206640
INFO:root:[Epoch 221] train=0.144518 val=0.920300 loss=1.219799 time: 19.328089
INFO:root:[Epoch 222] train=0.144056 val=0.913700 loss=1.184194 time: 19.253839
INFO:root:[Epoch 223] train=0.143290 val=0.919000 loss=1.176922 time: 19.317143
INFO:root:[Epoch 224] train=0.143135 val=0.917500 loss=1.172894 time: 19.372958
INFO:root:[Epoch 225] train=0.144070 val=0.915300 loss=1.193491 time: 19.268596
INFO:root:[Epoch 226] train=0.144208 val=0.916900 loss=1.212316 time: 19.352935
INFO:root:[Epoch 227] train=0.144450 val=0.914700 loss=1.220420 time: 19.325450
INFO:root:[Epoch 228] train=0.144273 val=0.905700 loss=1.205286 time: 19.221203
INFO:root:[Epoch 229] train=0.143067 val=0.922900 loss=1.177091 time: 19.389595
INFO:root:[Epoch 230] train=0.143066 val=0.922500 loss=1.176776 time: 19.321743
INFO:root:[Epoch 231] train=0.143508 val=0.921200 loss=1.201748 time: 19.241301
INFO:root:[Epoch 232] train=0.144371 val=0.917200 loss=1.213765 time: 19.116883
INFO:root:[Epoch 233] train=0.142967 val=0.921200 loss=1.183620 time: 19.234203
INFO:root:[Epoch 234] train=0.143887 val=0.922200 loss=1.189650 time: 19.177060
INFO:root:[Epoch 235] train=0.143754 val=0.922500 loss=1.194384 time: 19.340154
INFO:root:[Epoch 236] train=0.145645 val=0.921200 loss=1.241419 time: 19.256577
INFO:root:[Epoch 237] train=0.143072 val=0.921600 loss=1.203102 time: 19.450481
INFO:root:[Epoch 238] train=0.143741 val=0.914600 loss=1.191292 time: 19.396277
INFO:root:[Epoch 239] train=0.143209 val=0.922300 loss=1.169227 time: 19.349851
INFO:root:[Epoch 240] train=0.144658 val=0.921900 loss=1.213322 time: 19.234295
INFO:root:[Epoch 241] train=0.143155 val=0.918900 loss=1.179967 time: 19.230322
INFO:root:[Epoch 242] train=0.143879 val=0.922500 loss=1.197834 time: 19.418956
INFO:root:[Epoch 243] train=0.143173 val=0.924400 loss=1.161131 time: 19.283626
INFO:root:[Epoch 244] train=0.143075 val=0.915200 loss=1.160812 time: 19.358327
INFO:root:[Epoch 245] train=0.142854 val=0.917200 loss=1.176537 time: 19.315115
INFO:root:[Epoch 246] train=0.144111 val=0.916300 loss=1.195918 time: 19.170259
INFO:root:[Epoch 247] train=0.143490 val=0.925000 loss=1.176782 time: 19.610650
INFO:root:[Epoch 248] train=0.142986 val=0.920700 loss=1.204227 time: 19.305889
INFO:root:[Epoch 249] train=0.143390 val=0.917500 loss=1.191360 time: 19.205011
INFO:root:[Epoch 250] train=0.141726 val=0.925500 loss=1.190809 time: 19.551523
INFO:root:[Epoch 251] train=0.139953 val=0.926900 loss=1.165781 time: 19.371603
INFO:root:[Epoch 252] train=0.139737 val=0.924600 loss=1.146155 time: 19.453890
INFO:root:[Epoch 253] train=0.139088 val=0.926800 loss=1.151392 time: 19.342999
INFO:root:[Epoch 254] train=0.140480 val=0.927600 loss=1.189402 time: 19.351447
INFO:root:[Epoch 255] train=0.138859 val=0.926900 loss=1.149801 time: 19.494436
INFO:root:[Epoch 256] train=0.139259 val=0.928100 loss=1.172275 time: 19.303390
INFO:root:[Epoch 257] train=0.139050 val=0.926500 loss=1.148426 time: 19.493077
INFO:root:[Epoch 258] train=0.139216 val=0.929000 loss=1.162200 time: 19.352872
INFO:root:[Epoch 259] train=0.137849 val=0.928200 loss=1.139274 time: 19.372052
INFO:root:[Epoch 260] train=0.137820 val=0.927900 loss=1.138988 time: 19.435328
INFO:root:[Epoch 261] train=0.138012 val=0.930100 loss=1.163854 time: 19.247088
INFO:root:[Epoch 262] train=0.139267 val=0.929600 loss=1.180705 time: 19.434301
INFO:root:[Epoch 263] train=0.138678 val=0.925800 loss=1.176603 time: 19.285706
INFO:root:[Epoch 264] train=0.138395 val=0.928700 loss=1.168304 time: 19.503980
INFO:root:[Epoch 265] train=0.137497 val=0.928600 loss=1.139838 time: 19.307559
INFO:root:[Epoch 266] train=0.139369 val=0.927700 loss=1.154643 time: 19.547857
INFO:root:[Epoch 267] train=0.138066 val=0.927800 loss=1.148206 time: 19.205001
INFO:root:[Epoch 268] train=0.138393 val=0.926200 loss=1.157203 time: 19.472601
INFO:root:[Epoch 269] train=0.138051 val=0.926800 loss=1.149690 time: 19.179959
INFO:root:[Epoch 270] train=0.138185 val=0.929500 loss=1.144072 time: 19.435769
INFO:root:[Epoch 271] train=0.137447 val=0.930200 loss=1.147338 time: 19.299289
INFO:root:[Epoch 272] train=0.137680 val=0.928500 loss=1.143362 time: 19.385934
INFO:root:[Epoch 273] train=0.137100 val=0.928900 loss=1.153968 time: 19.370373
INFO:root:[Epoch 274] train=0.139579 val=0.925300 loss=1.190534 time: 19.280481
INFO:root:[Epoch 275] train=0.139001 val=0.930500 loss=1.180021 time: 19.593104
INFO:root:[Epoch 276] train=0.137867 val=0.928200 loss=1.157841 time: 19.422972
INFO:root:[Epoch 277] train=0.137568 val=0.929500 loss=1.144028 time: 19.343715
INFO:root:[Epoch 278] train=0.137404 val=0.929600 loss=1.142687 time: 19.282364
INFO:root:[Epoch 279] train=0.138608 val=0.929300 loss=1.179219 time: 19.389375
INFO:root:[Epoch 280] train=0.138140 val=0.928500 loss=1.160172 time: 19.275036
INFO:root:[Epoch 281] train=0.137291 val=0.929600 loss=1.149381 time: 19.275496
INFO:root:[Epoch 282] train=0.136885 val=0.930100 loss=1.124276 time: 19.441848
INFO:root:[Epoch 283] train=0.137807 val=0.930700 loss=1.140298 time: 19.392457
INFO:root:[Epoch 284] train=0.137427 val=0.930100 loss=1.149547 time: 19.401991
INFO:root:[Epoch 285] train=0.137182 val=0.930800 loss=1.127693 time: 19.460060
INFO:root:[Epoch 286] train=0.136988 val=0.933700 loss=1.122407 time: 19.639727
INFO:root:[Epoch 287] train=0.136144 val=0.931000 loss=1.115318 time: 19.592012
INFO:root:[Epoch 288] train=0.137029 val=0.929300 loss=1.147910 time: 19.322883
INFO:root:[Epoch 289] train=0.137839 val=0.931000 loss=1.174191 time: 19.314901
INFO:root:[Epoch 290] train=0.137745 val=0.930800 loss=1.140436 time: 19.469846
INFO:root:[Epoch 291] train=0.136696 val=0.929800 loss=1.137042 time: 19.365512
INFO:root:[Epoch 292] train=0.137758 val=0.932000 loss=1.151759 time: 19.165371
INFO:root:[Epoch 293] train=0.138796 val=0.927200 loss=1.171764 time: 19.547905
INFO:root:[Epoch 294] train=0.136894 val=0.931300 loss=1.148085 time: 19.256449
INFO:root:[Epoch 295] train=0.137369 val=0.927800 loss=1.153214 time: 19.452828
INFO:root:[Epoch 296] train=0.137076 val=0.930200 loss=1.131553 time: 19.522659
INFO:root:[Epoch 297] train=0.136711 val=0.930500 loss=1.151631 time: 19.450103
INFO:root:[Epoch 298] train=0.136476 val=0.928300 loss=1.141330 time: 19.404943
INFO:root:[Epoch 299] train=0.137346 val=0.930300 loss=1.155006 time: 19.429474
INFO:root:[Epoch 300] train=0.124811 val=0.933700 loss=0.342659 time: 19.549337
INFO:root:[Epoch 301] train=0.124972 val=0.933600 loss=0.338646 time: 19.323079
INFO:root:[Epoch 302] train=0.124954 val=0.934900 loss=0.337394 time: 19.538599
INFO:root:[Epoch 303] train=0.124311 val=0.932600 loss=0.333559 time: 19.398819
INFO:root:[Epoch 304] train=0.123995 val=0.933800 loss=0.331233 time: 19.306151
INFO:root:[Epoch 305] train=0.122751 val=0.934000 loss=0.324812 time: 19.208602
INFO:root:[Epoch 306] train=0.123925 val=0.934600 loss=0.329449 time: 19.490276
INFO:root:[Epoch 307] train=0.123313 val=0.934600 loss=0.326746 time: 19.247037
INFO:root:[Epoch 308] train=0.123007 val=0.933300 loss=0.324874 time: 19.486493
INFO:root:[Epoch 309] train=0.122149 val=0.933700 loss=0.320689 time: 19.429272
INFO:root:[Epoch 310] train=0.122691 val=0.933000 loss=0.322259 time: 19.348985
INFO:root:[Epoch 311] train=0.122013 val=0.934400 loss=0.320818 time: 19.359137
INFO:root:[Epoch 312] train=0.122606 val=0.932800 loss=0.323522 time: 19.231927
INFO:root:[Epoch 313] train=0.122192 val=0.934500 loss=0.318441 time: 19.432438
INFO:root:[Epoch 314] train=0.122245 val=0.934500 loss=0.319217 time: 19.323889
INFO:root:[Epoch 315] train=0.122700 val=0.933600 loss=0.321194 time: 19.629171
INFO:root:[Epoch 316] train=0.121614 val=0.933500 loss=0.317093 time: 19.135780
INFO:root:[Epoch 317] train=0.120748 val=0.935500 loss=0.313476 time: 19.615199
INFO:root:[Epoch 318] train=0.121946 val=0.934600 loss=0.317385 time: 19.336874
INFO:root:[Epoch 319] train=0.120451 val=0.932900 loss=0.310711 time: 19.497120
INFO:root:[Epoch 320] train=0.121306 val=0.935000 loss=0.315006 time: 19.417013
INFO:root:[Epoch 321] train=0.120570 val=0.935000 loss=0.309219 time: 19.337505
INFO:root:[Epoch 322] train=0.120869 val=0.935000 loss=0.311561 time: 19.415452
INFO:root:[Epoch 323] train=0.121125 val=0.933800 loss=0.313319 time: 19.376997
INFO:root:[Epoch 324] train=0.119813 val=0.933100 loss=0.308798 time: 19.438051
INFO:root:[Epoch 325] train=0.120944 val=0.934000 loss=0.310556 time: 19.188218
INFO:root:[Epoch 326] train=0.119556 val=0.933700 loss=0.307875 time: 19.497219
INFO:root:[Epoch 327] train=0.119575 val=0.932600 loss=0.303666 time: 19.422953
INFO:root:[Epoch 328] train=0.120082 val=0.934300 loss=0.307636 time: 19.308074
INFO:root:[Epoch 329] train=0.120313 val=0.934000 loss=0.309009 time: 19.435851
INFO:root:[Epoch 330] train=0.119779 val=0.934400 loss=0.306610 time: 19.466103
INFO:root:[Epoch 331] train=0.120030 val=0.933900 loss=0.307500 time: 19.369988
INFO:root:[Epoch 332] train=0.119805 val=0.935000 loss=0.306158 time: 19.511170
INFO:root:[Epoch 333] train=0.119029 val=0.933200 loss=0.305125 time: 19.436711
INFO:root:[Epoch 334] train=0.120072 val=0.934400 loss=0.307984 time: 19.450373
INFO:root:[Epoch 335] train=0.118990 val=0.933900 loss=0.302297 time: 19.452738
INFO:root:[Epoch 336] train=0.119415 val=0.933200 loss=0.304530 time: 19.515040
INFO:root:[Epoch 337] train=0.120018 val=0.933400 loss=0.305365 time: 19.243955
INFO:root:[Epoch 338] train=0.119280 val=0.933600 loss=0.303216 time: 19.630766
INFO:root:[Epoch 339] train=0.119119 val=0.933200 loss=0.302192 time: 19.411688
INFO:root:[Epoch 340] train=0.118860 val=0.936600 loss=0.301803 time: 19.599738
INFO:root:[Epoch 341] train=0.118367 val=0.934300 loss=0.298677 time: 19.240352
INFO:root:[Epoch 342] train=0.118632 val=0.933100 loss=0.300495 time: 19.552198
INFO:root:[Epoch 343] train=0.117891 val=0.933900 loss=0.296342 time: 19.466162
INFO:root:[Epoch 344] train=0.118130 val=0.932700 loss=0.298596 time: 19.445913
INFO:root:[Epoch 345] train=0.117968 val=0.934300 loss=0.295236 time: 19.393315
INFO:root:[Epoch 346] train=0.118619 val=0.935300 loss=0.300511 time: 19.486502
INFO:root:[Epoch 347] train=0.118605 val=0.934000 loss=0.298926 time: 19.606053
INFO:root:[Epoch 348] train=0.118190 val=0.934300 loss=0.297054 time: 19.431251
INFO:root:[Epoch 349] train=0.118914 val=0.934500 loss=0.300287 time: 19.465012
