INFO:root:BERTClassifier(
  (bert): BERTModel(
    (encoder): BERTEncoder(
      (dropout_layer): Dropout(p = 0.1, axes=())
      (layer_norm): BERTLayerNorm(in_channels=768, epsilon=1e-12)
      (transformer_cells): HybridSequential(
        (0): BERTEncoderCell(
          (dropout_layer): Dropout(p = 0.1, axes=())
          (attention_cell): MultiHeadAttentionCell(
            (_base_cell): DotProductAttentionCell(
              (_dropout_layer): Dropout(p = 0.1, axes=())
            )
            (proj_query): Dense(768 -> 768, linear)
            (proj_key): Dense(768 -> 768, linear)
            (proj_value): Dense(768 -> 768, linear)
          )
          (proj): Dense(768 -> 768, linear)
          (ffn): BERTPositionwiseFFN(
            (ffn_1): Dense(768 -> 3072, linear)
            (activation): GELU()
            (ffn_2): Dense(3072 -> 768, linear)
            (dropout_layer): Dropout(p = 0.1, axes=())
            (layer_norm): BERTLayerNorm(in_channels=768, epsilon=1e-12)
          )
          (layer_norm): BERTLayerNorm(in_channels=768, epsilon=1e-12)
        )
        (1): BERTEncoderCell(
          (dropout_layer): Dropout(p = 0.1, axes=())
          (attention_cell): MultiHeadAttentionCell(
            (_base_cell): DotProductAttentionCell(
              (_dropout_layer): Dropout(p = 0.1, axes=())
            )
            (proj_query): Dense(768 -> 768, linear)
            (proj_key): Dense(768 -> 768, linear)
            (proj_value): Dense(768 -> 768, linear)
          )
          (proj): Dense(768 -> 768, linear)
          (ffn): BERTPositionwiseFFN(
            (ffn_1): Dense(768 -> 3072, linear)
            (activation): GELU()
            (ffn_2): Dense(3072 -> 768, linear)
            (dropout_layer): Dropout(p = 0.1, axes=())
            (layer_norm): BERTLayerNorm(in_channels=768, epsilon=1e-12)
          )
          (layer_norm): BERTLayerNorm(in_channels=768, epsilon=1e-12)
        )
        (2): BERTEncoderCell(
          (dropout_layer): Dropout(p = 0.1, axes=())
          (attention_cell): MultiHeadAttentionCell(
            (_base_cell): DotProductAttentionCell(
              (_dropout_layer): Dropout(p = 0.1, axes=())
            )
            (proj_query): Dense(768 -> 768, linear)
            (proj_key): Dense(768 -> 768, linear)
            (proj_value): Dense(768 -> 768, linear)
          )
          (proj): Dense(768 -> 768, linear)
          (ffn): BERTPositionwiseFFN(
            (ffn_1): Dense(768 -> 3072, linear)
            (activation): GELU()
            (ffn_2): Dense(3072 -> 768, linear)
            (dropout_layer): Dropout(p = 0.1, axes=())
            (layer_norm): BERTLayerNorm(in_channels=768, epsilon=1e-12)
          )
          (layer_norm): BERTLayerNorm(in_channels=768, epsilon=1e-12)
        )
        (3): BERTEncoderCell(
          (dropout_layer): Dropout(p = 0.1, axes=())
          (attention_cell): MultiHeadAttentionCell(
            (_base_cell): DotProductAttentionCell(
              (_dropout_layer): Dropout(p = 0.1, axes=())
            )
            (proj_query): Dense(768 -> 768, linear)
            (proj_key): Dense(768 -> 768, linear)
            (proj_value): Dense(768 -> 768, linear)
          )
          (proj): Dense(768 -> 768, linear)
          (ffn): BERTPositionwiseFFN(
            (ffn_1): Dense(768 -> 3072, linear)
            (activation): GELU()
            (ffn_2): Dense(3072 -> 768, linear)
            (dropout_layer): Dropout(p = 0.1, axes=())
            (layer_norm): BERTLayerNorm(in_channels=768, epsilon=1e-12)
          )
          (layer_norm): BERTLayerNorm(in_channels=768, epsilon=1e-12)
        )
        (4): BERTEncoderCell(
          (dropout_layer): Dropout(p = 0.1, axes=())
          (attention_cell): MultiHeadAttentionCell(
            (_base_cell): DotProductAttentionCell(
              (_dropout_layer): Dropout(p = 0.1, axes=())
            )
            (proj_query): Dense(768 -> 768, linear)
            (proj_key): Dense(768 -> 768, linear)
            (proj_value): Dense(768 -> 768, linear)
          )
          (proj): Dense(768 -> 768, linear)
          (ffn): BERTPositionwiseFFN(
            (ffn_1): Dense(768 -> 3072, linear)
            (activation): GELU()
            (ffn_2): Dense(3072 -> 768, linear)
            (dropout_layer): Dropout(p = 0.1, axes=())
            (layer_norm): BERTLayerNorm(in_channels=768, epsilon=1e-12)
          )
          (layer_norm): BERTLayerNorm(in_channels=768, epsilon=1e-12)
        )
        (5): BERTEncoderCell(
          (dropout_layer): Dropout(p = 0.1, axes=())
          (attention_cell): MultiHeadAttentionCell(
            (_base_cell): DotProductAttentionCell(
              (_dropout_layer): Dropout(p = 0.1, axes=())
            )
            (proj_query): Dense(768 -> 768, linear)
            (proj_key): Dense(768 -> 768, linear)
            (proj_value): Dense(768 -> 768, linear)
          )
          (proj): Dense(768 -> 768, linear)
          (ffn): BERTPositionwiseFFN(
            (ffn_1): Dense(768 -> 3072, linear)
            (activation): GELU()
            (ffn_2): Dense(3072 -> 768, linear)
            (dropout_layer): Dropout(p = 0.1, axes=())
            (layer_norm): BERTLayerNorm(in_channels=768, epsilon=1e-12)
          )
          (layer_norm): BERTLayerNorm(in_channels=768, epsilon=1e-12)
        )
        (6): BERTEncoderCell(
          (dropout_layer): Dropout(p = 0.1, axes=())
          (attention_cell): MultiHeadAttentionCell(
            (_base_cell): DotProductAttentionCell(
              (_dropout_layer): Dropout(p = 0.1, axes=())
            )
            (proj_query): Dense(768 -> 768, linear)
            (proj_key): Dense(768 -> 768, linear)
            (proj_value): Dense(768 -> 768, linear)
          )
          (proj): Dense(768 -> 768, linear)
          (ffn): BERTPositionwiseFFN(
            (ffn_1): Dense(768 -> 3072, linear)
            (activation): GELU()
            (ffn_2): Dense(3072 -> 768, linear)
            (dropout_layer): Dropout(p = 0.1, axes=())
            (layer_norm): BERTLayerNorm(in_channels=768, epsilon=1e-12)
          )
          (layer_norm): BERTLayerNorm(in_channels=768, epsilon=1e-12)
        )
        (7): BERTEncoderCell(
          (dropout_layer): Dropout(p = 0.1, axes=())
          (attention_cell): MultiHeadAttentionCell(
            (_base_cell): DotProductAttentionCell(
              (_dropout_layer): Dropout(p = 0.1, axes=())
            )
            (proj_query): Dense(768 -> 768, linear)
            (proj_key): Dense(768 -> 768, linear)
            (proj_value): Dense(768 -> 768, linear)
          )
          (proj): Dense(768 -> 768, linear)
          (ffn): BERTPositionwiseFFN(
            (ffn_1): Dense(768 -> 3072, linear)
            (activation): GELU()
            (ffn_2): Dense(3072 -> 768, linear)
            (dropout_layer): Dropout(p = 0.1, axes=())
            (layer_norm): BERTLayerNorm(in_channels=768, epsilon=1e-12)
          )
          (layer_norm): BERTLayerNorm(in_channels=768, epsilon=1e-12)
        )
        (8): BERTEncoderCell(
          (dropout_layer): Dropout(p = 0.1, axes=())
          (attention_cell): MultiHeadAttentionCell(
            (_base_cell): DotProductAttentionCell(
              (_dropout_layer): Dropout(p = 0.1, axes=())
            )
            (proj_query): Dense(768 -> 768, linear)
            (proj_key): Dense(768 -> 768, linear)
            (proj_value): Dense(768 -> 768, linear)
          )
          (proj): Dense(768 -> 768, linear)
          (ffn): BERTPositionwiseFFN(
            (ffn_1): Dense(768 -> 3072, linear)
            (activation): GELU()
            (ffn_2): Dense(3072 -> 768, linear)
            (dropout_layer): Dropout(p = 0.1, axes=())
            (layer_norm): BERTLayerNorm(in_channels=768, epsilon=1e-12)
          )
          (layer_norm): BERTLayerNorm(in_channels=768, epsilon=1e-12)
        )
        (9): BERTEncoderCell(
          (dropout_layer): Dropout(p = 0.1, axes=())
          (attention_cell): MultiHeadAttentionCell(
            (_base_cell): DotProductAttentionCell(
              (_dropout_layer): Dropout(p = 0.1, axes=())
            )
            (proj_query): Dense(768 -> 768, linear)
            (proj_key): Dense(768 -> 768, linear)
            (proj_value): Dense(768 -> 768, linear)
          )
          (proj): Dense(768 -> 768, linear)
          (ffn): BERTPositionwiseFFN(
            (ffn_1): Dense(768 -> 3072, linear)
            (activation): GELU()
            (ffn_2): Dense(3072 -> 768, linear)
            (dropout_layer): Dropout(p = 0.1, axes=())
            (layer_norm): BERTLayerNorm(in_channels=768, epsilon=1e-12)
          )
          (layer_norm): BERTLayerNorm(in_channels=768, epsilon=1e-12)
        )
        (10): BERTEncoderCell(
          (dropout_layer): Dropout(p = 0.1, axes=())
          (attention_cell): MultiHeadAttentionCell(
            (_base_cell): DotProductAttentionCell(
              (_dropout_layer): Dropout(p = 0.1, axes=())
            )
            (proj_query): Dense(768 -> 768, linear)
            (proj_key): Dense(768 -> 768, linear)
            (proj_value): Dense(768 -> 768, linear)
          )
          (proj): Dense(768 -> 768, linear)
          (ffn): BERTPositionwiseFFN(
            (ffn_1): Dense(768 -> 3072, linear)
            (activation): GELU()
            (ffn_2): Dense(3072 -> 768, linear)
            (dropout_layer): Dropout(p = 0.1, axes=())
            (layer_norm): BERTLayerNorm(in_channels=768, epsilon=1e-12)
          )
          (layer_norm): BERTLayerNorm(in_channels=768, epsilon=1e-12)
        )
        (11): BERTEncoderCell(
          (dropout_layer): Dropout(p = 0.1, axes=())
          (attention_cell): MultiHeadAttentionCell(
            (_base_cell): DotProductAttentionCell(
              (_dropout_layer): Dropout(p = 0.1, axes=())
            )
            (proj_query): Dense(768 -> 768, linear)
            (proj_key): Dense(768 -> 768, linear)
            (proj_value): Dense(768 -> 768, linear)
          )
          (proj): Dense(768 -> 768, linear)
          (ffn): BERTPositionwiseFFN(
            (ffn_1): Dense(768 -> 3072, linear)
            (activation): GELU()
            (ffn_2): Dense(3072 -> 768, linear)
            (dropout_layer): Dropout(p = 0.1, axes=())
            (layer_norm): BERTLayerNorm(in_channels=768, epsilon=1e-12)
          )
          (layer_norm): BERTLayerNorm(in_channels=768, epsilon=1e-12)
        )
      )
    )
    (word_embed): HybridSequential(
      (0): Embedding(30522 -> 768, float32)
      (1): Dropout(p = 0.1, axes=())
    )
    (token_type_embed): HybridSequential(
      (0): Embedding(2 -> 768, float32)
      (1): Dropout(p = 0.1, axes=())
    )
    (pooler): Dense(768 -> 768, Activation(tanh))
  )
  (classifier): HybridSequential(
    (0): Dropout(p = 0.1, axes=())
    (1): Dense(None -> 2, linear)
  )
)
INFO:root:[Epoch 0 Batch 10/77] loss=0.7846, lr=0.0000132, metrics=accuracy:0.4938
INFO:root:[Epoch 0 Batch 20/77] loss=0.7344, lr=0.0000263, metrics=accuracy:0.4875
INFO:root:[Epoch 0 Batch 30/77] loss=0.6872, lr=0.0000395, metrics=accuracy:0.4969
INFO:root:[Epoch 0 Batch 40/77] loss=0.6953, lr=0.0000497, metrics=accuracy:0.4961
INFO:root:[Epoch 0 Batch 50/77] loss=0.6810, lr=0.0000483, metrics=accuracy:0.5044
INFO:root:[Epoch 0 Batch 60/77] loss=0.6895, lr=0.0000469, metrics=accuracy:0.5068
INFO:root:[Epoch 0 Batch 70/77] loss=0.6940, lr=0.0000454, metrics=accuracy:0.5116
INFO:root:validation metrics:accuracy:0.5993
INFO:root:[Epoch 1 Batch 10/77] loss=0.6584, lr=0.0000430, metrics=accuracy:0.5844
INFO:root:[Epoch 1 Batch 20/77] loss=0.6194, lr=0.0000416, metrics=accuracy:0.6328
INFO:root:[Epoch 1 Batch 30/77] loss=0.6457, lr=0.0000402, metrics=accuracy:0.6333
INFO:root:[Epoch 1 Batch 40/77] loss=0.5883, lr=0.0000387, metrics=accuracy:0.6523
INFO:root:[Epoch 1 Batch 50/77] loss=0.6400, lr=0.0000373, metrics=accuracy:0.6462
INFO:root:[Epoch 1 Batch 60/77] loss=0.6395, lr=0.0000359, metrics=accuracy:0.6427
INFO:root:[Epoch 1 Batch 70/77] loss=0.6504, lr=0.0000345, metrics=accuracy:0.6397
INFO:root:validation metrics:accuracy:0.6570
INFO:root:[Epoch 2 Batch 10/77] loss=0.5636, lr=0.0000319, metrics=accuracy:0.7312
INFO:root:[Epoch 2 Batch 20/77] loss=0.6021, lr=0.0000305, metrics=accuracy:0.6953
INFO:root:[Epoch 2 Batch 30/77] loss=0.5240, lr=0.0000291, metrics=accuracy:0.7073
INFO:root:[Epoch 2 Batch 40/77] loss=0.5211, lr=0.0000276, metrics=accuracy:0.7148
INFO:root:[Epoch 2 Batch 50/77] loss=0.5272, lr=0.0000262, metrics=accuracy:0.7200
INFO:root:[Epoch 2 Batch 60/77] loss=0.5308, lr=0.0000248, metrics=accuracy:0.7245
INFO:root:[Epoch 2 Batch 70/77] loss=0.5435, lr=0.0000234, metrics=accuracy:0.7250
INFO:root:validation metrics:accuracy:0.6787
