mxnet-cu100         1.6.0b20191102

INFO:gluonnlp:04:27:49 Namespace(accumulate=None, batch_size=3, bert_dataset='book_corpus_wiki_en_uncased', bert_model='bert_24_1024_16', comm_backend='horovod', debug=False, doc_stride=128, dtype='float16', epochs=2, gpu=True, log_interval=50, lr=3e-05, max_answer_length=30, max_query_length=64, max_seq_length=384, model_parameters=None, n_best_size=20, null_score_diff_threshold=0.0, only_predict=False, optimizer='bertadam', output_dir='./output_dir', pretrained_bert_parameters=None, sentencepiece=None, test_batch_size=24, uncased=True, version_2=False, warmup_ratio=0.1)
INFO:gluonnlp:04:28:02 Loading train data...
INFO:gluonnlp:04:28:04 Number of records in Train data:87599
INFO:gluonnlp:04:29:12 The number of examples after preprocessing:88641
INFO:gluonnlp:04:29:13 Start Training
INFO:gluonnlp:04:29:37 Batch: 50/7387, Loss=5.5538, lr=0.0000020 Time cost=31.4 Thoughput=4.78 samples/s
INFO:gluonnlp:04:29:52 Batch: 100/7387, Loss=4.2286, lr=0.0000041 Time cost=15.4 Thoughput=9.73 samples/s
INFO:gluonnlp:04:30:07 Batch: 150/7387, Loss=2.6761, lr=0.0000061 Time cost=14.8 Thoughput=10.13 samples/s
INFO:gluonnlp:04:30:22 Batch: 200/7387, Loss=1.9771, lr=0.0000081 Time cost=15.1 Thoughput=9.93 samples/s
INFO:gluonnlp:04:30:37 Batch: 250/7387, Loss=1.7646, lr=0.0000102 Time cost=15.1 Thoughput=9.96 samples/s
INFO:gluonnlp:04:30:53 Batch: 300/7387, Loss=1.5849, lr=0.0000122 Time cost=15.4 Thoughput=9.76 samples/s
INFO:gluonnlp:04:31:08 Batch: 350/7387, Loss=1.4725, lr=0.0000142 Time cost=15.2 Thoughput=9.84 samples/s
INFO:gluonnlp:04:31:23 Batch: 400/7387, Loss=1.4400, lr=0.0000163 Time cost=15.1 Thoughput=9.93 samples/s
INFO:gluonnlp:04:31:38 Batch: 450/7387, Loss=1.3510, lr=0.0000183 Time cost=15.1 Thoughput=9.92 samples/s
INFO:gluonnlp:04:31:54 Batch: 500/7387, Loss=1.3549, lr=0.0000203 Time cost=15.3 Thoughput=9.80 samples/s
INFO:gluonnlp:04:32:09 Batch: 550/7387, Loss=1.3555, lr=0.0000224 Time cost=15.3 Thoughput=9.81 samples/s
INFO:gluonnlp:04:32:24 Batch: 600/7387, Loss=1.3399, lr=0.0000244 Time cost=15.3 Thoughput=9.78 samples/s
INFO:gluonnlp:04:32:39 Batch: 650/7387, Loss=1.2926, lr=0.0000264 Time cost=14.9 Thoughput=10.06 samples/s
INFO:gluonnlp:04:32:54 Batch: 700/7387, Loss=1.2417, lr=0.0000285 Time cost=15.1 Thoughput=9.95 samples/s
INFO:gluonnlp:04:33:09 Batch: 750/7387, Loss=1.1954, lr=0.0000299 Time cost=15.2 Thoughput=9.86 samples/s
INFO:gluonnlp:04:33:25 Batch: 800/7387, Loss=1.2422, lr=0.0000297 Time cost=15.1 Thoughput=9.91 samples/s
INFO:gluonnlp:04:33:40 Batch: 850/7387, Loss=1.2255, lr=0.0000295 Time cost=15.1 Thoughput=9.93 samples/s
INFO:gluonnlp:04:33:55 Batch: 900/7387, Loss=1.2040, lr=0.0000293 Time cost=15.3 Thoughput=9.81 samples/s
INFO:gluonnlp:04:34:14 Batch: 950/7387, Loss=1.2722, lr=0.0000290 Time cost=18.9 Thoughput=7.92 samples/s
INFO:gluonnlp:04:34:29 Batch: 1000/7387, Loss=1.2227, lr=0.0000288 Time cost=15.3 Thoughput=9.82 samples/s
INFO:gluonnlp:04:34:44 Batch: 1050/7387, Loss=1.1813, lr=0.0000286 Time cost=14.8 Thoughput=10.12 samples/s
INFO:gluonnlp:04:34:59 Batch: 1100/7387, Loss=1.1413, lr=0.0000284 Time cost=15.0 Thoughput=10.00 samples/s
INFO:gluonnlp:04:35:14 Batch: 1150/7387, Loss=1.1846, lr=0.0000281 Time cost=14.9 Thoughput=10.05 samples/s
INFO:gluonnlp:04:35:29 Batch: 1200/7387, Loss=1.1141, lr=0.0000279 Time cost=15.0 Thoughput=9.98 samples/s
INFO:gluonnlp:04:35:44 Batch: 1250/7387, Loss=1.1343, lr=0.0000277 Time cost=14.9 Thoughput=10.04 samples/s
INFO:gluonnlp:04:35:59 Batch: 1300/7387, Loss=1.0056, lr=0.0000275 Time cost=15.1 Thoughput=9.94 samples/s
INFO:gluonnlp:04:36:14 Batch: 1350/7387, Loss=1.1281, lr=0.0000272 Time cost=14.9 Thoughput=10.06 samples/s
INFO:gluonnlp:04:36:29 Batch: 1400/7387, Loss=1.0932, lr=0.0000270 Time cost=15.0 Thoughput=10.00 samples/s
INFO:gluonnlp:04:36:44 Batch: 1450/7387, Loss=0.9779, lr=0.0000268 Time cost=15.4 Thoughput=9.76 samples/s
INFO:gluonnlp:04:36:59 Batch: 1500/7387, Loss=1.0876, lr=0.0000266 Time cost=15.2 Thoughput=9.88 samples/s
INFO:gluonnlp:04:37:14 Batch: 1550/7387, Loss=1.0014, lr=0.0000263 Time cost=14.8 Thoughput=10.12 samples/s
INFO:gluonnlp:04:37:29 Batch: 1600/7387, Loss=0.9674, lr=0.0000261 Time cost=14.8 Thoughput=10.12 samples/s
INFO:gluonnlp:04:37:44 Batch: 1650/7387, Loss=1.0233, lr=0.0000259 Time cost=15.1 Thoughput=9.96 samples/s
INFO:gluonnlp:04:37:59 Batch: 1700/7387, Loss=0.9528, lr=0.0000257 Time cost=15.3 Thoughput=9.80 samples/s
INFO:gluonnlp:04:38:14 Batch: 1750/7387, Loss=1.0657, lr=0.0000254 Time cost=15.0 Thoughput=9.99 samples/s
INFO:gluonnlp:04:38:31 Batch: 1800/7387, Loss=1.0041, lr=0.0000252 Time cost=16.9 Thoughput=8.87 samples/s
INFO:gluonnlp:04:38:46 Batch: 1850/7387, Loss=1.0414, lr=0.0000250 Time cost=14.7 Thoughput=10.22 samples/s
INFO:gluonnlp:04:39:01 Batch: 1900/7387, Loss=0.9611, lr=0.0000248 Time cost=14.7 Thoughput=10.17 samples/s
INFO:gluonnlp:04:39:16 Batch: 1950/7387, Loss=1.0343, lr=0.0000245 Time cost=15.1 Thoughput=9.95 samples/s
INFO:gluonnlp:04:39:31 Batch: 2000/7387, Loss=1.0247, lr=0.0000243 Time cost=14.9 Thoughput=10.04 samples/s
INFO:gluonnlp:04:39:46 Batch: 2050/7387, Loss=1.0187, lr=0.0000241 Time cost=14.8 Thoughput=10.15 samples/s
INFO:gluonnlp:04:40:01 Batch: 2100/7387, Loss=1.0102, lr=0.0000239 Time cost=14.9 Thoughput=10.04 samples/s
INFO:gluonnlp:04:40:16 Batch: 2150/7387, Loss=1.0045, lr=0.0000236 Time cost=15.1 Thoughput=9.92 samples/s
INFO:gluonnlp:04:40:31 Batch: 2200/7387, Loss=1.0052, lr=0.0000234 Time cost=15.0 Thoughput=10.01 samples/s
INFO:gluonnlp:04:40:46 Batch: 2250/7387, Loss=1.0103, lr=0.0000232 Time cost=15.1 Thoughput=9.90 samples/s
INFO:gluonnlp:04:41:01 Batch: 2300/7387, Loss=0.9565, lr=0.0000230 Time cost=15.1 Thoughput=9.91 samples/s
INFO:gluonnlp:04:41:16 Batch: 2350/7387, Loss=0.9784, lr=0.0000227 Time cost=15.2 Thoughput=9.89 samples/s
INFO:gluonnlp:04:41:31 Batch: 2400/7387, Loss=1.0000, lr=0.0000225 Time cost=14.9 Thoughput=10.07 samples/s
INFO:gluonnlp:04:41:46 Batch: 2450/7387, Loss=1.0325, lr=0.0000223 Time cost=15.0 Thoughput=9.98 samples/s
INFO:gluonnlp:04:42:01 Batch: 2500/7387, Loss=0.9892, lr=0.0000220 Time cost=15.0 Thoughput=10.00 samples/s
INFO:gluonnlp:04:42:16 Batch: 2550/7387, Loss=0.9379, lr=0.0000218 Time cost=15.0 Thoughput=10.01 samples/s
INFO:gluonnlp:04:42:31 Batch: 2600/7387, Loss=0.9506, lr=0.0000216 Time cost=15.0 Thoughput=9.99 samples/s
INFO:gluonnlp:04:42:46 Batch: 2650/7387, Loss=0.9762, lr=0.0000214 Time cost=15.0 Thoughput=10.01 samples/s
INFO:gluonnlp:04:43:03 Batch: 2700/7387, Loss=0.9350, lr=0.0000211 Time cost=17.2 Thoughput=8.73 samples/s
INFO:gluonnlp:04:43:18 Batch: 2750/7387, Loss=1.0135, lr=0.0000209 Time cost=15.1 Thoughput=9.94 samples/s
INFO:gluonnlp:04:43:33 Batch: 2800/7387, Loss=0.9505, lr=0.0000207 Time cost=15.0 Thoughput=9.98 samples/s
INFO:gluonnlp:04:43:48 Batch: 2850/7387, Loss=0.8699, lr=0.0000205 Time cost=14.9 Thoughput=10.05 samples/s
INFO:gluonnlp:04:44:03 Batch: 2900/7387, Loss=0.9516, lr=0.0000202 Time cost=15.0 Thoughput=9.98 samples/s
INFO:gluonnlp:04:44:18 Batch: 2950/7387, Loss=0.9862, lr=0.0000200 Time cost=15.1 Thoughput=9.91 samples/s
INFO:gluonnlp:04:44:33 Batch: 3000/7387, Loss=0.8917, lr=0.0000198 Time cost=14.9 Thoughput=10.04 samples/s
INFO:gluonnlp:04:44:48 Batch: 3050/7387, Loss=0.9467, lr=0.0000196 Time cost=15.0 Thoughput=10.01 samples/s
INFO:gluonnlp:04:45:03 Batch: 3100/7387, Loss=0.8982, lr=0.0000193 Time cost=15.0 Thoughput=9.99 samples/s
INFO:gluonnlp:04:45:18 Batch: 3150/7387, Loss=0.9196, lr=0.0000191 Time cost=14.9 Thoughput=10.05 samples/s
INFO:gluonnlp:04:45:33 Batch: 3200/7387, Loss=0.8600, lr=0.0000189 Time cost=14.8 Thoughput=10.13 samples/s
INFO:gluonnlp:04:45:48 Batch: 3250/7387, Loss=0.9371, lr=0.0000187 Time cost=14.9 Thoughput=10.08 samples/s
INFO:gluonnlp:04:46:03 Batch: 3300/7387, Loss=0.9362, lr=0.0000184 Time cost=15.0 Thoughput=9.98 samples/s
INFO:gluonnlp:04:46:18 Batch: 3350/7387, Loss=0.8634, lr=0.0000182 Time cost=15.0 Thoughput=10.03 samples/s
INFO:gluonnlp:04:46:33 Batch: 3400/7387, Loss=0.9322, lr=0.0000180 Time cost=15.1 Thoughput=9.95 samples/s
INFO:gluonnlp:04:46:48 Batch: 3450/7387, Loss=0.8867, lr=0.0000178 Time cost=15.0 Thoughput=10.02 samples/s
INFO:gluonnlp:04:47:03 Batch: 3500/7387, Loss=0.9378, lr=0.0000175 Time cost=14.9 Thoughput=10.06 samples/s
INFO:gluonnlp:04:47:20 Batch: 3550/7387, Loss=0.9070, lr=0.0000173 Time cost=16.8 Thoughput=8.91 samples/s
INFO:gluonnlp:04:47:35 Batch: 3600/7387, Loss=0.9154, lr=0.0000171 Time cost=14.8 Thoughput=10.13 samples/s
INFO:gluonnlp:04:47:50 Batch: 3650/7387, Loss=0.8986, lr=0.0000169 Time cost=15.1 Thoughput=9.96 samples/s
INFO:gluonnlp:04:48:03 Time cost=1141.33 s, Thoughput=9.71 samples/s
INFO:gluonnlp:04:48:05 Batch: 3700/7387, Loss=0.8862, lr=0.0000166 Time cost=15.7 Thoughput=9.49 samples/s
INFO:gluonnlp:04:48:21 Batch: 3750/7387, Loss=0.6442, lr=0.0000164 Time cost=15.2 Thoughput=9.88 samples/s
INFO:gluonnlp:04:48:35 Batch: 3800/7387, Loss=0.6287, lr=0.0000162 Time cost=14.9 Thoughput=10.04 samples/s
INFO:gluonnlp:04:48:51 Batch: 3850/7387, Loss=0.6330, lr=0.0000160 Time cost=15.0 Thoughput=9.97 samples/s
INFO:gluonnlp:04:49:05 Batch: 3900/7387, Loss=0.6072, lr=0.0000157 Time cost=14.8 Thoughput=10.16 samples/s
INFO:gluonnlp:04:49:20 Batch: 3950/7387, Loss=0.5204, lr=0.0000155 Time cost=15.1 Thoughput=9.94 samples/s
INFO:gluonnlp:04:49:35 Batch: 4000/7387, Loss=0.6231, lr=0.0000153 Time cost=14.8 Thoughput=10.11 samples/s
INFO:gluonnlp:04:49:50 Batch: 4050/7387, Loss=0.5828, lr=0.0000151 Time cost=15.1 Thoughput=9.94 samples/s
INFO:gluonnlp:04:50:05 Batch: 4100/7387, Loss=0.6262, lr=0.0000148 Time cost=15.1 Thoughput=9.91 samples/s
INFO:gluonnlp:04:50:21 Batch: 4150/7387, Loss=0.6375, lr=0.0000146 Time cost=15.2 Thoughput=9.88 samples/s
INFO:gluonnlp:04:50:35 Batch: 4200/7387, Loss=0.6219, lr=0.0000144 Time cost=14.8 Thoughput=10.16 samples/s
INFO:gluonnlp:04:50:50 Batch: 4250/7387, Loss=0.5650, lr=0.0000142 Time cost=14.8 Thoughput=10.14 samples/s
INFO:gluonnlp:04:51:05 Batch: 4300/7387, Loss=0.6165, lr=0.0000139 Time cost=15.0 Thoughput=9.98 samples/s
INFO:gluonnlp:04:51:20 Batch: 4350/7387, Loss=0.5903, lr=0.0000137 Time cost=15.3 Thoughput=9.83 samples/s
INFO:gluonnlp:04:51:35 Batch: 4400/7387, Loss=0.6528, lr=0.0000135 Time cost=14.8 Thoughput=10.13 samples/s
INFO:gluonnlp:04:51:52 Batch: 4450/7387, Loss=0.6228, lr=0.0000133 Time cost=17.1 Thoughput=8.76 samples/s
INFO:gluonnlp:04:52:08 Batch: 4500/7387, Loss=0.5776, lr=0.0000130 Time cost=15.2 Thoughput=9.90 samples/s
INFO:gluonnlp:04:52:23 Batch: 4550/7387, Loss=0.5699, lr=0.0000128 Time cost=15.2 Thoughput=9.87 samples/s
INFO:gluonnlp:04:52:38 Batch: 4600/7387, Loss=0.6557, lr=0.0000126 Time cost=15.1 Thoughput=9.96 samples/s
INFO:gluonnlp:04:52:53 Batch: 4650/7387, Loss=0.6471, lr=0.0000123 Time cost=15.0 Thoughput=10.00 samples/s
INFO:gluonnlp:04:53:08 Batch: 4700/7387, Loss=0.6056, lr=0.0000121 Time cost=14.9 Thoughput=10.06 samples/s
INFO:gluonnlp:04:53:23 Batch: 4750/7387, Loss=0.6394, lr=0.0000119 Time cost=15.1 Thoughput=9.95 samples/s
INFO:gluonnlp:04:53:38 Batch: 4800/7387, Loss=0.6569, lr=0.0000117 Time cost=15.0 Thoughput=10.03 samples/s
INFO:gluonnlp:04:53:53 Batch: 4850/7387, Loss=0.5763, lr=0.0000114 Time cost=15.2 Thoughput=9.88 samples/s
INFO:gluonnlp:04:54:08 Batch: 4900/7387, Loss=0.6434, lr=0.0000112 Time cost=14.9 Thoughput=10.07 samples/s
INFO:gluonnlp:04:54:23 Batch: 4950/7387, Loss=0.6005, lr=0.0000110 Time cost=14.9 Thoughput=10.05 samples/s
INFO:gluonnlp:04:54:38 Batch: 5000/7387, Loss=0.6237, lr=0.0000108 Time cost=14.9 Thoughput=10.05 samples/s
INFO:gluonnlp:04:54:53 Batch: 5050/7387, Loss=0.5525, lr=0.0000105 Time cost=14.9 Thoughput=10.09 samples/s
INFO:gluonnlp:04:55:08 Batch: 5100/7387, Loss=0.5853, lr=0.0000103 Time cost=15.1 Thoughput=9.93 samples/s
INFO:gluonnlp:04:55:23 Batch: 5150/7387, Loss=0.6115, lr=0.0000101 Time cost=15.0 Thoughput=10.02 samples/s
INFO:gluonnlp:04:55:37 Batch: 5200/7387, Loss=0.5915, lr=0.0000099 Time cost=14.9 Thoughput=10.09 samples/s
INFO:gluonnlp:04:55:53 Batch: 5250/7387, Loss=0.6250, lr=0.0000096 Time cost=15.0 Thoughput=9.98 samples/s
INFO:gluonnlp:04:56:07 Batch: 5300/7387, Loss=0.6151, lr=0.0000094 Time cost=14.9 Thoughput=10.08 samples/s
INFO:gluonnlp:04:56:22 Batch: 5350/7387, Loss=0.5860, lr=0.0000092 Time cost=14.9 Thoughput=10.05 samples/s
INFO:gluonnlp:04:56:37 Batch: 5400/7387, Loss=0.5895, lr=0.0000090 Time cost=15.0 Thoughput=10.01 samples/s
INFO:gluonnlp:04:56:52 Batch: 5450/7387, Loss=0.5441, lr=0.0000087 Time cost=14.9 Thoughput=10.05 samples/s
INFO:gluonnlp:04:57:07 Batch: 5500/7387, Loss=0.6156, lr=0.0000085 Time cost=15.1 Thoughput=9.92 samples/s
INFO:gluonnlp:04:57:22 Batch: 5550/7387, Loss=0.5978, lr=0.0000083 Time cost=15.0 Thoughput=10.01 samples/s
INFO:gluonnlp:04:57:37 Batch: 5600/7387, Loss=0.6555, lr=0.0000081 Time cost=14.9 Thoughput=10.09 samples/s
INFO:gluonnlp:04:57:52 Batch: 5650/7387, Loss=0.6079, lr=0.0000078 Time cost=15.0 Thoughput=10.02 samples/s
INFO:gluonnlp:04:58:07 Batch: 5700/7387, Loss=0.6596, lr=0.0000076 Time cost=15.2 Thoughput=9.89 samples/s
INFO:gluonnlp:04:58:22 Batch: 5750/7387, Loss=0.6136, lr=0.0000074 Time cost=15.0 Thoughput=9.98 samples/s
INFO:gluonnlp:04:58:37 Batch: 5800/7387, Loss=0.5923, lr=0.0000072 Time cost=15.0 Thoughput=9.98 samples/s
INFO:gluonnlp:04:58:52 Batch: 5850/7387, Loss=0.5877, lr=0.0000069 Time cost=15.0 Thoughput=9.98 samples/s
INFO:gluonnlp:04:59:09 Batch: 5900/7387, Loss=0.6192, lr=0.0000067 Time cost=16.6 Thoughput=9.05 samples/s
INFO:gluonnlp:04:59:24 Batch: 5950/7387, Loss=0.5520, lr=0.0000065 Time cost=15.1 Thoughput=9.95 samples/s
INFO:gluonnlp:04:59:39 Batch: 6000/7387, Loss=0.5879, lr=0.0000063 Time cost=14.8 Thoughput=10.13 samples/s
INFO:gluonnlp:04:59:54 Batch: 6050/7387, Loss=0.5852, lr=0.0000060 Time cost=15.0 Thoughput=10.03 samples/s
INFO:gluonnlp:05:00:09 Batch: 6100/7387, Loss=0.5756, lr=0.0000058 Time cost=14.9 Thoughput=10.08 samples/s
INFO:gluonnlp:05:00:24 Batch: 6150/7387, Loss=0.6288, lr=0.0000056 Time cost=14.8 Thoughput=10.12 samples/s
INFO:gluonnlp:05:00:39 Batch: 6200/7387, Loss=0.5182, lr=0.0000054 Time cost=15.2 Thoughput=9.84 samples/s
INFO:gluonnlp:05:00:54 Batch: 6250/7387, Loss=0.5489, lr=0.0000051 Time cost=15.1 Thoughput=9.91 samples/s
INFO:gluonnlp:05:01:09 Batch: 6300/7387, Loss=0.6185, lr=0.0000049 Time cost=15.0 Thoughput=10.03 samples/s
INFO:gluonnlp:05:01:24 Batch: 6350/7387, Loss=0.5898, lr=0.0000047 Time cost=14.8 Thoughput=10.13 samples/s
INFO:gluonnlp:05:01:39 Batch: 6400/7387, Loss=0.5746, lr=0.0000045 Time cost=14.9 Thoughput=10.08 samples/s
INFO:gluonnlp:05:01:54 Batch: 6450/7387, Loss=0.6215, lr=0.0000042 Time cost=15.0 Thoughput=9.99 samples/s
INFO:gluonnlp:05:02:09 Batch: 6500/7387, Loss=0.6086, lr=0.0000040 Time cost=15.1 Thoughput=9.93 samples/s
INFO:gluonnlp:05:02:24 Batch: 6550/7387, Loss=0.6327, lr=0.0000038 Time cost=14.9 Thoughput=10.08 samples/s
INFO:gluonnlp:05:02:39 Batch: 6600/7387, Loss=0.5925, lr=0.0000036 Time cost=15.1 Thoughput=9.92 samples/s
INFO:gluonnlp:05:02:54 Batch: 6650/7387, Loss=0.6399, lr=0.0000033 Time cost=15.0 Thoughput=9.98 samples/s
INFO:gluonnlp:05:03:09 Batch: 6700/7387, Loss=0.5819, lr=0.0000031 Time cost=15.0 Thoughput=9.99 samples/s
INFO:gluonnlp:05:03:24 Batch: 6750/7387, Loss=0.6321, lr=0.0000029 Time cost=14.8 Thoughput=10.15 samples/s
INFO:gluonnlp:05:03:39 Batch: 6800/7387, Loss=0.6169, lr=0.0000026 Time cost=15.2 Thoughput=9.86 samples/s
INFO:gluonnlp:05:03:54 Batch: 6850/7387, Loss=0.5651, lr=0.0000024 Time cost=15.0 Thoughput=10.01 samples/s
INFO:gluonnlp:05:04:09 Batch: 6900/7387, Loss=0.6013, lr=0.0000022 Time cost=14.9 Thoughput=10.05 samples/s
INFO:gluonnlp:05:04:24 Batch: 6950/7387, Loss=0.6146, lr=0.0000020 Time cost=15.0 Thoughput=10.00 samples/s
INFO:gluonnlp:05:04:40 Batch: 7000/7387, Loss=0.5714, lr=0.0000017 Time cost=16.7 Thoughput=8.99 samples/s
INFO:gluonnlp:05:04:55 Batch: 7050/7387, Loss=0.5529, lr=0.0000015 Time cost=14.9 Thoughput=10.06 samples/s
INFO:gluonnlp:05:05:10 Batch: 7100/7387, Loss=0.6062, lr=0.0000013 Time cost=15.1 Thoughput=9.93 samples/s
INFO:gluonnlp:05:05:25 Batch: 7150/7387, Loss=0.5817, lr=0.0000011 Time cost=15.0 Thoughput=9.97 samples/s
INFO:gluonnlp:05:05:40 Batch: 7200/7387, Loss=0.5731, lr=0.0000008 Time cost=15.0 Thoughput=10.03 samples/s
INFO:gluonnlp:05:05:55 Batch: 7250/7387, Loss=0.6076, lr=0.0000006 Time cost=14.9 Thoughput=10.06 samples/s
INFO:gluonnlp:05:06:10 Batch: 7300/7387, Loss=0.5247, lr=0.0000004 Time cost=15.1 Thoughput=9.92 samples/s
INFO:gluonnlp:05:06:25 Batch: 7350/7387, Loss=0.5508, lr=0.0000002 Time cost=14.9 Thoughput=10.08 samples/s
INFO:gluonnlp:05:06:37 Time cost=2243.52 s, Thoughput=9.88 samples/s
INFO:gluonnlp:05:06:44 Loading dev data...
INFO:gluonnlp:05:06:44 Number of records in dev data:10570
INFO:gluonnlp:05:07:21 The number of examples after preprocessing:10833
INFO:gluonnlp:05:07:21 start prediction
INFO:gluonnlp:05:08:52 Time cost=91.18 s, Thoughput=118.81 samples/s
INFO:gluonnlp:05:08:52 Get prediction results...
INFO:gluonnlp:05:12:24 {'f1': 91.1582403093741, 'exact_match': 84.27625354777673}
