INFO:gluonnlp:19:50:23 Namespace(accumulate=8, batch_size=4, bert_dataset='book_corpus_wiki_en_uncased', bert_model='bert_24_1024_16', doc_stride=128, epochs=2, export=True, gpu='2', input_size=768, log_interval=50, lr=3e-05, max_answer_length=30, max_query_length=64, max_seq_length=384, model_parameters=None, n_best_size=20, null_score_diff_threshold=-2.0, only_predict=False, optimizer='adam', output_dir='output_dir2', pretrained_bert_parameters=None, seq_length=384, test_batch_size=24, uncased=True, version_2=True, warmup_ratio=0.1)
INFO:gluonnlp:19:50:23 Using gradient accumulation. Effective batch size = 32
INFO:gluonnlp:19:50:28 Loader Train data...
INFO:gluonnlp:19:50:30 Number of records in Train data:130319
INFO:gluonnlp:19:52:03 The number of examples after preprocessing:131944
INFO:gluonnlp:19:52:03 Start Training
INFO:gluonnlp:19:54:33 Epoch: 0, Batch: 399/32986, Loss=0.7517, lr=0.0000018 Time cost=150.4 Thoughput=10.64 samples/s
INFO:gluonnlp:19:57:03 Epoch: 0, Batch: 799/32986, Loss=0.6329, lr=0.0000036 Time cost=149.4 Thoughput=10.71 samples/s
INFO:gluonnlp:19:59:32 Epoch: 0, Batch: 1199/32986, Loss=0.4809, lr=0.0000055 Time cost=149.5 Thoughput=10.70 samples/s
INFO:gluonnlp:20:02:02 Epoch: 0, Batch: 1599/32986, Loss=0.4357, lr=0.0000073 Time cost=149.5 Thoughput=10.70 samples/s
INFO:gluonnlp:20:04:31 Epoch: 0, Batch: 1999/32986, Loss=0.3755, lr=0.0000091 Time cost=149.6 Thoughput=10.70 samples/s
INFO:gluonnlp:20:07:01 Epoch: 0, Batch: 2399/32986, Loss=0.2917, lr=0.0000109 Time cost=149.7 Thoughput=10.69 samples/s
INFO:gluonnlp:20:09:31 Epoch: 0, Batch: 2799/32986, Loss=0.2623, lr=0.0000127 Time cost=149.5 Thoughput=10.70 samples/s
INFO:gluonnlp:20:12:00 Epoch: 0, Batch: 3199/32986, Loss=0.2389, lr=0.0000146 Time cost=149.5 Thoughput=10.70 samples/s
INFO:gluonnlp:20:14:30 Epoch: 0, Batch: 3599/32986, Loss=0.2265, lr=0.0000164 Time cost=149.5 Thoughput=10.70 samples/s
INFO:gluonnlp:20:16:59 Epoch: 0, Batch: 3999/32986, Loss=0.2112, lr=0.0000182 Time cost=149.5 Thoughput=10.70 samples/s
INFO:gluonnlp:20:19:29 Epoch: 0, Batch: 4399/32986, Loss=0.1983, lr=0.0000200 Time cost=149.5 Thoughput=10.70 samples/s
INFO:gluonnlp:20:21:58 Epoch: 0, Batch: 4799/32986, Loss=0.1939, lr=0.0000218 Time cost=149.5 Thoughput=10.70 samples/s
INFO:gluonnlp:20:24:28 Epoch: 0, Batch: 5199/32986, Loss=0.1802, lr=0.0000237 Time cost=149.5 Thoughput=10.71 samples/s
INFO:gluonnlp:20:26:57 Epoch: 0, Batch: 5599/32986, Loss=0.1845, lr=0.0000255 Time cost=149.5 Thoughput=10.71 samples/s
INFO:gluonnlp:20:29:27 Epoch: 0, Batch: 5999/32986, Loss=0.1874, lr=0.0000273 Time cost=149.5 Thoughput=10.70 samples/s
INFO:gluonnlp:20:31:56 Epoch: 0, Batch: 6399/32986, Loss=0.1827, lr=0.0000291 Time cost=149.5 Thoughput=10.70 samples/s
INFO:gluonnlp:20:34:26 Epoch: 0, Batch: 6799/32986, Loss=0.1748, lr=0.0000299 Time cost=149.5 Thoughput=10.70 samples/s
INFO:gluonnlp:20:36:55 Epoch: 0, Batch: 7199/32986, Loss=0.1682, lr=0.0000297 Time cost=149.5 Thoughput=10.70 samples/s
INFO:gluonnlp:20:39:25 Epoch: 0, Batch: 7599/32986, Loss=0.1668, lr=0.0000295 Time cost=149.5 Thoughput=10.70 samples/s
INFO:gluonnlp:20:41:54 Epoch: 0, Batch: 7999/32986, Loss=0.1667, lr=0.0000293 Time cost=149.5 Thoughput=10.71 samples/s
INFO:gluonnlp:20:44:24 Epoch: 0, Batch: 8399/32986, Loss=0.1587, lr=0.0000291 Time cost=149.5 Thoughput=10.70 samples/s
INFO:gluonnlp:20:46:53 Epoch: 0, Batch: 8799/32986, Loss=0.1600, lr=0.0000289 Time cost=149.5 Thoughput=10.70 samples/s
INFO:gluonnlp:20:49:22 Epoch: 0, Batch: 9199/32986, Loss=0.1663, lr=0.0000287 Time cost=149.5 Thoughput=10.71 samples/s
INFO:gluonnlp:20:51:52 Epoch: 0, Batch: 9599/32986, Loss=0.1489, lr=0.0000285 Time cost=149.5 Thoughput=10.70 samples/s
INFO:gluonnlp:20:54:21 Epoch: 0, Batch: 9999/32986, Loss=0.1467, lr=0.0000283 Time cost=149.4 Thoughput=10.71 samples/s
INFO:gluonnlp:20:56:51 Epoch: 0, Batch: 10399/32986, Loss=0.1487, lr=0.0000281 Time cost=149.5 Thoughput=10.70 samples/s
INFO:gluonnlp:20:59:20 Epoch: 0, Batch: 10799/32986, Loss=0.1498, lr=0.0000279 Time cost=149.5 Thoughput=10.70 samples/s
INFO:gluonnlp:21:01:50 Epoch: 0, Batch: 11199/32986, Loss=0.1424, lr=0.0000277 Time cost=149.4 Thoughput=10.71 samples/s
INFO:gluonnlp:21:04:19 Epoch: 0, Batch: 11599/32986, Loss=0.1455, lr=0.0000275 Time cost=149.5 Thoughput=10.71 samples/s
INFO:gluonnlp:21:06:49 Epoch: 0, Batch: 11999/32986, Loss=0.1431, lr=0.0000273 Time cost=149.4 Thoughput=10.71 samples/s
INFO:gluonnlp:21:09:18 Epoch: 0, Batch: 12399/32986, Loss=0.1459, lr=0.0000271 Time cost=149.4 Thoughput=10.71 samples/s
INFO:gluonnlp:21:11:48 Epoch: 0, Batch: 12799/32986, Loss=0.1319, lr=0.0000269 Time cost=149.5 Thoughput=10.70 samples/s
INFO:gluonnlp:21:14:17 Epoch: 0, Batch: 13199/32986, Loss=0.1405, lr=0.0000267 Time cost=149.5 Thoughput=10.70 samples/s
INFO:gluonnlp:21:16:47 Epoch: 0, Batch: 13599/32986, Loss=0.1396, lr=0.0000265 Time cost=150.0 Thoughput=10.67 samples/s
INFO:gluonnlp:21:19:16 Epoch: 0, Batch: 13999/32986, Loss=0.1347, lr=0.0000263 Time cost=149.5 Thoughput=10.70 samples/s
INFO:gluonnlp:21:21:46 Epoch: 0, Batch: 14399/32986, Loss=0.1346, lr=0.0000261 Time cost=149.4 Thoughput=10.71 samples/s
INFO:gluonnlp:21:24:15 Epoch: 0, Batch: 14799/32986, Loss=0.1446, lr=0.0000259 Time cost=149.4 Thoughput=10.71 samples/s
INFO:gluonnlp:21:26:45 Epoch: 0, Batch: 15199/32986, Loss=0.1350, lr=0.0000257 Time cost=149.4 Thoughput=10.71 samples/s
INFO:gluonnlp:21:29:14 Epoch: 0, Batch: 15599/32986, Loss=0.1289, lr=0.0000254 Time cost=149.4 Thoughput=10.71 samples/s
INFO:gluonnlp:21:31:44 Epoch: 0, Batch: 15999/32986, Loss=0.1277, lr=0.0000252 Time cost=149.5 Thoughput=10.71 samples/s
INFO:gluonnlp:21:34:13 Epoch: 0, Batch: 16399/32986, Loss=0.1314, lr=0.0000250 Time cost=149.4 Thoughput=10.71 samples/s
INFO:gluonnlp:21:36:42 Epoch: 0, Batch: 16799/32986, Loss=0.1322, lr=0.0000248 Time cost=149.4 Thoughput=10.71 samples/s
INFO:gluonnlp:21:39:12 Epoch: 0, Batch: 17199/32986, Loss=0.1246, lr=0.0000246 Time cost=149.4 Thoughput=10.71 samples/s
INFO:gluonnlp:21:41:41 Epoch: 0, Batch: 17599/32986, Loss=0.1284, lr=0.0000244 Time cost=149.5 Thoughput=10.70 samples/s
INFO:gluonnlp:21:44:11 Epoch: 0, Batch: 17999/32986, Loss=0.1201, lr=0.0000242 Time cost=149.5 Thoughput=10.70 samples/s
INFO:gluonnlp:21:46:40 Epoch: 0, Batch: 18399/32986, Loss=0.1315, lr=0.0000240 Time cost=149.6 Thoughput=10.70 samples/s
INFO:gluonnlp:21:49:10 Epoch: 0, Batch: 18799/32986, Loss=0.1241, lr=0.0000238 Time cost=149.5 Thoughput=10.70 samples/s
INFO:gluonnlp:21:51:39 Epoch: 0, Batch: 19199/32986, Loss=0.1217, lr=0.0000236 Time cost=149.5 Thoughput=10.70 samples/s
INFO:gluonnlp:21:54:10 Epoch: 0, Batch: 19599/32986, Loss=0.1185, lr=0.0000234 Time cost=150.4 Thoughput=10.63 samples/s
INFO:gluonnlp:21:56:40 Epoch: 0, Batch: 19999/32986, Loss=0.1218, lr=0.0000232 Time cost=149.8 Thoughput=10.68 samples/s
INFO:gluonnlp:21:59:09 Epoch: 0, Batch: 20399/32986, Loss=0.1287, lr=0.0000230 Time cost=149.8 Thoughput=10.68 samples/s
INFO:gluonnlp:22:01:39 Epoch: 0, Batch: 20799/32986, Loss=0.1206, lr=0.0000228 Time cost=149.9 Thoughput=10.68 samples/s
INFO:gluonnlp:22:04:09 Epoch: 0, Batch: 21199/32986, Loss=0.1202, lr=0.0000226 Time cost=149.8 Thoughput=10.68 samples/s
INFO:gluonnlp:22:06:39 Epoch: 0, Batch: 21599/32986, Loss=0.1269, lr=0.0000224 Time cost=149.8 Thoughput=10.68 samples/s
INFO:gluonnlp:22:09:09 Epoch: 0, Batch: 21999/32986, Loss=0.1130, lr=0.0000222 Time cost=149.8 Thoughput=10.68 samples/s
INFO:gluonnlp:22:11:38 Epoch: 0, Batch: 22399/32986, Loss=0.1136, lr=0.0000220 Time cost=149.8 Thoughput=10.68 samples/s
INFO:gluonnlp:22:14:08 Epoch: 0, Batch: 22799/32986, Loss=0.1205, lr=0.0000218 Time cost=149.8 Thoughput=10.68 samples/s
INFO:gluonnlp:22:16:38 Epoch: 0, Batch: 23199/32986, Loss=0.1134, lr=0.0000216 Time cost=149.8 Thoughput=10.68 samples/s
INFO:gluonnlp:22:19:08 Epoch: 0, Batch: 23599/32986, Loss=0.1195, lr=0.0000214 Time cost=149.8 Thoughput=10.68 samples/s
INFO:gluonnlp:22:21:38 Epoch: 0, Batch: 23999/32986, Loss=0.1100, lr=0.0000212 Time cost=149.8 Thoughput=10.68 samples/s
INFO:gluonnlp:22:24:07 Epoch: 0, Batch: 24399/32986, Loss=0.1134, lr=0.0000210 Time cost=149.9 Thoughput=10.68 samples/s
INFO:gluonnlp:22:26:37 Epoch: 0, Batch: 24799/32986, Loss=0.1124, lr=0.0000208 Time cost=149.8 Thoughput=10.68 samples/s
INFO:gluonnlp:22:29:07 Epoch: 0, Batch: 25199/32986, Loss=0.1190, lr=0.0000206 Time cost=149.8 Thoughput=10.68 samples/s
INFO:gluonnlp:22:31:37 Epoch: 0, Batch: 25599/32986, Loss=0.1233, lr=0.0000204 Time cost=149.9 Thoughput=10.68 samples/s
INFO:gluonnlp:22:34:07 Epoch: 0, Batch: 25999/32986, Loss=0.1241, lr=0.0000202 Time cost=149.8 Thoughput=10.68 samples/s
INFO:gluonnlp:22:36:37 Epoch: 0, Batch: 26399/32986, Loss=0.1044, lr=0.0000200 Time cost=150.5 Thoughput=10.63 samples/s
INFO:gluonnlp:22:39:07 Epoch: 0, Batch: 26799/32986, Loss=0.1129, lr=0.0000198 Time cost=149.8 Thoughput=10.68 samples/s
INFO:gluonnlp:22:41:37 Epoch: 0, Batch: 27199/32986, Loss=0.1015, lr=0.0000196 Time cost=149.8 Thoughput=10.68 samples/s
INFO:gluonnlp:22:44:07 Epoch: 0, Batch: 27599/32986, Loss=0.1164, lr=0.0000194 Time cost=149.8 Thoughput=10.68 samples/s
INFO:gluonnlp:22:46:36 Epoch: 0, Batch: 27999/32986, Loss=0.1163, lr=0.0000192 Time cost=149.7 Thoughput=10.69 samples/s
INFO:gluonnlp:22:49:06 Epoch: 0, Batch: 28399/32986, Loss=0.1117, lr=0.0000190 Time cost=149.7 Thoughput=10.69 samples/s
INFO:gluonnlp:22:51:36 Epoch: 0, Batch: 28799/32986, Loss=0.1091, lr=0.0000188 Time cost=149.7 Thoughput=10.69 samples/s
INFO:gluonnlp:22:54:05 Epoch: 0, Batch: 29199/32986, Loss=0.1057, lr=0.0000186 Time cost=149.7 Thoughput=10.69 samples/s
INFO:gluonnlp:22:56:35 Epoch: 0, Batch: 29599/32986, Loss=0.1081, lr=0.0000184 Time cost=149.7 Thoughput=10.68 samples/s
INFO:gluonnlp:22:59:05 Epoch: 0, Batch: 29999/32986, Loss=0.1101, lr=0.0000182 Time cost=149.8 Thoughput=10.68 samples/s
INFO:gluonnlp:23:01:35 Epoch: 0, Batch: 30399/32986, Loss=0.1106, lr=0.0000180 Time cost=149.8 Thoughput=10.68 samples/s
INFO:gluonnlp:23:04:05 Epoch: 0, Batch: 30799/32986, Loss=0.1147, lr=0.0000178 Time cost=149.7 Thoughput=10.69 samples/s
INFO:gluonnlp:23:06:34 Epoch: 0, Batch: 31199/32986, Loss=0.1143, lr=0.0000176 Time cost=149.7 Thoughput=10.69 samples/s
INFO:gluonnlp:23:09:04 Epoch: 0, Batch: 31599/32986, Loss=0.1083, lr=0.0000174 Time cost=149.7 Thoughput=10.68 samples/s
INFO:gluonnlp:23:11:34 Epoch: 0, Batch: 31999/32986, Loss=0.1115, lr=0.0000172 Time cost=149.7 Thoughput=10.69 samples/s
INFO:gluonnlp:23:14:03 Epoch: 0, Batch: 32399/32986, Loss=0.1026, lr=0.0000170 Time cost=149.7 Thoughput=10.69 samples/s
INFO:gluonnlp:23:16:33 Epoch: 0, Batch: 32799/32986, Loss=0.1057, lr=0.0000168 Time cost=149.7 Thoughput=10.68 samples/s
INFO:gluonnlp:23:17:43 Epoch: 0, Time cost=12339.54 s, Thoughput=2.67 samples/s
INFO:gluonnlp:23:20:13 Epoch: 1, Batch: 399/32986, Loss=0.0813, lr=0.0000165 Time cost=150.0 Thoughput=15.63 samples/s
INFO:gluonnlp:23:22:42 Epoch: 1, Batch: 799/32986, Loss=0.0813, lr=0.0000163 Time cost=149.7 Thoughput=10.68 samples/s
INFO:gluonnlp:23:25:12 Epoch: 1, Batch: 1199/32986, Loss=0.0751, lr=0.0000161 Time cost=149.8 Thoughput=10.68 samples/s
INFO:gluonnlp:23:27:42 Epoch: 1, Batch: 1599/32986, Loss=0.0804, lr=0.0000159 Time cost=149.7 Thoughput=10.69 samples/s
INFO:gluonnlp:23:30:12 Epoch: 1, Batch: 1999/32986, Loss=0.0782, lr=0.0000157 Time cost=149.8 Thoughput=10.68 samples/s
INFO:gluonnlp:23:32:41 Epoch: 1, Batch: 2399/32986, Loss=0.0782, lr=0.0000154 Time cost=149.6 Thoughput=10.69 samples/s
INFO:gluonnlp:23:35:11 Epoch: 1, Batch: 2799/32986, Loss=0.0751, lr=0.0000152 Time cost=149.7 Thoughput=10.69 samples/s
INFO:gluonnlp:23:37:41 Epoch: 1, Batch: 3199/32986, Loss=0.0819, lr=0.0000150 Time cost=149.7 Thoughput=10.69 samples/s
INFO:gluonnlp:23:40:10 Epoch: 1, Batch: 3599/32986, Loss=0.0793, lr=0.0000148 Time cost=149.7 Thoughput=10.69 samples/s
INFO:gluonnlp:23:42:40 Epoch: 1, Batch: 3999/32986, Loss=0.0785, lr=0.0000146 Time cost=149.7 Thoughput=10.69 samples/s
INFO:gluonnlp:23:45:10 Epoch: 1, Batch: 4399/32986, Loss=0.0785, lr=0.0000144 Time cost=149.8 Thoughput=10.68 samples/s
INFO:gluonnlp:23:47:40 Epoch: 1, Batch: 4799/32986, Loss=0.0786, lr=0.0000142 Time cost=149.7 Thoughput=10.69 samples/s
INFO:gluonnlp:23:50:09 Epoch: 1, Batch: 5199/32986, Loss=0.0734, lr=0.0000140 Time cost=149.8 Thoughput=10.68 samples/s
INFO:gluonnlp:23:52:39 Epoch: 1, Batch: 5599/32986, Loss=0.0770, lr=0.0000138 Time cost=149.7 Thoughput=10.69 samples/s
INFO:gluonnlp:23:55:09 Epoch: 1, Batch: 5999/32986, Loss=0.0782, lr=0.0000136 Time cost=149.7 Thoughput=10.68 samples/s
INFO:gluonnlp:23:57:39 Epoch: 1, Batch: 6399/32986, Loss=0.0789, lr=0.0000134 Time cost=149.7 Thoughput=10.69 samples/s
INFO:gluonnlp:00:00:08 Epoch: 1, Batch: 6799/32986, Loss=0.0829, lr=0.0000132 Time cost=149.7 Thoughput=10.69 samples/s
INFO:gluonnlp:00:02:38 Epoch: 1, Batch: 7199/32986, Loss=0.0749, lr=0.0000130 Time cost=149.7 Thoughput=10.69 samples/s
INFO:gluonnlp:00:05:08 Epoch: 1, Batch: 7599/32986, Loss=0.0722, lr=0.0000128 Time cost=149.7 Thoughput=10.69 samples/s
INFO:gluonnlp:00:07:37 Epoch: 1, Batch: 7999/32986, Loss=0.0733, lr=0.0000126 Time cost=149.8 Thoughput=10.68 samples/s
INFO:gluonnlp:00:10:07 Epoch: 1, Batch: 8399/32986, Loss=0.0824, lr=0.0000124 Time cost=149.7 Thoughput=10.68 samples/s
INFO:gluonnlp:00:12:37 Epoch: 1, Batch: 8799/32986, Loss=0.0793, lr=0.0000122 Time cost=149.8 Thoughput=10.68 samples/s
INFO:gluonnlp:00:15:07 Epoch: 1, Batch: 9199/32986, Loss=0.0792, lr=0.0000120 Time cost=149.7 Thoughput=10.69 samples/s
INFO:gluonnlp:00:17:36 Epoch: 1, Batch: 9599/32986, Loss=0.0721, lr=0.0000118 Time cost=149.7 Thoughput=10.69 samples/s
INFO:gluonnlp:00:20:06 Epoch: 1, Batch: 9999/32986, Loss=0.0750, lr=0.0000116 Time cost=149.7 Thoughput=10.69 samples/s
INFO:gluonnlp:00:22:36 Epoch: 1, Batch: 10399/32986, Loss=0.0800, lr=0.0000114 Time cost=149.8 Thoughput=10.68 samples/s
INFO:gluonnlp:00:25:06 Epoch: 1, Batch: 10799/32986, Loss=0.0748, lr=0.0000112 Time cost=149.7 Thoughput=10.69 samples/s
INFO:gluonnlp:00:27:35 Epoch: 1, Batch: 11199/32986, Loss=0.0778, lr=0.0000110 Time cost=149.7 Thoughput=10.69 samples/s
INFO:gluonnlp:00:30:05 Epoch: 1, Batch: 11599/32986, Loss=0.0719, lr=0.0000108 Time cost=149.8 Thoughput=10.68 samples/s
INFO:gluonnlp:00:32:35 Epoch: 1, Batch: 11999/32986, Loss=0.0760, lr=0.0000106 Time cost=149.8 Thoughput=10.68 samples/s
INFO:gluonnlp:00:35:05 Epoch: 1, Batch: 12399/32986, Loss=0.0807, lr=0.0000104 Time cost=149.7 Thoughput=10.69 samples/s
INFO:gluonnlp:00:37:35 Epoch: 1, Batch: 12799/32986, Loss=0.0812, lr=0.0000102 Time cost=150.4 Thoughput=10.64 samples/s
INFO:gluonnlp:00:40:05 Epoch: 1, Batch: 13199/32986, Loss=0.0781, lr=0.0000100 Time cost=149.8 Thoughput=10.68 samples/s
INFO:gluonnlp:00:42:35 Epoch: 1, Batch: 13599/32986, Loss=0.0783, lr=0.0000098 Time cost=149.7 Thoughput=10.69 samples/s
INFO:gluonnlp:00:45:05 Epoch: 1, Batch: 13999/32986, Loss=0.0784, lr=0.0000096 Time cost=150.4 Thoughput=10.64 samples/s
INFO:gluonnlp:00:47:35 Epoch: 1, Batch: 14399/32986, Loss=0.0679, lr=0.0000094 Time cost=149.7 Thoughput=10.69 samples/s
INFO:gluonnlp:00:50:04 Epoch: 1, Batch: 14799/32986, Loss=0.0789, lr=0.0000092 Time cost=149.7 Thoughput=10.69 samples/s
INFO:gluonnlp:00:52:34 Epoch: 1, Batch: 15199/32986, Loss=0.0734, lr=0.0000090 Time cost=149.7 Thoughput=10.69 samples/s
INFO:gluonnlp:00:55:04 Epoch: 1, Batch: 15599/32986, Loss=0.0742, lr=0.0000088 Time cost=150.1 Thoughput=10.66 samples/s
INFO:gluonnlp:00:57:35 Epoch: 1, Batch: 15999/32986, Loss=0.0706, lr=0.0000086 Time cost=150.5 Thoughput=10.63 samples/s
INFO:gluonnlp:01:00:04 Epoch: 1, Batch: 16399/32986, Loss=0.0774, lr=0.0000084 Time cost=149.7 Thoughput=10.69 samples/s
INFO:gluonnlp:01:02:34 Epoch: 1, Batch: 16799/32986, Loss=0.0721, lr=0.0000082 Time cost=149.8 Thoughput=10.68 samples/s
INFO:gluonnlp:01:05:04 Epoch: 1, Batch: 17199/32986, Loss=0.0683, lr=0.0000080 Time cost=149.6 Thoughput=10.69 samples/s
INFO:gluonnlp:01:07:34 Epoch: 1, Batch: 17599/32986, Loss=0.0742, lr=0.0000078 Time cost=149.7 Thoughput=10.69 samples/s
INFO:gluonnlp:01:10:04 Epoch: 1, Batch: 17999/32986, Loss=0.0754, lr=0.0000076 Time cost=150.4 Thoughput=10.64 samples/s
INFO:gluonnlp:01:12:34 Epoch: 1, Batch: 18399/32986, Loss=0.0758, lr=0.0000074 Time cost=150.4 Thoughput=10.64 samples/s
INFO:gluonnlp:01:15:05 Epoch: 1, Batch: 18799/32986, Loss=0.0755, lr=0.0000072 Time cost=150.3 Thoughput=10.65 samples/s
INFO:gluonnlp:01:17:34 Epoch: 1, Batch: 19199/32986, Loss=0.0717, lr=0.0000070 Time cost=149.5 Thoughput=10.70 samples/s
INFO:gluonnlp:01:20:04 Epoch: 1, Batch: 19599/32986, Loss=0.0755, lr=0.0000068 Time cost=149.5 Thoughput=10.70 samples/s
INFO:gluonnlp:01:22:33 Epoch: 1, Batch: 19999/32986, Loss=0.0724, lr=0.0000066 Time cost=149.5 Thoughput=10.70 samples/s
INFO:gluonnlp:01:25:03 Epoch: 1, Batch: 20399/32986, Loss=0.0731, lr=0.0000064 Time cost=149.6 Thoughput=10.69 samples/s
INFO:gluonnlp:01:27:33 Epoch: 1, Batch: 20799/32986, Loss=0.0712, lr=0.0000062 Time cost=150.4 Thoughput=10.64 samples/s
INFO:gluonnlp:01:30:03 Epoch: 1, Batch: 21199/32986, Loss=0.0719, lr=0.0000059 Time cost=149.6 Thoughput=10.69 samples/s
INFO:gluonnlp:01:32:33 Epoch: 1, Batch: 21599/32986, Loss=0.0778, lr=0.0000057 Time cost=149.6 Thoughput=10.69 samples/s
INFO:gluonnlp:01:35:02 Epoch: 1, Batch: 21999/32986, Loss=0.0795, lr=0.0000055 Time cost=149.6 Thoughput=10.70 samples/s
INFO:gluonnlp:01:37:32 Epoch: 1, Batch: 22399/32986, Loss=0.0741, lr=0.0000053 Time cost=149.6 Thoughput=10.69 samples/s
INFO:gluonnlp:01:40:01 Epoch: 1, Batch: 22799/32986, Loss=0.0713, lr=0.0000051 Time cost=149.7 Thoughput=10.69 samples/s
INFO:gluonnlp:01:42:31 Epoch: 1, Batch: 23199/32986, Loss=0.0763, lr=0.0000049 Time cost=149.7 Thoughput=10.69 samples/s
INFO:gluonnlp:01:45:01 Epoch: 1, Batch: 23599/32986, Loss=0.0725, lr=0.0000047 Time cost=149.7 Thoughput=10.69 samples/s
INFO:gluonnlp:01:47:30 Epoch: 1, Batch: 23999/32986, Loss=0.0743, lr=0.0000045 Time cost=149.6 Thoughput=10.69 samples/s
INFO:gluonnlp:01:50:00 Epoch: 1, Batch: 24399/32986, Loss=0.0736, lr=0.0000043 Time cost=149.8 Thoughput=10.68 samples/s
INFO:gluonnlp:01:52:30 Epoch: 1, Batch: 24799/32986, Loss=0.0723, lr=0.0000041 Time cost=149.7 Thoughput=10.68 samples/s
INFO:gluonnlp:01:55:00 Epoch: 1, Batch: 25199/32986, Loss=0.0771, lr=0.0000039 Time cost=149.7 Thoughput=10.69 samples/s
INFO:gluonnlp:01:57:29 Epoch: 1, Batch: 25599/32986, Loss=0.0764, lr=0.0000037 Time cost=149.7 Thoughput=10.69 samples/s
INFO:gluonnlp:01:59:59 Epoch: 1, Batch: 25999/32986, Loss=0.0712, lr=0.0000035 Time cost=149.7 Thoughput=10.69 samples/s
INFO:gluonnlp:02:02:29 Epoch: 1, Batch: 26399/32986, Loss=0.0707, lr=0.0000033 Time cost=149.7 Thoughput=10.69 samples/s
INFO:gluonnlp:02:04:58 Epoch: 1, Batch: 26799/32986, Loss=0.0768, lr=0.0000031 Time cost=149.7 Thoughput=10.69 samples/s
INFO:gluonnlp:02:07:28 Epoch: 1, Batch: 27199/32986, Loss=0.0689, lr=0.0000029 Time cost=149.7 Thoughput=10.69 samples/s
INFO:gluonnlp:02:09:58 Epoch: 1, Batch: 27599/32986, Loss=0.0708, lr=0.0000027 Time cost=149.7 Thoughput=10.69 samples/s
INFO:gluonnlp:02:12:28 Epoch: 1, Batch: 27999/32986, Loss=0.0731, lr=0.0000025 Time cost=149.7 Thoughput=10.69 samples/s
INFO:gluonnlp:02:14:57 Epoch: 1, Batch: 28399/32986, Loss=0.0803, lr=0.0000023 Time cost=149.7 Thoughput=10.69 samples/s
INFO:gluonnlp:02:17:27 Epoch: 1, Batch: 28799/32986, Loss=0.0724, lr=0.0000021 Time cost=149.7 Thoughput=10.69 samples/s
INFO:gluonnlp:02:19:57 Epoch: 1, Batch: 29199/32986, Loss=0.0728, lr=0.0000019 Time cost=149.7 Thoughput=10.69 samples/s
INFO:gluonnlp:02:22:26 Epoch: 1, Batch: 29599/32986, Loss=0.0671, lr=0.0000017 Time cost=149.7 Thoughput=10.69 samples/s
INFO:gluonnlp:02:24:56 Epoch: 1, Batch: 29999/32986, Loss=0.0753, lr=0.0000015 Time cost=149.7 Thoughput=10.69 samples/s
INFO:gluonnlp:02:27:26 Epoch: 1, Batch: 30399/32986, Loss=0.0651, lr=0.0000013 Time cost=149.7 Thoughput=10.69 samples/s
INFO:gluonnlp:02:29:55 Epoch: 1, Batch: 30799/32986, Loss=0.0747, lr=0.0000011 Time cost=149.7 Thoughput=10.69 samples/s
INFO:gluonnlp:02:32:25 Epoch: 1, Batch: 31199/32986, Loss=0.0761, lr=0.0000009 Time cost=149.7 Thoughput=10.69 samples/s
INFO:gluonnlp:02:34:55 Epoch: 1, Batch: 31599/32986, Loss=0.0714, lr=0.0000007 Time cost=149.7 Thoughput=10.69 samples/s
INFO:gluonnlp:02:37:24 Epoch: 1, Batch: 31999/32986, Loss=0.0769, lr=0.0000005 Time cost=149.7 Thoughput=10.69 samples/s
INFO:gluonnlp:02:39:54 Epoch: 1, Batch: 32399/32986, Loss=0.0798, lr=0.0000003 Time cost=149.6 Thoughput=10.69 samples/s
INFO:gluonnlp:02:42:24 Epoch: 1, Batch: 32799/32986, Loss=0.0742, lr=0.0000001 Time cost=149.6 Thoughput=10.69 samples/s
INFO:gluonnlp:02:43:33 Epoch: 1, Time cost=24690.07 s, Thoughput=1.34 samples/s
INFO:gluonnlp:02:43:36 Loader dev data...
INFO:gluonnlp:02:43:36 Number of records in Train data:11873
INFO:gluonnlp:02:43:45 The number of examples after preprocessing:12232
INFO:gluonnlp:02:43:46 Start predict
INFO:gluonnlp:02:50:01 Inference time cost=375.36 s, Thoughput=1.36 samples/s
INFO:gluonnlp:02:50:01 Get prediction results...
