2019-12-19 07:04:04,195 - root - INFO - Namespace(accumulate=None, attention_dropout=0.1, batch_size=32, cpu=None, dataset='126gb', dev_batch_size=32, dropout=0.1, early_stop=None, epochs=3, epsilon=1e-06, gpu=8, log_interval=10, lr=3e-05, lr_decay='linear', max_len=128, model_name='xlnet_cased_l24_h1024_a16', model_parameters=None, only_inference=False, output_dir='./output_dir', pad=True, seed=7, task_name='SST', training_steps=10000, warmup_ratio=0.1)
2019-12-19 07:04:48,353 - root - INFO - processing dataset...
2019-12-19 07:05:16,447 - root - INFO - Now we are doing XLNet classification training on [gpu(0), gpu(1), gpu(2), gpu(3), gpu(4), gpu(5), gpu(6), gpu(7)]!
2019-12-19 07:05:16,461 - root - INFO - training steps=10000.000000s
2019-12-19 07:05:40,458 - root - INFO - Time cost for the first forward-backward =23.98s
2019-12-19 07:06:00,663 - root - INFO - [Epoch 1 Batch 10/2110] loss=0.7635, lr=0.0000003
2019-12-19 07:06:18,054 - root - INFO - [Epoch 1 Batch 20/2110] loss=0.7521, lr=0.0000006
2019-12-19 07:06:35,628 - root - INFO - [Epoch 1 Batch 30/2110] loss=0.7515, lr=0.0000009
2019-12-19 07:06:53,008 - root - INFO - [Epoch 1 Batch 40/2110] loss=0.7531, lr=0.0000012
2019-12-19 07:07:10,570 - root - INFO - [Epoch 1 Batch 50/2110] loss=0.7163, lr=0.0000015
2019-12-19 07:07:28,290 - root - INFO - [Epoch 1 Batch 60/2110] loss=0.7006, lr=0.0000018
2019-12-19 07:07:45,767 - root - INFO - [Epoch 1 Batch 70/2110] loss=0.6947, lr=0.0000021
2019-12-19 07:08:03,069 - root - INFO - [Epoch 1 Batch 80/2110] loss=0.6797, lr=0.0000024
2019-12-19 07:08:20,606 - root - INFO - [Epoch 1 Batch 90/2110] loss=0.6864, lr=0.0000027
2019-12-19 07:08:38,295 - root - INFO - [Epoch 1 Batch 100/2110] loss=0.6899, lr=0.0000030
2019-12-19 07:08:55,888 - root - INFO - [Epoch 1 Batch 110/2110] loss=0.7031, lr=0.0000033
2019-12-19 07:09:13,394 - root - INFO - [Epoch 1 Batch 120/2110] loss=0.7032, lr=0.0000036
2019-12-19 07:09:30,084 - root - INFO - [Epoch 1 Batch 130/2110] loss=0.6326, lr=0.0000039
2019-12-19 07:09:47,306 - root - INFO - [Epoch 1 Batch 140/2110] loss=0.7030, lr=0.0000042
2019-12-19 07:10:04,639 - root - INFO - [Epoch 1 Batch 150/2110] loss=0.6838, lr=0.0000045
2019-12-19 07:10:22,041 - root - INFO - [Epoch 1 Batch 160/2110] loss=0.6923, lr=0.0000048
2019-12-19 07:10:39,528 - root - INFO - [Epoch 1 Batch 170/2110] loss=0.7025, lr=0.0000051
2019-12-19 07:10:56,958 - root - INFO - [Epoch 1 Batch 180/2110] loss=0.7071, lr=0.0000054
2019-12-19 07:11:14,271 - root - INFO - [Epoch 1 Batch 190/2110] loss=0.6854, lr=0.0000057
2019-12-19 07:11:31,628 - root - INFO - [Epoch 1 Batch 200/2110] loss=0.6862, lr=0.0000060
2019-12-19 07:11:49,084 - root - INFO - [Epoch 1 Batch 210/2110] loss=0.6816, lr=0.0000063
2019-12-19 07:12:06,655 - root - INFO - [Epoch 1 Batch 220/2110] loss=0.6845, lr=0.0000066
2019-12-19 07:12:24,068 - root - INFO - [Epoch 1 Batch 230/2110] loss=0.6871, lr=0.0000069
2019-12-19 07:12:41,571 - root - INFO - [Epoch 1 Batch 240/2110] loss=0.6674, lr=0.0000072
2019-12-19 07:12:58,909 - root - INFO - [Epoch 1 Batch 250/2110] loss=0.6819, lr=0.0000075
2019-12-19 07:13:16,874 - root - INFO - [Epoch 1 Batch 260/2110] loss=0.6760, lr=0.0000078
2019-12-19 07:13:34,450 - root - INFO - [Epoch 1 Batch 270/2110] loss=0.6847, lr=0.0000081
2019-12-19 07:13:51,950 - root - INFO - [Epoch 1 Batch 280/2110] loss=0.6811, lr=0.0000084
2019-12-19 07:14:09,167 - root - INFO - [Epoch 1 Batch 290/2110] loss=0.6928, lr=0.0000087
2019-12-19 07:14:26,484 - root - INFO - [Epoch 1 Batch 300/2110] loss=0.6889, lr=0.0000090
2019-12-19 07:14:43,635 - root - INFO - [Epoch 1 Batch 310/2110] loss=0.6651, lr=0.0000093
2019-12-19 07:15:00,883 - root - INFO - [Epoch 1 Batch 320/2110] loss=0.6700, lr=0.0000096
2019-12-19 07:15:18,474 - root - INFO - [Epoch 1 Batch 330/2110] loss=0.6658, lr=0.0000099
2019-12-19 07:15:36,401 - root - INFO - [Epoch 1 Batch 340/2110] loss=0.6526, lr=0.0000102
2019-12-19 07:15:53,640 - root - INFO - [Epoch 1 Batch 350/2110] loss=0.6153, lr=0.0000105
2019-12-19 07:16:10,819 - root - INFO - [Epoch 1 Batch 360/2110] loss=0.5637, lr=0.0000108
2019-12-19 07:16:27,982 - root - INFO - [Epoch 1 Batch 370/2110] loss=0.5702, lr=0.0000111
2019-12-19 07:16:45,374 - root - INFO - [Epoch 1 Batch 380/2110] loss=0.3989, lr=0.0000114
2019-12-19 07:17:02,868 - root - INFO - [Epoch 1 Batch 390/2110] loss=0.5148, lr=0.0000117
2019-12-19 07:17:20,368 - root - INFO - [Epoch 1 Batch 400/2110] loss=0.4837, lr=0.0000120
2019-12-19 07:17:37,812 - root - INFO - [Epoch 1 Batch 410/2110] loss=0.5371, lr=0.0000123
2019-12-19 07:17:55,488 - root - INFO - [Epoch 1 Batch 420/2110] loss=0.5545, lr=0.0000126
2019-12-19 07:18:12,756 - root - INFO - [Epoch 1 Batch 430/2110] loss=0.3755, lr=0.0000129
2019-12-19 07:18:30,120 - root - INFO - [Epoch 1 Batch 440/2110] loss=0.4190, lr=0.0000132
2019-12-19 07:18:47,330 - root - INFO - [Epoch 1 Batch 450/2110] loss=0.5657, lr=0.0000135
2019-12-19 07:19:04,786 - root - INFO - [Epoch 1 Batch 460/2110] loss=0.3819, lr=0.0000138
2019-12-19 07:19:22,253 - root - INFO - [Epoch 1 Batch 470/2110] loss=0.4276, lr=0.0000141
2019-12-19 07:19:39,288 - root - INFO - [Epoch 1 Batch 480/2110] loss=0.3733, lr=0.0000144
2019-12-19 07:19:56,690 - root - INFO - [Epoch 1 Batch 490/2110] loss=0.4625, lr=0.0000147
2019-12-19 07:20:14,026 - root - INFO - [Epoch 1 Batch 500/2110] loss=0.2137, lr=0.0000150
2019-12-19 07:20:31,229 - root - INFO - [Epoch 1 Batch 510/2110] loss=0.3972, lr=0.0000153
2019-12-19 07:20:48,809 - root - INFO - [Epoch 1 Batch 520/2110] loss=0.3219, lr=0.0000156
2019-12-19 07:21:06,135 - root - INFO - [Epoch 1 Batch 530/2110] loss=0.4418, lr=0.0000159
2019-12-19 07:21:23,548 - root - INFO - [Epoch 1 Batch 540/2110] loss=0.3842, lr=0.0000162
2019-12-19 07:21:41,147 - root - INFO - [Epoch 1 Batch 550/2110] loss=0.3352, lr=0.0000165
2019-12-19 07:21:58,779 - root - INFO - [Epoch 1 Batch 560/2110] loss=0.2164, lr=0.0000168
2019-12-19 07:22:16,299 - root - INFO - [Epoch 1 Batch 570/2110] loss=0.3017, lr=0.0000171
2019-12-19 07:22:33,425 - root - INFO - [Epoch 1 Batch 580/2110] loss=0.2796, lr=0.0000174
2019-12-19 07:22:51,061 - root - INFO - [Epoch 1 Batch 590/2110] loss=0.3241, lr=0.0000177
2019-12-19 07:23:08,341 - root - INFO - [Epoch 1 Batch 600/2110] loss=0.3542, lr=0.0000180
2019-12-19 07:23:25,678 - root - INFO - [Epoch 1 Batch 610/2110] loss=0.3255, lr=0.0000183
2019-12-19 07:23:43,118 - root - INFO - [Epoch 1 Batch 620/2110] loss=0.3912, lr=0.0000186
2019-12-19 07:24:00,395 - root - INFO - [Epoch 1 Batch 630/2110] loss=0.2386, lr=0.0000189
2019-12-19 07:24:17,594 - root - INFO - [Epoch 1 Batch 640/2110] loss=0.3031, lr=0.0000192
2019-12-19 07:24:35,099 - root - INFO - [Epoch 1 Batch 650/2110] loss=0.2610, lr=0.0000195
2019-12-19 07:24:52,252 - root - INFO - [Epoch 1 Batch 660/2110] loss=0.2623, lr=0.0000198
2019-12-19 07:25:09,980 - root - INFO - [Epoch 1 Batch 670/2110] loss=0.3056, lr=0.0000201
2019-12-19 07:25:27,684 - root - INFO - [Epoch 1 Batch 680/2110] loss=0.2913, lr=0.0000204
2019-12-19 07:25:45,371 - root - INFO - [Epoch 1 Batch 690/2110] loss=0.3235, lr=0.0000207
2019-12-19 07:26:03,056 - root - INFO - [Epoch 1 Batch 700/2110] loss=0.2749, lr=0.0000210
2019-12-19 07:26:20,309 - root - INFO - [Epoch 1 Batch 710/2110] loss=0.2670, lr=0.0000213
2019-12-19 07:26:37,812 - root - INFO - [Epoch 1 Batch 720/2110] loss=0.2475, lr=0.0000216
2019-12-19 07:26:55,434 - root - INFO - [Epoch 1 Batch 730/2110] loss=0.2625, lr=0.0000219
2019-12-19 07:27:13,122 - root - INFO - [Epoch 1 Batch 740/2110] loss=0.2870, lr=0.0000222
2019-12-19 07:27:30,443 - root - INFO - [Epoch 1 Batch 750/2110] loss=0.3955, lr=0.0000225
2019-12-19 07:27:47,969 - root - INFO - [Epoch 1 Batch 760/2110] loss=0.3879, lr=0.0000228
2019-12-19 07:28:05,466 - root - INFO - [Epoch 1 Batch 770/2110] loss=0.2594, lr=0.0000231
2019-12-19 07:28:22,567 - root - INFO - [Epoch 1 Batch 780/2110] loss=0.2814, lr=0.0000234
2019-12-19 07:28:40,254 - root - INFO - [Epoch 1 Batch 790/2110] loss=0.2336, lr=0.0000237
2019-12-19 07:28:57,625 - root - INFO - [Epoch 1 Batch 800/2110] loss=0.2570, lr=0.0000240
2019-12-19 07:29:14,863 - root - INFO - [Epoch 1 Batch 810/2110] loss=0.2155, lr=0.0000243
2019-12-19 07:29:32,076 - root - INFO - [Epoch 1 Batch 820/2110] loss=0.2339, lr=0.0000246
2019-12-19 07:29:49,095 - root - INFO - [Epoch 1 Batch 830/2110] loss=0.3176, lr=0.0000249
2019-12-19 07:30:06,197 - root - INFO - [Epoch 1 Batch 840/2110] loss=0.2583, lr=0.0000252
2019-12-19 07:30:23,620 - root - INFO - [Epoch 1 Batch 850/2110] loss=0.2860, lr=0.0000255
2019-12-19 07:30:41,325 - root - INFO - [Epoch 1 Batch 860/2110] loss=0.2187, lr=0.0000258
2019-12-19 07:30:58,775 - root - INFO - [Epoch 1 Batch 870/2110] loss=0.1796, lr=0.0000261
2019-12-19 07:31:16,223 - root - INFO - [Epoch 1 Batch 880/2110] loss=0.2650, lr=0.0000264
2019-12-19 07:31:33,977 - root - INFO - [Epoch 1 Batch 890/2110] loss=0.2392, lr=0.0000267
2019-12-19 07:31:52,487 - root - INFO - [Epoch 1 Batch 900/2110] loss=0.1960, lr=0.0000270
2019-12-19 07:32:09,718 - root - INFO - [Epoch 1 Batch 910/2110] loss=0.2294, lr=0.0000273
2019-12-19 07:32:27,160 - root - INFO - [Epoch 1 Batch 920/2110] loss=0.2695, lr=0.0000276
2019-12-19 07:32:44,651 - root - INFO - [Epoch 1 Batch 930/2110] loss=0.2558, lr=0.0000279
2019-12-19 07:33:02,377 - root - INFO - [Epoch 1 Batch 940/2110] loss=0.2228, lr=0.0000282
2019-12-19 07:33:19,758 - root - INFO - [Epoch 1 Batch 950/2110] loss=0.2775, lr=0.0000285
2019-12-19 07:33:36,913 - root - INFO - [Epoch 1 Batch 960/2110] loss=0.2862, lr=0.0000288
2019-12-19 07:33:54,424 - root - INFO - [Epoch 1 Batch 970/2110] loss=0.2308, lr=0.0000291
2019-12-19 07:34:12,288 - root - INFO - [Epoch 1 Batch 980/2110] loss=0.2293, lr=0.0000294
2019-12-19 07:34:30,102 - root - INFO - [Epoch 1 Batch 990/2110] loss=0.1948, lr=0.0000297
2019-12-19 07:34:47,579 - root - INFO - [Epoch 1 Batch 1000/2110] loss=0.2808, lr=0.0000300
2019-12-19 07:35:05,279 - root - INFO - [Epoch 1 Batch 1010/2110] loss=0.1967, lr=0.0000300
2019-12-19 07:35:22,456 - root - INFO - [Epoch 1 Batch 1020/2110] loss=0.2754, lr=0.0000299
2019-12-19 07:35:40,011 - root - INFO - [Epoch 1 Batch 1030/2110] loss=0.3142, lr=0.0000299
2019-12-19 07:35:57,483 - root - INFO - [Epoch 1 Batch 1040/2110] loss=0.2307, lr=0.0000299
2019-12-19 07:36:15,496 - root - INFO - [Epoch 1 Batch 1050/2110] loss=0.3149, lr=0.0000298
2019-12-19 07:36:33,070 - root - INFO - [Epoch 1 Batch 1060/2110] loss=0.1923, lr=0.0000298
2019-12-19 07:36:50,476 - root - INFO - [Epoch 1 Batch 1070/2110] loss=0.1335, lr=0.0000298
2019-12-19 07:37:08,037 - root - INFO - [Epoch 1 Batch 1080/2110] loss=0.2875, lr=0.0000297
2019-12-19 07:37:25,320 - root - INFO - [Epoch 1 Batch 1090/2110] loss=0.2473, lr=0.0000297
2019-12-19 07:37:42,962 - root - INFO - [Epoch 1 Batch 1100/2110] loss=0.2100, lr=0.0000297
2019-12-19 07:38:00,922 - root - INFO - [Epoch 1 Batch 1110/2110] loss=0.2617, lr=0.0000296
2019-12-19 07:38:18,862 - root - INFO - [Epoch 1 Batch 1120/2110] loss=0.2387, lr=0.0000296
2019-12-19 07:38:36,313 - root - INFO - [Epoch 1 Batch 1130/2110] loss=0.2341, lr=0.0000296
2019-12-19 07:38:53,750 - root - INFO - [Epoch 1 Batch 1140/2110] loss=0.2024, lr=0.0000295
2019-12-19 07:39:11,239 - root - INFO - [Epoch 1 Batch 1150/2110] loss=0.2022, lr=0.0000295
2019-12-19 07:39:28,594 - root - INFO - [Epoch 1 Batch 1160/2110] loss=0.2267, lr=0.0000295
2019-12-19 07:39:46,096 - root - INFO - [Epoch 1 Batch 1170/2110] loss=0.1968, lr=0.0000294
2019-12-19 07:40:03,620 - root - INFO - [Epoch 1 Batch 1180/2110] loss=0.1685, lr=0.0000294
2019-12-19 07:40:21,157 - root - INFO - [Epoch 1 Batch 1190/2110] loss=0.1714, lr=0.0000294
2019-12-19 07:40:38,645 - root - INFO - [Epoch 1 Batch 1200/2110] loss=0.2358, lr=0.0000293
2019-12-19 07:40:56,085 - root - INFO - [Epoch 1 Batch 1210/2110] loss=0.2367, lr=0.0000293
2019-12-19 07:41:13,431 - root - INFO - [Epoch 1 Batch 1220/2110] loss=0.2763, lr=0.0000293
2019-12-19 07:41:30,876 - root - INFO - [Epoch 1 Batch 1230/2110] loss=0.1694, lr=0.0000292
2019-12-19 07:41:48,381 - root - INFO - [Epoch 1 Batch 1240/2110] loss=0.2336, lr=0.0000292
2019-12-19 07:42:05,916 - root - INFO - [Epoch 1 Batch 1250/2110] loss=0.2461, lr=0.0000292
2019-12-19 07:42:23,227 - root - INFO - [Epoch 1 Batch 1260/2110] loss=0.1939, lr=0.0000291
2019-12-19 07:42:40,673 - root - INFO - [Epoch 1 Batch 1270/2110] loss=0.2205, lr=0.0000291
2019-12-19 07:42:57,897 - root - INFO - [Epoch 1 Batch 1280/2110] loss=0.1673, lr=0.0000291
2019-12-19 07:43:14,968 - root - INFO - [Epoch 1 Batch 1290/2110] loss=0.1990, lr=0.0000290
2019-12-19 07:43:32,436 - root - INFO - [Epoch 1 Batch 1300/2110] loss=0.2458, lr=0.0000290
2019-12-19 07:43:49,463 - root - INFO - [Epoch 1 Batch 1310/2110] loss=0.1754, lr=0.0000290
2019-12-19 07:44:06,825 - root - INFO - [Epoch 1 Batch 1320/2110] loss=0.2480, lr=0.0000289
2019-12-19 07:44:24,344 - root - INFO - [Epoch 1 Batch 1330/2110] loss=0.2208, lr=0.0000289
2019-12-19 07:44:41,493 - root - INFO - [Epoch 1 Batch 1340/2110] loss=0.2666, lr=0.0000289
2019-12-19 07:44:59,021 - root - INFO - [Epoch 1 Batch 1350/2110] loss=0.2022, lr=0.0000288
2019-12-19 07:45:16,833 - root - INFO - [Epoch 1 Batch 1360/2110] loss=0.2541, lr=0.0000288
2019-12-19 07:45:34,472 - root - INFO - [Epoch 1 Batch 1370/2110] loss=0.2815, lr=0.0000288
2019-12-19 07:45:52,115 - root - INFO - [Epoch 1 Batch 1380/2110] loss=0.2619, lr=0.0000287
2019-12-19 07:46:09,384 - root - INFO - [Epoch 1 Batch 1390/2110] loss=0.1711, lr=0.0000287
2019-12-19 07:46:26,749 - root - INFO - [Epoch 1 Batch 1400/2110] loss=0.1406, lr=0.0000287
2019-12-19 07:46:44,547 - root - INFO - [Epoch 1 Batch 1410/2110] loss=0.2580, lr=0.0000286
2019-12-19 07:47:01,920 - root - INFO - [Epoch 1 Batch 1420/2110] loss=0.2825, lr=0.0000286
2019-12-19 07:47:19,222 - root - INFO - [Epoch 1 Batch 1430/2110] loss=0.2920, lr=0.0000286
2019-12-19 07:47:36,703 - root - INFO - [Epoch 1 Batch 1440/2110] loss=0.2050, lr=0.0000285
2019-12-19 07:47:54,466 - root - INFO - [Epoch 1 Batch 1450/2110] loss=0.2579, lr=0.0000285
2019-12-19 07:48:11,573 - root - INFO - [Epoch 1 Batch 1460/2110] loss=0.2582, lr=0.0000285
2019-12-19 07:48:28,751 - root - INFO - [Epoch 1 Batch 1470/2110] loss=0.2970, lr=0.0000284
2019-12-19 07:48:46,153 - root - INFO - [Epoch 1 Batch 1480/2110] loss=0.2553, lr=0.0000284
2019-12-19 07:49:03,562 - root - INFO - [Epoch 1 Batch 1490/2110] loss=0.2178, lr=0.0000284
2019-12-19 07:49:21,078 - root - INFO - [Epoch 1 Batch 1500/2110] loss=0.2538, lr=0.0000283
2019-12-19 07:49:38,494 - root - INFO - [Epoch 1 Batch 1510/2110] loss=0.2888, lr=0.0000283
2019-12-19 07:49:55,888 - root - INFO - [Epoch 1 Batch 1520/2110] loss=0.2678, lr=0.0000283
2019-12-19 07:50:13,277 - root - INFO - [Epoch 1 Batch 1530/2110] loss=0.2580, lr=0.0000282
2019-12-19 07:50:30,577 - root - INFO - [Epoch 1 Batch 1540/2110] loss=0.1896, lr=0.0000282
2019-12-19 07:50:48,502 - root - INFO - [Epoch 1 Batch 1550/2110] loss=0.2367, lr=0.0000282
2019-12-19 07:51:05,881 - root - INFO - [Epoch 1 Batch 1560/2110] loss=0.2134, lr=0.0000281
2019-12-19 07:51:23,563 - root - INFO - [Epoch 1 Batch 1570/2110] loss=0.2729, lr=0.0000281
2019-12-19 07:51:41,066 - root - INFO - [Epoch 1 Batch 1580/2110] loss=0.2038, lr=0.0000281
2019-12-19 07:51:58,111 - root - INFO - [Epoch 1 Batch 1590/2110] loss=0.2181, lr=0.0000280
2019-12-19 07:52:15,507 - root - INFO - [Epoch 1 Batch 1600/2110] loss=0.2324, lr=0.0000280
2019-12-19 07:52:32,964 - root - INFO - [Epoch 1 Batch 1610/2110] loss=0.1986, lr=0.0000280
2019-12-19 07:52:50,338 - root - INFO - [Epoch 1 Batch 1620/2110] loss=0.1573, lr=0.0000279
2019-12-19 07:53:08,330 - root - INFO - [Epoch 1 Batch 1630/2110] loss=0.1770, lr=0.0000279
2019-12-19 07:53:25,334 - root - INFO - [Epoch 1 Batch 1640/2110] loss=0.1793, lr=0.0000279
2019-12-19 07:53:42,953 - root - INFO - [Epoch 1 Batch 1650/2110] loss=0.2328, lr=0.0000278
2019-12-19 07:54:00,467 - root - INFO - [Epoch 1 Batch 1660/2110] loss=0.1988, lr=0.0000278
2019-12-19 07:54:17,518 - root - INFO - [Epoch 1 Batch 1670/2110] loss=0.2275, lr=0.0000278
2019-12-19 07:54:34,934 - root - INFO - [Epoch 1 Batch 1680/2110] loss=0.1743, lr=0.0000277
2019-12-19 07:54:52,185 - root - INFO - [Epoch 1 Batch 1690/2110] loss=0.2050, lr=0.0000277
2019-12-19 07:55:09,590 - root - INFO - [Epoch 1 Batch 1700/2110] loss=0.2431, lr=0.0000277
2019-12-19 07:55:26,865 - root - INFO - [Epoch 1 Batch 1710/2110] loss=0.2199, lr=0.0000276
2019-12-19 07:55:44,044 - root - INFO - [Epoch 1 Batch 1720/2110] loss=0.2013, lr=0.0000276
2019-12-19 07:56:01,293 - root - INFO - [Epoch 1 Batch 1730/2110] loss=0.2784, lr=0.0000276
2019-12-19 07:56:18,629 - root - INFO - [Epoch 1 Batch 1740/2110] loss=0.1315, lr=0.0000275
2019-12-19 07:56:36,043 - root - INFO - [Epoch 1 Batch 1750/2110] loss=0.2755, lr=0.0000275
2019-12-19 07:56:53,384 - root - INFO - [Epoch 1 Batch 1760/2110] loss=0.3038, lr=0.0000275
2019-12-19 07:57:10,705 - root - INFO - [Epoch 1 Batch 1770/2110] loss=0.1892, lr=0.0000274
2019-12-19 07:57:27,776 - root - INFO - [Epoch 1 Batch 1780/2110] loss=0.2206, lr=0.0000274
2019-12-19 07:57:45,008 - root - INFO - [Epoch 1 Batch 1790/2110] loss=0.2563, lr=0.0000274
2019-12-19 07:58:02,486 - root - INFO - [Epoch 1 Batch 1800/2110] loss=0.1934, lr=0.0000273
2019-12-19 07:58:20,101 - root - INFO - [Epoch 1 Batch 1810/2110] loss=0.1387, lr=0.0000273
2019-12-19 07:58:37,893 - root - INFO - [Epoch 1 Batch 1820/2110] loss=0.2198, lr=0.0000273
2019-12-19 07:58:55,349 - root - INFO - [Epoch 1 Batch 1830/2110] loss=0.2214, lr=0.0000272
2019-12-19 07:59:12,817 - root - INFO - [Epoch 1 Batch 1840/2110] loss=0.2056, lr=0.0000272
2019-12-19 07:59:30,082 - root - INFO - [Epoch 1 Batch 1850/2110] loss=0.2157, lr=0.0000272
2019-12-19 07:59:47,129 - root - INFO - [Epoch 1 Batch 1860/2110] loss=0.2313, lr=0.0000271
2019-12-19 08:00:04,497 - root - INFO - [Epoch 1 Batch 1870/2110] loss=0.1372, lr=0.0000271
2019-12-19 08:00:21,634 - root - INFO - [Epoch 1 Batch 1880/2110] loss=0.1916, lr=0.0000271
2019-12-19 08:00:39,423 - root - INFO - [Epoch 1 Batch 1890/2110] loss=0.2213, lr=0.0000270
2019-12-19 08:00:56,553 - root - INFO - [Epoch 1 Batch 1900/2110] loss=0.2167, lr=0.0000270
2019-12-19 08:01:13,860 - root - INFO - [Epoch 1 Batch 1910/2110] loss=0.2471, lr=0.0000270
2019-12-19 08:01:31,389 - root - INFO - [Epoch 1 Batch 1920/2110] loss=0.1872, lr=0.0000269
2019-12-19 08:01:48,775 - root - INFO - [Epoch 1 Batch 1930/2110] loss=0.2009, lr=0.0000269
2019-12-19 08:02:06,044 - root - INFO - [Epoch 1 Batch 1940/2110] loss=0.1888, lr=0.0000269
2019-12-19 08:02:23,455 - root - INFO - [Epoch 1 Batch 1950/2110] loss=0.2147, lr=0.0000268
2019-12-19 08:02:40,707 - root - INFO - [Epoch 1 Batch 1960/2110] loss=0.2457, lr=0.0000268
2019-12-19 08:02:57,758 - root - INFO - [Epoch 1 Batch 1970/2110] loss=0.1906, lr=0.0000268
2019-12-19 08:03:15,266 - root - INFO - [Epoch 1 Batch 1980/2110] loss=0.2099, lr=0.0000267
2019-12-19 08:03:32,917 - root - INFO - [Epoch 1 Batch 1990/2110] loss=0.1470, lr=0.0000267
2019-12-19 08:03:50,482 - root - INFO - [Epoch 1 Batch 2000/2110] loss=0.2173, lr=0.0000267
2019-12-19 08:04:08,423 - root - INFO - [Epoch 1 Batch 2010/2110] loss=0.2507, lr=0.0000266
2019-12-19 08:04:25,947 - root - INFO - [Epoch 1 Batch 2020/2110] loss=0.1630, lr=0.0000266
2019-12-19 08:04:43,573 - root - INFO - [Epoch 1 Batch 2030/2110] loss=0.3640, lr=0.0000266
2019-12-19 08:05:01,012 - root - INFO - [Epoch 1 Batch 2040/2110] loss=0.2282, lr=0.0000265
2019-12-19 08:05:18,037 - root - INFO - [Epoch 1 Batch 2050/2110] loss=0.2093, lr=0.0000265
2019-12-19 08:05:35,327 - root - INFO - [Epoch 1 Batch 2060/2110] loss=0.2309, lr=0.0000265
2019-12-19 08:05:53,229 - root - INFO - [Epoch 1 Batch 2070/2110] loss=0.2239, lr=0.0000264
2019-12-19 08:06:10,664 - root - INFO - [Epoch 1 Batch 2080/2110] loss=0.2443, lr=0.0000264
2019-12-19 08:06:28,373 - root - INFO - [Epoch 1 Batch 2090/2110] loss=0.1588, lr=0.0000264
2019-12-19 08:06:45,630 - root - INFO - [Epoch 1 Batch 2100/2110] loss=0.1571, lr=0.0000263
2019-12-19 08:07:03,025 - root - INFO - [Epoch 1 Batch 2110/2110] loss=0.2491, lr=0.0000263
2019-12-19 08:07:03,025 - root - INFO - Now we are doing evaluation on dev with [gpu(0), gpu(1), gpu(2), gpu(3), gpu(4), gpu(5), gpu(6), gpu(7)].
2019-12-19 08:07:06,677 - root - INFO - [Batch 10/28] loss=0.2236
2019-12-19 08:07:10,297 - root - INFO - [Batch 20/28] loss=0.1582
2019-12-19 08:07:13,200 - root - INFO - validation metrics:accuracy:0.9404
2019-12-19 08:07:13,201 - root - INFO - Time cost=10.18s, throughput=88.05 samples/s
2019-12-19 08:07:15,941 - root - INFO - params saved in: ./output_dir/model_xlnet_SST_0.params
2019-12-19 08:07:15,943 - root - INFO - Time cost=3719.47s
2019-12-19 08:07:34,281 - root - INFO - [Epoch 2 Batch 10/2110] loss=0.1313, lr=0.0000263
2019-12-19 08:07:51,802 - root - INFO - [Epoch 2 Batch 20/2110] loss=0.1259, lr=0.0000262
2019-12-19 08:08:09,278 - root - INFO - [Epoch 2 Batch 30/2110] loss=0.1930, lr=0.0000262
2019-12-19 08:08:26,717 - root - INFO - [Epoch 2 Batch 40/2110] loss=0.3110, lr=0.0000262
2019-12-19 08:08:44,418 - root - INFO - [Epoch 2 Batch 50/2110] loss=0.2296, lr=0.0000261
2019-12-19 08:09:01,869 - root - INFO - [Epoch 2 Batch 60/2110] loss=0.2317, lr=0.0000261
2019-12-19 08:09:19,067 - root - INFO - [Epoch 2 Batch 70/2110] loss=0.2158, lr=0.0000261
2019-12-19 08:09:36,697 - root - INFO - [Epoch 2 Batch 80/2110] loss=0.2125, lr=0.0000260
2019-12-19 08:09:54,545 - root - INFO - [Epoch 2 Batch 90/2110] loss=0.3057, lr=0.0000260
2019-12-19 08:10:12,140 - root - INFO - [Epoch 2 Batch 100/2110] loss=0.1628, lr=0.0000260
2019-12-19 08:10:29,327 - root - INFO - [Epoch 2 Batch 110/2110] loss=0.2426, lr=0.0000259
2019-12-19 08:10:46,909 - root - INFO - [Epoch 2 Batch 120/2110] loss=0.1359, lr=0.0000259
2019-12-19 08:11:04,647 - root - INFO - [Epoch 2 Batch 130/2110] loss=0.1952, lr=0.0000259
2019-12-19 08:11:22,421 - root - INFO - [Epoch 2 Batch 140/2110] loss=0.1723, lr=0.0000258
2019-12-19 08:11:40,385 - root - INFO - [Epoch 2 Batch 150/2110] loss=0.2130, lr=0.0000258
2019-12-19 08:11:58,263 - root - INFO - [Epoch 2 Batch 160/2110] loss=0.2341, lr=0.0000258
2019-12-19 08:12:15,948 - root - INFO - [Epoch 2 Batch 170/2110] loss=0.2218, lr=0.0000257
2019-12-19 08:12:33,431 - root - INFO - [Epoch 2 Batch 180/2110] loss=0.2292, lr=0.0000257
2019-12-19 08:12:50,716 - root - INFO - [Epoch 2 Batch 190/2110] loss=0.1585, lr=0.0000257
2019-12-19 08:13:08,055 - root - INFO - [Epoch 2 Batch 200/2110] loss=0.1107, lr=0.0000256
2019-12-19 08:13:25,340 - root - INFO - [Epoch 2 Batch 210/2110] loss=0.1847, lr=0.0000256
2019-12-19 08:13:43,014 - root - INFO - [Epoch 2 Batch 220/2110] loss=0.1911, lr=0.0000256
2019-12-19 08:14:00,788 - root - INFO - [Epoch 2 Batch 230/2110] loss=0.2404, lr=0.0000255
2019-12-19 08:14:18,540 - root - INFO - [Epoch 2 Batch 240/2110] loss=0.1816, lr=0.0000255
2019-12-19 08:14:36,184 - root - INFO - [Epoch 2 Batch 250/2110] loss=0.1636, lr=0.0000255
2019-12-19 08:14:53,917 - root - INFO - [Epoch 2 Batch 260/2110] loss=0.1145, lr=0.0000254
2019-12-19 08:15:11,676 - root - INFO - [Epoch 2 Batch 270/2110] loss=0.1248, lr=0.0000254
2019-12-19 08:15:29,386 - root - INFO - [Epoch 2 Batch 280/2110] loss=0.1407, lr=0.0000254
2019-12-19 08:15:46,821 - root - INFO - [Epoch 2 Batch 290/2110] loss=0.2163, lr=0.0000253
2019-12-19 08:16:04,221 - root - INFO - [Epoch 2 Batch 300/2110] loss=0.1723, lr=0.0000253
2019-12-19 08:16:21,555 - root - INFO - [Epoch 2 Batch 310/2110] loss=0.1660, lr=0.0000253
2019-12-19 08:16:38,925 - root - INFO - [Epoch 2 Batch 320/2110] loss=0.1561, lr=0.0000252
2019-12-19 08:16:56,659 - root - INFO - [Epoch 2 Batch 330/2110] loss=0.1642, lr=0.0000252
2019-12-19 08:17:13,767 - root - INFO - [Epoch 2 Batch 340/2110] loss=0.1190, lr=0.0000252
2019-12-19 08:17:30,811 - root - INFO - [Epoch 2 Batch 350/2110] loss=0.1611, lr=0.0000251
2019-12-19 08:17:48,363 - root - INFO - [Epoch 2 Batch 360/2110] loss=0.1645, lr=0.0000251
2019-12-19 08:18:06,070 - root - INFO - [Epoch 2 Batch 370/2110] loss=0.2315, lr=0.0000251
2019-12-19 08:18:23,738 - root - INFO - [Epoch 2 Batch 380/2110] loss=0.1283, lr=0.0000250
2019-12-19 08:18:41,261 - root - INFO - [Epoch 2 Batch 390/2110] loss=0.2247, lr=0.0000250
2019-12-19 08:18:58,790 - root - INFO - [Epoch 2 Batch 400/2110] loss=0.1353, lr=0.0000250
2019-12-19 08:19:16,049 - root - INFO - [Epoch 2 Batch 410/2110] loss=0.1813, lr=0.0000249
2019-12-19 08:19:33,212 - root - INFO - [Epoch 2 Batch 420/2110] loss=0.1612, lr=0.0000249
2019-12-19 08:19:50,773 - root - INFO - [Epoch 2 Batch 430/2110] loss=0.1673, lr=0.0000249
2019-12-19 08:20:08,405 - root - INFO - [Epoch 2 Batch 440/2110] loss=0.0962, lr=0.0000248
2019-12-19 08:20:25,926 - root - INFO - [Epoch 2 Batch 450/2110] loss=0.1597, lr=0.0000248
2019-12-19 08:20:43,593 - root - INFO - [Epoch 2 Batch 460/2110] loss=0.1878, lr=0.0000248
2019-12-19 08:21:01,286 - root - INFO - [Epoch 2 Batch 470/2110] loss=0.2645, lr=0.0000247
2019-12-19 08:21:18,967 - root - INFO - [Epoch 2 Batch 480/2110] loss=0.2306, lr=0.0000247
2019-12-19 08:21:36,242 - root - INFO - [Epoch 2 Batch 490/2110] loss=0.2056, lr=0.0000247
2019-12-19 08:21:53,325 - root - INFO - [Epoch 2 Batch 500/2110] loss=0.1738, lr=0.0000246
2019-12-19 08:22:10,916 - root - INFO - [Epoch 2 Batch 510/2110] loss=0.1718, lr=0.0000246
2019-12-19 08:22:28,815 - root - INFO - [Epoch 2 Batch 520/2110] loss=0.3045, lr=0.0000246
2019-12-19 08:22:46,817 - root - INFO - [Epoch 2 Batch 530/2110] loss=0.1150, lr=0.0000245
2019-12-19 08:23:04,383 - root - INFO - [Epoch 2 Batch 540/2110] loss=0.2223, lr=0.0000245
2019-12-19 08:23:21,610 - root - INFO - [Epoch 2 Batch 550/2110] loss=0.3169, lr=0.0000245
2019-12-19 08:23:38,732 - root - INFO - [Epoch 2 Batch 560/2110] loss=0.2106, lr=0.0000244
2019-12-19 08:23:56,005 - root - INFO - [Epoch 2 Batch 570/2110] loss=0.1734, lr=0.0000244
2019-12-19 08:24:13,414 - root - INFO - [Epoch 2 Batch 580/2110] loss=0.2583, lr=0.0000244
2019-12-19 08:24:31,252 - root - INFO - [Epoch 2 Batch 590/2110] loss=0.1687, lr=0.0000243
2019-12-19 08:24:48,754 - root - INFO - [Epoch 2 Batch 600/2110] loss=0.2300, lr=0.0000243
2019-12-19 08:25:06,266 - root - INFO - [Epoch 2 Batch 610/2110] loss=0.1533, lr=0.0000243
2019-12-19 08:25:23,623 - root - INFO - [Epoch 2 Batch 620/2110] loss=0.2284, lr=0.0000242
2019-12-19 08:25:40,891 - root - INFO - [Epoch 2 Batch 630/2110] loss=0.2451, lr=0.0000242
2019-12-19 08:25:58,085 - root - INFO - [Epoch 2 Batch 640/2110] loss=0.1742, lr=0.0000242
2019-12-19 08:26:15,419 - root - INFO - [Epoch 2 Batch 650/2110] loss=0.1887, lr=0.0000241
2019-12-19 08:26:32,806 - root - INFO - [Epoch 2 Batch 660/2110] loss=0.1561, lr=0.0000241
2019-12-19 08:26:50,453 - root - INFO - [Epoch 2 Batch 670/2110] loss=0.1358, lr=0.0000241
2019-12-19 08:27:07,999 - root - INFO - [Epoch 2 Batch 680/2110] loss=0.1593, lr=0.0000240
2019-12-19 08:27:25,302 - root - INFO - [Epoch 2 Batch 690/2110] loss=0.2182, lr=0.0000240
2019-12-19 08:27:42,746 - root - INFO - [Epoch 2 Batch 700/2110] loss=0.2656, lr=0.0000240
2019-12-19 08:27:59,916 - root - INFO - [Epoch 2 Batch 710/2110] loss=0.2289, lr=0.0000239
2019-12-19 08:28:17,529 - root - INFO - [Epoch 2 Batch 720/2110] loss=0.1938, lr=0.0000239
2019-12-19 08:28:34,984 - root - INFO - [Epoch 2 Batch 730/2110] loss=0.1980, lr=0.0000239
2019-12-19 08:28:52,254 - root - INFO - [Epoch 2 Batch 740/2110] loss=0.1534, lr=0.0000238
2019-12-19 08:29:10,082 - root - INFO - [Epoch 2 Batch 750/2110] loss=0.1378, lr=0.0000238
2019-12-19 08:29:27,744 - root - INFO - [Epoch 2 Batch 760/2110] loss=0.1432, lr=0.0000238
2019-12-19 08:29:45,441 - root - INFO - [Epoch 2 Batch 770/2110] loss=0.2184, lr=0.0000237
2019-12-19 08:30:02,966 - root - INFO - [Epoch 2 Batch 780/2110] loss=0.2183, lr=0.0000237
2019-12-19 08:30:20,531 - root - INFO - [Epoch 2 Batch 790/2110] loss=0.1950, lr=0.0000237
2019-12-19 08:30:37,969 - root - INFO - [Epoch 2 Batch 800/2110] loss=0.1431, lr=0.0000236
2019-12-19 08:30:55,290 - root - INFO - [Epoch 2 Batch 810/2110] loss=0.1810, lr=0.0000236
2019-12-19 08:31:13,111 - root - INFO - [Epoch 2 Batch 820/2110] loss=0.1911, lr=0.0000236
2019-12-19 08:31:30,785 - root - INFO - [Epoch 2 Batch 830/2110] loss=0.1515, lr=0.0000235
2019-12-19 08:31:48,324 - root - INFO - [Epoch 2 Batch 840/2110] loss=0.1364, lr=0.0000235
2019-12-19 08:32:05,664 - root - INFO - [Epoch 2 Batch 850/2110] loss=0.2198, lr=0.0000235
2019-12-19 08:32:22,958 - root - INFO - [Epoch 2 Batch 860/2110] loss=0.1733, lr=0.0000234
2019-12-19 08:32:40,657 - root - INFO - [Epoch 2 Batch 870/2110] loss=0.1995, lr=0.0000234
2019-12-19 08:32:58,132 - root - INFO - [Epoch 2 Batch 880/2110] loss=0.1792, lr=0.0000234
2019-12-19 08:33:15,695 - root - INFO - [Epoch 2 Batch 890/2110] loss=0.1771, lr=0.0000233
2019-12-19 08:33:33,186 - root - INFO - [Epoch 2 Batch 900/2110] loss=0.2147, lr=0.0000233
2019-12-19 08:33:50,689 - root - INFO - [Epoch 2 Batch 910/2110] loss=0.1264, lr=0.0000233
2019-12-19 08:34:08,166 - root - INFO - [Epoch 2 Batch 920/2110] loss=0.2044, lr=0.0000232
2019-12-19 08:34:25,365 - root - INFO - [Epoch 2 Batch 930/2110] loss=0.2247, lr=0.0000232
2019-12-19 08:34:42,945 - root - INFO - [Epoch 2 Batch 940/2110] loss=0.1383, lr=0.0000232
2019-12-19 08:35:00,848 - root - INFO - [Epoch 2 Batch 950/2110] loss=0.2923, lr=0.0000231
2019-12-19 08:35:18,526 - root - INFO - [Epoch 2 Batch 960/2110] loss=0.1576, lr=0.0000231
2019-12-19 08:35:36,332 - root - INFO - [Epoch 2 Batch 970/2110] loss=0.1586, lr=0.0000231
2019-12-19 08:35:53,887 - root - INFO - [Epoch 2 Batch 980/2110] loss=0.1981, lr=0.0000230
2019-12-19 08:36:11,009 - root - INFO - [Epoch 2 Batch 990/2110] loss=0.2046, lr=0.0000230
2019-12-19 08:36:28,486 - root - INFO - [Epoch 2 Batch 1000/2110] loss=0.1887, lr=0.0000230
2019-12-19 08:36:45,930 - root - INFO - [Epoch 2 Batch 1010/2110] loss=0.2230, lr=0.0000229
2019-12-19 08:37:03,501 - root - INFO - [Epoch 2 Batch 1020/2110] loss=0.2372, lr=0.0000229
2019-12-19 08:37:20,886 - root - INFO - [Epoch 2 Batch 1030/2110] loss=0.1439, lr=0.0000229
2019-12-19 08:37:38,244 - root - INFO - [Epoch 2 Batch 1040/2110] loss=0.2327, lr=0.0000228
2019-12-19 08:37:55,798 - root - INFO - [Epoch 2 Batch 1050/2110] loss=0.2052, lr=0.0000228
2019-12-19 08:38:12,999 - root - INFO - [Epoch 2 Batch 1060/2110] loss=0.1930, lr=0.0000228
2019-12-19 08:38:30,236 - root - INFO - [Epoch 2 Batch 1070/2110] loss=0.1742, lr=0.0000227
2019-12-19 08:38:47,764 - root - INFO - [Epoch 2 Batch 1080/2110] loss=0.1970, lr=0.0000227
2019-12-19 08:39:05,324 - root - INFO - [Epoch 2 Batch 1090/2110] loss=0.2206, lr=0.0000227
2019-12-19 08:39:23,187 - root - INFO - [Epoch 2 Batch 1100/2110] loss=0.2113, lr=0.0000226
2019-12-19 08:39:41,013 - root - INFO - [Epoch 2 Batch 1110/2110] loss=0.2527, lr=0.0000226
2019-12-19 08:39:58,671 - root - INFO - [Epoch 2 Batch 1120/2110] loss=0.2280, lr=0.0000226
2019-12-19 08:40:15,995 - root - INFO - [Epoch 2 Batch 1130/2110] loss=0.1881, lr=0.0000225
2019-12-19 08:40:33,474 - root - INFO - [Epoch 2 Batch 1140/2110] loss=0.1290, lr=0.0000225
2019-12-19 08:40:51,143 - root - INFO - [Epoch 2 Batch 1150/2110] loss=0.1630, lr=0.0000225
2019-12-19 08:41:08,894 - root - INFO - [Epoch 2 Batch 1160/2110] loss=0.1790, lr=0.0000224
2019-12-19 08:41:26,573 - root - INFO - [Epoch 2 Batch 1170/2110] loss=0.1613, lr=0.0000224
2019-12-19 08:41:44,040 - root - INFO - [Epoch 2 Batch 1180/2110] loss=0.1474, lr=0.0000224
2019-12-19 08:42:01,543 - root - INFO - [Epoch 2 Batch 1190/2110] loss=0.2340, lr=0.0000223
2019-12-19 08:42:18,905 - root - INFO - [Epoch 2 Batch 1200/2110] loss=0.1911, lr=0.0000223
2019-12-19 08:42:36,382 - root - INFO - [Epoch 2 Batch 1210/2110] loss=0.1748, lr=0.0000223
2019-12-19 08:42:54,130 - root - INFO - [Epoch 2 Batch 1220/2110] loss=0.1409, lr=0.0000222
2019-12-19 08:43:11,455 - root - INFO - [Epoch 2 Batch 1230/2110] loss=0.1518, lr=0.0000222
2019-12-19 08:43:28,929 - root - INFO - [Epoch 2 Batch 1240/2110] loss=0.1605, lr=0.0000222
2019-12-19 08:43:46,570 - root - INFO - [Epoch 2 Batch 1250/2110] loss=0.1692, lr=0.0000221
2019-12-19 08:44:04,095 - root - INFO - [Epoch 2 Batch 1260/2110] loss=0.1944, lr=0.0000221
2019-12-19 08:44:22,492 - root - INFO - [Epoch 2 Batch 1270/2110] loss=0.2669, lr=0.0000221
2019-12-19 08:44:40,653 - root - INFO - [Epoch 2 Batch 1280/2110] loss=0.2326, lr=0.0000220
2019-12-19 08:44:58,141 - root - INFO - [Epoch 2 Batch 1290/2110] loss=0.1656, lr=0.0000220
2019-12-19 08:45:16,102 - root - INFO - [Epoch 2 Batch 1300/2110] loss=0.1582, lr=0.0000220
2019-12-19 08:45:33,471 - root - INFO - [Epoch 2 Batch 1310/2110] loss=0.1997, lr=0.0000219
2019-12-19 08:45:50,619 - root - INFO - [Epoch 2 Batch 1320/2110] loss=0.1204, lr=0.0000219
2019-12-19 08:46:08,199 - root - INFO - [Epoch 2 Batch 1330/2110] loss=0.1493, lr=0.0000219
2019-12-19 08:46:25,695 - root - INFO - [Epoch 2 Batch 1340/2110] loss=0.1590, lr=0.0000218
2019-12-19 08:46:43,483 - root - INFO - [Epoch 2 Batch 1350/2110] loss=0.1799, lr=0.0000218
2019-12-19 08:47:01,143 - root - INFO - [Epoch 2 Batch 1360/2110] loss=0.1729, lr=0.0000218
2019-12-19 08:47:17,944 - root - INFO - [Epoch 2 Batch 1370/2110] loss=0.1429, lr=0.0000217
2019-12-19 08:47:35,636 - root - INFO - [Epoch 2 Batch 1380/2110] loss=0.1754, lr=0.0000217
2019-12-19 08:47:53,290 - root - INFO - [Epoch 2 Batch 1390/2110] loss=0.1512, lr=0.0000217
2019-12-19 08:48:10,820 - root - INFO - [Epoch 2 Batch 1400/2110] loss=0.1394, lr=0.0000216
2019-12-19 08:48:28,566 - root - INFO - [Epoch 2 Batch 1410/2110] loss=0.2490, lr=0.0000216
2019-12-19 08:48:46,128 - root - INFO - [Epoch 2 Batch 1420/2110] loss=0.2288, lr=0.0000216
2019-12-19 08:49:03,677 - root - INFO - [Epoch 2 Batch 1430/2110] loss=0.1416, lr=0.0000215
2019-12-19 08:49:21,560 - root - INFO - [Epoch 2 Batch 1440/2110] loss=0.1968, lr=0.0000215
2019-12-19 08:49:39,021 - root - INFO - [Epoch 2 Batch 1450/2110] loss=0.2003, lr=0.0000215
2019-12-19 08:49:56,555 - root - INFO - [Epoch 2 Batch 1460/2110] loss=0.1526, lr=0.0000214
2019-12-19 08:50:14,139 - root - INFO - [Epoch 2 Batch 1470/2110] loss=0.3136, lr=0.0000214
2019-12-19 08:50:31,359 - root - INFO - [Epoch 2 Batch 1480/2110] loss=0.1865, lr=0.0000214
2019-12-19 08:50:49,256 - root - INFO - [Epoch 2 Batch 1490/2110] loss=0.1870, lr=0.0000213
2019-12-19 08:51:06,836 - root - INFO - [Epoch 2 Batch 1500/2110] loss=0.1500, lr=0.0000213
2019-12-19 08:51:24,455 - root - INFO - [Epoch 2 Batch 1510/2110] loss=0.2299, lr=0.0000213
2019-12-19 08:51:41,402 - root - INFO - [Epoch 2 Batch 1520/2110] loss=0.1947, lr=0.0000212
2019-12-19 08:51:58,930 - root - INFO - [Epoch 2 Batch 1530/2110] loss=0.1692, lr=0.0000212
2019-12-19 08:52:16,651 - root - INFO - [Epoch 2 Batch 1540/2110] loss=0.1996, lr=0.0000212
2019-12-19 08:52:33,329 - root - INFO - [Epoch 2 Batch 1550/2110] loss=0.1009, lr=0.0000211
2019-12-19 08:52:50,974 - root - INFO - [Epoch 2 Batch 1560/2110] loss=0.1652, lr=0.0000211
2019-12-19 08:53:08,538 - root - INFO - [Epoch 2 Batch 1570/2110] loss=0.2415, lr=0.0000211
2019-12-19 08:53:26,024 - root - INFO - [Epoch 2 Batch 1580/2110] loss=0.1442, lr=0.0000210
2019-12-19 08:53:43,593 - root - INFO - [Epoch 2 Batch 1590/2110] loss=0.2690, lr=0.0000210
2019-12-19 08:54:00,975 - root - INFO - [Epoch 2 Batch 1600/2110] loss=0.1732, lr=0.0000210
2019-12-19 08:54:18,263 - root - INFO - [Epoch 2 Batch 1610/2110] loss=0.1606, lr=0.0000209
2019-12-19 08:54:35,837 - root - INFO - [Epoch 2 Batch 1620/2110] loss=0.1398, lr=0.0000209
2019-12-19 08:54:53,590 - root - INFO - [Epoch 2 Batch 1630/2110] loss=0.1524, lr=0.0000209
2019-12-19 08:55:10,965 - root - INFO - [Epoch 2 Batch 1640/2110] loss=0.1885, lr=0.0000208
2019-12-19 08:55:28,974 - root - INFO - [Epoch 2 Batch 1650/2110] loss=0.1714, lr=0.0000208
2019-12-19 08:55:46,455 - root - INFO - [Epoch 2 Batch 1660/2110] loss=0.1991, lr=0.0000208
2019-12-19 08:56:03,788 - root - INFO - [Epoch 2 Batch 1670/2110] loss=0.1067, lr=0.0000207
2019-12-19 08:56:20,997 - root - INFO - [Epoch 2 Batch 1680/2110] loss=0.1716, lr=0.0000207
2019-12-19 08:56:38,272 - root - INFO - [Epoch 2 Batch 1690/2110] loss=0.1346, lr=0.0000207
2019-12-19 08:56:55,647 - root - INFO - [Epoch 2 Batch 1700/2110] loss=0.1574, lr=0.0000206
2019-12-19 08:57:12,916 - root - INFO - [Epoch 2 Batch 1710/2110] loss=0.1717, lr=0.0000206
2019-12-19 08:57:30,212 - root - INFO - [Epoch 2 Batch 1720/2110] loss=0.1803, lr=0.0000206
2019-12-19 08:57:47,702 - root - INFO - [Epoch 2 Batch 1730/2110] loss=0.1638, lr=0.0000205
2019-12-19 08:58:05,099 - root - INFO - [Epoch 2 Batch 1740/2110] loss=0.1804, lr=0.0000205
2019-12-19 08:58:22,487 - root - INFO - [Epoch 2 Batch 1750/2110] loss=0.1345, lr=0.0000205
2019-12-19 08:58:39,794 - root - INFO - [Epoch 2 Batch 1760/2110] loss=0.2239, lr=0.0000204
2019-12-19 08:58:57,543 - root - INFO - [Epoch 2 Batch 1770/2110] loss=0.1980, lr=0.0000204
2019-12-19 08:59:15,205 - root - INFO - [Epoch 2 Batch 1780/2110] loss=0.1899, lr=0.0000204
2019-12-19 08:59:32,966 - root - INFO - [Epoch 2 Batch 1790/2110] loss=0.1963, lr=0.0000203
2019-12-19 08:59:50,346 - root - INFO - [Epoch 2 Batch 1800/2110] loss=0.1420, lr=0.0000203
2019-12-19 09:00:07,788 - root - INFO - [Epoch 2 Batch 1810/2110] loss=0.1401, lr=0.0000203
2019-12-19 09:00:25,207 - root - INFO - [Epoch 2 Batch 1820/2110] loss=0.1455, lr=0.0000202
2019-12-19 09:00:42,444 - root - INFO - [Epoch 2 Batch 1830/2110] loss=0.2289, lr=0.0000202
2019-12-19 09:01:00,103 - root - INFO - [Epoch 2 Batch 1840/2110] loss=0.1446, lr=0.0000202
2019-12-19 09:01:17,568 - root - INFO - [Epoch 2 Batch 1850/2110] loss=0.2313, lr=0.0000201
2019-12-19 09:01:35,332 - root - INFO - [Epoch 2 Batch 1860/2110] loss=0.1560, lr=0.0000201
2019-12-19 09:01:52,445 - root - INFO - [Epoch 2 Batch 1870/2110] loss=0.1385, lr=0.0000201
2019-12-19 09:02:09,874 - root - INFO - [Epoch 2 Batch 1880/2110] loss=0.1526, lr=0.0000200
2019-12-19 09:02:27,111 - root - INFO - [Epoch 2 Batch 1890/2110] loss=0.1429, lr=0.0000200
2019-12-19 09:02:43,864 - root - INFO - [Epoch 2 Batch 1900/2110] loss=0.1354, lr=0.0000200
2019-12-19 09:03:01,369 - root - INFO - [Epoch 2 Batch 1910/2110] loss=0.1386, lr=0.0000199
2019-12-19 09:03:19,064 - root - INFO - [Epoch 2 Batch 1920/2110] loss=0.1522, lr=0.0000199
2019-12-19 09:03:36,698 - root - INFO - [Epoch 2 Batch 1930/2110] loss=0.1712, lr=0.0000199
2019-12-19 09:03:54,205 - root - INFO - [Epoch 2 Batch 1940/2110] loss=0.1404, lr=0.0000198
2019-12-19 09:04:11,627 - root - INFO - [Epoch 2 Batch 1950/2110] loss=0.0874, lr=0.0000198
2019-12-19 09:04:29,548 - root - INFO - [Epoch 2 Batch 1960/2110] loss=0.1556, lr=0.0000198
2019-12-19 09:04:46,742 - root - INFO - [Epoch 2 Batch 1970/2110] loss=0.1552, lr=0.0000197
2019-12-19 09:05:04,352 - root - INFO - [Epoch 2 Batch 1980/2110] loss=0.1422, lr=0.0000197
2019-12-19 09:05:21,968 - root - INFO - [Epoch 2 Batch 1990/2110] loss=0.1146, lr=0.0000197
2019-12-19 09:05:39,643 - root - INFO - [Epoch 2 Batch 2000/2110] loss=0.1545, lr=0.0000196
2019-12-19 09:05:56,870 - root - INFO - [Epoch 2 Batch 2010/2110] loss=0.1638, lr=0.0000196
2019-12-19 09:06:14,465 - root - INFO - [Epoch 2 Batch 2020/2110] loss=0.1417, lr=0.0000196
2019-12-19 09:06:31,972 - root - INFO - [Epoch 2 Batch 2030/2110] loss=0.0887, lr=0.0000195
2019-12-19 09:06:49,680 - root - INFO - [Epoch 2 Batch 2040/2110] loss=0.1658, lr=0.0000195
2019-12-19 09:07:07,550 - root - INFO - [Epoch 2 Batch 2050/2110] loss=0.0994, lr=0.0000195
2019-12-19 09:07:25,104 - root - INFO - [Epoch 2 Batch 2060/2110] loss=0.3283, lr=0.0000194
2019-12-19 09:07:42,212 - root - INFO - [Epoch 2 Batch 2070/2110] loss=0.1564, lr=0.0000194
2019-12-19 09:07:59,696 - root - INFO - [Epoch 2 Batch 2080/2110] loss=0.1601, lr=0.0000194
2019-12-19 09:08:17,160 - root - INFO - [Epoch 2 Batch 2090/2110] loss=0.1458, lr=0.0000193
2019-12-19 09:08:34,437 - root - INFO - [Epoch 2 Batch 2100/2110] loss=0.1323, lr=0.0000193
2019-12-19 09:08:51,613 - root - INFO - [Epoch 2 Batch 2110/2110] loss=0.1691, lr=0.0000193
2019-12-19 09:08:51,614 - root - INFO - Now we are doing evaluation on dev with [gpu(0), gpu(1), gpu(2), gpu(3), gpu(4), gpu(5), gpu(6), gpu(7)].
2019-12-19 09:08:55,299 - root - INFO - [Batch 10/28] loss=0.2020
2019-12-19 09:08:58,886 - root - INFO - [Batch 20/28] loss=0.1229
2019-12-19 09:09:01,760 - root - INFO - validation metrics:accuracy:0.9495
2019-12-19 09:09:01,761 - root - INFO - Time cost=10.15s, throughput=88.31 samples/s
2019-12-19 09:09:04,540 - root - INFO - params saved in: ./output_dir/model_xlnet_SST_1.params
2019-12-19 09:09:04,542 - root - INFO - Time cost=3708.60s
2019-12-19 09:09:22,131 - root - INFO - [Epoch 3 Batch 10/2110] loss=0.1472, lr=0.0000192
2019-12-19 09:09:40,169 - root - INFO - [Epoch 3 Batch 20/2110] loss=0.1090, lr=0.0000192
2019-12-19 09:09:57,912 - root - INFO - [Epoch 3 Batch 30/2110] loss=0.0854, lr=0.0000192
2019-12-19 09:10:15,086 - root - INFO - [Epoch 3 Batch 40/2110] loss=0.1415, lr=0.0000191
2019-12-19 09:10:32,212 - root - INFO - [Epoch 3 Batch 50/2110] loss=0.1178, lr=0.0000191
2019-12-19 09:10:49,688 - root - INFO - [Epoch 3 Batch 60/2110] loss=0.1417, lr=0.0000191
2019-12-19 09:11:07,356 - root - INFO - [Epoch 3 Batch 70/2110] loss=0.1971, lr=0.0000190
2019-12-19 09:11:24,814 - root - INFO - [Epoch 3 Batch 80/2110] loss=0.1051, lr=0.0000190
2019-12-19 09:11:42,432 - root - INFO - [Epoch 3 Batch 90/2110] loss=0.1169, lr=0.0000190
2019-12-19 09:11:59,984 - root - INFO - [Epoch 3 Batch 100/2110] loss=0.1209, lr=0.0000189
2019-12-19 09:12:17,221 - root - INFO - [Epoch 3 Batch 110/2110] loss=0.1532, lr=0.0000189
2019-12-19 09:12:34,453 - root - INFO - [Epoch 3 Batch 120/2110] loss=0.0998, lr=0.0000189
2019-12-19 09:12:51,726 - root - INFO - [Epoch 3 Batch 130/2110] loss=0.0978, lr=0.0000188
2019-12-19 09:13:08,912 - root - INFO - [Epoch 3 Batch 140/2110] loss=0.0878, lr=0.0000188
2019-12-19 09:13:26,281 - root - INFO - [Epoch 3 Batch 150/2110] loss=0.1374, lr=0.0000188
2019-12-19 09:13:43,709 - root - INFO - [Epoch 3 Batch 160/2110] loss=0.0911, lr=0.0000187
2019-12-19 09:14:00,859 - root - INFO - [Epoch 3 Batch 170/2110] loss=0.1425, lr=0.0000187
2019-12-19 09:14:18,018 - root - INFO - [Epoch 3 Batch 180/2110] loss=0.1754, lr=0.0000187
2019-12-19 09:14:35,385 - root - INFO - [Epoch 3 Batch 190/2110] loss=0.1399, lr=0.0000186
2019-12-19 09:14:52,628 - root - INFO - [Epoch 3 Batch 200/2110] loss=0.1494, lr=0.0000186
2019-12-19 09:15:10,306 - root - INFO - [Epoch 3 Batch 210/2110] loss=0.0954, lr=0.0000186
2019-12-19 09:15:27,544 - root - INFO - [Epoch 3 Batch 220/2110] loss=0.1839, lr=0.0000185
2019-12-19 09:15:44,944 - root - INFO - [Epoch 3 Batch 230/2110] loss=0.1587, lr=0.0000185
2019-12-19 09:16:02,574 - root - INFO - [Epoch 3 Batch 240/2110] loss=0.1290, lr=0.0000185
2019-12-19 09:16:19,829 - root - INFO - [Epoch 3 Batch 250/2110] loss=0.1338, lr=0.0000184
2019-12-19 09:16:37,291 - root - INFO - [Epoch 3 Batch 260/2110] loss=0.1378, lr=0.0000184
2019-12-19 09:16:54,717 - root - INFO - [Epoch 3 Batch 270/2110] loss=0.1103, lr=0.0000184
2019-12-19 09:17:12,785 - root - INFO - [Epoch 3 Batch 280/2110] loss=0.1710, lr=0.0000183
2019-12-19 09:17:30,671 - root - INFO - [Epoch 3 Batch 290/2110] loss=0.1243, lr=0.0000183
2019-12-19 09:17:47,962 - root - INFO - [Epoch 3 Batch 300/2110] loss=0.0906, lr=0.0000183
2019-12-19 09:18:05,640 - root - INFO - [Epoch 3 Batch 310/2110] loss=0.1736, lr=0.0000182
2019-12-19 09:18:22,739 - root - INFO - [Epoch 3 Batch 320/2110] loss=0.1435, lr=0.0000182
2019-12-19 09:18:40,036 - root - INFO - [Epoch 3 Batch 330/2110] loss=0.1395, lr=0.0000182
2019-12-19 09:18:57,636 - root - INFO - [Epoch 3 Batch 340/2110] loss=0.1721, lr=0.0000181
2019-12-19 09:19:15,152 - root - INFO - [Epoch 3 Batch 350/2110] loss=0.1053, lr=0.0000181
2019-12-19 09:19:32,462 - root - INFO - [Epoch 3 Batch 360/2110] loss=0.1261, lr=0.0000181
2019-12-19 09:19:49,763 - root - INFO - [Epoch 3 Batch 370/2110] loss=0.1685, lr=0.0000180
2019-12-19 09:20:07,017 - root - INFO - [Epoch 3 Batch 380/2110] loss=0.1955, lr=0.0000180
2019-12-19 09:20:24,561 - root - INFO - [Epoch 3 Batch 390/2110] loss=0.1176, lr=0.0000180
2019-12-19 09:20:42,243 - root - INFO - [Epoch 3 Batch 400/2110] loss=0.1421, lr=0.0000179
2019-12-19 09:20:59,645 - root - INFO - [Epoch 3 Batch 410/2110] loss=0.1755, lr=0.0000179
2019-12-19 09:21:17,364 - root - INFO - [Epoch 3 Batch 420/2110] loss=0.1548, lr=0.0000179
2019-12-19 09:21:34,251 - root - INFO - [Epoch 3 Batch 430/2110] loss=0.1294, lr=0.0000178
2019-12-19 09:21:51,671 - root - INFO - [Epoch 3 Batch 440/2110] loss=0.1246, lr=0.0000178
2019-12-19 09:22:08,973 - root - INFO - [Epoch 3 Batch 450/2110] loss=0.0976, lr=0.0000178
2019-12-19 09:22:26,900 - root - INFO - [Epoch 3 Batch 460/2110] loss=0.1760, lr=0.0000177
2019-12-19 09:22:44,678 - root - INFO - [Epoch 3 Batch 470/2110] loss=0.1690, lr=0.0000177
2019-12-19 09:23:02,303 - root - INFO - [Epoch 3 Batch 480/2110] loss=0.1538, lr=0.0000177
2019-12-19 09:23:20,103 - root - INFO - [Epoch 3 Batch 490/2110] loss=0.1335, lr=0.0000176
2019-12-19 09:23:37,747 - root - INFO - [Epoch 3 Batch 500/2110] loss=0.1585, lr=0.0000176
2019-12-19 09:23:55,306 - root - INFO - [Epoch 3 Batch 510/2110] loss=0.1537, lr=0.0000176
2019-12-19 09:24:12,590 - root - INFO - [Epoch 3 Batch 520/2110] loss=0.0960, lr=0.0000175
2019-12-19 09:24:30,112 - root - INFO - [Epoch 3 Batch 530/2110] loss=0.0893, lr=0.0000175
2019-12-19 09:24:47,505 - root - INFO - [Epoch 3 Batch 540/2110] loss=0.1694, lr=0.0000175
2019-12-19 09:25:04,825 - root - INFO - [Epoch 3 Batch 550/2110] loss=0.1303, lr=0.0000174
2019-12-19 09:25:22,122 - root - INFO - [Epoch 3 Batch 560/2110] loss=0.0847, lr=0.0000174
2019-12-19 09:25:39,875 - root - INFO - [Epoch 3 Batch 570/2110] loss=0.2237, lr=0.0000174
2019-12-19 09:25:57,146 - root - INFO - [Epoch 3 Batch 580/2110] loss=0.1644, lr=0.0000173
2019-12-19 09:26:14,527 - root - INFO - [Epoch 3 Batch 590/2110] loss=0.1230, lr=0.0000173
2019-12-19 09:26:31,870 - root - INFO - [Epoch 3 Batch 600/2110] loss=0.1548, lr=0.0000173
2019-12-19 09:26:49,626 - root - INFO - [Epoch 3 Batch 610/2110] loss=0.1394, lr=0.0000172
2019-12-19 09:27:07,037 - root - INFO - [Epoch 3 Batch 620/2110] loss=0.1757, lr=0.0000172
2019-12-19 09:27:24,547 - root - INFO - [Epoch 3 Batch 630/2110] loss=0.1459, lr=0.0000172
2019-12-19 09:27:42,162 - root - INFO - [Epoch 3 Batch 640/2110] loss=0.0691, lr=0.0000171
2019-12-19 09:27:59,760 - root - INFO - [Epoch 3 Batch 650/2110] loss=0.0988, lr=0.0000171
2019-12-19 09:28:17,365 - root - INFO - [Epoch 3 Batch 660/2110] loss=0.1254, lr=0.0000171
2019-12-19 09:28:34,683 - root - INFO - [Epoch 3 Batch 670/2110] loss=0.1271, lr=0.0000170
2019-12-19 09:28:52,300 - root - INFO - [Epoch 3 Batch 680/2110] loss=0.1012, lr=0.0000170
2019-12-19 09:29:09,794 - root - INFO - [Epoch 3 Batch 690/2110] loss=0.1711, lr=0.0000170
2019-12-19 09:29:27,229 - root - INFO - [Epoch 3 Batch 700/2110] loss=0.1779, lr=0.0000169
2019-12-19 09:29:44,721 - root - INFO - [Epoch 3 Batch 710/2110] loss=0.0709, lr=0.0000169
2019-12-19 09:30:02,656 - root - INFO - [Epoch 3 Batch 720/2110] loss=0.0999, lr=0.0000169
2019-12-19 09:30:20,403 - root - INFO - [Epoch 3 Batch 730/2110] loss=0.1414, lr=0.0000168
2019-12-19 09:30:38,265 - root - INFO - [Epoch 3 Batch 740/2110] loss=0.1404, lr=0.0000168
2019-12-19 09:30:56,187 - root - INFO - [Epoch 3 Batch 750/2110] loss=0.1276, lr=0.0000168
2019-12-19 09:31:13,475 - root - INFO - [Epoch 3 Batch 760/2110] loss=0.1101, lr=0.0000167
2019-12-19 09:31:30,883 - root - INFO - [Epoch 3 Batch 770/2110] loss=0.0958, lr=0.0000167
2019-12-19 09:31:48,594 - root - INFO - [Epoch 3 Batch 780/2110] loss=0.1264, lr=0.0000167
2019-12-19 09:32:06,583 - root - INFO - [Epoch 3 Batch 790/2110] loss=0.1798, lr=0.0000166
2019-12-19 09:32:24,676 - root - INFO - [Epoch 3 Batch 800/2110] loss=0.1017, lr=0.0000166
2019-12-19 09:32:42,052 - root - INFO - [Epoch 3 Batch 810/2110] loss=0.1238, lr=0.0000166
2019-12-19 09:32:59,378 - root - INFO - [Epoch 3 Batch 820/2110] loss=0.1734, lr=0.0000165
2019-12-19 09:33:17,097 - root - INFO - [Epoch 3 Batch 830/2110] loss=0.1140, lr=0.0000165
2019-12-19 09:33:34,209 - root - INFO - [Epoch 3 Batch 840/2110] loss=0.1505, lr=0.0000165
2019-12-19 09:33:51,194 - root - INFO - [Epoch 3 Batch 850/2110] loss=0.1338, lr=0.0000164
2019-12-19 09:34:09,150 - root - INFO - [Epoch 3 Batch 860/2110] loss=0.1565, lr=0.0000164
2019-12-19 09:34:26,757 - root - INFO - [Epoch 3 Batch 870/2110] loss=0.1207, lr=0.0000164
2019-12-19 09:34:44,532 - root - INFO - [Epoch 3 Batch 880/2110] loss=0.1446, lr=0.0000163
2019-12-19 09:35:01,828 - root - INFO - [Epoch 3 Batch 890/2110] loss=0.1901, lr=0.0000163
2019-12-19 09:35:19,307 - root - INFO - [Epoch 3 Batch 900/2110] loss=0.1283, lr=0.0000163
2019-12-19 09:35:36,690 - root - INFO - [Epoch 3 Batch 910/2110] loss=0.1810, lr=0.0000162
2019-12-19 09:35:54,278 - root - INFO - [Epoch 3 Batch 920/2110] loss=0.1131, lr=0.0000162
2019-12-19 09:36:11,780 - root - INFO - [Epoch 3 Batch 930/2110] loss=0.1328, lr=0.0000162
2019-12-19 09:36:29,603 - root - INFO - [Epoch 3 Batch 940/2110] loss=0.1408, lr=0.0000161
2019-12-19 09:36:47,003 - root - INFO - [Epoch 3 Batch 950/2110] loss=0.0948, lr=0.0000161
2019-12-19 09:37:04,589 - root - INFO - [Epoch 3 Batch 960/2110] loss=0.1396, lr=0.0000161
2019-12-19 09:37:22,403 - root - INFO - [Epoch 3 Batch 970/2110] loss=0.1512, lr=0.0000160
2019-12-19 09:37:39,573 - root - INFO - [Epoch 3 Batch 980/2110] loss=0.1122, lr=0.0000160
2019-12-19 09:37:56,862 - root - INFO - [Epoch 3 Batch 990/2110] loss=0.1145, lr=0.0000160
2019-12-19 09:38:14,236 - root - INFO - [Epoch 3 Batch 1000/2110] loss=0.1526, lr=0.0000159
2019-12-19 09:38:31,660 - root - INFO - [Epoch 3 Batch 1010/2110] loss=0.1072, lr=0.0000159
2019-12-19 09:38:49,274 - root - INFO - [Epoch 3 Batch 1020/2110] loss=0.1253, lr=0.0000159
2019-12-19 09:39:07,192 - root - INFO - [Epoch 3 Batch 1030/2110] loss=0.1058, lr=0.0000158
2019-12-19 09:39:24,983 - root - INFO - [Epoch 3 Batch 1040/2110] loss=0.0901, lr=0.0000158
2019-12-19 09:39:42,433 - root - INFO - [Epoch 3 Batch 1050/2110] loss=0.1611, lr=0.0000158
2019-12-19 09:39:59,705 - root - INFO - [Epoch 3 Batch 1060/2110] loss=0.1973, lr=0.0000157
2019-12-19 09:40:17,104 - root - INFO - [Epoch 3 Batch 1070/2110] loss=0.1121, lr=0.0000157
2019-12-19 09:40:34,249 - root - INFO - [Epoch 3 Batch 1080/2110] loss=0.1188, lr=0.0000157
2019-12-19 09:40:51,492 - root - INFO - [Epoch 3 Batch 1090/2110] loss=0.0668, lr=0.0000156
2019-12-19 09:41:08,681 - root - INFO - [Epoch 3 Batch 1100/2110] loss=0.1285, lr=0.0000156
2019-12-19 09:41:26,171 - root - INFO - [Epoch 3 Batch 1110/2110] loss=0.1026, lr=0.0000156
2019-12-19 09:41:43,823 - root - INFO - [Epoch 3 Batch 1120/2110] loss=0.1497, lr=0.0000155
2019-12-19 09:42:00,872 - root - INFO - [Epoch 3 Batch 1130/2110] loss=0.0891, lr=0.0000155
2019-12-19 09:42:18,191 - root - INFO - [Epoch 3 Batch 1140/2110] loss=0.1104, lr=0.0000155
2019-12-19 09:42:35,202 - root - INFO - [Epoch 3 Batch 1150/2110] loss=0.1057, lr=0.0000154
2019-12-19 09:42:52,756 - root - INFO - [Epoch 3 Batch 1160/2110] loss=0.0613, lr=0.0000154
2019-12-19 09:43:10,286 - root - INFO - [Epoch 3 Batch 1170/2110] loss=0.1960, lr=0.0000154
2019-12-19 09:43:28,211 - root - INFO - [Epoch 3 Batch 1180/2110] loss=0.0644, lr=0.0000153
2019-12-19 09:43:45,843 - root - INFO - [Epoch 3 Batch 1190/2110] loss=0.1286, lr=0.0000153
2019-12-19 09:44:03,219 - root - INFO - [Epoch 3 Batch 1200/2110] loss=0.1041, lr=0.0000153
2019-12-19 09:44:20,564 - root - INFO - [Epoch 3 Batch 1210/2110] loss=0.1576, lr=0.0000152
2019-12-19 09:44:37,931 - root - INFO - [Epoch 3 Batch 1220/2110] loss=0.1162, lr=0.0000152
2019-12-19 09:44:55,134 - root - INFO - [Epoch 3 Batch 1230/2110] loss=0.1476, lr=0.0000152
2019-12-19 09:45:11,856 - root - INFO - [Epoch 3 Batch 1240/2110] loss=0.0774, lr=0.0000151
2019-12-19 09:45:29,403 - root - INFO - [Epoch 3 Batch 1250/2110] loss=0.1948, lr=0.0000151
2019-12-19 09:45:46,989 - root - INFO - [Epoch 3 Batch 1260/2110] loss=0.1242, lr=0.0000151
2019-12-19 09:46:04,317 - root - INFO - [Epoch 3 Batch 1270/2110] loss=0.1369, lr=0.0000150
2019-12-19 09:46:21,427 - root - INFO - [Epoch 3 Batch 1280/2110] loss=0.1321, lr=0.0000150
2019-12-19 09:46:38,848 - root - INFO - [Epoch 3 Batch 1290/2110] loss=0.0997, lr=0.0000150
2019-12-19 09:46:56,594 - root - INFO - [Epoch 3 Batch 1300/2110] loss=0.2236, lr=0.0000149
2019-12-19 09:47:14,210 - root - INFO - [Epoch 3 Batch 1310/2110] loss=0.1421, lr=0.0000149
2019-12-19 09:47:31,656 - root - INFO - [Epoch 3 Batch 1320/2110] loss=0.1426, lr=0.0000149
2019-12-19 09:47:49,585 - root - INFO - [Epoch 3 Batch 1330/2110] loss=0.0977, lr=0.0000148
2019-12-19 09:48:07,088 - root - INFO - [Epoch 3 Batch 1340/2110] loss=0.1026, lr=0.0000148
2019-12-19 09:48:24,411 - root - INFO - [Epoch 3 Batch 1350/2110] loss=0.1719, lr=0.0000148
2019-12-19 09:48:42,145 - root - INFO - [Epoch 3 Batch 1360/2110] loss=0.1287, lr=0.0000147
2019-12-19 09:48:59,571 - root - INFO - [Epoch 3 Batch 1370/2110] loss=0.1304, lr=0.0000147
2019-12-19 09:49:17,286 - root - INFO - [Epoch 3 Batch 1380/2110] loss=0.1592, lr=0.0000147
2019-12-19 09:49:34,957 - root - INFO - [Epoch 3 Batch 1390/2110] loss=0.1269, lr=0.0000146
2019-12-19 09:49:52,217 - root - INFO - [Epoch 3 Batch 1400/2110] loss=0.1739, lr=0.0000146
2019-12-19 09:50:09,156 - root - INFO - [Epoch 3 Batch 1410/2110] loss=0.1368, lr=0.0000146
2019-12-19 09:50:26,294 - root - INFO - [Epoch 3 Batch 1420/2110] loss=0.0523, lr=0.0000145
2019-12-19 09:50:43,772 - root - INFO - [Epoch 3 Batch 1430/2110] loss=0.0931, lr=0.0000145
2019-12-19 09:51:01,234 - root - INFO - [Epoch 3 Batch 1440/2110] loss=0.1162, lr=0.0000145
2019-12-19 09:51:19,259 - root - INFO - [Epoch 3 Batch 1450/2110] loss=0.0940, lr=0.0000144
2019-12-19 09:51:37,008 - root - INFO - [Epoch 3 Batch 1460/2110] loss=0.1305, lr=0.0000144
2019-12-19 09:51:54,221 - root - INFO - [Epoch 3 Batch 1470/2110] loss=0.1987, lr=0.0000144
2019-12-19 09:52:11,444 - root - INFO - [Epoch 3 Batch 1480/2110] loss=0.1493, lr=0.0000143
2019-12-19 09:52:29,069 - root - INFO - [Epoch 3 Batch 1490/2110] loss=0.0734, lr=0.0000143
2019-12-19 09:52:46,436 - root - INFO - [Epoch 3 Batch 1500/2110] loss=0.1932, lr=0.0000143
2019-12-19 09:53:04,111 - root - INFO - [Epoch 3 Batch 1510/2110] loss=0.0978, lr=0.0000142
2019-12-19 09:53:21,696 - root - INFO - [Epoch 3 Batch 1520/2110] loss=0.1449, lr=0.0000142
2019-12-19 09:53:39,564 - root - INFO - [Epoch 3 Batch 1530/2110] loss=0.1192, lr=0.0000142
2019-12-19 09:53:57,032 - root - INFO - [Epoch 3 Batch 1540/2110] loss=0.1042, lr=0.0000141
2019-12-19 09:54:14,891 - root - INFO - [Epoch 3 Batch 1550/2110] loss=0.1699, lr=0.0000141
2019-12-19 09:54:32,310 - root - INFO - [Epoch 3 Batch 1560/2110] loss=0.0901, lr=0.0000141
2019-12-19 09:54:49,616 - root - INFO - [Epoch 3 Batch 1570/2110] loss=0.1839, lr=0.0000140
2019-12-19 09:55:07,057 - root - INFO - [Epoch 3 Batch 1580/2110] loss=0.1852, lr=0.0000140
2019-12-19 09:55:24,715 - root - INFO - [Epoch 3 Batch 1590/2110] loss=0.1872, lr=0.0000140
2019-12-19 09:55:42,642 - root - INFO - [Epoch 3 Batch 1600/2110] loss=0.1996, lr=0.0000139
2019-12-19 09:56:00,093 - root - INFO - [Epoch 3 Batch 1610/2110] loss=0.1176, lr=0.0000139
2019-12-19 09:56:17,646 - root - INFO - [Epoch 3 Batch 1620/2110] loss=0.1737, lr=0.0000139
2019-12-19 09:56:35,229 - root - INFO - [Epoch 3 Batch 1630/2110] loss=0.1590, lr=0.0000138
2019-12-19 09:56:52,987 - root - INFO - [Epoch 3 Batch 1640/2110] loss=0.1148, lr=0.0000138
2019-12-19 09:57:10,268 - root - INFO - [Epoch 3 Batch 1650/2110] loss=0.1496, lr=0.0000138
2019-12-19 09:57:27,823 - root - INFO - [Epoch 3 Batch 1660/2110] loss=0.1274, lr=0.0000137
2019-12-19 09:57:45,604 - root - INFO - [Epoch 3 Batch 1670/2110] loss=0.1244, lr=0.0000137
2019-12-19 09:58:03,151 - root - INFO - [Epoch 3 Batch 1680/2110] loss=0.1149, lr=0.0000137
2019-12-19 09:58:20,654 - root - INFO - [Epoch 3 Batch 1690/2110] loss=0.0870, lr=0.0000136
2019-12-19 09:58:38,059 - root - INFO - [Epoch 3 Batch 1700/2110] loss=0.1413, lr=0.0000136
2019-12-19 09:58:55,533 - root - INFO - [Epoch 3 Batch 1710/2110] loss=0.1024, lr=0.0000136
2019-12-19 09:59:12,857 - root - INFO - [Epoch 3 Batch 1720/2110] loss=0.1614, lr=0.0000135
2019-12-19 09:59:30,284 - root - INFO - [Epoch 3 Batch 1730/2110] loss=0.1479, lr=0.0000135
2019-12-19 09:59:47,646 - root - INFO - [Epoch 3 Batch 1740/2110] loss=0.0983, lr=0.0000135
2019-12-19 10:00:05,148 - root - INFO - [Epoch 3 Batch 1750/2110] loss=0.1391, lr=0.0000134
2019-12-19 10:00:22,769 - root - INFO - [Epoch 3 Batch 1760/2110] loss=0.1550, lr=0.0000134
2019-12-19 10:00:40,286 - root - INFO - [Epoch 3 Batch 1770/2110] loss=0.1629, lr=0.0000134
2019-12-19 10:00:57,246 - root - INFO - [Epoch 3 Batch 1780/2110] loss=0.1492, lr=0.0000133
2019-12-19 10:01:15,044 - root - INFO - [Epoch 3 Batch 1790/2110] loss=0.1108, lr=0.0000133
2019-12-19 10:01:33,129 - root - INFO - [Epoch 3 Batch 1800/2110] loss=0.1438, lr=0.0000133
2019-12-19 10:01:50,642 - root - INFO - [Epoch 3 Batch 1810/2110] loss=0.1406, lr=0.0000132
2019-12-19 10:02:08,067 - root - INFO - [Epoch 3 Batch 1820/2110] loss=0.1165, lr=0.0000132
2019-12-19 10:02:25,383 - root - INFO - [Epoch 3 Batch 1830/2110] loss=0.1134, lr=0.0000132
2019-12-19 10:02:42,812 - root - INFO - [Epoch 3 Batch 1840/2110] loss=0.1454, lr=0.0000131
2019-12-19 10:03:00,690 - root - INFO - [Epoch 3 Batch 1850/2110] loss=0.1261, lr=0.0000131
2019-12-19 10:03:17,318 - root - INFO - [Epoch 3 Batch 1860/2110] loss=0.1237, lr=0.0000131
2019-12-19 10:03:34,826 - root - INFO - [Epoch 3 Batch 1870/2110] loss=0.0978, lr=0.0000130
2019-12-19 10:03:52,694 - root - INFO - [Epoch 3 Batch 1880/2110] loss=0.1365, lr=0.0000130
2019-12-19 10:04:09,856 - root - INFO - [Epoch 3 Batch 1890/2110] loss=0.0828, lr=0.0000130
2019-12-19 10:04:27,754 - root - INFO - [Epoch 3 Batch 1900/2110] loss=0.1303, lr=0.0000129
2019-12-19 10:04:45,899 - root - INFO - [Epoch 3 Batch 1910/2110] loss=0.1285, lr=0.0000129
2019-12-19 10:05:03,920 - root - INFO - [Epoch 3 Batch 1920/2110] loss=0.1109, lr=0.0000129
2019-12-19 10:05:21,702 - root - INFO - [Epoch 3 Batch 1930/2110] loss=0.1099, lr=0.0000128
2019-12-19 10:05:38,880 - root - INFO - [Epoch 3 Batch 1940/2110] loss=0.1070, lr=0.0000128
2019-12-19 10:05:56,071 - root - INFO - [Epoch 3 Batch 1950/2110] loss=0.1154, lr=0.0000128
2019-12-19 10:06:13,472 - root - INFO - [Epoch 3 Batch 1960/2110] loss=0.1894, lr=0.0000127
2019-12-19 10:06:30,965 - root - INFO - [Epoch 3 Batch 1970/2110] loss=0.1450, lr=0.0000127
2019-12-19 10:06:48,308 - root - INFO - [Epoch 3 Batch 1980/2110] loss=0.0785, lr=0.0000127
2019-12-19 10:07:05,598 - root - INFO - [Epoch 3 Batch 1990/2110] loss=0.1108, lr=0.0000126
2019-12-19 10:07:22,963 - root - INFO - [Epoch 3 Batch 2000/2110] loss=0.1681, lr=0.0000126
2019-12-19 10:07:40,603 - root - INFO - [Epoch 3 Batch 2010/2110] loss=0.0953, lr=0.0000126
2019-12-19 10:07:57,806 - root - INFO - [Epoch 3 Batch 2020/2110] loss=0.1132, lr=0.0000125
2019-12-19 10:08:15,417 - root - INFO - [Epoch 3 Batch 2030/2110] loss=0.1780, lr=0.0000125
2019-12-19 10:08:33,029 - root - INFO - [Epoch 3 Batch 2040/2110] loss=0.1496, lr=0.0000125
2019-12-19 10:08:50,670 - root - INFO - [Epoch 3 Batch 2050/2110] loss=0.1584, lr=0.0000124
2019-12-19 10:09:08,306 - root - INFO - [Epoch 3 Batch 2060/2110] loss=0.1312, lr=0.0000124
2019-12-19 10:09:25,972 - root - INFO - [Epoch 3 Batch 2070/2110] loss=0.0916, lr=0.0000124
2019-12-19 10:09:43,725 - root - INFO - [Epoch 3 Batch 2080/2110] loss=0.1304, lr=0.0000123
2019-12-19 10:10:01,203 - root - INFO - [Epoch 3 Batch 2090/2110] loss=0.0831, lr=0.0000123
2019-12-19 10:10:18,681 - root - INFO - [Epoch 3 Batch 2100/2110] loss=0.0972, lr=0.0000123
2019-12-19 10:10:35,982 - root - INFO - [Epoch 3 Batch 2110/2110] loss=0.1724, lr=0.0000122
2019-12-19 10:10:35,983 - root - INFO - Now we are doing evaluation on dev with [gpu(0), gpu(1), gpu(2), gpu(3), gpu(4), gpu(5), gpu(6), gpu(7)].
2019-12-19 10:10:39,629 - root - INFO - [Batch 10/28] loss=0.1948
2019-12-19 10:10:43,240 - root - INFO - [Batch 20/28] loss=0.1812
2019-12-19 10:10:46,120 - root - INFO - validation metrics:accuracy:0.9495
2019-12-19 10:10:46,120 - root - INFO - Time cost=10.14s, throughput=88.39 samples/s
2019-12-19 10:10:48,896 - root - INFO - params saved in: ./output_dir/model_xlnet_SST_2.params
2019-12-19 10:10:48,897 - root - INFO - Time cost=3704.35s
2019-12-19 10:11:06,504 - root - INFO - [Epoch 4 Batch 10/2110] loss=0.0904, lr=0.0000122
2019-12-19 10:11:23,879 - root - INFO - [Epoch 4 Batch 20/2110] loss=0.0616, lr=0.0000122
2019-12-19 10:11:41,848 - root - INFO - [Epoch 4 Batch 30/2110] loss=0.1286, lr=0.0000121
2019-12-19 10:11:59,399 - root - INFO - [Epoch 4 Batch 40/2110] loss=0.0708, lr=0.0000121
2019-12-19 10:12:16,899 - root - INFO - [Epoch 4 Batch 50/2110] loss=0.1125, lr=0.0000121
2019-12-19 10:12:34,426 - root - INFO - [Epoch 4 Batch 60/2110] loss=0.0831, lr=0.0000120
2019-12-19 10:12:51,735 - root - INFO - [Epoch 4 Batch 70/2110] loss=0.1393, lr=0.0000120
2019-12-19 10:13:09,693 - root - INFO - [Epoch 4 Batch 80/2110] loss=0.1075, lr=0.0000120
2019-12-19 10:13:27,553 - root - INFO - [Epoch 4 Batch 90/2110] loss=0.0684, lr=0.0000119
2019-12-19 10:13:44,990 - root - INFO - [Epoch 4 Batch 100/2110] loss=0.1316, lr=0.0000119
2019-12-19 10:14:02,110 - root - INFO - [Epoch 4 Batch 110/2110] loss=0.0612, lr=0.0000119
2019-12-19 10:14:19,472 - root - INFO - [Epoch 4 Batch 120/2110] loss=0.1145, lr=0.0000118
2019-12-19 10:14:37,373 - root - INFO - [Epoch 4 Batch 130/2110] loss=0.0948, lr=0.0000118
2019-12-19 10:14:54,974 - root - INFO - [Epoch 4 Batch 140/2110] loss=0.0569, lr=0.0000118
2019-12-19 10:15:12,455 - root - INFO - [Epoch 4 Batch 150/2110] loss=0.0940, lr=0.0000117
2019-12-19 10:15:30,064 - root - INFO - [Epoch 4 Batch 160/2110] loss=0.0489, lr=0.0000117
2019-12-19 10:15:47,170 - root - INFO - [Epoch 4 Batch 170/2110] loss=0.0549, lr=0.0000117
2019-12-19 10:16:04,731 - root - INFO - [Epoch 4 Batch 180/2110] loss=0.0951, lr=0.0000116
2019-12-19 10:16:22,568 - root - INFO - [Epoch 4 Batch 190/2110] loss=0.1407, lr=0.0000116
2019-12-19 10:16:39,991 - root - INFO - [Epoch 4 Batch 200/2110] loss=0.0867, lr=0.0000116
2019-12-19 10:16:57,308 - root - INFO - [Epoch 4 Batch 210/2110] loss=0.0426, lr=0.0000115
2019-12-19 10:17:14,642 - root - INFO - [Epoch 4 Batch 220/2110] loss=0.1126, lr=0.0000115
2019-12-19 10:17:32,101 - root - INFO - [Epoch 4 Batch 230/2110] loss=0.1063, lr=0.0000115
2019-12-19 10:17:49,391 - root - INFO - [Epoch 4 Batch 240/2110] loss=0.1050, lr=0.0000114
2019-12-19 10:18:06,795 - root - INFO - [Epoch 4 Batch 250/2110] loss=0.0684, lr=0.0000114
2019-12-19 10:18:24,070 - root - INFO - [Epoch 4 Batch 260/2110] loss=0.1584, lr=0.0000114
2019-12-19 10:18:41,422 - root - INFO - [Epoch 4 Batch 270/2110] loss=0.0703, lr=0.0000113
2019-12-19 10:18:58,717 - root - INFO - [Epoch 4 Batch 280/2110] loss=0.0531, lr=0.0000113
2019-12-19 10:19:16,511 - root - INFO - [Epoch 4 Batch 290/2110] loss=0.1053, lr=0.0000113
2019-12-19 10:19:33,757 - root - INFO - [Epoch 4 Batch 300/2110] loss=0.0476, lr=0.0000112
2019-12-19 10:19:51,063 - root - INFO - [Epoch 4 Batch 310/2110] loss=0.0852, lr=0.0000112
2019-12-19 10:20:08,389 - root - INFO - [Epoch 4 Batch 320/2110] loss=0.1430, lr=0.0000112
2019-12-19 10:20:25,925 - root - INFO - [Epoch 4 Batch 330/2110] loss=0.0498, lr=0.0000111
2019-12-19 10:20:43,633 - root - INFO - [Epoch 4 Batch 340/2110] loss=0.1187, lr=0.0000111
2019-12-19 10:21:00,953 - root - INFO - [Epoch 4 Batch 350/2110] loss=0.1410, lr=0.0000111
2019-12-19 10:21:18,118 - root - INFO - [Epoch 4 Batch 360/2110] loss=0.0785, lr=0.0000110
2019-12-19 10:21:35,658 - root - INFO - [Epoch 4 Batch 370/2110] loss=0.0972, lr=0.0000110
2019-12-19 10:21:52,732 - root - INFO - [Epoch 4 Batch 380/2110] loss=0.0955, lr=0.0000110
2019-12-19 10:22:10,343 - root - INFO - [Epoch 4 Batch 390/2110] loss=0.1073, lr=0.0000109
2019-12-19 10:22:27,848 - root - INFO - [Epoch 4 Batch 400/2110] loss=0.0910, lr=0.0000109
2019-12-19 10:22:44,977 - root - INFO - [Epoch 4 Batch 410/2110] loss=0.0597, lr=0.0000109
2019-12-19 10:23:02,627 - root - INFO - [Epoch 4 Batch 420/2110] loss=0.0797, lr=0.0000108
2019-12-19 10:23:20,192 - root - INFO - [Epoch 4 Batch 430/2110] loss=0.0684, lr=0.0000108
2019-12-19 10:23:37,499 - root - INFO - [Epoch 4 Batch 440/2110] loss=0.0934, lr=0.0000108
2019-12-19 10:23:55,209 - root - INFO - [Epoch 4 Batch 450/2110] loss=0.1072, lr=0.0000107
2019-12-19 10:24:12,782 - root - INFO - [Epoch 4 Batch 460/2110] loss=0.1000, lr=0.0000107
2019-12-19 10:24:30,593 - root - INFO - [Epoch 4 Batch 470/2110] loss=0.1094, lr=0.0000107
2019-12-19 10:24:48,479 - root - INFO - [Epoch 4 Batch 480/2110] loss=0.0983, lr=0.0000106
2019-12-19 10:25:06,287 - root - INFO - [Epoch 4 Batch 490/2110] loss=0.0897, lr=0.0000106
2019-12-19 10:25:23,832 - root - INFO - [Epoch 4 Batch 500/2110] loss=0.1576, lr=0.0000106
2019-12-19 10:25:41,439 - root - INFO - [Epoch 4 Batch 510/2110] loss=0.0464, lr=0.0000105
2019-12-19 10:25:58,898 - root - INFO - [Epoch 4 Batch 520/2110] loss=0.0861, lr=0.0000105
2019-12-19 10:26:16,441 - root - INFO - [Epoch 4 Batch 530/2110] loss=0.0435, lr=0.0000105
2019-12-19 10:26:33,625 - root - INFO - [Epoch 4 Batch 540/2110] loss=0.0952, lr=0.0000104
2019-12-19 10:26:51,150 - root - INFO - [Epoch 4 Batch 550/2110] loss=0.0930, lr=0.0000104
2019-12-19 10:27:08,837 - root - INFO - [Epoch 4 Batch 560/2110] loss=0.0858, lr=0.0000104
2019-12-19 10:27:26,258 - root - INFO - [Epoch 4 Batch 570/2110] loss=0.1406, lr=0.0000103
2019-12-19 10:27:43,743 - root - INFO - [Epoch 4 Batch 580/2110] loss=0.0662, lr=0.0000103
2019-12-19 10:28:01,228 - root - INFO - [Epoch 4 Batch 590/2110] loss=0.0560, lr=0.0000103
2019-12-19 10:28:18,644 - root - INFO - [Epoch 4 Batch 600/2110] loss=0.0971, lr=0.0000102
2019-12-19 10:28:35,920 - root - INFO - [Epoch 4 Batch 610/2110] loss=0.1292, lr=0.0000102
2019-12-19 10:28:53,104 - root - INFO - [Epoch 4 Batch 620/2110] loss=0.1181, lr=0.0000102
2019-12-19 10:29:10,735 - root - INFO - [Epoch 4 Batch 630/2110] loss=0.0510, lr=0.0000101
2019-12-19 10:29:28,357 - root - INFO - [Epoch 4 Batch 640/2110] loss=0.1006, lr=0.0000101
2019-12-19 10:29:46,106 - root - INFO - [Epoch 4 Batch 650/2110] loss=0.0491, lr=0.0000101
2019-12-19 10:30:03,519 - root - INFO - [Epoch 4 Batch 660/2110] loss=0.1106, lr=0.0000100
2019-12-19 10:30:20,941 - root - INFO - [Epoch 4 Batch 670/2110] loss=0.1235, lr=0.0000100
2019-12-19 10:30:38,739 - root - INFO - [Epoch 4 Batch 680/2110] loss=0.1348, lr=0.0000100
2019-12-19 10:30:56,309 - root - INFO - [Epoch 4 Batch 690/2110] loss=0.1187, lr=0.0000099
2019-12-19 10:31:13,914 - root - INFO - [Epoch 4 Batch 700/2110] loss=0.0978, lr=0.0000099
2019-12-19 10:31:31,719 - root - INFO - [Epoch 4 Batch 710/2110] loss=0.0760, lr=0.0000099
2019-12-19 10:31:49,370 - root - INFO - [Epoch 4 Batch 720/2110] loss=0.0970, lr=0.0000098
2019-12-19 10:32:06,775 - root - INFO - [Epoch 4 Batch 730/2110] loss=0.1240, lr=0.0000098
2019-12-19 10:32:24,173 - root - INFO - [Epoch 4 Batch 740/2110] loss=0.0856, lr=0.0000098
2019-12-19 10:32:41,589 - root - INFO - [Epoch 4 Batch 750/2110] loss=0.1499, lr=0.0000097
2019-12-19 10:32:59,193 - root - INFO - [Epoch 4 Batch 760/2110] loss=0.1740, lr=0.0000097
2019-12-19 10:33:16,593 - root - INFO - [Epoch 4 Batch 770/2110] loss=0.0851, lr=0.0000097
2019-12-19 10:33:33,631 - root - INFO - [Epoch 4 Batch 780/2110] loss=0.1025, lr=0.0000096
2019-12-19 10:33:50,969 - root - INFO - [Epoch 4 Batch 790/2110] loss=0.1207, lr=0.0000096
2019-12-19 10:34:08,375 - root - INFO - [Epoch 4 Batch 800/2110] loss=0.1122, lr=0.0000096
2019-12-19 10:34:25,913 - root - INFO - [Epoch 4 Batch 810/2110] loss=0.0841, lr=0.0000095
2019-12-19 10:34:43,586 - root - INFO - [Epoch 4 Batch 820/2110] loss=0.0677, lr=0.0000095
2019-12-19 10:35:01,229 - root - INFO - [Epoch 4 Batch 830/2110] loss=0.1167, lr=0.0000095
2019-12-19 10:35:18,815 - root - INFO - [Epoch 4 Batch 840/2110] loss=0.1098, lr=0.0000094
2019-12-19 10:35:36,238 - root - INFO - [Epoch 4 Batch 850/2110] loss=0.1249, lr=0.0000094
2019-12-19 10:35:54,106 - root - INFO - [Epoch 4 Batch 860/2110] loss=0.0723, lr=0.0000094
2019-12-19 10:36:11,661 - root - INFO - [Epoch 4 Batch 870/2110] loss=0.1219, lr=0.0000093
2019-12-19 10:36:29,306 - root - INFO - [Epoch 4 Batch 880/2110] loss=0.0809, lr=0.0000093
2019-12-19 10:36:47,206 - root - INFO - [Epoch 4 Batch 890/2110] loss=0.0810, lr=0.0000093
2019-12-19 10:37:04,842 - root - INFO - [Epoch 4 Batch 900/2110] loss=0.0809, lr=0.0000092
2019-12-19 10:37:22,224 - root - INFO - [Epoch 4 Batch 910/2110] loss=0.2062, lr=0.0000092
2019-12-19 10:37:39,712 - root - INFO - [Epoch 4 Batch 920/2110] loss=0.0764, lr=0.0000092
2019-12-19 10:37:57,322 - root - INFO - [Epoch 4 Batch 930/2110] loss=0.0383, lr=0.0000091
2019-12-19 10:38:14,766 - root - INFO - [Epoch 4 Batch 940/2110] loss=0.1423, lr=0.0000091
2019-12-19 10:38:32,285 - root - INFO - [Epoch 4 Batch 950/2110] loss=0.0779, lr=0.0000091
2019-12-19 10:38:49,734 - root - INFO - [Epoch 4 Batch 960/2110] loss=0.0792, lr=0.0000090
2019-12-19 10:39:07,376 - root - INFO - [Epoch 4 Batch 970/2110] loss=0.0951, lr=0.0000090
2019-12-19 10:39:25,076 - root - INFO - [Epoch 4 Batch 980/2110] loss=0.1070, lr=0.0000090
2019-12-19 10:39:42,602 - root - INFO - [Epoch 4 Batch 990/2110] loss=0.1249, lr=0.0000089
2019-12-19 10:40:00,180 - root - INFO - [Epoch 4 Batch 1000/2110] loss=0.1018, lr=0.0000089
2019-12-19 10:40:17,692 - root - INFO - [Epoch 4 Batch 1010/2110] loss=0.0922, lr=0.0000089
2019-12-19 10:40:34,360 - root - INFO - [Epoch 4 Batch 1020/2110] loss=0.1486, lr=0.0000088
2019-12-19 10:40:51,601 - root - INFO - [Epoch 4 Batch 1030/2110] loss=0.0691, lr=0.0000088
2019-12-19 10:41:09,307 - root - INFO - [Epoch 4 Batch 1040/2110] loss=0.0894, lr=0.0000088
2019-12-19 10:41:26,936 - root - INFO - [Epoch 4 Batch 1050/2110] loss=0.1636, lr=0.0000087
2019-12-19 10:41:44,344 - root - INFO - [Epoch 4 Batch 1060/2110] loss=0.0977, lr=0.0000087
2019-12-19 10:42:01,501 - root - INFO - [Epoch 4 Batch 1070/2110] loss=0.1253, lr=0.0000087
2019-12-19 10:42:18,894 - root - INFO - [Epoch 4 Batch 1080/2110] loss=0.0794, lr=0.0000086
2019-12-19 10:42:36,298 - root - INFO - [Epoch 4 Batch 1090/2110] loss=0.1391, lr=0.0000086
2019-12-19 10:42:53,949 - root - INFO - [Epoch 4 Batch 1100/2110] loss=0.1552, lr=0.0000086
2019-12-19 10:43:11,417 - root - INFO - [Epoch 4 Batch 1110/2110] loss=0.0965, lr=0.0000085
2019-12-19 10:43:29,140 - root - INFO - [Epoch 4 Batch 1120/2110] loss=0.0847, lr=0.0000085
2019-12-19 10:43:46,682 - root - INFO - [Epoch 4 Batch 1130/2110] loss=0.0815, lr=0.0000085
2019-12-19 10:44:04,180 - root - INFO - [Epoch 4 Batch 1140/2110] loss=0.1030, lr=0.0000084
2019-12-19 10:44:21,994 - root - INFO - [Epoch 4 Batch 1150/2110] loss=0.1069, lr=0.0000084
2019-12-19 10:44:39,553 - root - INFO - [Epoch 4 Batch 1160/2110] loss=0.1148, lr=0.0000084
2019-12-19 10:44:56,109 - root - INFO - [Epoch 4 Batch 1170/2110] loss=0.1211, lr=0.0000083
2019-12-19 10:45:13,829 - root - INFO - [Epoch 4 Batch 1180/2110] loss=0.1105, lr=0.0000083
2019-12-19 10:45:31,044 - root - INFO - [Epoch 4 Batch 1190/2110] loss=0.0600, lr=0.0000083
2019-12-19 10:45:48,700 - root - INFO - [Epoch 4 Batch 1200/2110] loss=0.0623, lr=0.0000082
2019-12-19 10:46:06,500 - root - INFO - [Epoch 4 Batch 1210/2110] loss=0.1053, lr=0.0000082
2019-12-19 10:46:24,069 - root - INFO - [Epoch 4 Batch 1220/2110] loss=0.1068, lr=0.0000082
2019-12-19 10:46:41,805 - root - INFO - [Epoch 4 Batch 1230/2110] loss=0.0844, lr=0.0000081
2019-12-19 10:46:59,481 - root - INFO - [Epoch 4 Batch 1240/2110] loss=0.1131, lr=0.0000081
2019-12-19 10:47:17,050 - root - INFO - [Epoch 4 Batch 1250/2110] loss=0.0884, lr=0.0000081
2019-12-19 10:47:34,464 - root - INFO - [Epoch 4 Batch 1260/2110] loss=0.0978, lr=0.0000080
2019-12-19 10:47:51,773 - root - INFO - [Epoch 4 Batch 1270/2110] loss=0.0738, lr=0.0000080
2019-12-19 10:48:09,034 - root - INFO - [Epoch 4 Batch 1280/2110] loss=0.0902, lr=0.0000080
2019-12-19 10:48:26,404 - root - INFO - [Epoch 4 Batch 1290/2110] loss=0.1672, lr=0.0000079
2019-12-19 10:48:44,382 - root - INFO - [Epoch 4 Batch 1300/2110] loss=0.0914, lr=0.0000079
2019-12-19 10:49:01,677 - root - INFO - [Epoch 4 Batch 1310/2110] loss=0.0909, lr=0.0000079
2019-12-19 10:49:18,760 - root - INFO - [Epoch 4 Batch 1320/2110] loss=0.0598, lr=0.0000078
2019-12-19 10:49:36,535 - root - INFO - [Epoch 4 Batch 1330/2110] loss=0.0699, lr=0.0000078
2019-12-19 10:49:54,042 - root - INFO - [Epoch 4 Batch 1340/2110] loss=0.0555, lr=0.0000078
2019-12-19 10:50:11,807 - root - INFO - [Epoch 4 Batch 1350/2110] loss=0.0805, lr=0.0000077
2019-12-19 10:50:29,357 - root - INFO - [Epoch 4 Batch 1360/2110] loss=0.1080, lr=0.0000077
2019-12-19 10:50:47,268 - root - INFO - [Epoch 4 Batch 1370/2110] loss=0.1071, lr=0.0000077
2019-12-19 10:51:05,083 - root - INFO - [Epoch 4 Batch 1380/2110] loss=0.0686, lr=0.0000076
2019-12-19 10:51:22,725 - root - INFO - [Epoch 4 Batch 1390/2110] loss=0.1012, lr=0.0000076
2019-12-19 10:51:40,244 - root - INFO - [Epoch 4 Batch 1400/2110] loss=0.1248, lr=0.0000076
2019-12-19 10:51:58,111 - root - INFO - [Epoch 4 Batch 1410/2110] loss=0.0800, lr=0.0000075
2019-12-19 10:52:15,722 - root - INFO - [Epoch 4 Batch 1420/2110] loss=0.0571, lr=0.0000075
2019-12-19 10:52:33,043 - root - INFO - [Epoch 4 Batch 1430/2110] loss=0.0817, lr=0.0000075
2019-12-19 10:52:50,432 - root - INFO - [Epoch 4 Batch 1440/2110] loss=0.0682, lr=0.0000074
2019-12-19 10:53:08,265 - root - INFO - [Epoch 4 Batch 1450/2110] loss=0.0963, lr=0.0000074
2019-12-19 10:53:25,580 - root - INFO - [Epoch 4 Batch 1460/2110] loss=0.1512, lr=0.0000074
2019-12-19 10:53:42,866 - root - INFO - [Epoch 4 Batch 1470/2110] loss=0.1204, lr=0.0000073
2019-12-19 10:54:00,242 - root - INFO - [Epoch 4 Batch 1480/2110] loss=0.1177, lr=0.0000073
2019-12-19 10:54:17,867 - root - INFO - [Epoch 4 Batch 1490/2110] loss=0.0912, lr=0.0000073
2019-12-19 10:54:35,359 - root - INFO - [Epoch 4 Batch 1500/2110] loss=0.1130, lr=0.0000072
2019-12-19 10:54:53,056 - root - INFO - [Epoch 4 Batch 1510/2110] loss=0.1452, lr=0.0000072
2019-12-19 10:55:11,072 - root - INFO - [Epoch 4 Batch 1520/2110] loss=0.1207, lr=0.0000072
2019-12-19 10:55:28,588 - root - INFO - [Epoch 4 Batch 1530/2110] loss=0.0439, lr=0.0000071
2019-12-19 10:55:46,218 - root - INFO - [Epoch 4 Batch 1540/2110] loss=0.0992, lr=0.0000071
2019-12-19 10:56:03,669 - root - INFO - [Epoch 4 Batch 1550/2110] loss=0.1016, lr=0.0000071
2019-12-19 10:56:21,172 - root - INFO - [Epoch 4 Batch 1560/2110] loss=0.1677, lr=0.0000070
2019-12-19 10:56:38,591 - root - INFO - [Epoch 4 Batch 1570/2110] loss=0.1637, lr=0.0000070
2019-12-19 10:56:56,013 - root - INFO - [Epoch 4 Batch 1580/2110] loss=0.0891, lr=0.0000070
2019-12-19 10:57:13,215 - root - INFO - [Epoch 4 Batch 1590/2110] loss=0.0591, lr=0.0000069
2019-12-19 10:57:30,740 - root - INFO - [Epoch 4 Batch 1600/2110] loss=0.1334, lr=0.0000069
2019-12-19 10:57:48,528 - root - INFO - [Epoch 4 Batch 1610/2110] loss=0.1031, lr=0.0000069
2019-12-19 10:58:05,800 - root - INFO - [Epoch 4 Batch 1620/2110] loss=0.0961, lr=0.0000068
2019-12-19 10:58:23,199 - root - INFO - [Epoch 4 Batch 1630/2110] loss=0.0837, lr=0.0000068
2019-12-19 10:58:40,371 - root - INFO - [Epoch 4 Batch 1640/2110] loss=0.0841, lr=0.0000068
2019-12-19 10:58:57,683 - root - INFO - [Epoch 4 Batch 1650/2110] loss=0.1429, lr=0.0000067
2019-12-19 10:59:14,864 - root - INFO - [Epoch 4 Batch 1660/2110] loss=0.1722, lr=0.0000067
2019-12-19 10:59:32,393 - root - INFO - [Epoch 4 Batch 1670/2110] loss=0.1037, lr=0.0000067
2019-12-19 10:59:50,338 - root - INFO - [Epoch 4 Batch 1680/2110] loss=0.0809, lr=0.0000066
2019-12-19 11:00:07,892 - root - INFO - [Epoch 4 Batch 1690/2110] loss=0.0885, lr=0.0000066
2019-12-19 11:00:25,971 - root - INFO - [Epoch 4 Batch 1700/2110] loss=0.0434, lr=0.0000066
2019-12-19 11:00:43,713 - root - INFO - [Epoch 4 Batch 1710/2110] loss=0.1325, lr=0.0000065
2019-12-19 11:01:00,901 - root - INFO - [Epoch 4 Batch 1720/2110] loss=0.1324, lr=0.0000065
2019-12-19 11:01:18,033 - root - INFO - [Epoch 4 Batch 1730/2110] loss=0.1071, lr=0.0000065
2019-12-19 11:01:35,333 - root - INFO - [Epoch 4 Batch 1740/2110] loss=0.0840, lr=0.0000064
2019-12-19 11:01:52,944 - root - INFO - [Epoch 4 Batch 1750/2110] loss=0.0819, lr=0.0000064
2019-12-19 11:02:10,442 - root - INFO - [Epoch 4 Batch 1760/2110] loss=0.0650, lr=0.0000064
2019-12-19 11:02:28,747 - root - INFO - [Epoch 4 Batch 1770/2110] loss=0.0844, lr=0.0000063
2019-12-19 11:02:46,400 - root - INFO - [Epoch 4 Batch 1780/2110] loss=0.0262, lr=0.0000063
2019-12-19 11:03:03,939 - root - INFO - [Epoch 4 Batch 1790/2110] loss=0.1377, lr=0.0000063
2019-12-19 11:03:21,285 - root - INFO - [Epoch 4 Batch 1800/2110] loss=0.0780, lr=0.0000062
2019-12-19 11:03:38,643 - root - INFO - [Epoch 4 Batch 1810/2110] loss=0.0970, lr=0.0000062
2019-12-19 11:03:55,900 - root - INFO - [Epoch 4 Batch 1820/2110] loss=0.0664, lr=0.0000062
2019-12-19 11:04:13,764 - root - INFO - [Epoch 4 Batch 1830/2110] loss=0.0323, lr=0.0000061
2019-12-19 11:04:31,323 - root - INFO - [Epoch 4 Batch 1840/2110] loss=0.0538, lr=0.0000061
2019-12-19 11:04:48,690 - root - INFO - [Epoch 4 Batch 1850/2110] loss=0.0736, lr=0.0000061
2019-12-19 11:05:06,295 - root - INFO - [Epoch 4 Batch 1860/2110] loss=0.0902, lr=0.0000060
2019-12-19 11:05:23,881 - root - INFO - [Epoch 4 Batch 1870/2110] loss=0.1096, lr=0.0000060
2019-12-19 11:05:41,210 - root - INFO - [Epoch 4 Batch 1880/2110] loss=0.1387, lr=0.0000060
2019-12-19 11:05:58,521 - root - INFO - [Epoch 4 Batch 1890/2110] loss=0.1597, lr=0.0000059
2019-12-19 11:06:16,120 - root - INFO - [Epoch 4 Batch 1900/2110] loss=0.0838, lr=0.0000059
2019-12-19 11:06:33,722 - root - INFO - [Epoch 4 Batch 1910/2110] loss=0.0633, lr=0.0000059
2019-12-19 11:06:51,192 - root - INFO - [Epoch 4 Batch 1920/2110] loss=0.1560, lr=0.0000058
2019-12-19 11:07:08,590 - root - INFO - [Epoch 4 Batch 1930/2110] loss=0.1019, lr=0.0000058
2019-12-19 11:07:26,515 - root - INFO - [Epoch 4 Batch 1940/2110] loss=0.1015, lr=0.0000058
2019-12-19 11:07:44,473 - root - INFO - [Epoch 4 Batch 1950/2110] loss=0.0694, lr=0.0000057
2019-12-19 11:08:02,097 - root - INFO - [Epoch 4 Batch 1960/2110] loss=0.0744, lr=0.0000057
2019-12-19 11:08:19,991 - root - INFO - [Epoch 4 Batch 1970/2110] loss=0.1064, lr=0.0000057
2019-12-19 11:08:37,621 - root - INFO - [Epoch 4 Batch 1980/2110] loss=0.0726, lr=0.0000056
2019-12-19 11:08:55,178 - root - INFO - [Epoch 4 Batch 1990/2110] loss=0.0896, lr=0.0000056
2019-12-19 11:09:12,714 - root - INFO - [Epoch 4 Batch 2000/2110] loss=0.0534, lr=0.0000056
2019-12-19 11:09:29,988 - root - INFO - [Epoch 4 Batch 2010/2110] loss=0.0915, lr=0.0000055
2019-12-19 11:09:47,580 - root - INFO - [Epoch 4 Batch 2020/2110] loss=0.1289, lr=0.0000055
2019-12-19 11:10:04,975 - root - INFO - [Epoch 4 Batch 2030/2110] loss=0.0569, lr=0.0000055
2019-12-19 11:10:22,345 - root - INFO - [Epoch 4 Batch 2040/2110] loss=0.1058, lr=0.0000054
2019-12-19 11:10:39,902 - root - INFO - [Epoch 4 Batch 2050/2110] loss=0.0789, lr=0.0000054
2019-12-19 11:10:57,357 - root - INFO - [Epoch 4 Batch 2060/2110] loss=0.0662, lr=0.0000054
2019-12-19 11:11:14,765 - root - INFO - [Epoch 4 Batch 2070/2110] loss=0.0970, lr=0.0000053
2019-12-19 11:11:32,838 - root - INFO - [Epoch 4 Batch 2080/2110] loss=0.1093, lr=0.0000053
2019-12-19 11:11:50,589 - root - INFO - [Epoch 4 Batch 2090/2110] loss=0.0733, lr=0.0000053
2019-12-19 11:12:08,041 - root - INFO - [Epoch 4 Batch 2100/2110] loss=0.0745, lr=0.0000052
2019-12-19 11:12:25,624 - root - INFO - [Epoch 4 Batch 2110/2110] loss=0.0653, lr=0.0000052
2019-12-19 11:12:25,624 - root - INFO - Now we are doing evaluation on dev with [gpu(0), gpu(1), gpu(2), gpu(3), gpu(4), gpu(5), gpu(6), gpu(7)].
2019-12-19 11:12:29,254 - root - INFO - [Batch 10/28] loss=0.1743
2019-12-19 11:12:32,776 - root - INFO - [Batch 20/28] loss=0.1065
2019-12-19 11:12:35,707 - root - INFO - validation metrics:accuracy:0.9541
2019-12-19 11:12:35,707 - root - INFO - Time cost=10.08s, throughput=88.87 samples/s
2019-12-19 11:12:38,413 - root - INFO - params saved in: ./output_dir/model_xlnet_SST_3.params
2019-12-19 11:12:38,415 - root - INFO - Time cost=3709.52s
2019-12-19 11:12:55,925 - root - INFO - [Epoch 5 Batch 10/2110] loss=0.0438, lr=0.0000052
2019-12-19 11:13:13,762 - root - INFO - [Epoch 5 Batch 20/2110] loss=0.0486, lr=0.0000051
2019-12-19 11:13:30,955 - root - INFO - [Epoch 5 Batch 30/2110] loss=0.0380, lr=0.0000051
2019-12-19 11:13:48,169 - root - INFO - [Epoch 5 Batch 40/2110] loss=0.0760, lr=0.0000051
2019-12-19 11:14:05,464 - root - INFO - [Epoch 5 Batch 50/2110] loss=0.0754, lr=0.0000050
2019-12-19 11:14:22,974 - root - INFO - [Epoch 5 Batch 60/2110] loss=0.0249, lr=0.0000050
2019-12-19 11:14:40,543 - root - INFO - [Epoch 5 Batch 70/2110] loss=0.0909, lr=0.0000050
2019-12-19 11:14:58,162 - root - INFO - [Epoch 5 Batch 80/2110] loss=0.0241, lr=0.0000049
2019-12-19 11:15:15,671 - root - INFO - [Epoch 5 Batch 90/2110] loss=0.0695, lr=0.0000049
2019-12-19 11:15:32,938 - root - INFO - [Epoch 5 Batch 100/2110] loss=0.0756, lr=0.0000049
2019-12-19 11:15:50,217 - root - INFO - [Epoch 5 Batch 110/2110] loss=0.0865, lr=0.0000048
2019-12-19 11:16:07,531 - root - INFO - [Epoch 5 Batch 120/2110] loss=0.0669, lr=0.0000048
2019-12-19 11:16:25,062 - root - INFO - [Epoch 5 Batch 130/2110] loss=0.0340, lr=0.0000048
2019-12-19 11:16:42,496 - root - INFO - [Epoch 5 Batch 140/2110] loss=0.0427, lr=0.0000047
2019-12-19 11:16:59,869 - root - INFO - [Epoch 5 Batch 150/2110] loss=0.0500, lr=0.0000047
2019-12-19 11:17:17,201 - root - INFO - [Epoch 5 Batch 160/2110] loss=0.0500, lr=0.0000047
2019-12-19 11:17:34,271 - root - INFO - [Epoch 5 Batch 170/2110] loss=0.0339, lr=0.0000046
2019-12-19 11:17:51,769 - root - INFO - [Epoch 5 Batch 180/2110] loss=0.0937, lr=0.0000046
2019-12-19 11:18:09,652 - root - INFO - [Epoch 5 Batch 190/2110] loss=0.0651, lr=0.0000046
2019-12-19 11:18:26,928 - root - INFO - [Epoch 5 Batch 200/2110] loss=0.0706, lr=0.0000045
2019-12-19 11:18:44,395 - root - INFO - [Epoch 5 Batch 210/2110] loss=0.0717, lr=0.0000045
2019-12-19 11:19:01,637 - root - INFO - [Epoch 5 Batch 220/2110] loss=0.0299, lr=0.0000045
2019-12-19 11:19:18,998 - root - INFO - [Epoch 5 Batch 230/2110] loss=0.0832, lr=0.0000044
2019-12-19 11:19:36,167 - root - INFO - [Epoch 5 Batch 240/2110] loss=0.0744, lr=0.0000044
2019-12-19 11:19:53,637 - root - INFO - [Epoch 5 Batch 250/2110] loss=0.0783, lr=0.0000044
2019-12-19 11:20:11,081 - root - INFO - [Epoch 5 Batch 260/2110] loss=0.0389, lr=0.0000043
2019-12-19 11:20:28,693 - root - INFO - [Epoch 5 Batch 270/2110] loss=0.0464, lr=0.0000043
2019-12-19 11:20:45,798 - root - INFO - [Epoch 5 Batch 280/2110] loss=0.1437, lr=0.0000043
2019-12-19 11:21:03,156 - root - INFO - [Epoch 5 Batch 290/2110] loss=0.0695, lr=0.0000042
2019-12-19 11:21:20,626 - root - INFO - [Epoch 5 Batch 300/2110] loss=0.0767, lr=0.0000042
2019-12-19 11:21:38,026 - root - INFO - [Epoch 5 Batch 310/2110] loss=0.0839, lr=0.0000042
2019-12-19 11:21:55,571 - root - INFO - [Epoch 5 Batch 320/2110] loss=0.0817, lr=0.0000041
2019-12-19 11:22:13,434 - root - INFO - [Epoch 5 Batch 330/2110] loss=0.1240, lr=0.0000041
2019-12-19 11:22:31,056 - root - INFO - [Epoch 5 Batch 340/2110] loss=0.0345, lr=0.0000041
2019-12-19 11:22:48,967 - root - INFO - [Epoch 5 Batch 350/2110] loss=0.0224, lr=0.0000040
2019-12-19 11:23:06,466 - root - INFO - [Epoch 5 Batch 360/2110] loss=0.0469, lr=0.0000040
2019-12-19 11:23:24,252 - root - INFO - [Epoch 5 Batch 370/2110] loss=0.0423, lr=0.0000040
2019-12-19 11:23:41,840 - root - INFO - [Epoch 5 Batch 380/2110] loss=0.0910, lr=0.0000039
2019-12-19 11:23:59,064 - root - INFO - [Epoch 5 Batch 390/2110] loss=0.1019, lr=0.0000039
2019-12-19 11:24:16,480 - root - INFO - [Epoch 5 Batch 400/2110] loss=0.0418, lr=0.0000039
2019-12-19 11:24:34,075 - root - INFO - [Epoch 5 Batch 410/2110] loss=0.0361, lr=0.0000038
2019-12-19 11:24:51,509 - root - INFO - [Epoch 5 Batch 420/2110] loss=0.0885, lr=0.0000038
2019-12-19 11:25:08,717 - root - INFO - [Epoch 5 Batch 430/2110] loss=0.0692, lr=0.0000038
2019-12-19 11:25:26,531 - root - INFO - [Epoch 5 Batch 440/2110] loss=0.0607, lr=0.0000037
2019-12-19 11:25:44,022 - root - INFO - [Epoch 5 Batch 450/2110] loss=0.0374, lr=0.0000037
2019-12-19 11:26:01,402 - root - INFO - [Epoch 5 Batch 460/2110] loss=0.1241, lr=0.0000037
2019-12-19 11:26:18,802 - root - INFO - [Epoch 5 Batch 470/2110] loss=0.0898, lr=0.0000036
2019-12-19 11:26:36,628 - root - INFO - [Epoch 5 Batch 480/2110] loss=0.0542, lr=0.0000036
2019-12-19 11:26:53,901 - root - INFO - [Epoch 5 Batch 490/2110] loss=0.0835, lr=0.0000036
2019-12-19 11:27:11,224 - root - INFO - [Epoch 5 Batch 500/2110] loss=0.0915, lr=0.0000035
2019-12-19 11:27:28,583 - root - INFO - [Epoch 5 Batch 510/2110] loss=0.0481, lr=0.0000035
2019-12-19 11:27:45,832 - root - INFO - [Epoch 5 Batch 520/2110] loss=0.0486, lr=0.0000035
2019-12-19 11:28:03,947 - root - INFO - [Epoch 5 Batch 530/2110] loss=0.1033, lr=0.0000034
2019-12-19 11:28:21,892 - root - INFO - [Epoch 5 Batch 540/2110] loss=0.0831, lr=0.0000034
2019-12-19 11:28:39,337 - root - INFO - [Epoch 5 Batch 550/2110] loss=0.0440, lr=0.0000034
2019-12-19 11:28:57,153 - root - INFO - [Epoch 5 Batch 560/2110] loss=0.0516, lr=0.0000033
2019-12-19 11:29:14,486 - root - INFO - [Epoch 5 Batch 570/2110] loss=0.0326, lr=0.0000033
2019-12-19 11:29:31,676 - root - INFO - [Epoch 5 Batch 580/2110] loss=0.0780, lr=0.0000033
2019-12-19 11:29:48,753 - root - INFO - [Epoch 5 Batch 590/2110] loss=0.0848, lr=0.0000032
2019-12-19 11:30:06,123 - root - INFO - [Epoch 5 Batch 600/2110] loss=0.0722, lr=0.0000032
2019-12-19 11:30:23,625 - root - INFO - [Epoch 5 Batch 610/2110] loss=0.0822, lr=0.0000032
2019-12-19 11:30:41,195 - root - INFO - [Epoch 5 Batch 620/2110] loss=0.0360, lr=0.0000031
2019-12-19 11:30:58,934 - root - INFO - [Epoch 5 Batch 630/2110] loss=0.0806, lr=0.0000031
2019-12-19 11:31:16,563 - root - INFO - [Epoch 5 Batch 640/2110] loss=0.0649, lr=0.0000031
2019-12-19 11:31:34,194 - root - INFO - [Epoch 5 Batch 650/2110] loss=0.0689, lr=0.0000030
2019-12-19 11:31:51,570 - root - INFO - [Epoch 5 Batch 660/2110] loss=0.0133, lr=0.0000030
2019-12-19 11:32:09,009 - root - INFO - [Epoch 5 Batch 670/2110] loss=0.0408, lr=0.0000030
2019-12-19 11:32:26,455 - root - INFO - [Epoch 5 Batch 680/2110] loss=0.0536, lr=0.0000029
2019-12-19 11:32:43,970 - root - INFO - [Epoch 5 Batch 690/2110] loss=0.0582, lr=0.0000029
2019-12-19 11:33:01,378 - root - INFO - [Epoch 5 Batch 700/2110] loss=0.0820, lr=0.0000029
2019-12-19 11:33:18,726 - root - INFO - [Epoch 5 Batch 710/2110] loss=0.1191, lr=0.0000028
2019-12-19 11:33:36,233 - root - INFO - [Epoch 5 Batch 720/2110] loss=0.0932, lr=0.0000028
2019-12-19 11:33:53,526 - root - INFO - [Epoch 5 Batch 730/2110] loss=0.0791, lr=0.0000028
2019-12-19 11:34:10,736 - root - INFO - [Epoch 5 Batch 740/2110] loss=0.0536, lr=0.0000027
2019-12-19 11:34:27,997 - root - INFO - [Epoch 5 Batch 750/2110] loss=0.0753, lr=0.0000027
2019-12-19 11:34:45,385 - root - INFO - [Epoch 5 Batch 760/2110] loss=0.0615, lr=0.0000027
2019-12-19 11:35:02,666 - root - INFO - [Epoch 5 Batch 770/2110] loss=0.0364, lr=0.0000026
2019-12-19 11:35:20,013 - root - INFO - [Epoch 5 Batch 780/2110] loss=0.0502, lr=0.0000026
2019-12-19 11:35:37,590 - root - INFO - [Epoch 5 Batch 790/2110] loss=0.0445, lr=0.0000026
2019-12-19 11:35:54,815 - root - INFO - [Epoch 5 Batch 800/2110] loss=0.0624, lr=0.0000025
2019-12-19 11:36:12,052 - root - INFO - [Epoch 5 Batch 810/2110] loss=0.0697, lr=0.0000025
2019-12-19 11:36:29,918 - root - INFO - [Epoch 5 Batch 820/2110] loss=0.0610, lr=0.0000025
2019-12-19 11:36:47,381 - root - INFO - [Epoch 5 Batch 830/2110] loss=0.1008, lr=0.0000024
2019-12-19 11:37:04,800 - root - INFO - [Epoch 5 Batch 840/2110] loss=0.0235, lr=0.0000024
2019-12-19 11:37:22,261 - root - INFO - [Epoch 5 Batch 850/2110] loss=0.1381, lr=0.0000024
2019-12-19 11:37:39,971 - root - INFO - [Epoch 5 Batch 860/2110] loss=0.0695, lr=0.0000023
2019-12-19 11:37:57,303 - root - INFO - [Epoch 5 Batch 870/2110] loss=0.0723, lr=0.0000023
2019-12-19 11:38:14,683 - root - INFO - [Epoch 5 Batch 880/2110] loss=0.0592, lr=0.0000023
2019-12-19 11:38:31,872 - root - INFO - [Epoch 5 Batch 890/2110] loss=0.0571, lr=0.0000022
2019-12-19 11:38:49,251 - root - INFO - [Epoch 5 Batch 900/2110] loss=0.0970, lr=0.0000022
2019-12-19 11:39:06,857 - root - INFO - [Epoch 5 Batch 910/2110] loss=0.0859, lr=0.0000022
2019-12-19 11:39:24,359 - root - INFO - [Epoch 5 Batch 920/2110] loss=0.0555, lr=0.0000021
2019-12-19 11:39:41,694 - root - INFO - [Epoch 5 Batch 930/2110] loss=0.0463, lr=0.0000021
2019-12-19 11:39:59,113 - root - INFO - [Epoch 5 Batch 940/2110] loss=0.0595, lr=0.0000021
2019-12-19 11:40:16,848 - root - INFO - [Epoch 5 Batch 950/2110] loss=0.0603, lr=0.0000020
2019-12-19 11:40:34,357 - root - INFO - [Epoch 5 Batch 960/2110] loss=0.0685, lr=0.0000020
2019-12-19 11:40:51,860 - root - INFO - [Epoch 5 Batch 970/2110] loss=0.1104, lr=0.0000020
2019-12-19 11:41:09,360 - root - INFO - [Epoch 5 Batch 980/2110] loss=0.0641, lr=0.0000019
2019-12-19 11:41:27,578 - root - INFO - [Epoch 5 Batch 990/2110] loss=0.0711, lr=0.0000019
2019-12-19 11:41:45,577 - root - INFO - [Epoch 5 Batch 1000/2110] loss=0.0430, lr=0.0000019
2019-12-19 11:42:03,006 - root - INFO - [Epoch 5 Batch 1010/2110] loss=0.0648, lr=0.0000018
2019-12-19 11:42:20,322 - root - INFO - [Epoch 5 Batch 1020/2110] loss=0.1156, lr=0.0000018
2019-12-19 11:42:37,629 - root - INFO - [Epoch 5 Batch 1030/2110] loss=0.0757, lr=0.0000018
2019-12-19 11:42:55,325 - root - INFO - [Epoch 5 Batch 1040/2110] loss=0.0791, lr=0.0000017
2019-12-19 11:43:13,390 - root - INFO - [Epoch 5 Batch 1050/2110] loss=0.0671, lr=0.0000017
2019-12-19 11:43:30,959 - root - INFO - [Epoch 5 Batch 1060/2110] loss=0.0500, lr=0.0000017
2019-12-19 11:43:48,663 - root - INFO - [Epoch 5 Batch 1070/2110] loss=0.0674, lr=0.0000016
2019-12-19 11:44:05,890 - root - INFO - [Epoch 5 Batch 1080/2110] loss=0.0778, lr=0.0000016
2019-12-19 11:44:23,415 - root - INFO - [Epoch 5 Batch 1090/2110] loss=0.0968, lr=0.0000016
2019-12-19 11:44:40,668 - root - INFO - [Epoch 5 Batch 1100/2110] loss=0.0414, lr=0.0000015
2019-12-19 11:44:58,238 - root - INFO - [Epoch 5 Batch 1110/2110] loss=0.0557, lr=0.0000015
2019-12-19 11:45:15,704 - root - INFO - [Epoch 5 Batch 1120/2110] loss=0.0772, lr=0.0000015
2019-12-19 11:45:33,030 - root - INFO - [Epoch 5 Batch 1130/2110] loss=0.0568, lr=0.0000014
2019-12-19 11:45:50,460 - root - INFO - [Epoch 5 Batch 1140/2110] loss=0.0240, lr=0.0000014
2019-12-19 11:46:07,882 - root - INFO - [Epoch 5 Batch 1150/2110] loss=0.1064, lr=0.0000014
2019-12-19 11:46:25,456 - root - INFO - [Epoch 5 Batch 1160/2110] loss=0.0632, lr=0.0000013
2019-12-19 11:46:43,115 - root - INFO - [Epoch 5 Batch 1170/2110] loss=0.0411, lr=0.0000013
2019-12-19 11:47:00,627 - root - INFO - [Epoch 5 Batch 1180/2110] loss=0.0744, lr=0.0000013
2019-12-19 11:47:18,183 - root - INFO - [Epoch 5 Batch 1190/2110] loss=0.0456, lr=0.0000012
2019-12-19 11:47:35,635 - root - INFO - [Epoch 5 Batch 1200/2110] loss=0.0502, lr=0.0000012
2019-12-19 11:47:52,996 - root - INFO - [Epoch 5 Batch 1210/2110] loss=0.1354, lr=0.0000012
2019-12-19 11:48:10,501 - root - INFO - [Epoch 5 Batch 1220/2110] loss=0.0630, lr=0.0000011
2019-12-19 11:48:27,685 - root - INFO - [Epoch 5 Batch 1230/2110] loss=0.0475, lr=0.0000011
2019-12-19 11:48:45,040 - root - INFO - [Epoch 5 Batch 1240/2110] loss=0.1064, lr=0.0000011
2019-12-19 11:49:02,815 - root - INFO - [Epoch 5 Batch 1250/2110] loss=0.0702, lr=0.0000010
2019-12-19 11:49:20,429 - root - INFO - [Epoch 5 Batch 1260/2110] loss=0.1397, lr=0.0000010
2019-12-19 11:49:37,923 - root - INFO - [Epoch 5 Batch 1270/2110] loss=0.0561, lr=0.0000010
2019-12-19 11:49:55,356 - root - INFO - [Epoch 5 Batch 1280/2110] loss=0.0697, lr=0.0000009
2019-12-19 11:50:12,808 - root - INFO - [Epoch 5 Batch 1290/2110] loss=0.0631, lr=0.0000009
2019-12-19 11:50:30,614 - root - INFO - [Epoch 5 Batch 1300/2110] loss=0.0701, lr=0.0000009
2019-12-19 11:50:47,731 - root - INFO - [Epoch 5 Batch 1310/2110] loss=0.0877, lr=0.0000008
2019-12-19 11:51:05,152 - root - INFO - [Epoch 5 Batch 1320/2110] loss=0.0188, lr=0.0000008
2019-12-19 11:51:22,380 - root - INFO - [Epoch 5 Batch 1330/2110] loss=0.0487, lr=0.0000008
2019-12-19 11:51:39,446 - root - INFO - [Epoch 5 Batch 1340/2110] loss=0.0511, lr=0.0000007
2019-12-19 11:51:56,765 - root - INFO - [Epoch 5 Batch 1350/2110] loss=0.0499, lr=0.0000007
2019-12-19 11:52:14,786 - root - INFO - [Epoch 5 Batch 1360/2110] loss=0.0893, lr=0.0000007
2019-12-19 11:52:32,270 - root - INFO - [Epoch 5 Batch 1370/2110] loss=0.0811, lr=0.0000006
2019-12-19 11:52:49,784 - root - INFO - [Epoch 5 Batch 1380/2110] loss=0.0495, lr=0.0000006
2019-12-19 11:53:07,403 - root - INFO - [Epoch 5 Batch 1390/2110] loss=0.0384, lr=0.0000006
2019-12-19 11:53:24,861 - root - INFO - [Epoch 5 Batch 1400/2110] loss=0.0762, lr=0.0000005
2019-12-19 11:53:41,928 - root - INFO - [Epoch 5 Batch 1410/2110] loss=0.0938, lr=0.0000005
2019-12-19 11:53:59,235 - root - INFO - [Epoch 5 Batch 1420/2110] loss=0.0217, lr=0.0000005
2019-12-19 11:54:17,098 - root - INFO - [Epoch 5 Batch 1430/2110] loss=0.0616, lr=0.0000004
2019-12-19 11:54:34,608 - root - INFO - [Epoch 5 Batch 1440/2110] loss=0.0403, lr=0.0000004
2019-12-19 11:54:51,893 - root - INFO - [Epoch 5 Batch 1450/2110] loss=0.0951, lr=0.0000004
2019-12-19 11:55:09,371 - root - INFO - [Epoch 5 Batch 1460/2110] loss=0.0776, lr=0.0000003
2019-12-19 11:55:26,531 - root - INFO - [Epoch 5 Batch 1470/2110] loss=0.0509, lr=0.0000003
2019-12-19 11:55:43,717 - root - INFO - [Epoch 5 Batch 1480/2110] loss=0.0616, lr=0.0000003
2019-12-19 11:56:01,040 - root - INFO - [Epoch 5 Batch 1490/2110] loss=0.0788, lr=0.0000002
2019-12-19 11:56:18,179 - root - INFO - [Epoch 5 Batch 1500/2110] loss=0.0554, lr=0.0000002
2019-12-19 11:56:35,263 - root - INFO - [Epoch 5 Batch 1510/2110] loss=0.0291, lr=0.0000002
2019-12-19 11:56:52,665 - root - INFO - [Epoch 5 Batch 1520/2110] loss=0.0473, lr=0.0000001
2019-12-19 11:57:10,066 - root - INFO - [Epoch 5 Batch 1530/2110] loss=0.0366, lr=0.0000001
2019-12-19 11:57:27,726 - root - INFO - [Epoch 5 Batch 1540/2110] loss=0.0233, lr=0.0000001
2019-12-19 11:57:45,085 - root - INFO - [Epoch 5 Batch 1550/2110] loss=0.1074, lr=0.0000000
2019-12-19 11:58:02,667 - root - INFO - [Epoch 5 Batch 1560/2110] loss=0.0788, lr=0.0000000
2019-12-19 11:58:02,668 - root - INFO - Finish training step: 10000
2019-12-19 11:58:02,668 - root - INFO - Now we are doing evaluation on dev with [gpu(0), gpu(1), gpu(2), gpu(3), gpu(4), gpu(5), gpu(6), gpu(7)].
2019-12-19 11:58:06,372 - root - INFO - [Batch 10/28] loss=0.1877
2019-12-19 11:58:10,025 - root - INFO - [Batch 20/28] loss=0.1134
2019-12-19 11:58:12,950 - root - INFO - validation metrics:accuracy:0.9564
2019-12-19 11:58:12,951 - root - INFO - Time cost=10.28s, throughput=87.13 samples/s
2019-12-19 11:58:15,584 - root - INFO - params saved in: ./output_dir/model_xlnet_SST_4.params
2019-12-19 11:58:15,585 - root - INFO - Time cost=2737.17s
2019-12-19 11:58:17,328 - root - INFO - Best model at epoch 5. Validation metrics:accuracy:0.9564
2019-12-19 11:58:17,329 - root - INFO - Now we are doing testing on test with [gpu(0), gpu(1), gpu(2), gpu(3), gpu(4), gpu(5), gpu(6), gpu(7)].
2019-12-19 11:58:36,958 - root - INFO - Time cost=19.63s, throughput=92.93 samples/s
