2020-01-21 06:13:33,284 - root - INFO - Namespace(accumulate=None, attention_dropout=0.0, batch_size=32, dataset='126gb', dev_batch_size=32, dropout=0.0, early_stop=None, epochs=3, epsilon=1e-06, gpu=2, log_interval=10, lr=3e-05, lr_decay='linear', max_len=128, model_name='xlnet_cased_l12_h768_a12', model_parameters=None, only_inference=False, optimizer='Adam', output_dir='./output_dir', pad=True, seed=118, task_name='CoLA', training_steps=1500, warmup_ratio=0.2)
2020-01-21 06:13:42,202 - root - INFO - processing dataset...
2020-01-21 06:13:43,034 - py.warnings - WARNING - /home/ubuntu/.local/lib/python3.6/site-packages/gluonnlp/data/sampler.py:352: UserWarning: Some buckets are empty and will be removed. Unused bucket keys=[44]
  str(unused_bucket_keys))

2020-01-21 06:13:44,076 - root - INFO - Now we are doing XLNet classification training on [gpu(0), gpu(1)]!
2020-01-21 06:13:44,081 - root - INFO - training steps=1500
2020-01-21 06:13:55,504 - root - INFO - Time cost for the first forward-backward =11.42s
2020-01-21 06:13:57,766 - root - INFO - [Epoch 1 Batch 10/272] loss=0.6683, lr=0.0000009
2020-01-21 06:13:59,839 - root - INFO - [Epoch 1 Batch 20/272] loss=0.6306, lr=0.0000019
2020-01-21 06:14:02,004 - root - INFO - [Epoch 1 Batch 30/272] loss=0.5800, lr=0.0000029
2020-01-21 06:14:04,226 - root - INFO - [Epoch 1 Batch 40/272] loss=0.6162, lr=0.0000039
2020-01-21 06:14:06,133 - root - INFO - [Epoch 1 Batch 50/272] loss=0.6116, lr=0.0000049
2020-01-21 06:14:08,221 - root - INFO - [Epoch 1 Batch 60/272] loss=0.6197, lr=0.0000059
2020-01-21 06:14:10,280 - root - INFO - [Epoch 1 Batch 70/272] loss=0.6355, lr=0.0000069
2020-01-21 06:14:12,323 - root - INFO - [Epoch 1 Batch 80/272] loss=0.6002, lr=0.0000079
2020-01-21 06:14:14,277 - root - INFO - [Epoch 1 Batch 90/272] loss=0.5976, lr=0.0000089
2020-01-21 06:14:16,234 - root - INFO - [Epoch 1 Batch 100/272] loss=0.5775, lr=0.0000099
2020-01-21 06:14:18,029 - root - INFO - [Epoch 1 Batch 110/272] loss=0.6175, lr=0.0000109
2020-01-21 06:14:19,721 - root - INFO - [Epoch 1 Batch 120/272] loss=0.6267, lr=0.0000119
2020-01-21 06:14:21,535 - root - INFO - [Epoch 1 Batch 130/272] loss=0.6182, lr=0.0000129
2020-01-21 06:14:23,353 - root - INFO - [Epoch 1 Batch 140/272] loss=0.5981, lr=0.0000139
2020-01-21 06:14:25,178 - root - INFO - [Epoch 1 Batch 150/272] loss=0.6155, lr=0.0000149
2020-01-21 06:14:27,055 - root - INFO - [Epoch 1 Batch 160/272] loss=0.5825, lr=0.0000159
2020-01-21 06:14:28,853 - root - INFO - [Epoch 1 Batch 170/272] loss=0.5927, lr=0.0000169
2020-01-21 06:14:30,646 - root - INFO - [Epoch 1 Batch 180/272] loss=0.5818, lr=0.0000179
2020-01-21 06:14:32,419 - root - INFO - [Epoch 1 Batch 190/272] loss=0.5878, lr=0.0000189
2020-01-21 06:14:34,160 - root - INFO - [Epoch 1 Batch 200/272] loss=0.5626, lr=0.0000199
2020-01-21 06:14:35,948 - root - INFO - [Epoch 1 Batch 210/272] loss=0.5722, lr=0.0000209
2020-01-21 06:14:37,743 - root - INFO - [Epoch 1 Batch 220/272] loss=0.5773, lr=0.0000219
2020-01-21 06:14:39,453 - root - INFO - [Epoch 1 Batch 230/272] loss=0.6159, lr=0.0000229
2020-01-21 06:14:41,262 - root - INFO - [Epoch 1 Batch 240/272] loss=0.5936, lr=0.0000239
2020-01-21 06:14:43,048 - root - INFO - [Epoch 1 Batch 250/272] loss=0.5628, lr=0.0000249
2020-01-21 06:14:44,839 - root - INFO - [Epoch 1 Batch 260/272] loss=0.5563, lr=0.0000259
2020-01-21 06:14:46,566 - root - INFO - [Epoch 1 Batch 270/272] loss=0.5351, lr=0.0000269
2020-01-21 06:14:46,939 - root - INFO - Now we are doing evaluation on dev with [gpu(0), gpu(1)].
2020-01-21 06:14:47,535 - root - INFO - [Batch 10/33] loss=0.5517
2020-01-21 06:14:48,055 - root - INFO - [Batch 20/33] loss=0.5508
2020-01-21 06:14:48,519 - root - INFO - [Batch 30/33] loss=0.5466
2020-01-21 06:14:48,641 - root - INFO - validation metrics:mcc:0.2765
2020-01-21 06:14:48,642 - root - INFO - Time cost=1.70s, throughput=620.20 samples/s
2020-01-21 06:14:50,060 - root - INFO - params saved in: ./output_dir/model_xlnet_CoLA_0.params
2020-01-21 06:14:50,061 - root - INFO - Time cost=65.97s
2020-01-21 06:14:52,074 - root - INFO - [Epoch 2 Batch 10/272] loss=0.4451, lr=0.0000281
2020-01-21 06:14:54,217 - root - INFO - [Epoch 2 Batch 20/272] loss=0.4735, lr=0.0000291
2020-01-21 06:14:56,165 - root - INFO - [Epoch 2 Batch 30/272] loss=0.4811, lr=0.0000300
2020-01-21 06:14:58,078 - root - INFO - [Epoch 2 Batch 40/272] loss=0.5249, lr=0.0000297
2020-01-21 06:14:59,856 - root - INFO - [Epoch 2 Batch 50/272] loss=0.4767, lr=0.0000295
2020-01-21 06:15:01,608 - root - INFO - [Epoch 2 Batch 60/272] loss=0.4977, lr=0.0000292
2020-01-21 06:15:03,479 - root - INFO - [Epoch 2 Batch 70/272] loss=0.4547, lr=0.0000290
2020-01-21 06:15:05,320 - root - INFO - [Epoch 2 Batch 80/272] loss=0.5008, lr=0.0000287
2020-01-21 06:15:07,038 - root - INFO - [Epoch 2 Batch 90/272] loss=0.4456, lr=0.0000285
2020-01-21 06:15:08,809 - root - INFO - [Epoch 2 Batch 100/272] loss=0.4692, lr=0.0000282
2020-01-21 06:15:10,694 - root - INFO - [Epoch 2 Batch 110/272] loss=0.4782, lr=0.0000280
2020-01-21 06:15:12,452 - root - INFO - [Epoch 2 Batch 120/272] loss=0.4855, lr=0.0000277
2020-01-21 06:15:14,316 - root - INFO - [Epoch 2 Batch 130/272] loss=0.4167, lr=0.0000275
2020-01-21 06:15:16,127 - root - INFO - [Epoch 2 Batch 140/272] loss=0.4739, lr=0.0000272
2020-01-21 06:15:17,982 - root - INFO - [Epoch 2 Batch 150/272] loss=0.4540, lr=0.0000270
2020-01-21 06:15:19,743 - root - INFO - [Epoch 2 Batch 160/272] loss=0.3758, lr=0.0000267
2020-01-21 06:15:21,601 - root - INFO - [Epoch 2 Batch 170/272] loss=0.4228, lr=0.0000265
2020-01-21 06:15:23,567 - root - INFO - [Epoch 2 Batch 180/272] loss=0.3934, lr=0.0000262
2020-01-21 06:15:25,482 - root - INFO - [Epoch 2 Batch 190/272] loss=0.4821, lr=0.0000260
2020-01-21 06:15:27,355 - root - INFO - [Epoch 2 Batch 200/272] loss=0.4312, lr=0.0000257
2020-01-21 06:15:29,198 - root - INFO - [Epoch 2 Batch 210/272] loss=0.4234, lr=0.0000255
2020-01-21 06:15:31,260 - root - INFO - [Epoch 2 Batch 220/272] loss=0.4455, lr=0.0000252
2020-01-21 06:15:33,325 - root - INFO - [Epoch 2 Batch 230/272] loss=0.4439, lr=0.0000250
2020-01-21 06:15:35,213 - root - INFO - [Epoch 2 Batch 240/272] loss=0.4707, lr=0.0000247
2020-01-21 06:15:37,046 - root - INFO - [Epoch 2 Batch 250/272] loss=0.3929, lr=0.0000245
2020-01-21 06:15:38,825 - root - INFO - [Epoch 2 Batch 260/272] loss=0.4179, lr=0.0000242
2020-01-21 06:15:40,477 - root - INFO - [Epoch 2 Batch 270/272] loss=0.3597, lr=0.0000240
2020-01-21 06:15:40,847 - root - INFO - Now we are doing evaluation on dev with [gpu(0), gpu(1)].
2020-01-21 06:15:41,298 - root - INFO - [Batch 10/33] loss=0.4321
2020-01-21 06:15:41,773 - root - INFO - [Batch 20/33] loss=0.5107
2020-01-21 06:15:42,231 - root - INFO - [Batch 30/33] loss=0.3951
2020-01-21 06:15:42,350 - root - INFO - validation metrics:mcc:0.5119
2020-01-21 06:15:42,350 - root - INFO - Time cost=1.50s, throughput=702.64 samples/s
2020-01-21 06:15:43,747 - root - INFO - params saved in: ./output_dir/model_xlnet_CoLA_1.params
2020-01-21 06:15:43,748 - root - INFO - Time cost=53.69s
2020-01-21 06:15:45,670 - root - INFO - [Epoch 3 Batch 10/272] loss=0.3089, lr=0.0000237
2020-01-21 06:15:47,529 - root - INFO - [Epoch 3 Batch 20/272] loss=0.1911, lr=0.0000234
2020-01-21 06:15:49,303 - root - INFO - [Epoch 3 Batch 30/272] loss=0.2381, lr=0.0000232
2020-01-21 06:15:51,077 - root - INFO - [Epoch 3 Batch 40/272] loss=0.2206, lr=0.0000229
2020-01-21 06:15:52,822 - root - INFO - [Epoch 3 Batch 50/272] loss=0.2106, lr=0.0000227
2020-01-21 06:15:54,570 - root - INFO - [Epoch 3 Batch 60/272] loss=0.1836, lr=0.0000224
2020-01-21 06:15:56,496 - root - INFO - [Epoch 3 Batch 70/272] loss=0.2074, lr=0.0000222
2020-01-21 06:15:58,345 - root - INFO - [Epoch 3 Batch 80/272] loss=0.2860, lr=0.0000219
2020-01-21 06:16:00,122 - root - INFO - [Epoch 3 Batch 90/272] loss=0.2408, lr=0.0000217
2020-01-21 06:16:02,016 - root - INFO - [Epoch 3 Batch 100/272] loss=0.2659, lr=0.0000214
2020-01-21 06:16:03,829 - root - INFO - [Epoch 3 Batch 110/272] loss=0.1642, lr=0.0000212
2020-01-21 06:16:05,601 - root - INFO - [Epoch 3 Batch 120/272] loss=0.2120, lr=0.0000209
2020-01-21 06:16:07,475 - root - INFO - [Epoch 3 Batch 130/272] loss=0.2899, lr=0.0000207
2020-01-21 06:16:09,287 - root - INFO - [Epoch 3 Batch 140/272] loss=0.2295, lr=0.0000204
2020-01-21 06:16:11,120 - root - INFO - [Epoch 3 Batch 150/272] loss=0.1761, lr=0.0000202
2020-01-21 06:16:12,991 - root - INFO - [Epoch 3 Batch 160/272] loss=0.3280, lr=0.0000199
2020-01-21 06:16:14,798 - root - INFO - [Epoch 3 Batch 170/272] loss=0.2214, lr=0.0000197
2020-01-21 06:16:16,652 - root - INFO - [Epoch 3 Batch 180/272] loss=0.1998, lr=0.0000194
2020-01-21 06:16:18,514 - root - INFO - [Epoch 3 Batch 190/272] loss=0.2301, lr=0.0000192
2020-01-21 06:16:20,377 - root - INFO - [Epoch 3 Batch 200/272] loss=0.2210, lr=0.0000189
2020-01-21 06:16:22,197 - root - INFO - [Epoch 3 Batch 210/272] loss=0.2221, lr=0.0000187
2020-01-21 06:16:24,059 - root - INFO - [Epoch 3 Batch 220/272] loss=0.2930, lr=0.0000184
2020-01-21 06:16:25,881 - root - INFO - [Epoch 3 Batch 230/272] loss=0.1847, lr=0.0000182
2020-01-21 06:16:27,748 - root - INFO - [Epoch 3 Batch 240/272] loss=0.2508, lr=0.0000179
2020-01-21 06:16:29,607 - root - INFO - [Epoch 3 Batch 250/272] loss=0.2182, lr=0.0000177
2020-01-21 06:16:31,397 - root - INFO - [Epoch 3 Batch 260/272] loss=0.2139, lr=0.0000174
2020-01-21 06:16:33,141 - root - INFO - [Epoch 3 Batch 270/272] loss=0.1715, lr=0.0000172
2020-01-21 06:16:33,535 - root - INFO - Now we are doing evaluation on dev with [gpu(0), gpu(1)].
2020-01-21 06:16:33,983 - root - INFO - [Batch 10/33] loss=0.5309
2020-01-21 06:16:34,456 - root - INFO - [Batch 20/33] loss=0.6394
2020-01-21 06:16:34,918 - root - INFO - [Batch 30/33] loss=0.4595
2020-01-21 06:16:35,037 - root - INFO - validation metrics:mcc:0.5586
2020-01-21 06:16:35,037 - root - INFO - Time cost=1.50s, throughput=703.12 samples/s
2020-01-21 06:16:36,986 - root - INFO - params saved in: ./output_dir/model_xlnet_CoLA_2.params
2020-01-21 06:16:36,987 - root - INFO - Time cost=53.24s
2020-01-21 06:16:38,921 - root - INFO - [Epoch 4 Batch 10/272] loss=0.1227, lr=0.0000169
2020-01-21 06:16:40,762 - root - INFO - [Epoch 4 Batch 20/272] loss=0.0884, lr=0.0000166
2020-01-21 06:16:42,605 - root - INFO - [Epoch 4 Batch 30/272] loss=0.1412, lr=0.0000164
2020-01-21 06:16:44,549 - root - INFO - [Epoch 4 Batch 40/272] loss=0.1127, lr=0.0000161
2020-01-21 06:16:46,424 - root - INFO - [Epoch 4 Batch 50/272] loss=0.1175, lr=0.0000159
2020-01-21 06:16:48,170 - root - INFO - [Epoch 4 Batch 60/272] loss=0.1148, lr=0.0000156
2020-01-21 06:16:50,030 - root - INFO - [Epoch 4 Batch 70/272] loss=0.1332, lr=0.0000154
2020-01-21 06:16:51,944 - root - INFO - [Epoch 4 Batch 80/272] loss=0.1162, lr=0.0000151
2020-01-21 06:16:53,859 - root - INFO - [Epoch 4 Batch 90/272] loss=0.1114, lr=0.0000149
2020-01-21 06:16:55,724 - root - INFO - [Epoch 4 Batch 100/272] loss=0.1570, lr=0.0000146
2020-01-21 06:16:57,646 - root - INFO - [Epoch 4 Batch 110/272] loss=0.1121, lr=0.0000144
2020-01-21 06:16:59,561 - root - INFO - [Epoch 4 Batch 120/272] loss=0.1343, lr=0.0000141
2020-01-21 06:17:01,480 - root - INFO - [Epoch 4 Batch 130/272] loss=0.1621, lr=0.0000139
2020-01-21 06:17:03,297 - root - INFO - [Epoch 4 Batch 140/272] loss=0.0879, lr=0.0000136
2020-01-21 06:17:05,211 - root - INFO - [Epoch 4 Batch 150/272] loss=0.1663, lr=0.0000134
2020-01-21 06:17:07,140 - root - INFO - [Epoch 4 Batch 160/272] loss=0.1476, lr=0.0000131
2020-01-21 06:17:08,924 - root - INFO - [Epoch 4 Batch 170/272] loss=0.1078, lr=0.0000129
2020-01-21 06:17:10,663 - root - INFO - [Epoch 4 Batch 180/272] loss=0.1543, lr=0.0000126
2020-01-21 06:17:12,387 - root - INFO - [Epoch 4 Batch 190/272] loss=0.1749, lr=0.0000124
2020-01-21 06:17:14,098 - root - INFO - [Epoch 4 Batch 200/272] loss=0.0993, lr=0.0000121
2020-01-21 06:17:15,777 - root - INFO - [Epoch 4 Batch 210/272] loss=0.1034, lr=0.0000119
2020-01-21 06:17:17,537 - root - INFO - [Epoch 4 Batch 220/272] loss=0.0772, lr=0.0000116
2020-01-21 06:17:19,333 - root - INFO - [Epoch 4 Batch 230/272] loss=0.0695, lr=0.0000114
2020-01-21 06:17:21,082 - root - INFO - [Epoch 4 Batch 240/272] loss=0.1226, lr=0.0000111
2020-01-21 06:17:22,921 - root - INFO - [Epoch 4 Batch 250/272] loss=0.2052, lr=0.0000109
2020-01-21 06:17:24,597 - root - INFO - [Epoch 4 Batch 260/272] loss=0.1379, lr=0.0000106
2020-01-21 06:17:26,426 - root - INFO - [Epoch 4 Batch 270/272] loss=0.1589, lr=0.0000104
2020-01-21 06:17:26,750 - root - INFO - Now we are doing evaluation on dev with [gpu(0), gpu(1)].
2020-01-21 06:17:27,192 - root - INFO - [Batch 10/33] loss=0.6237
2020-01-21 06:17:27,661 - root - INFO - [Batch 20/33] loss=0.7511
2020-01-21 06:17:28,106 - root - INFO - [Batch 30/33] loss=0.5336
2020-01-21 06:17:28,224 - root - INFO - validation metrics:mcc:0.5933
2020-01-21 06:17:28,224 - root - INFO - Time cost=1.47s, throughput=716.48 samples/s
2020-01-21 06:17:29,711 - root - INFO - params saved in: ./output_dir/model_xlnet_CoLA_3.params
2020-01-21 06:17:29,712 - root - INFO - Time cost=52.73s
2020-01-21 06:17:31,556 - root - INFO - [Epoch 5 Batch 10/272] loss=0.0439, lr=0.0000101
2020-01-21 06:17:33,265 - root - INFO - [Epoch 5 Batch 20/272] loss=0.0788, lr=0.0000098
2020-01-21 06:17:35,145 - root - INFO - [Epoch 5 Batch 30/272] loss=0.0603, lr=0.0000096
2020-01-21 06:17:37,030 - root - INFO - [Epoch 5 Batch 40/272] loss=0.0565, lr=0.0000093
2020-01-21 06:17:38,902 - root - INFO - [Epoch 5 Batch 50/272] loss=0.0590, lr=0.0000091
2020-01-21 06:17:40,639 - root - INFO - [Epoch 5 Batch 60/272] loss=0.1164, lr=0.0000088
2020-01-21 06:17:42,416 - root - INFO - [Epoch 5 Batch 70/272] loss=0.0722, lr=0.0000086
2020-01-21 06:17:44,123 - root - INFO - [Epoch 5 Batch 80/272] loss=0.0619, lr=0.0000083
2020-01-21 06:17:45,989 - root - INFO - [Epoch 5 Batch 90/272] loss=0.0790, lr=0.0000081
2020-01-21 06:17:47,691 - root - INFO - [Epoch 5 Batch 100/272] loss=0.0406, lr=0.0000078
2020-01-21 06:17:49,462 - root - INFO - [Epoch 5 Batch 110/272] loss=0.1410, lr=0.0000076
2020-01-21 06:17:51,228 - root - INFO - [Epoch 5 Batch 120/272] loss=0.0834, lr=0.0000073
2020-01-21 06:17:52,991 - root - INFO - [Epoch 5 Batch 130/272] loss=0.0283, lr=0.0000071
2020-01-21 06:17:54,805 - root - INFO - [Epoch 5 Batch 140/272] loss=0.1234, lr=0.0000068
2020-01-21 06:17:56,585 - root - INFO - [Epoch 5 Batch 150/272] loss=0.0205, lr=0.0000066
2020-01-21 06:17:58,332 - root - INFO - [Epoch 5 Batch 160/272] loss=0.0099, lr=0.0000063
2020-01-21 06:18:00,205 - root - INFO - [Epoch 5 Batch 170/272] loss=0.0652, lr=0.0000061
2020-01-21 06:18:01,864 - root - INFO - [Epoch 5 Batch 180/272] loss=0.0462, lr=0.0000058
2020-01-21 06:18:03,682 - root - INFO - [Epoch 5 Batch 190/272] loss=0.0807, lr=0.0000056
2020-01-21 06:18:05,418 - root - INFO - [Epoch 5 Batch 200/272] loss=0.0927, lr=0.0000053
2020-01-21 06:18:07,251 - root - INFO - [Epoch 5 Batch 210/272] loss=0.0512, lr=0.0000051
2020-01-21 06:18:09,111 - root - INFO - [Epoch 5 Batch 220/272] loss=0.0579, lr=0.0000048
2020-01-21 06:18:10,937 - root - INFO - [Epoch 5 Batch 230/272] loss=0.1029, lr=0.0000046
2020-01-21 06:18:12,739 - root - INFO - [Epoch 5 Batch 240/272] loss=0.0291, lr=0.0000043
2020-01-21 06:18:14,541 - root - INFO - [Epoch 5 Batch 250/272] loss=0.0681, lr=0.0000041
2020-01-21 06:18:16,337 - root - INFO - [Epoch 5 Batch 260/272] loss=0.0760, lr=0.0000038
2020-01-21 06:18:18,110 - root - INFO - [Epoch 5 Batch 270/272] loss=0.0634, lr=0.0000036
2020-01-21 06:18:18,439 - root - INFO - Now we are doing evaluation on dev with [gpu(0), gpu(1)].
2020-01-21 06:18:18,897 - root - INFO - [Batch 10/33] loss=0.6868
2020-01-21 06:18:19,379 - root - INFO - [Batch 20/33] loss=0.8973
2020-01-21 06:18:19,849 - root - INFO - [Batch 30/33] loss=0.6108
2020-01-21 06:18:19,974 - root - INFO - validation metrics:mcc:0.5802
2020-01-21 06:18:19,975 - root - INFO - Time cost=1.53s, throughput=687.95 samples/s
2020-01-21 06:18:21,590 - root - INFO - params saved in: ./output_dir/model_xlnet_CoLA_4.params
2020-01-21 06:18:21,591 - root - INFO - Time cost=51.88s
2020-01-21 06:18:23,414 - root - INFO - [Epoch 6 Batch 10/272] loss=0.0142, lr=0.0000033
2020-01-21 06:18:25,184 - root - INFO - [Epoch 6 Batch 20/272] loss=0.0195, lr=0.0000030
2020-01-21 06:18:26,946 - root - INFO - [Epoch 6 Batch 30/272] loss=0.0254, lr=0.0000028
2020-01-21 06:18:28,685 - root - INFO - [Epoch 6 Batch 40/272] loss=0.0249, lr=0.0000025
2020-01-21 06:18:30,550 - root - INFO - [Epoch 6 Batch 50/272] loss=0.0488, lr=0.0000023
2020-01-21 06:18:32,351 - root - INFO - [Epoch 6 Batch 60/272] loss=0.0274, lr=0.0000020
2020-01-21 06:18:34,097 - root - INFO - [Epoch 6 Batch 70/272] loss=0.0244, lr=0.0000018
2020-01-21 06:18:35,921 - root - INFO - [Epoch 6 Batch 80/272] loss=0.0167, lr=0.0000015
2020-01-21 06:18:37,720 - root - INFO - [Epoch 6 Batch 90/272] loss=0.0223, lr=0.0000013
2020-01-21 06:18:39,474 - root - INFO - [Epoch 6 Batch 100/272] loss=0.0181, lr=0.0000010
2020-01-21 06:18:41,214 - root - INFO - [Epoch 6 Batch 110/272] loss=0.0685, lr=0.0000008
2020-01-21 06:18:42,933 - root - INFO - [Epoch 6 Batch 120/272] loss=0.0269, lr=0.0000005
2020-01-21 06:18:44,718 - root - INFO - [Epoch 6 Batch 130/272] loss=0.0108, lr=0.0000003
2020-01-21 06:18:46,515 - root - INFO - [Epoch 6 Batch 140/272] loss=0.0064, lr=0.0000000
2020-01-21 06:18:46,516 - root - INFO - Finish training step: 1500
2020-01-21 06:18:46,516 - root - INFO - Now we are doing evaluation on dev with [gpu(0), gpu(1)].
2020-01-21 06:18:46,956 - root - INFO - [Batch 10/33] loss=0.8060
2020-01-21 06:18:47,423 - root - INFO - [Batch 20/33] loss=1.0255
2020-01-21 06:18:47,866 - root - INFO - [Batch 30/33] loss=0.7066
2020-01-21 06:18:47,981 - root - INFO - validation metrics:mcc:0.5860
2020-01-21 06:18:47,981 - root - INFO - Time cost=1.47s, throughput=720.69 samples/s
2020-01-21 06:18:49,251 - root - INFO - params saved in: ./output_dir/model_xlnet_CoLA_5.params
2020-01-21 06:18:49,252 - root - INFO - Time cost=27.66s
2020-01-21 06:18:49,654 - root - INFO - Best model at epoch 4. Validation metrics:mcc:0.5933
2020-01-21 06:18:49,655 - root - INFO - Now we are doing testing on test with [gpu(0), gpu(1)].
2020-01-21 06:18:51,124 - root - INFO - Time cost=1.47s, throughput=740.45 samples/s