INFO:root:Namespace(accumulate=None, batch_size=32, bert_dataset='openwebtext_ccnews_stories_books_cased', bert_model='roberta_12_768_12', dev_batch_size=8, dtype='float32', early_stop=2, epochs=10, epsilon=1e-06, gpu=3, log_interval=100, lr=2e-05, max_len=128, model_parameters=None, only_inference=False, output_dir='./output_dir', pad=False, pretrained_bert_parameters=None, seed=2, task_name='SST', warmup_ratio=0.06)
INFO:root:processing dataset...
INFO:root:Now we are doing BERT classification training on gpu(3)!
INFO:root:[Epoch 1 Batch 100/2109] loss=0.6913, lr=0.0000016, metrics:accuracy:0.5173
INFO:root:[Epoch 1 Batch 200/2109] loss=0.4330, lr=0.0000032, metrics:accuracy:0.6589
INFO:root:[Epoch 1 Batch 300/2109] loss=0.3316, lr=0.0000047, metrics:accuracy:0.7298
INFO:root:[Epoch 1 Batch 400/2109] loss=0.2977, lr=0.0000063, metrics:accuracy:0.7689
INFO:root:[Epoch 1 Batch 500/2109] loss=0.2742, lr=0.0000079, metrics:accuracy:0.7942
INFO:root:[Epoch 1 Batch 600/2109] loss=0.2769, lr=0.0000095, metrics:accuracy:0.8105
INFO:root:[Epoch 1 Batch 700/2109] loss=0.2514, lr=0.0000111, metrics:accuracy:0.8243
INFO:root:[Epoch 1 Batch 800/2109] loss=0.2592, lr=0.0000127, metrics:accuracy:0.8346
INFO:root:[Epoch 1 Batch 900/2109] loss=0.2659, lr=0.0000142, metrics:accuracy:0.8424
INFO:root:[Epoch 1 Batch 1000/2109] loss=0.2497, lr=0.0000158, metrics:accuracy:0.8486
INFO:root:[Epoch 1 Batch 1100/2109] loss=0.2350, lr=0.0000174, metrics:accuracy:0.8538
INFO:root:[Epoch 1 Batch 1200/2109] loss=0.2300, lr=0.0000190, metrics:accuracy:0.8588
INFO:root:[Epoch 1 Batch 1300/2109] loss=0.2382, lr=0.0000200, metrics:accuracy:0.8625
INFO:root:[Epoch 1 Batch 1400/2109] loss=0.2486, lr=0.0000199, metrics:accuracy:0.8653
INFO:root:[Epoch 1 Batch 1500/2109] loss=0.2256, lr=0.0000198, metrics:accuracy:0.8687
INFO:root:[Epoch 1 Batch 1600/2109] loss=0.2209, lr=0.0000197, metrics:accuracy:0.8716
INFO:root:[Epoch 1 Batch 1700/2109] loss=0.2243, lr=0.0000196, metrics:accuracy:0.8741
INFO:root:[Epoch 1 Batch 1800/2109] loss=0.2198, lr=0.0000195, metrics:accuracy:0.8766
INFO:root:[Epoch 1 Batch 1900/2109] loss=0.1966, lr=0.0000194, metrics:accuracy:0.8792
INFO:root:[Epoch 1 Batch 2000/2109] loss=0.2069, lr=0.0000193, metrics:accuracy:0.8814
INFO:root:[Epoch 1 Batch 2100/2109] loss=0.1972, lr=0.0000192, metrics:accuracy:0.8836
INFO:root:Now we are doing evaluation on dev with gpu(3).
INFO:root:[Batch 100/109] loss=0.1841, metrics:accuracy:0.9313
INFO:root:validation metrics:accuracy:0.9323
INFO:root:Time cost=2.03s, throughput=429.61 samples/s
INFO:root:params saved in: ./output_dir/model_bert_SST_0.params
INFO:root:Time cost=205.11s
INFO:root:[Epoch 2 Batch 100/2109] loss=0.1627, lr=0.0000190, metrics:accuracy:0.9441
INFO:root:[Epoch 2 Batch 200/2109] loss=0.1716, lr=0.0000189, metrics:accuracy:0.9409
INFO:root:[Epoch 2 Batch 300/2109] loss=0.1718, lr=0.0000188, metrics:accuracy:0.9399
INFO:root:[Epoch 2 Batch 400/2109] loss=0.1599, lr=0.0000187, metrics:accuracy:0.9405
INFO:root:[Epoch 2 Batch 500/2109] loss=0.1645, lr=0.0000186, metrics:accuracy:0.9410
INFO:root:[Epoch 2 Batch 600/2109] loss=0.1548, lr=0.0000185, metrics:accuracy:0.9415
INFO:root:[Epoch 2 Batch 700/2109] loss=0.1650, lr=0.0000184, metrics:accuracy:0.9412
INFO:root:[Epoch 2 Batch 800/2109] loss=0.1484, lr=0.0000183, metrics:accuracy:0.9418
INFO:root:[Epoch 2 Batch 900/2109] loss=0.1673, lr=0.0000182, metrics:accuracy:0.9420
INFO:root:[Epoch 2 Batch 1000/2109] loss=0.1524, lr=0.0000181, metrics:accuracy:0.9425
INFO:root:[Epoch 2 Batch 1100/2109] loss=0.1624, lr=0.0000180, metrics:accuracy:0.9423
INFO:root:[Epoch 2 Batch 1200/2109] loss=0.1583, lr=0.0000179, metrics:accuracy:0.9424
INFO:root:[Epoch 2 Batch 1300/2109] loss=0.1692, lr=0.0000178, metrics:accuracy:0.9422
INFO:root:[Epoch 2 Batch 1400/2109] loss=0.1592, lr=0.0000177, metrics:accuracy:0.9424
INFO:root:[Epoch 2 Batch 1500/2109] loss=0.1500, lr=0.0000176, metrics:accuracy:0.9426
INFO:root:[Epoch 2 Batch 1600/2109] loss=0.1579, lr=0.0000175, metrics:accuracy:0.9427
INFO:root:[Epoch 2 Batch 1700/2109] loss=0.1730, lr=0.0000174, metrics:accuracy:0.9426
INFO:root:[Epoch 2 Batch 1800/2109] loss=0.1466, lr=0.0000173, metrics:accuracy:0.9429
INFO:root:[Epoch 2 Batch 1900/2109] loss=0.1565, lr=0.0000172, metrics:accuracy:0.9432
INFO:root:[Epoch 2 Batch 2000/2109] loss=0.1445, lr=0.0000171, metrics:accuracy:0.9436
INFO:root:[Epoch 2 Batch 2100/2109] loss=0.1413, lr=0.0000170, metrics:accuracy:0.9442
INFO:root:Now we are doing evaluation on dev with gpu(3).
INFO:root:[Batch 100/109] loss=0.2321, metrics:accuracy:0.9387
INFO:root:validation metrics:accuracy:0.9381
INFO:root:Time cost=1.86s, throughput=469.49 samples/s
INFO:root:params saved in: ./output_dir/model_bert_SST_1.params
INFO:root:Time cost=199.79s
INFO:root:[Epoch 3 Batch 100/2109] loss=0.1335, lr=0.0000169, metrics:accuracy:0.9587
INFO:root:[Epoch 3 Batch 200/2109] loss=0.1117, lr=0.0000168, metrics:accuracy:0.9614
INFO:root:[Epoch 3 Batch 300/2109] loss=0.1187, lr=0.0000167, metrics:accuracy:0.9606
INFO:root:[Epoch 3 Batch 400/2109] loss=0.1226, lr=0.0000166, metrics:accuracy:0.9596
INFO:root:[Epoch 3 Batch 500/2109] loss=0.1287, lr=0.0000165, metrics:accuracy:0.9596
INFO:root:[Epoch 3 Batch 600/2109] loss=0.1263, lr=0.0000164, metrics:accuracy:0.9598
INFO:root:[Epoch 3 Batch 700/2109] loss=0.1250, lr=0.0000163, metrics:accuracy:0.9599
INFO:root:[Epoch 3 Batch 800/2109] loss=0.1299, lr=0.0000162, metrics:accuracy:0.9594
INFO:root:[Epoch 3 Batch 900/2109] loss=0.1390, lr=0.0000161, metrics:accuracy:0.9586
INFO:root:[Epoch 3 Batch 1000/2109] loss=0.1246, lr=0.0000160, metrics:accuracy:0.9586
INFO:root:[Epoch 3 Batch 1100/2109] loss=0.1293, lr=0.0000159, metrics:accuracy:0.9589
INFO:root:[Epoch 3 Batch 1200/2109] loss=0.1250, lr=0.0000158, metrics:accuracy:0.9590
INFO:root:[Epoch 3 Batch 1300/2109] loss=0.1262, lr=0.0000157, metrics:accuracy:0.9590
INFO:root:[Epoch 3 Batch 1400/2109] loss=0.1132, lr=0.0000156, metrics:accuracy:0.9596
INFO:root:[Epoch 3 Batch 1500/2109] loss=0.1355, lr=0.0000155, metrics:accuracy:0.9594
INFO:root:[Epoch 3 Batch 1600/2109] loss=0.1302, lr=0.0000154, metrics:accuracy:0.9593
INFO:root:[Epoch 3 Batch 1700/2109] loss=0.1148, lr=0.0000153, metrics:accuracy:0.9594
INFO:root:[Epoch 3 Batch 1800/2109] loss=0.1162, lr=0.0000152, metrics:accuracy:0.9595
INFO:root:[Epoch 3 Batch 1900/2109] loss=0.1227, lr=0.0000151, metrics:accuracy:0.9597
INFO:root:[Epoch 3 Batch 2000/2109] loss=0.1281, lr=0.0000150, metrics:accuracy:0.9595
INFO:root:[Epoch 3 Batch 2100/2109] loss=0.1125, lr=0.0000149, metrics:accuracy:0.9597
INFO:root:Now we are doing evaluation on dev with gpu(3).
INFO:root:[Batch 100/109] loss=0.2672, metrics:accuracy:0.9363
INFO:root:validation metrics:accuracy:0.9369
INFO:root:Time cost=1.94s, throughput=450.20 samples/s
INFO:root:params saved in: ./output_dir/model_bert_SST_2.params
INFO:root:Time cost=205.89s
INFO:root:[Epoch 4 Batch 100/2109] loss=0.0938, lr=0.0000148, metrics:accuracy:0.9738
INFO:root:[Epoch 4 Batch 200/2109] loss=0.1032, lr=0.0000147, metrics:accuracy:0.9709
INFO:root:[Epoch 4 Batch 300/2109] loss=0.0927, lr=0.0000146, metrics:accuracy:0.9715
INFO:root:[Epoch 4 Batch 400/2109] loss=0.1062, lr=0.0000145, metrics:accuracy:0.9709
INFO:root:[Epoch 4 Batch 500/2109] loss=0.0969, lr=0.0000144, metrics:accuracy:0.9706
INFO:root:[Epoch 4 Batch 600/2109] loss=0.0995, lr=0.0000143, metrics:accuracy:0.9695
INFO:root:[Epoch 4 Batch 700/2109] loss=0.1055, lr=0.0000142, metrics:accuracy:0.9692
INFO:root:[Epoch 4 Batch 800/2109] loss=0.1004, lr=0.0000141, metrics:accuracy:0.9691
INFO:root:[Epoch 4 Batch 900/2109] loss=0.0946, lr=0.0000140, metrics:accuracy:0.9689
INFO:root:[Epoch 4 Batch 1000/2109] loss=0.0977, lr=0.0000139, metrics:accuracy:0.9689
INFO:root:[Epoch 4 Batch 1100/2109] loss=0.1094, lr=0.0000138, metrics:accuracy:0.9686
INFO:root:[Epoch 4 Batch 1200/2109] loss=0.1042, lr=0.0000137, metrics:accuracy:0.9688
INFO:root:[Epoch 4 Batch 1300/2109] loss=0.1032, lr=0.0000136, metrics:accuracy:0.9685
INFO:root:[Epoch 4 Batch 1400/2109] loss=0.1002, lr=0.0000135, metrics:accuracy:0.9685
INFO:root:[Epoch 4 Batch 1500/2109] loss=0.0950, lr=0.0000134, metrics:accuracy:0.9687
INFO:root:[Epoch 4 Batch 1600/2109] loss=0.1187, lr=0.0000133, metrics:accuracy:0.9683
INFO:root:[Epoch 4 Batch 1700/2109] loss=0.0996, lr=0.0000132, metrics:accuracy:0.9682
INFO:root:[Epoch 4 Batch 1800/2109] loss=0.0940, lr=0.0000131, metrics:accuracy:0.9682
INFO:root:[Epoch 4 Batch 1900/2109] loss=0.1075, lr=0.0000130, metrics:accuracy:0.9682
INFO:root:[Epoch 4 Batch 2000/2109] loss=0.1036, lr=0.0000129, metrics:accuracy:0.9681
INFO:root:[Epoch 4 Batch 2100/2109] loss=0.0999, lr=0.0000128, metrics:accuracy:0.9681
INFO:root:Now we are doing evaluation on dev with gpu(3).
INFO:root:[Batch 100/109] loss=0.2859, metrics:accuracy:0.9400
INFO:root:validation metrics:accuracy:0.9392
INFO:root:Time cost=2.01s, throughput=433.65 samples/s
INFO:root:params saved in: ./output_dir/model_bert_SST_3.params
INFO:root:Time cost=207.57s
INFO:root:[Epoch 5 Batch 100/2109] loss=0.0843, lr=0.0000126, metrics:accuracy:0.9765
INFO:root:[Epoch 5 Batch 200/2109] loss=0.0906, lr=0.0000125, metrics:accuracy:0.9754
INFO:root:[Epoch 5 Batch 300/2109] loss=0.0764, lr=0.0000124, metrics:accuracy:0.9765
INFO:root:[Epoch 5 Batch 400/2109] loss=0.0918, lr=0.0000123, metrics:accuracy:0.9756
INFO:root:[Epoch 5 Batch 500/2109] loss=0.0773, lr=0.0000122, metrics:accuracy:0.9758
INFO:root:[Epoch 5 Batch 600/2109] loss=0.0745, lr=0.0000121, metrics:accuracy:0.9765
INFO:root:[Epoch 5 Batch 700/2109] loss=0.0830, lr=0.0000120, metrics:accuracy:0.9766
INFO:root:[Epoch 5 Batch 800/2109] loss=0.0911, lr=0.0000119, metrics:accuracy:0.9760
INFO:root:[Epoch 5 Batch 900/2109] loss=0.0917, lr=0.0000118, metrics:accuracy:0.9757
INFO:root:[Epoch 5 Batch 1000/2109] loss=0.0859, lr=0.0000117, metrics:accuracy:0.9756
INFO:root:[Epoch 5 Batch 1100/2109] loss=0.1016, lr=0.0000116, metrics:accuracy:0.9754
INFO:root:[Epoch 5 Batch 1200/2109] loss=0.0809, lr=0.0000115, metrics:accuracy:0.9754
INFO:root:[Epoch 5 Batch 1300/2109] loss=0.0961, lr=0.0000114, metrics:accuracy:0.9751
INFO:root:[Epoch 5 Batch 1400/2109] loss=0.0975, lr=0.0000113, metrics:accuracy:0.9748
INFO:root:[Epoch 5 Batch 1500/2109] loss=0.0890, lr=0.0000112, metrics:accuracy:0.9748
INFO:root:[Epoch 5 Batch 1600/2109] loss=0.0766, lr=0.0000111, metrics:accuracy:0.9750
INFO:root:[Epoch 5 Batch 1700/2109] loss=0.0981, lr=0.0000110, metrics:accuracy:0.9747
INFO:root:[Epoch 5 Batch 1800/2109] loss=0.0943, lr=0.0000109, metrics:accuracy:0.9744
INFO:root:[Epoch 5 Batch 1900/2109] loss=0.0881, lr=0.0000108, metrics:accuracy:0.9745
INFO:root:[Epoch 5 Batch 2000/2109] loss=0.0815, lr=0.0000107, metrics:accuracy:0.9745
INFO:root:[Epoch 5 Batch 2100/2109] loss=0.0828, lr=0.0000106, metrics:accuracy:0.9746
INFO:root:Now we are doing evaluation on dev with gpu(3).
INFO:root:[Batch 100/109] loss=0.2599, metrics:accuracy:0.9450
INFO:root:validation metrics:accuracy:0.9438
INFO:root:Time cost=1.90s, throughput=458.07 samples/s
INFO:root:params saved in: ./output_dir/model_bert_SST_4.params
INFO:root:Time cost=197.38s
INFO:root:[Epoch 6 Batch 100/2109] loss=0.0641, lr=0.0000105, metrics:accuracy:0.9812
INFO:root:[Epoch 6 Batch 200/2109] loss=0.0674, lr=0.0000104, metrics:accuracy:0.9811
INFO:root:[Epoch 6 Batch 300/2109] loss=0.0708, lr=0.0000103, metrics:accuracy:0.9812
INFO:root:[Epoch 6 Batch 400/2109] loss=0.0783, lr=0.0000102, metrics:accuracy:0.9807
INFO:root:[Epoch 6 Batch 500/2109] loss=0.0662, lr=0.0000101, metrics:accuracy:0.9804
INFO:root:[Epoch 6 Batch 600/2109] loss=0.0743, lr=0.0000100, metrics:accuracy:0.9804
INFO:root:[Epoch 6 Batch 700/2109] loss=0.0648, lr=0.0000099, metrics:accuracy:0.9803
INFO:root:[Epoch 6 Batch 800/2109] loss=0.0877, lr=0.0000098, metrics:accuracy:0.9794
INFO:root:[Epoch 6 Batch 900/2109] loss=0.0757, lr=0.0000097, metrics:accuracy:0.9790
INFO:root:[Epoch 6 Batch 1000/2109] loss=0.0669, lr=0.0000096, metrics:accuracy:0.9793
INFO:root:[Epoch 6 Batch 1100/2109] loss=0.0825, lr=0.0000095, metrics:accuracy:0.9790
INFO:root:[Epoch 6 Batch 1200/2109] loss=0.0664, lr=0.0000094, metrics:accuracy:0.9790
INFO:root:[Epoch 6 Batch 1300/2109] loss=0.0754, lr=0.0000093, metrics:accuracy:0.9791
INFO:root:[Epoch 6 Batch 1400/2109] loss=0.0692, lr=0.0000092, metrics:accuracy:0.9792
INFO:root:[Epoch 6 Batch 1500/2109] loss=0.0602, lr=0.0000091, metrics:accuracy:0.9795
INFO:root:[Epoch 6 Batch 1600/2109] loss=0.0719, lr=0.0000090, metrics:accuracy:0.9794
INFO:root:[Epoch 6 Batch 1700/2109] loss=0.0696, lr=0.0000089, metrics:accuracy:0.9795
INFO:root:[Epoch 6 Batch 1800/2109] loss=0.0783, lr=0.0000088, metrics:accuracy:0.9793
INFO:root:[Epoch 6 Batch 1900/2109] loss=0.0767, lr=0.0000087, metrics:accuracy:0.9792
INFO:root:[Epoch 6 Batch 2000/2109] loss=0.0672, lr=0.0000086, metrics:accuracy:0.9793
INFO:root:[Epoch 6 Batch 2100/2109] loss=0.0808, lr=0.0000085, metrics:accuracy:0.9792
INFO:root:Now we are doing evaluation on dev with gpu(3).
INFO:root:[Batch 100/109] loss=0.2491, metrics:accuracy:0.9525
INFO:root:validation metrics:accuracy:0.9530
INFO:root:Time cost=1.82s, throughput=478.27 samples/s
INFO:root:params saved in: ./output_dir/model_bert_SST_5.params
INFO:root:Time cost=195.98s
INFO:root:[Epoch 7 Batch 100/2109] loss=0.0456, lr=0.0000084, metrics:accuracy:0.9866
INFO:root:[Epoch 7 Batch 200/2109] loss=0.0628, lr=0.0000083, metrics:accuracy:0.9853
INFO:root:[Epoch 7 Batch 300/2109] loss=0.0574, lr=0.0000082, metrics:accuracy:0.9846
INFO:root:[Epoch 7 Batch 400/2109] loss=0.0563, lr=0.0000081, metrics:accuracy:0.9847
INFO:root:[Epoch 7 Batch 500/2109] loss=0.0541, lr=0.0000080, metrics:accuracy:0.9846
INFO:root:[Epoch 7 Batch 600/2109] loss=0.0652, lr=0.0000079, metrics:accuracy:0.9845
INFO:root:[Epoch 7 Batch 700/2109] loss=0.0572, lr=0.0000078, metrics:accuracy:0.9846
INFO:root:[Epoch 7 Batch 800/2109] loss=0.0666, lr=0.0000077, metrics:accuracy:0.9840
INFO:root:[Epoch 7 Batch 900/2109] loss=0.0538, lr=0.0000076, metrics:accuracy:0.9841
INFO:root:[Epoch 7 Batch 1000/2109] loss=0.0583, lr=0.0000075, metrics:accuracy:0.9840
INFO:root:[Epoch 7 Batch 1100/2109] loss=0.0612, lr=0.0000074, metrics:accuracy:0.9840
INFO:root:[Epoch 7 Batch 1200/2109] loss=0.0588, lr=0.0000073, metrics:accuracy:0.9841
INFO:root:[Epoch 7 Batch 1300/2109] loss=0.0488, lr=0.0000072, metrics:accuracy:0.9843
INFO:root:[Epoch 7 Batch 1400/2109] loss=0.0502, lr=0.0000071, metrics:accuracy:0.9844
INFO:root:[Epoch 7 Batch 1500/2109] loss=0.0646, lr=0.0000070, metrics:accuracy:0.9843
INFO:root:[Epoch 7 Batch 1600/2109] loss=0.0507, lr=0.0000069, metrics:accuracy:0.9845
INFO:root:[Epoch 7 Batch 1700/2109] loss=0.0597, lr=0.0000068, metrics:accuracy:0.9845
INFO:root:[Epoch 7 Batch 1800/2109] loss=0.0756, lr=0.0000067, metrics:accuracy:0.9841
INFO:root:[Epoch 7 Batch 1900/2109] loss=0.0625, lr=0.0000066, metrics:accuracy:0.9840
INFO:root:[Epoch 7 Batch 2000/2109] loss=0.0632, lr=0.0000065, metrics:accuracy:0.9840
INFO:root:[Epoch 7 Batch 2100/2109] loss=0.0572, lr=0.0000064, metrics:accuracy:0.9840
INFO:root:Now we are doing evaluation on dev with gpu(3).
INFO:root:[Batch 100/109] loss=0.2879, metrics:accuracy:0.9437
INFO:root:validation metrics:accuracy:0.9461
INFO:root:Time cost=1.80s, throughput=483.39 samples/s
INFO:root:params saved in: ./output_dir/model_bert_SST_6.params
INFO:root:Time cost=197.21s
INFO:root:[Epoch 8 Batch 100/2109] loss=0.0381, lr=0.0000063, metrics:accuracy:0.9897
INFO:root:[Epoch 8 Batch 200/2109] loss=0.0493, lr=0.0000062, metrics:accuracy:0.9880
INFO:root:[Epoch 8 Batch 300/2109] loss=0.0471, lr=0.0000060, metrics:accuracy:0.9881
INFO:root:[Epoch 8 Batch 400/2109] loss=0.0621, lr=0.0000059, metrics:accuracy:0.9870
INFO:root:[Epoch 8 Batch 500/2109] loss=0.0521, lr=0.0000058, metrics:accuracy:0.9862
INFO:root:[Epoch 8 Batch 600/2109] loss=0.0403, lr=0.0000057, metrics:accuracy:0.9867
INFO:root:[Epoch 8 Batch 700/2109] loss=0.0553, lr=0.0000056, metrics:accuracy:0.9861
INFO:root:[Epoch 8 Batch 800/2109] loss=0.0381, lr=0.0000055, metrics:accuracy:0.9864
INFO:root:[Epoch 8 Batch 900/2109] loss=0.0530, lr=0.0000054, metrics:accuracy:0.9866
INFO:root:[Epoch 8 Batch 1000/2109] loss=0.0609, lr=0.0000053, metrics:accuracy:0.9863
INFO:root:[Epoch 8 Batch 1100/2109] loss=0.0418, lr=0.0000052, metrics:accuracy:0.9864
INFO:root:[Epoch 8 Batch 1200/2109] loss=0.0484, lr=0.0000051, metrics:accuracy:0.9864
INFO:root:[Epoch 8 Batch 1300/2109] loss=0.0408, lr=0.0000050, metrics:accuracy:0.9866
INFO:root:[Epoch 8 Batch 1400/2109] loss=0.0524, lr=0.0000049, metrics:accuracy:0.9865
INFO:root:[Epoch 8 Batch 1500/2109] loss=0.0515, lr=0.0000048, metrics:accuracy:0.9864
INFO:root:[Epoch 8 Batch 1600/2109] loss=0.0517, lr=0.0000047, metrics:accuracy:0.9864
INFO:root:[Epoch 8 Batch 1700/2109] loss=0.0519, lr=0.0000046, metrics:accuracy:0.9864
INFO:root:[Epoch 8 Batch 1800/2109] loss=0.0512, lr=0.0000045, metrics:accuracy:0.9862
INFO:root:[Epoch 8 Batch 1900/2109] loss=0.0488, lr=0.0000044, metrics:accuracy:0.9861
INFO:root:[Epoch 8 Batch 2000/2109] loss=0.0559, lr=0.0000043, metrics:accuracy:0.9860
INFO:root:[Epoch 8 Batch 2100/2109] loss=0.0532, lr=0.0000042, metrics:accuracy:0.9860
INFO:root:Now we are doing evaluation on dev with gpu(3).
INFO:root:[Batch 100/109] loss=0.3023, metrics:accuracy:0.9487
INFO:root:validation metrics:accuracy:0.9495
INFO:root:Time cost=1.80s, throughput=484.68 samples/s
INFO:root:params saved in: ./output_dir/model_bert_SST_7.params
INFO:root:Time cost=191.41s
INFO:root:Early stopping at epoch 8
INFO:root:Best model at epoch 5. Validation metrics:accuracy:0.9530
INFO:root:Now we are doing testing on test with gpu(3).
INFO:root:Time cost=3.60s, throughput=507.05 samples/s
