[Epoch 0 Batch 200/372] loss 7.87, ppl 2605.45, throughput 204.29 samples/s, lr 29.57
[Epoch 0] throughput 14405.53 samples/s
[Epoch 0] time cost 197.46s, valid loss 6.49, valid ppl 659.88
[Epoch 1 Batch 200/372] loss 6.69, ppl 806.21, throughput 220.71 samples/s, lr 15.00
[Epoch 1] throughput 15026.66 samples/s
[Epoch 1] time cost 183.78s, valid loss 6.04, valid ppl 419.13
[Epoch 2 Batch 200/372] loss 6.34, ppl 565.56, throughput 220.38 samples/s, lr 31.29
[Epoch 2] throughput 15052.41 samples/s
[Epoch 2] time cost 187.63s, valid loss 5.79, valid ppl 327.57
[Epoch 3 Batch 200/372] loss 6.13, ppl 459.72, throughput 212.77 samples/s, lr 30.43
[Epoch 3] throughput 14711.79 samples/s
[Epoch 3] time cost 196.55s, valid loss 5.57, valid ppl 262.89
[Epoch 4 Batch 200/372] loss 5.96, ppl 385.88, throughput 153.88 samples/s, lr 29.14
[Epoch 4] throughput 8735.80 samples/s
[Epoch 4] time cost 301.31s, valid loss 5.40, valid ppl 220.47
[Epoch 5 Batch 200/372] loss 5.80, ppl 331.12, throughput 82.92 samples/s, lr 34.29
[Epoch 5] throughput 6015.84 samples/s
[Epoch 5] time cost 416.25s, valid loss 5.28, valid ppl 196.60
[Epoch 6 Batch 200/372] loss 5.68, ppl 293.67, throughput 87.47 samples/s, lr 34.29
[Epoch 6] throughput 6330.79 samples/s
[Epoch 6] time cost 387.90s, valid loss 5.25, valid ppl 190.86
[Epoch 7 Batch 200/372] loss 5.60, ppl 270.78, throughput 96.03 samples/s, lr 31.29
[Epoch 7] throughput 6682.83 samples/s
[Epoch 7] time cost 388.91s, valid loss 5.16, valid ppl 173.71
[Epoch 8 Batch 200/372] loss 5.51, ppl 246.03, throughput 97.53 samples/s, lr 32.14
[Epoch 8] throughput 6758.12 samples/s
[Epoch 8] time cost 381.96s, valid loss 5.08, valid ppl 160.43
[Epoch 9 Batch 200/372] loss 5.43, ppl 227.48, throughput 96.26 samples/s, lr 29.14
[Epoch 9] throughput 6761.02 samples/s
[Epoch 9] time cost 366.63s, valid loss 5.01, valid ppl 150.13
test loss 4.94, test ppl 139.37
[Epoch 10 Batch 200/372] loss 5.36, ppl 213.11, throughput 91.79 samples/s, lr 13.71
[Epoch 10] throughput 6066.54 samples/s
[Epoch 10] time cost 419.78s, valid loss 4.93, valid ppl 138.92
[Epoch 11 Batch 200/372] loss 5.30, ppl 200.66, throughput 103.97 samples/s, lr 31.29
[Epoch 11] throughput 6628.10 samples/s
[Epoch 11] time cost 392.51s, valid loss 4.91, valid ppl 135.73
[Epoch 12 Batch 200/372] loss 5.25, ppl 190.97, throughput 88.68 samples/s, lr 30.00
[Epoch 12] throughput 6492.66 samples/s
[Epoch 12] time cost 392.62s, valid loss 4.90, valid ppl 133.75
[Epoch 13 Batch 200/372] loss 5.19, ppl 180.12, throughput 79.71 samples/s, lr 31.29
[Epoch 13] throughput 6201.21 samples/s
[Epoch 13] time cost 393.71s, valid loss 4.82, valid ppl 123.67
[Epoch 14 Batch 200/372] loss 5.15, ppl 173.16, throughput 88.06 samples/s, lr 29.14
[Epoch 14] throughput 6478.99 samples/s
[Epoch 14] time cost 398.06s, valid loss 4.80, valid ppl 121.17
[Epoch 15 Batch 200/372] loss 5.11, ppl 166.40, throughput 76.40 samples/s, lr 34.29
[Epoch 15] throughput 5673.31 samples/s
[Epoch 15] time cost 448.86s, valid loss 4.75, valid ppl 116.04
[Epoch 16 Batch 200/372] loss 5.08, ppl 161.55, throughput 107.87 samples/s, lr 28.71
[Epoch 16] throughput 6645.36 samples/s
[Epoch 16] time cost 391.30s, valid loss 4.74, valid ppl 114.68
[Epoch 17 Batch 200/372] loss 5.05, ppl 155.46, throughput 83.12 samples/s, lr 31.29
[Epoch 17] throughput 6105.79 samples/s
[Epoch 17] time cost 397.56s, valid loss 4.72, valid ppl 112.44
[Epoch 18 Batch 200/372] loss 5.01, ppl 149.95, throughput 103.05 samples/s, lr 14.14
[Epoch 18] throughput 6709.94 samples/s
[Epoch 18] time cost 411.24s, valid loss 4.71, valid ppl 111.04
[Epoch 19 Batch 200/372] loss 4.98, ppl 146.11, throughput 91.49 samples/s, lr 27.43
[Epoch 19] throughput 6643.04 samples/s
[Epoch 19] time cost 377.16s, valid loss 4.69, valid ppl 108.44
test loss 4.62, test ppl 101.28
[Epoch 20 Batch 200/372] loss 4.94, ppl 140.22, throughput 99.02 samples/s, lr 30.00
[Epoch 20] throughput 7145.05 samples/s
[Epoch 20] time cost 367.86s, valid loss 4.68, valid ppl 107.40
[Epoch 21 Batch 200/372] loss 4.93, ppl 137.77, throughput 91.87 samples/s, lr 27.86
[Epoch 21] throughput 6443.66 samples/s
[Epoch 21] time cost 395.53s, valid loss 4.66, valid ppl 105.40
[Epoch 22 Batch 200/372] loss 4.90, ppl 134.17, throughput 92.49 samples/s, lr 27.00
[Epoch 22] throughput 6661.97 samples/s
[Epoch 22] time cost 381.94s, valid loss 4.63, valid ppl 102.74
[Epoch 23 Batch 200/372] loss 4.88, ppl 131.71, throughput 90.99 samples/s, lr 27.86
[Epoch 23] throughput 6102.92 samples/s
[Epoch 23] time cost 418.75s, valid loss 4.61, valid ppl 100.36
[Epoch 24 Batch 200/372] loss 4.85, ppl 128.00, throughput 97.20 samples/s, lr 28.71
[Epoch 24] throughput 6296.06 samples/s
[Epoch 24] time cost 399.11s, valid loss 4.60, valid ppl 99.46
[Epoch 25 Batch 200/372] loss 4.83, ppl 125.63, throughput 105.30 samples/s, lr 32.14
[Epoch 25] throughput 7142.80 samples/s
[Epoch 25] time cost 384.34s, valid loss 4.58, valid ppl 97.50
[Epoch 26 Batch 200/372] loss 4.82, ppl 124.44, throughput 95.33 samples/s, lr 30.43
[Epoch 26] throughput 6774.57 samples/s
[Epoch 26] time cost 385.60s, valid loss 4.60, valid ppl 99.72
[Epoch 27 Batch 200/372] loss 4.80, ppl 121.04, throughput 87.97 samples/s, lr 15.43
[Epoch 27] throughput 6403.30 samples/s
[Epoch 27] time cost 396.10s, valid loss 4.56, valid ppl 95.72
[Epoch 28 Batch 200/372] loss 4.77, ppl 117.64, throughput 102.00 samples/s, lr 29.57
[Epoch 28] throughput 6283.87 samples/s
[Epoch 28] time cost 422.80s, valid loss 4.58, valid ppl 97.04
[Epoch 29 Batch 200/372] loss 4.76, ppl 116.63, throughput 98.60 samples/s, lr 30.00
[Epoch 29] throughput 6870.41 samples/s
[Epoch 29] time cost 363.09s, valid loss 4.55, valid ppl 94.77
[Epoch 30 Batch 200/372] loss 4.74, ppl 113.99, throughput 105.04 samples/s, lr 32.57
[Epoch 30] throughput 7103.05 samples/s
[Epoch 30] time cost 350.11s, valid loss 4.54, valid ppl 94.10
[Epoch 31 Batch 200/372] loss 4.72, ppl 112.46, throughput 109.83 samples/s, lr 34.71
[Epoch 31] throughput 7137.70 samples/s
[Epoch 31] time cost 359.51s, valid loss 4.59, valid ppl 98.39
[Epoch 32 Batch 200/372] loss 4.70, ppl 110.37, throughput 109.69 samples/s, lr 30.00
[Epoch 32] throughput 7727.65 samples/s
[Epoch 32] time cost 350.72s, valid loss 4.52, valid ppl 92.28
test loss 4.46, test ppl 86.39
[Epoch 33 Batch 200/372] loss 4.68, ppl 108.27, throughput 100.40 samples/s, lr 29.57
[Epoch 33] throughput 6890.80 samples/s
[Epoch 33] time cost 379.30s, valid loss 4.53, valid ppl 92.58
[Epoch 34 Batch 200/372] loss 4.67, ppl 106.41, throughput 90.72 samples/s, lr 31.71
[Epoch 34] throughput 6317.00 samples/s
[Epoch 34] time cost 406.87s, valid loss 4.51, valid ppl 91.33
[Epoch 35 Batch 200/372] loss 4.66, ppl 105.18, throughput 102.22 samples/s, lr 33.00
[Epoch 35] throughput 6890.47 samples/s
[Epoch 35] time cost 358.76s, valid loss 4.50, valid ppl 90.43
[Epoch 36 Batch 200/372] loss 4.66, ppl 105.60, throughput 97.77 samples/s, lr 30.43
[Epoch 36] throughput 6507.07 samples/s
[Epoch 36] time cost 384.82s, valid loss 4.50, valid ppl 89.75
[Epoch 37 Batch 200/372] loss 4.64, ppl 103.07, throughput 112.77 samples/s, lr 30.86
[Epoch 37] throughput 7087.62 samples/s
[Epoch 37] time cost 370.65s, valid loss 4.50, valid ppl 90.12
[Epoch 38 Batch 200/372] loss 4.62, ppl 101.40, throughput 91.16 samples/s, lr 32.14
[Epoch 38] throughput 5934.82 samples/s
[Epoch 38] time cost 425.27s, valid loss 4.49, valid ppl 88.81
[Epoch 39 Batch 200/372] loss 4.60, ppl 99.63, throughput 100.03 samples/s, lr 29.14
[Epoch 39] throughput 6452.07 samples/s
[Epoch 39] time cost 392.51s, valid loss 4.49, valid ppl 89.27
[Epoch 40 Batch 200/372] loss 4.60, ppl 99.20, throughput 95.56 samples/s, lr 31.29
[Epoch 40] throughput 5979.64 samples/s
[Epoch 40] time cost 417.54s, valid loss 4.49, valid ppl 88.73
[Epoch 41 Batch 200/372] loss 4.58, ppl 97.95, throughput 103.43 samples/s, lr 30.43
[Epoch 41] throughput 7132.41 samples/s
[Epoch 41] time cost 367.24s, valid loss 4.47, valid ppl 87.66
[Epoch 42 Batch 200/372] loss 4.58, ppl 97.43, throughput 96.08 samples/s, lr 27.86
[Epoch 42] throughput 6360.98 samples/s
[Epoch 42] time cost 414.32s, valid loss 4.48, valid ppl 88.38
[Epoch 43 Batch 200/372] loss 4.57, ppl 96.53, throughput 93.11 samples/s, lr 27.43
[Epoch 43] throughput 6476.11 samples/s
[Epoch 43] time cost 407.57s, valid loss 4.47, valid ppl 87.02
[Epoch 44 Batch 200/372] loss 4.56, ppl 95.14, throughput 89.63 samples/s, lr 11.57
[Epoch 44] throughput 6567.23 samples/s
[Epoch 44] time cost 399.40s, valid loss 4.47, valid ppl 87.18
[Epoch 45 Batch 200/372] loss 4.55, ppl 94.39, throughput 91.33 samples/s, lr 29.57
[Epoch 45] throughput 6626.55 samples/s
[Epoch 45] time cost 391.27s, valid loss 4.46, valid ppl 86.76
[Epoch 46 Batch 200/372] loss 4.53, ppl 92.58, throughput 98.44 samples/s, lr 27.86
[Epoch 46] throughput 6998.40 samples/s
[Epoch 46] time cost 365.74s, valid loss 4.44, valid ppl 85.09
[Epoch 47 Batch 200/372] loss 4.52, ppl 91.64, throughput 92.01 samples/s, lr 28.71
[Epoch 47] throughput 6550.43 samples/s
[Epoch 47] time cost 391.26s, valid loss 4.44, valid ppl 84.97
test loss 4.38, test ppl 79.66
[Epoch 48 Batch 200/372] loss 4.52, ppl 92.25, throughput 88.85 samples/s, lr 26.57
[Epoch 48] throughput 6450.17 samples/s
[Epoch 48] time cost 381.91s, valid loss 4.44, valid ppl 84.58
[Epoch 49 Batch 200/372] loss 4.51, ppl 91.35, throughput 92.24 samples/s, lr 30.43
[Epoch 49] throughput 6672.22 samples/s
[Epoch 49] time cost 393.57s, valid loss 4.45, valid ppl 85.62
[Epoch 50 Batch 200/372] loss 4.50, ppl 90.19, throughput 103.82 samples/s, lr 33.43
[Epoch 50] throughput 6703.60 samples/s
[Epoch 50] time cost 362.59s, valid loss 4.47, valid ppl 87.02
[Epoch 51 Batch 200/372] loss 4.49, ppl 89.12, throughput 93.06 samples/s, lr 29.14
[Epoch 51] throughput 6428.38 samples/s
[Epoch 51] time cost 381.95s, valid loss 4.45, valid ppl 85.23
[Epoch 52 Batch 200/372] loss 4.48, ppl 88.37, throughput 102.76 samples/s, lr 28.71
[Epoch 52] throughput 6881.25 samples/s
[Epoch 52] time cost 363.12s, valid loss 4.43, valid ppl 83.93
[Epoch 53 Batch 200/372] loss 4.48, ppl 88.49, throughput 99.52 samples/s, lr 30.00
[Epoch 53] throughput 6575.91 samples/s
[Epoch 53] time cost 392.42s, valid loss 4.43, valid ppl 83.88
[Epoch 54 Batch 200/372] loss 4.47, ppl 87.65, throughput 93.69 samples/s, lr 27.43
[Epoch 54] throughput 6763.99 samples/s
[Epoch 54] time cost 382.70s, valid loss 4.42, valid ppl 82.74
[Epoch 55 Batch 200/372] loss 4.47, ppl 87.33, throughput 99.84 samples/s, lr 26.57
[Epoch 55] throughput 6301.38 samples/s
[Epoch 55] time cost 411.33s, valid loss 4.43, valid ppl 83.89
[Epoch 56 Batch 200/372] loss 4.46, ppl 86.19, throughput 84.26 samples/s, lr 31.71
[Epoch 56] throughput 6126.04 samples/s
[Epoch 56] time cost 412.11s, valid loss 4.42, valid ppl 83.17
[Epoch 57 Batch 200/372] loss 4.44, ppl 84.96, throughput 98.45 samples/s, lr 27.00
[Epoch 57] throughput 6867.74 samples/s
[Epoch 57] time cost 383.99s, valid loss 4.41, valid ppl 82.24
[Epoch 58 Batch 200/372] loss 4.43, ppl 84.05, throughput 79.51 samples/s, lr 26.14
[Epoch 58] throughput 5536.38 samples/s
[Epoch 58] time cost 463.73s, valid loss 4.42, valid ppl 83.14
[Epoch 59 Batch 200/372] loss 4.43, ppl 84.15, throughput 79.03 samples/s, lr 30.43
[Epoch 59] throughput 6043.95 samples/s
[Epoch 59] time cost 419.97s, valid loss 4.43, valid ppl 83.74
[Epoch 60 Batch 200/372] loss 4.43, ppl 83.70, throughput 86.79 samples/s, lr 30.43
[Epoch 60] throughput 6379.66 samples/s
[Epoch 60] time cost 397.98s, valid loss 4.43, valid ppl 84.26
[Epoch 61 Batch 200/372] loss 4.42, ppl 83.35, throughput 93.63 samples/s, lr 32.57
[Epoch 61] throughput 6346.68 samples/s
[Epoch 61] time cost 426.67s, valid loss 4.43, valid ppl 84.02
[Epoch 62 Batch 200/372] loss 4.41, ppl 82.25, throughput 99.37 samples/s, lr 32.57
[Epoch 62] throughput 6743.11 samples/s
[Epoch 62] time cost 375.12s, valid loss 4.40, valid ppl 81.45
[Epoch 63 Batch 200/372] loss 4.40, ppl 81.73, throughput 102.12 samples/s, lr 26.14
[Epoch 63] throughput 6691.89 samples/s
[Epoch 63] time cost 375.77s, valid loss 4.42, valid ppl 82.73
[Epoch 64 Batch 200/372] loss 4.40, ppl 81.61, throughput 102.89 samples/s, lr 28.71
[Epoch 64] throughput 6850.19 samples/s
[Epoch 64] time cost 385.03s, valid loss 4.40, valid ppl 81.47
[Epoch 65 Batch 200/372] loss 4.40, ppl 81.44, throughput 85.08 samples/s, lr 30.43
[Epoch 65] throughput 5657.45 samples/s
[Epoch 65] time cost 445.97s, valid loss 4.40, valid ppl 81.55
[Epoch 66 Batch 200/372] loss 4.40, ppl 81.14, throughput 96.17 samples/s, lr 33.86
[Epoch 66] throughput 7000.45 samples/s
[Epoch 66] time cost 360.81s, valid loss 4.40, valid ppl 81.61
[Epoch 67 Batch 200/372] loss 4.39, ppl 80.52, throughput 95.49 samples/s, lr 28.71
[Epoch 67] throughput 6770.51 samples/s
[Epoch 67] time cost 386.25s, valid loss 4.40, valid ppl 81.48
[Epoch 68 Batch 200/372] loss 4.39, ppl 80.56, throughput 96.86 samples/s, lr 31.29
[Epoch 68] throughput 6740.28 samples/s
[Epoch 68] time cost 407.33s, valid loss 4.40, valid ppl 81.76
[Epoch 69 Batch 200/372] loss 4.38, ppl 79.73, throughput 94.93 samples/s, lr 27.43
[Epoch 69] throughput 6507.59 samples/s
[Epoch 69] time cost 402.03s, valid loss 4.40, valid ppl 81.68
[Epoch 70 Batch 200/372] loss 4.37, ppl 79.16, throughput 94.35 samples/s, lr 25.71
[Epoch 70] throughput 6112.26 samples/s
[Epoch 70] time cost 441.55s, valid loss 4.41, valid ppl 82.42
[Epoch 71 Batch 200/372] loss 4.37, ppl 78.88, throughput 96.09 samples/s, lr 29.57
[Epoch 71] throughput 6702.58 samples/s
[Epoch 71] time cost 405.76s, valid loss 4.40, valid ppl 81.77
[Epoch 72 Batch 200/372] loss 4.37, ppl 79.05, throughput 92.17 samples/s, lr 13.71
[Epoch 72] throughput 6660.92 samples/s
[Epoch 72] time cost 388.14s, valid loss 4.39, valid ppl 81.01
[Epoch 73 Batch 200/372] loss 4.36, ppl 77.93, throughput 94.74 samples/s, lr 28.29
[Epoch 73] throughput 6742.28 samples/s
[Epoch 73] time cost 379.55s, valid loss 4.39, valid ppl 80.89
[Epoch 74 Batch 200/372] loss 4.36, ppl 78.06, throughput 101.24 samples/s, lr 30.86
[Epoch 74] throughput 6899.63 samples/s
[Epoch 74] time cost 389.96s, valid loss 4.40, valid ppl 81.24
[Epoch 75 Batch 200/372] loss 4.36, ppl 77.94, throughput 97.38 samples/s, lr 28.71
[Epoch 75] throughput 6957.57 samples/s
[Epoch 75] time cost 382.25s, valid loss 4.38, valid ppl 79.75
[Epoch 76 Batch 200/372] loss 4.34, ppl 76.38, throughput 109.93 samples/s, lr 15.86
[Epoch 76] throughput 7241.29 samples/s
[Epoch 76] time cost 379.18s, valid loss 4.38, valid ppl 80.08
[Epoch 77 Batch 200/372] loss 4.35, ppl 77.31, throughput 95.46 samples/s, lr 29.14
[Epoch 77] throughput 6751.99 samples/s
[Epoch 77] time cost 379.60s, valid loss 4.40, valid ppl 81.33
[Epoch 78 Batch 200/372] loss 4.33, ppl 76.13, throughput 92.10 samples/s, lr 29.57
[Epoch 78] throughput 6642.96 samples/s
[Epoch 78] time cost 412.98s, valid loss 4.37, valid ppl 79.32
test loss 4.31, test ppl 74.52
[Epoch 79 Batch 200/372] loss 4.33, ppl 76.06, throughput 103.63 samples/s, lr 27.00
[Epoch 79] throughput 6959.06 samples/s
[Epoch 79] time cost 369.27s, valid loss 4.38, valid ppl 79.89
[Epoch 80 Batch 200/372] loss 4.33, ppl 75.84, throughput 95.97 samples/s, lr 29.57
[Epoch 80] throughput 6416.39 samples/s
[Epoch 80] time cost 401.17s, valid loss 4.38, valid ppl 79.84
[Epoch 81 Batch 200/372] loss 4.33, ppl 75.76, throughput 98.68 samples/s, lr 32.57
[Epoch 81] throughput 6863.18 samples/s
[Epoch 81] time cost 395.96s, valid loss 4.38, valid ppl 80.07
[Epoch 82 Batch 200/372] loss 4.32, ppl 74.90, throughput 92.66 samples/s, lr 28.29
[Epoch 82] throughput 6167.77 samples/s
[Epoch 82] time cost 393.27s, valid loss 4.36, valid ppl 78.48
[Epoch 83 Batch 200/372] loss 4.32, ppl 75.04, throughput 104.72 samples/s, lr 27.43
[Epoch 83] throughput 6887.22 samples/s
[Epoch 83] time cost 381.72s, valid loss 4.38, valid ppl 80.18
[Epoch 84 Batch 200/372] loss 4.31, ppl 74.51, throughput 102.75 samples/s, lr 26.57
[Epoch 84] throughput 6848.97 samples/s
[Epoch 84] time cost 382.23s, valid loss 4.37, valid ppl 79.17
[Epoch 85 Batch 200/372] loss 4.31, ppl 74.14, throughput 94.63 samples/s, lr 32.57
[Epoch 85] throughput 6553.01 samples/s
[Epoch 85] time cost 403.88s, valid loss 4.37, valid ppl 78.67
[Epoch 86 Batch 200/372] loss 4.30, ppl 73.79, throughput 94.24 samples/s, lr 30.86
[Epoch 86] throughput 6470.95 samples/s
[Epoch 86] time cost 398.29s, valid loss 4.37, valid ppl 78.69
[Epoch 87 Batch 200/372] loss 4.30, ppl 73.71, throughput 109.46 samples/s, lr 29.14
[Epoch 87] throughput 6230.05 samples/s
[Epoch 87] time cost 418.03s, valid loss 4.37, valid ppl 79.31
[Epoch 88 Batch 200/372] loss 4.29, ppl 73.09, throughput 85.59 samples/s, lr 33.00
[Epoch 88] throughput 5847.19 samples/s
[Epoch 88] time cost 436.43s, valid loss 4.37, valid ppl 79.06
[Epoch 89 Batch 200/372] loss 4.29, ppl 73.04, throughput 103.25 samples/s, lr 27.86
[Epoch 89] throughput 6614.27 samples/s
[Epoch 89] time cost 387.25s, valid loss 4.37, valid ppl 78.66
[Epoch 90 Batch 200/372] loss 4.28, ppl 72.53, throughput 97.63 samples/s, lr 28.71
[Epoch 90] throughput 6598.99 samples/s
[Epoch 90] time cost 407.08s, valid loss 4.37, valid ppl 79.02
[Epoch 91 Batch 200/372] loss 4.28, ppl 72.12, throughput 98.39 samples/s, lr 15.43
[Epoch 91] throughput 6849.80 samples/s
[Epoch 91] time cost 379.70s, valid loss 4.37, valid ppl 78.74
[Epoch 92 Batch 200/372] loss 4.28, ppl 72.60, throughput 96.41 samples/s, lr 28.71
[Epoch 92] throughput 6131.51 samples/s
[Epoch 92] time cost 423.29s, valid loss 4.38, valid ppl 79.54
[Epoch 93 Batch 200/372] loss 4.28, ppl 71.89, throughput 99.05 samples/s, lr 13.29
[Epoch 93] throughput 6787.56 samples/s
[Epoch 93] time cost 388.25s, valid loss 4.36, valid ppl 78.07
[Epoch 94 Batch 200/372] loss 4.28, ppl 72.50, throughput 102.88 samples/s, lr 33.43
[Epoch 94] throughput 6869.05 samples/s
[Epoch 94] time cost 401.65s, valid loss 4.37, valid ppl 79.18
[Epoch 95 Batch 200/372] loss 4.27, ppl 71.32, throughput 71.85 samples/s, lr 28.29
[Epoch 95] throughput 5308.30 samples/s
[Epoch 95] time cost 466.39s, valid loss 4.36, valid ppl 77.98
[Epoch 96 Batch 200/372] loss 4.26, ppl 70.88, throughput 104.20 samples/s, lr 31.71
[Epoch 96] throughput 6648.64 samples/s
[Epoch 96] time cost 398.55s, valid loss 4.37, valid ppl 79.03
[Epoch 97 Batch 200/372] loss 4.27, ppl 71.50, throughput 97.93 samples/s, lr 34.29
[Epoch 97] throughput 5943.71 samples/s
[Epoch 97] time cost 427.44s, valid loss 4.37, valid ppl 78.84
[Epoch 98 Batch 200/372] loss 4.27, ppl 71.81, throughput 106.65 samples/s, lr 15.43
[Epoch 98] throughput 6513.66 samples/s
[Epoch 98] time cost 391.65s, valid loss 4.36, valid ppl 78.18
[Epoch 99 Batch 200/372] loss 4.26, ppl 70.67, throughput 106.62 samples/s, lr 28.71
[Epoch 99] throughput 6709.64 samples/s
[Epoch 99] time cost 383.95s, valid loss 4.36, valid ppl 78.14
[Epoch 100 Batch 200/372] loss 4.25, ppl 70.24, throughput 98.08 samples/s, lr 27.00
[Epoch 100] throughput 6417.27 samples/s
[Epoch 100] time cost 406.03s, valid loss 4.37, valid ppl 78.89
[Epoch 101 Batch 200/372] loss 4.26, ppl 70.80, throughput 112.57 samples/s, lr 17.14
[Epoch 101] throughput 7411.77 samples/s
[Epoch 101] time cost 351.27s, valid loss 4.35, valid ppl 77.39
[Epoch 102 Batch 200/372] loss 4.25, ppl 70.35, throughput 86.63 samples/s, lr 27.43
[Epoch 102] throughput 6403.83 samples/s
[Epoch 102] time cost 410.97s, valid loss 4.40, valid ppl 81.70
[Epoch 103 Batch 200/372] loss 4.25, ppl 70.39, throughput 102.33 samples/s, lr 28.71
[Epoch 103] throughput 6878.46 samples/s
[Epoch 103] time cost 382.51s, valid loss 4.35, valid ppl 77.65
[Epoch 104 Batch 200/372] loss 4.24, ppl 69.21, throughput 94.11 samples/s, lr 31.29
[Epoch 104] throughput 6197.62 samples/s
[Epoch 104] time cost 408.34s, valid loss 4.35, valid ppl 77.38
[Epoch 105 Batch 200/372] loss 4.25, ppl 70.22, throughput 103.70 samples/s, lr 27.86
[Epoch 105] throughput 7121.81 samples/s
[Epoch 105] time cost 346.11s, valid loss 4.34, valid ppl 76.72
[Epoch 106 Batch 200/372] loss 4.24, ppl 69.37, throughput 97.06 samples/s, lr 27.86
[Epoch 106] throughput 6529.52 samples/s
[Epoch 106] time cost 389.36s, valid loss 4.35, valid ppl 77.62
[Epoch 107 Batch 200/372] loss 4.24, ppl 69.63, throughput 96.65 samples/s, lr 24.00
[Epoch 107] throughput 6152.45 samples/s
[Epoch 107] time cost 418.65s, valid loss 4.36, valid ppl 77.89
[Epoch 108 Batch 200/372] loss 4.24, ppl 69.28, throughput 101.47 samples/s, lr 31.29
[Epoch 108] throughput 6612.32 samples/s
[Epoch 108] time cost 383.66s, valid loss 4.35, valid ppl 77.15
[Epoch 109 Batch 200/372] loss 4.23, ppl 68.78, throughput 105.57 samples/s, lr 30.00
[Epoch 109] throughput 6961.26 samples/s
[Epoch 109] time cost 358.04s, valid loss 4.34, valid ppl 76.77
[Epoch 110 Batch 200/372] loss 4.24, ppl 69.08, throughput 95.73 samples/s, lr 34.71
[Epoch 110] throughput 6616.78 samples/s
[Epoch 110] time cost 395.85s, valid loss 4.35, valid ppl 77.30
[Epoch 111 Batch 200/372] loss 4.23, ppl 68.80, throughput 104.91 samples/s, lr 32.57
[Epoch 111] throughput 6982.11 samples/s
[Epoch 111] time cost 367.85s, valid loss 4.35, valid ppl 77.38
[Epoch 112 Batch 200/372] loss 4.22, ppl 67.95, throughput 95.31 samples/s, lr 28.71
[Epoch 112] throughput 6468.30 samples/s
[Epoch 112] time cost 393.03s, valid loss 4.34, valid ppl 76.39
[Epoch 113 Batch 200/372] loss 4.22, ppl 67.80, throughput 99.77 samples/s, lr 27.86
[Epoch 113] throughput 6819.30 samples/s
[Epoch 113] time cost 380.60s, valid loss 4.35, valid ppl 77.24
[Epoch 114 Batch 200/372] loss 4.22, ppl 67.84, throughput 103.18 samples/s, lr 32.57
[Epoch 114] throughput 6583.59 samples/s
[Epoch 114] time cost 388.78s, valid loss 4.34, valid ppl 76.64
[Epoch 115 Batch 200/372] loss 4.22, ppl 67.77, throughput 86.29 samples/s, lr 31.71
[Epoch 115] throughput 6375.12 samples/s
[Epoch 115] time cost 415.83s, valid loss 4.35, valid ppl 77.67
[Epoch 116 Batch 200/372] loss 4.22, ppl 68.04, throughput 80.08 samples/s, lr 31.29
[Epoch 116] throughput 5889.56 samples/s
[Epoch 116] time cost 432.28s, valid loss 4.34, valid ppl 76.75
[Epoch 117 Batch 200/372] loss 4.22, ppl 68.12, throughput 99.57 samples/s, lr 28.71
[Epoch 117] throughput 5836.40 samples/s
[Epoch 117] time cost 437.67s, valid loss 4.36, valid ppl 77.96
[Epoch 118 Batch 200/372] loss 4.20, ppl 66.88, throughput 99.18 samples/s, lr 31.29
[Epoch 118] throughput 6151.37 samples/s
[Epoch 118] time cost 410.38s, valid loss 4.35, valid ppl 77.75
[Epoch 119 Batch 200/372] loss 4.21, ppl 67.46, throughput 98.82 samples/s, lr 29.57
[Epoch 119] throughput 6542.63 samples/s
[Epoch 119] time cost 386.93s, valid loss 4.34, valid ppl 76.86
[Epoch 120 Batch 200/372] loss 4.20, ppl 66.65, throughput 88.82 samples/s, lr 33.86
[Epoch 120] throughput 6302.89 samples/s
[Epoch 120] time cost 398.83s, valid loss 4.35, valid ppl 77.33
[Epoch 121 Batch 200/372] loss 4.21, ppl 67.12, throughput 102.58 samples/s, lr 29.57
[Epoch 121] throughput 6583.97 samples/s
[Epoch 121] time cost 395.47s, valid loss 4.34, valid ppl 76.70
[Epoch 122 Batch 200/372] loss 4.21, ppl 67.09, throughput 88.03 samples/s, lr 30.00
[Epoch 122] throughput 6192.52 samples/s
[Epoch 122] time cost 418.92s, valid loss 4.34, valid ppl 76.86
[Epoch 123 Batch 200/372] loss 4.21, ppl 67.25, throughput 93.61 samples/s, lr 30.86
[Epoch 123] throughput 6894.31 samples/s
[Epoch 123] time cost 380.69s, valid loss 4.34, valid ppl 76.68
[Epoch 124 Batch 200/372] loss 4.20, ppl 66.59, throughput 92.47 samples/s, lr 29.57
[Epoch 124] throughput 6329.14 samples/s
[Epoch 124] time cost 405.22s, valid loss 4.34, valid ppl 77.03
[Epoch 125 Batch 200/372] loss 4.20, ppl 66.41, throughput 98.04 samples/s, lr 27.86
[Epoch 125] throughput 7001.51 samples/s
[Epoch 125] time cost 365.93s, valid loss 4.35, valid ppl 77.57
[Epoch 126 Batch 200/372] loss 4.20, ppl 66.62, throughput 100.79 samples/s, lr 32.14
[Epoch 126] throughput 6848.68 samples/s
[Epoch 126] time cost 374.84s, valid loss 4.35, valid ppl 77.14
[Epoch 127 Batch 200/372] loss 4.20, ppl 66.35, throughput 87.70 samples/s, lr 31.71
[Epoch 127] throughput 6143.18 samples/s
[Epoch 127] time cost 411.85s, valid loss 4.33, valid ppl 76.30
[Epoch 128 Batch 200/372] loss 4.18, ppl 65.69, throughput 104.27 samples/s, lr 30.00
[Epoch 128] throughput 6869.50 samples/s
[Epoch 128] time cost 386.80s, valid loss 4.35, valid ppl 77.19
[Epoch 129 Batch 200/372] loss 4.19, ppl 65.88, throughput 110.04 samples/s, lr 32.57
[Epoch 129] throughput 6521.84 samples/s
[Epoch 129] time cost 393.02s, valid loss 4.33, valid ppl 76.31
[Epoch 130 Batch 200/372] loss 4.18, ppl 65.50, throughput 100.17 samples/s, lr 31.29
[Epoch 130] throughput 6921.71 samples/s
[Epoch 130] time cost 366.98s, valid loss 4.34, valid ppl 77.07
[Epoch 131 Batch 200/372] loss 4.19, ppl 65.71, throughput 83.38 samples/s, lr 14.57
[Epoch 131] throughput 6405.01 samples/s
[Epoch 131] time cost 404.75s, valid loss 4.33, valid ppl 76.18
[Epoch 132 Batch 200/372] loss 4.18, ppl 65.44, throughput 90.46 samples/s, lr 27.00
[Epoch 132] throughput 6402.60 samples/s
[Epoch 132] time cost 393.12s, valid loss 4.33, valid ppl 75.86
test loss 4.27, test ppl 71.86
[Epoch 133 Batch 200/372] loss 4.18, ppl 65.19, throughput 74.78 samples/s, lr 29.57
[Epoch 133] throughput 5716.83 samples/s
[Epoch 133] time cost 442.78s, valid loss 4.33, valid ppl 76.23
[Epoch 134 Batch 200/372] loss 4.18, ppl 65.14, throughput 100.17 samples/s, lr 30.43
[Epoch 134] throughput 6849.03 samples/s
[Epoch 134] time cost 383.47s, valid loss 4.37, valid ppl 78.90
[Epoch 135 Batch 200/372] loss 4.17, ppl 64.79, throughput 99.95 samples/s, lr 28.71
[Epoch 135] throughput 6169.01 samples/s
[Epoch 135] time cost 413.18s, valid loss 4.34, valid ppl 76.39
[Epoch 136 Batch 200/372] loss 4.17, ppl 64.93, throughput 78.12 samples/s, lr 27.00
[Epoch 136] throughput 6053.60 samples/s
[Epoch 136] time cost 424.16s, valid loss 4.34, valid ppl 76.46
[Epoch 137 Batch 200/372] loss 4.18, ppl 65.14, throughput 88.78 samples/s, lr 29.57
[Epoch 137] throughput 6572.12 samples/s
[Epoch 137] time cost 387.01s, valid loss 4.35, valid ppl 77.47
[Epoch 138 Batch 200/372] loss 4.17, ppl 64.57, throughput 99.14 samples/s, lr 33.00
[Epoch 138] throughput 6780.49 samples/s
[Epoch 138] time cost 385.16s, valid loss 4.33, valid ppl 75.86
[Epoch 139 Batch 200/372] loss 4.17, ppl 64.83, throughput 83.20 samples/s, lr 29.57
[Epoch 139] throughput 6138.42 samples/s
[Epoch 139] time cost 410.38s, valid loss 4.35, valid ppl 77.10
[Epoch 140 Batch 200/372] loss 4.17, ppl 64.91, throughput 103.28 samples/s, lr 13.71
[Epoch 140] throughput 6790.39 samples/s
[Epoch 140] time cost 381.71s, valid loss 4.35, valid ppl 77.28
[Epoch 141 Batch 200/372] loss 4.17, ppl 64.89, throughput 98.59 samples/s, lr 30.43
[Epoch 141] throughput 6602.18 samples/s
[Epoch 141] time cost 393.35s, valid loss 4.33, valid ppl 75.82
[Epoch 142 Batch 200/372] loss 4.16, ppl 64.34, throughput 87.60 samples/s, lr 27.86
[Epoch 142] throughput 6458.42 samples/s
[Epoch 142] time cost 399.63s, valid loss 4.33, valid ppl 75.76
[Epoch 143 Batch 200/372] loss 4.16, ppl 64.16, throughput 99.23 samples/s, lr 26.14
[Epoch 143] throughput 6799.82 samples/s
[Epoch 143] time cost 374.87s, valid loss 4.33, valid ppl 76.05
[Epoch 144 Batch 200/372] loss 4.17, ppl 64.75, throughput 92.44 samples/s, lr 27.00
[Epoch 144] throughput 6483.59 samples/s
[Epoch 144] time cost 401.42s, valid loss 4.34, valid ppl 76.68
[Epoch 145 Batch 200/372] loss 4.17, ppl 64.44, throughput 87.67 samples/s, lr 32.14
[Epoch 145] throughput 6413.00 samples/s
[Epoch 145] time cost 391.99s, valid loss 4.34, valid ppl 76.92
[Epoch 146 Batch 200/372] loss 4.16, ppl 64.08, throughput 97.76 samples/s, lr 31.29
[Epoch 146] throughput 6790.52 samples/s
[Epoch 146] time cost 382.29s, valid loss 4.33, valid ppl 76.09
[Epoch 147 Batch 200/372] loss 4.16, ppl 63.91, throughput 99.91 samples/s, lr 31.29
[Epoch 147] throughput 6704.62 samples/s
[Epoch 147] time cost 383.00s, valid loss 4.33, valid ppl 75.60
[Epoch 148 Batch 200/372] loss 4.15, ppl 63.56, throughput 96.10 samples/s, lr 29.57
[Epoch 148] throughput 6452.45 samples/s
[Epoch 148] time cost 394.82s, valid loss 4.33, valid ppl 76.05
[Epoch 149 Batch 200/372] loss 4.15, ppl 63.25, throughput 96.95 samples/s, lr 29.14
[Epoch 149] throughput 6247.48 samples/s
[Epoch 149] time cost 404.04s, valid loss 4.34, valid ppl 76.38
[Epoch 150 Batch 200/372] loss 4.16, ppl 64.20, throughput 106.37 samples/s, lr 31.71
[Epoch 150] throughput 7460.40 samples/s
[Epoch 150] time cost 374.35s, valid loss 4.33, valid ppl 75.59
[Epoch 151 Batch 200/372] loss 4.15, ppl 63.69, throughput 104.59 samples/s, lr 31.29
[Epoch 151] throughput 6469.70 samples/s
[Epoch 151] time cost 393.28s, valid loss 4.33, valid ppl 76.17
[Epoch 152 Batch 200/372] loss 4.15, ppl 63.72, throughput 106.39 samples/s, lr 30.43
[Epoch 152] throughput 7435.98 samples/s
[Epoch 152] time cost 350.00s, valid loss 4.33, valid ppl 75.94
[Epoch 153 Batch 200/372] loss 4.15, ppl 63.21, throughput 104.97 samples/s, lr 30.86
[Epoch 153] throughput 7439.19 samples/s
[Epoch 153] time cost 362.46s, valid loss 4.32, valid ppl 75.45
[Epoch 154 Batch 200/372] loss 4.15, ppl 63.64, throughput 92.09 samples/s, lr 33.00
[Epoch 154] throughput 6986.18 samples/s
[Epoch 154] time cost 349.28s, valid loss 4.32, valid ppl 75.35
[Epoch 155 Batch 200/372] loss 4.14, ppl 63.05, throughput 105.14 samples/s, lr 30.86
[Epoch 155] throughput 7241.42 samples/s
[Epoch 155] time cost 352.93s, valid loss 4.35, valid ppl 77.28
[Epoch 156 Batch 200/372] loss 4.15, ppl 63.29, throughput 108.12 samples/s, lr 30.43
[Epoch 156] throughput 7810.14 samples/s
[Epoch 156] time cost 335.60s, valid loss 4.32, valid ppl 75.29
[Epoch 157 Batch 200/372] loss 4.14, ppl 62.70, throughput 96.37 samples/s, lr 27.43
[Epoch 157] throughput 7042.10 samples/s
[Epoch 157] time cost 366.50s, valid loss 4.33, valid ppl 76.13
[Epoch 158 Batch 200/372] loss 4.14, ppl 62.73, throughput 104.81 samples/s, lr 33.43
[Epoch 158] throughput 7294.46 samples/s
[Epoch 158] time cost 372.41s, valid loss 4.32, valid ppl 75.54
[Epoch 159 Batch 200/372] loss 4.14, ppl 62.57, throughput 102.01 samples/s, lr 27.43
[Epoch 159] throughput 6965.35 samples/s
[Epoch 159] time cost 360.57s, valid loss 4.32, valid ppl 75.19
[Epoch 160 Batch 200/372] loss 4.15, ppl 63.66, throughput 112.55 samples/s, lr 27.86
[Epoch 160] throughput 7977.12 samples/s
[Epoch 160] time cost 331.56s, valid loss 4.33, valid ppl 75.86
[Epoch 161 Batch 200/372] loss 4.14, ppl 62.98, throughput 110.75 samples/s, lr 30.43
[Epoch 161] throughput 7054.16 samples/s
[Epoch 161] time cost 377.60s, valid loss 4.33, valid ppl 75.66
[Epoch 162 Batch 200/372] loss 4.13, ppl 62.13, throughput 108.37 samples/s, lr 29.14
[Epoch 162] throughput 7390.90 samples/s
[Epoch 162] time cost 351.50s, valid loss 4.33, valid ppl 75.66
[Epoch 163 Batch 200/372] loss 4.14, ppl 62.79, throughput 125.40 samples/s, lr 28.71
[Epoch 163] throughput 7947.96 samples/s
[Epoch 163] time cost 312.30s, valid loss 4.32, valid ppl 74.96
[Epoch 164 Batch 200/372] loss 4.14, ppl 62.77, throughput 115.47 samples/s, lr 30.43
[Epoch 164] throughput 7161.81 samples/s
[Epoch 164] time cost 354.83s, valid loss 4.32, valid ppl 75.19
[Epoch 165 Batch 200/372] loss 4.13, ppl 62.23, throughput 123.18 samples/s, lr 29.14
[Epoch 165] throughput 7928.74 samples/s
[Epoch 165] time cost 332.98s, valid loss 4.32, valid ppl 75.50
[Epoch 166 Batch 200/372] loss 4.12, ppl 61.55, throughput 118.71 samples/s, lr 29.57
[Epoch 166] throughput 7509.53 samples/s
[Epoch 166] time cost 361.72s, valid loss 4.34, valid ppl 76.47
[Epoch 167 Batch 200/372] loss 4.13, ppl 62.25, throughput 111.62 samples/s, lr 34.71
[Epoch 167] throughput 7309.01 samples/s
[Epoch 167] time cost 352.87s, valid loss 4.32, valid ppl 75.02
[Epoch 168 Batch 200/372] loss 4.13, ppl 61.94, throughput 112.50 samples/s, lr 29.57
[Epoch 168] throughput 7737.39 samples/s
[Epoch 168] time cost 364.80s, valid loss 4.34, valid ppl 76.67
[Epoch 169 Batch 200/372] loss 4.12, ppl 61.69, throughput 85.02 samples/s, lr 28.71
[Epoch 169] throughput 6522.11 samples/s
[Epoch 169] time cost 380.41s, valid loss 4.32, valid ppl 74.98
[Epoch 170 Batch 200/372] loss 4.13, ppl 62.29, throughput 102.68 samples/s, lr 30.00
[Epoch 170] throughput 6909.92 samples/s
[Epoch 170] time cost 380.72s, valid loss 4.33, valid ppl 76.28
[Epoch 171 Batch 200/372] loss 4.12, ppl 61.50, throughput 99.03 samples/s, lr 32.14
[Epoch 171] throughput 7026.27 samples/s
[Epoch 171] time cost 366.67s, valid loss 4.32, valid ppl 75.26
[Epoch 172 Batch 200/372] loss 4.13, ppl 61.88, throughput 122.21 samples/s, lr 29.14
[Epoch 172] throughput 8229.64 samples/s
[Epoch 172] time cost 329.97s, valid loss 4.34, valid ppl 76.42
[Epoch 173 Batch 200/372] loss 4.12, ppl 61.37, throughput 104.45 samples/s, lr 31.29
[Epoch 173] throughput 7272.95 samples/s
[Epoch 173] time cost 345.02s, valid loss 4.34, valid ppl 76.48
[Epoch 174 Batch 200/372] loss 4.12, ppl 61.49, throughput 102.28 samples/s, lr 29.14
[Epoch 174] throughput 7058.83 samples/s
[Epoch 174] time cost 377.54s, valid loss 4.33, valid ppl 76.15
[Epoch 175 Batch 200/372] loss 4.12, ppl 61.36, throughput 109.93 samples/s, lr 33.00
[Epoch 175] throughput 7622.28 samples/s
[Epoch 175] time cost 351.41s, valid loss 4.34, valid ppl 76.39
[Epoch 176 Batch 200/372] loss 4.11, ppl 61.09, throughput 99.17 samples/s, lr 35.14
[Epoch 176] throughput 6773.05 samples/s
[Epoch 176] time cost 376.00s, valid loss 4.32, valid ppl 74.97
[Epoch 177 Batch 200/372] loss 4.12, ppl 61.53, throughput 107.38 samples/s, lr 28.29
[Epoch 177] throughput 7736.38 samples/s
[Epoch 177] time cost 340.78s, valid loss 4.31, valid ppl 74.16
test loss 4.26, test ppl 70.49
[Epoch 178 Batch 200/372] loss 4.11, ppl 61.19, throughput 103.57 samples/s, lr 28.29
[Epoch 178] throughput 7576.35 samples/s
[Epoch 178] time cost 348.73s, valid loss 4.31, valid ppl 74.52
[Epoch 179 Batch 200/372] loss 4.12, ppl 61.25, throughput 99.19 samples/s, lr 30.00
[Epoch 179] throughput 7110.05 samples/s
[Epoch 179] time cost 362.50s, valid loss 4.32, valid ppl 74.90
Best validation loss 4.29, test ppl 73.32
Best test loss 4.24, test ppl 69.74
