INFO:root:Namespace(batch_size=128, drop_rate=0.0, logging_dir='logs', lr=0.1, lr_decay=0.1, lr_decay_epoch='150,300', lr_decay_period=0, mode='hybrid', model='cifar_resnet110_v1', momentum=0.9, num_epochs=500, num_gpus=1, num_workers=8, resume_from=None, save_dir='params', save_period=10, save_plot_dir='.', wd=0.0001)
/usr/local/lib/python2.7/dist-packages/mxnet/gluon/data/vision/datasets.py:193: DeprecationWarning: The binary mode of fromstring is deprecated, as it behaves surprisingly on unicode inputs. Use frombuffer instead
  data = np.fromstring(fin.read(), dtype=np.uint8).reshape(-1, 3072+1)
[01:15:15] src/operator/nn/./cudnn/./cudnn_algoreg-inl.h:107: Running performance tests to find the best convolution algorithm, this can take a while... (setting env variable MXNET_CUDNN_AUTOTUNE_DEFAULT to 0 to disable)
INFO:root:[Epoch 0] train=0.244205 val=0.188600 loss=2.513885 time: 34.226374
INFO:root:[Epoch 1] train=0.237053 val=0.253200 loss=2.160258 time: 33.099551
INFO:root:[Epoch 2] train=0.233672 val=0.299500 loss=2.122985 time: 33.003054
INFO:root:[Epoch 3] train=0.232560 val=0.344400 loss=2.072543 time: 33.225183
INFO:root:[Epoch 4] train=0.230395 val=0.349400 loss=2.025679 time: 33.123349
INFO:root:[Epoch 5] train=0.226829 val=0.413600 loss=1.989080 time: 33.004215
INFO:root:[Epoch 6] train=0.223103 val=0.438000 loss=1.957007 time: 32.992791
INFO:root:[Epoch 7] train=0.220875 val=0.456800 loss=1.922437 time: 32.989117
INFO:root:[Epoch 8] train=0.219009 val=0.407200 loss=1.869379 time: 32.987396
INFO:root:[Epoch 9] train=0.216732 val=0.448000 loss=1.839257 time: 33.015136
INFO:root:[Epoch 10] train=0.214016 val=0.500800 loss=1.797930 time: 33.077110
INFO:root:[Epoch 11] train=0.210256 val=0.576300 loss=1.779477 time: 32.913672
INFO:root:[Epoch 12] train=0.207588 val=0.587000 loss=1.759987 time: 32.944186
INFO:root:[Epoch 13] train=0.204990 val=0.563800 loss=1.751374 time: 32.824170
INFO:root:[Epoch 14] train=0.204574 val=0.630200 loss=1.708661 time: 32.986940
INFO:root:[Epoch 15] train=0.203438 val=0.653700 loss=1.691039 time: 32.973872
INFO:root:[Epoch 16] train=0.200398 val=0.623500 loss=1.682395 time: 33.132024
INFO:root:[Epoch 17] train=0.199003 val=0.670000 loss=1.670763 time: 32.836586
INFO:root:[Epoch 18] train=0.197005 val=0.590900 loss=1.649166 time: 32.842384
INFO:root:[Epoch 19] train=0.196628 val=0.677800 loss=1.635475 time: 32.719404
INFO:root:[Epoch 20] train=0.195388 val=0.670400 loss=1.597714 time: 33.044527
INFO:root:[Epoch 21] train=0.194342 val=0.681200 loss=1.612932 time: 33.033111
INFO:root:[Epoch 22] train=0.193384 val=0.719900 loss=1.585138 time: 32.891828
INFO:root:[Epoch 23] train=0.190989 val=0.737500 loss=1.606542 time: 33.095859
INFO:root:[Epoch 24] train=0.190306 val=0.710400 loss=1.577782 time: 32.893464
INFO:root:[Epoch 25] train=0.188913 val=0.662900 loss=1.586673 time: 32.919366
INFO:root:[Epoch 26] train=0.189903 val=0.739900 loss=1.582885 time: 33.074421
INFO:root:[Epoch 27] train=0.190175 val=0.748600 loss=1.562210 time: 33.263588
INFO:root:[Epoch 28] train=0.189365 val=0.718000 loss=1.548217 time: 32.778642
INFO:root:[Epoch 29] train=0.188280 val=0.728400 loss=1.525495 time: 32.999952
INFO:root:[Epoch 30] train=0.187334 val=0.738500 loss=1.554356 time: 33.047998
INFO:root:[Epoch 31] train=0.185554 val=0.746300 loss=1.544122 time: 32.981037
INFO:root:[Epoch 32] train=0.185140 val=0.739700 loss=1.525506 time: 33.127371
INFO:root:[Epoch 33] train=0.184362 val=0.748700 loss=1.532163 time: 33.013331
INFO:root:[Epoch 34] train=0.183363 val=0.758200 loss=1.535294 time: 33.198181
INFO:root:[Epoch 35] train=0.183379 val=0.747400 loss=1.514596 time: 32.965588
INFO:root:[Epoch 36] train=0.183944 val=0.769800 loss=1.501840 time: 33.044642
INFO:root:[Epoch 37] train=0.182981 val=0.759300 loss=1.524183 time: 32.964328
INFO:root:[Epoch 38] train=0.181785 val=0.761000 loss=1.509239 time: 32.976305
INFO:root:[Epoch 39] train=0.181237 val=0.763600 loss=1.533371 time: 33.015302
INFO:root:[Epoch 40] train=0.180988 val=0.765200 loss=1.497839 time: 33.047217
INFO:root:[Epoch 41] train=0.180754 val=0.790100 loss=1.492521 time: 33.157034
INFO:root:[Epoch 42] train=0.180441 val=0.782300 loss=1.493524 time: 32.922115
INFO:root:[Epoch 43] train=0.179280 val=0.770300 loss=1.506149 time: 32.953100
INFO:root:[Epoch 44] train=0.178931 val=0.766800 loss=1.492896 time: 32.850496
INFO:root:[Epoch 45] train=0.179100 val=0.793600 loss=1.482106 time: 33.278687
INFO:root:[Epoch 46] train=0.179424 val=0.807900 loss=1.474670 time: 32.950510
INFO:root:[Epoch 47] train=0.179051 val=0.789000 loss=1.472959 time: 33.078196
INFO:root:[Epoch 48] train=0.177737 val=0.767000 loss=1.478909 time: 33.120222
INFO:root:[Epoch 49] train=0.178251 val=0.772700 loss=1.466477 time: 32.853214
INFO:root:[Epoch 50] train=0.177419 val=0.758200 loss=1.479932 time: 32.954138
INFO:root:[Epoch 51] train=0.176724 val=0.767500 loss=1.447383 time: 33.109713
INFO:root:[Epoch 52] train=0.177738 val=0.815000 loss=1.459175 time: 32.967237
INFO:root:[Epoch 53] train=0.175629 val=0.792800 loss=1.452467 time: 32.939101
INFO:root:[Epoch 54] train=0.175547 val=0.797600 loss=1.465801 time: 32.975444
INFO:root:[Epoch 55] train=0.176570 val=0.785000 loss=1.442243 time: 32.819506
INFO:root:[Epoch 56] train=0.175421 val=0.819900 loss=1.473425 time: 33.405180
INFO:root:[Epoch 57] train=0.175589 val=0.818900 loss=1.462086 time: 33.107890
INFO:root:[Epoch 58] train=0.175350 val=0.829200 loss=1.438800 time: 33.028730
INFO:root:[Epoch 59] train=0.174883 val=0.779200 loss=1.432740 time: 32.895395
INFO:root:[Epoch 60] train=0.174254 val=0.790300 loss=1.435390 time: 33.015954
INFO:root:[Epoch 61] train=0.175335 val=0.770200 loss=1.454988 time: 33.248727
INFO:root:[Epoch 62] train=0.174273 val=0.776500 loss=1.421113 time: 33.134362
INFO:root:[Epoch 63] train=0.175048 val=0.805900 loss=1.433744 time: 32.807023
INFO:root:[Epoch 64] train=0.174273 val=0.813200 loss=1.426615 time: 32.912355
INFO:root:[Epoch 65] train=0.173395 val=0.804300 loss=1.445879 time: 33.020992
INFO:root:[Epoch 66] train=0.172759 val=0.809200 loss=1.438749 time: 33.155962
INFO:root:[Epoch 67] train=0.172842 val=0.828100 loss=1.422313 time: 32.864786
INFO:root:[Epoch 68] train=0.172573 val=0.820200 loss=1.416336 time: 33.049175
INFO:root:[Epoch 69] train=0.172032 val=0.785900 loss=1.417692 time: 33.039707
INFO:root:[Epoch 70] train=0.172669 val=0.822500 loss=1.421742 time: 33.064881
INFO:root:[Epoch 71] train=0.172255 val=0.809600 loss=1.432230 time: 32.887138
INFO:root:[Epoch 72] train=0.171941 val=0.833100 loss=1.383166 time: 32.991052
INFO:root:[Epoch 73] train=0.171931 val=0.837000 loss=1.387151 time: 32.947753
INFO:root:[Epoch 74] train=0.172201 val=0.813500 loss=1.412714 time: 32.952197
INFO:root:[Epoch 75] train=0.172500 val=0.828100 loss=1.421637 time: 33.038264
INFO:root:[Epoch 76] train=0.171078 val=0.837800 loss=1.400013 time: 33.111456
INFO:root:[Epoch 77] train=0.170859 val=0.825000 loss=1.405513 time: 33.026230
INFO:root:[Epoch 78] train=0.171273 val=0.811900 loss=1.392592 time: 33.325669
INFO:root:[Epoch 79] train=0.171116 val=0.833600 loss=1.396111 time: 33.202403
INFO:root:[Epoch 80] train=0.171195 val=0.827300 loss=1.420124 time: 32.928737
INFO:root:[Epoch 81] train=0.171035 val=0.838000 loss=1.431811 time: 32.971515
INFO:root:[Epoch 82] train=0.169893 val=0.835800 loss=1.432705 time: 32.953441
INFO:root:[Epoch 83] train=0.170348 val=0.821500 loss=1.414796 time: 33.396439
INFO:root:[Epoch 84] train=0.170977 val=0.813900 loss=1.404002 time: 33.099061
INFO:root:[Epoch 85] train=0.169846 val=0.842000 loss=1.392086 time: 33.844664
INFO:root:[Epoch 86] train=0.169685 val=0.830000 loss=1.392943 time: 33.076851
INFO:root:[Epoch 87] train=0.169660 val=0.828600 loss=1.378740 time: 33.030641
INFO:root:[Epoch 88] train=0.168782 val=0.816300 loss=1.393084 time: 33.046778
INFO:root:[Epoch 89] train=0.169496 val=0.832700 loss=1.391780 time: 33.028664
INFO:root:[Epoch 90] train=0.169858 val=0.833500 loss=1.387143 time: 33.027001
INFO:root:[Epoch 91] train=0.170039 val=0.819900 loss=1.416740 time: 33.354544
INFO:root:[Epoch 92] train=0.169518 val=0.834400 loss=1.352410 time: 33.096227
INFO:root:[Epoch 93] train=0.168448 val=0.849300 loss=1.382964 time: 32.896669
INFO:root:[Epoch 94] train=0.170110 val=0.839900 loss=1.380841 time: 33.088412
INFO:root:[Epoch 95] train=0.168964 val=0.820600 loss=1.373549 time: 33.307162
INFO:root:[Epoch 96] train=0.169272 val=0.842500 loss=1.404165 time: 33.127721
INFO:root:[Epoch 97] train=0.168181 val=0.828500 loss=1.400579 time: 33.070296
INFO:root:[Epoch 98] train=0.168582 val=0.845300 loss=1.398521 time: 33.539928
INFO:root:[Epoch 99] train=0.168062 val=0.843800 loss=1.378500 time: 33.251298
INFO:root:[Epoch 100] train=0.169212 val=0.839000 loss=1.374345 time: 32.897318
INFO:root:[Epoch 101] train=0.168352 val=0.826200 loss=1.410040 time: 33.386666
INFO:root:[Epoch 102] train=0.168062 val=0.831000 loss=1.371824 time: 33.198308
INFO:root:[Epoch 103] train=0.168908 val=0.852200 loss=1.362218 time: 33.037440
INFO:root:[Epoch 104] train=0.168374 val=0.814800 loss=1.367818 time: 33.028446
INFO:root:[Epoch 105] train=0.167947 val=0.826400 loss=1.403025 time: 33.048576
INFO:root:[Epoch 106] train=0.167736 val=0.827600 loss=1.399001 time: 33.365144
INFO:root:[Epoch 107] train=0.168536 val=0.844300 loss=1.397009 time: 32.973967
INFO:root:[Epoch 108] train=0.167348 val=0.855400 loss=1.373915 time: 32.884294
INFO:root:[Epoch 109] train=0.168526 val=0.808000 loss=1.408272 time: 33.036343
INFO:root:[Epoch 110] train=0.167660 val=0.850300 loss=1.355158 time: 33.203916
INFO:root:[Epoch 111] train=0.167150 val=0.812200 loss=1.378044 time: 33.114336
INFO:root:[Epoch 112] train=0.167910 val=0.831100 loss=1.394861 time: 32.898948
INFO:root:[Epoch 113] train=0.166976 val=0.844900 loss=1.368548 time: 32.994633
INFO:root:[Epoch 114] train=0.167450 val=0.835500 loss=1.395392 time: 32.994292
INFO:root:[Epoch 115] train=0.166847 val=0.844700 loss=1.364122 time: 32.954380
INFO:root:[Epoch 116] train=0.168076 val=0.856200 loss=1.351967 time: 33.057962
INFO:root:[Epoch 117] train=0.167647 val=0.855200 loss=1.384726 time: 33.170046
INFO:root:[Epoch 118] train=0.167253 val=0.850800 loss=1.365887 time: 32.958311
INFO:root:[Epoch 119] train=0.167525 val=0.849800 loss=1.389731 time: 33.142510
INFO:root:[Epoch 120] train=0.167843 val=0.846200 loss=1.376870 time: 33.184679
INFO:root:[Epoch 121] train=0.167272 val=0.832400 loss=1.378478 time: 33.012959
INFO:root:[Epoch 122] train=0.166753 val=0.864200 loss=1.388000 time: 33.055815
INFO:root:[Epoch 123] train=0.166973 val=0.861700 loss=1.378159 time: 33.083969
INFO:root:[Epoch 124] train=0.167071 val=0.847600 loss=1.360354 time: 32.998376
INFO:root:[Epoch 125] train=0.167086 val=0.851600 loss=1.403412 time: 33.324276
INFO:root:[Epoch 126] train=0.166202 val=0.854400 loss=1.374441 time: 33.314802
INFO:root:[Epoch 127] train=0.167340 val=0.839400 loss=1.364448 time: 33.005796
INFO:root:[Epoch 128] train=0.167069 val=0.860500 loss=1.370842 time: 33.176996
INFO:root:[Epoch 129] train=0.166173 val=0.853300 loss=1.341501 time: 33.017952
INFO:root:[Epoch 130] train=0.166356 val=0.837700 loss=1.342550 time: 33.068689
INFO:root:[Epoch 131] train=0.165392 val=0.855100 loss=1.369771 time: 33.045553
INFO:root:[Epoch 132] train=0.166965 val=0.861200 loss=1.379618 time: 33.032782
INFO:root:[Epoch 133] train=0.166404 val=0.839100 loss=1.355761 time: 33.268042
INFO:root:[Epoch 134] train=0.166121 val=0.854500 loss=1.380315 time: 33.254712
INFO:root:[Epoch 135] train=0.165889 val=0.818200 loss=1.379766 time: 33.142356
INFO:root:[Epoch 136] train=0.166084 val=0.850500 loss=1.387555 time: 32.978615
INFO:root:[Epoch 137] train=0.165972 val=0.840200 loss=1.352222 time: 33.355558
INFO:root:[Epoch 138] train=0.166303 val=0.853500 loss=1.352892 time: 33.069871
INFO:root:[Epoch 139] train=0.165274 val=0.864100 loss=1.398675 time: 33.007157
INFO:root:[Epoch 140] train=0.166387 val=0.836800 loss=1.378909 time: 32.943935
INFO:root:[Epoch 141] train=0.166087 val=0.868300 loss=1.367966 time: 33.365638
INFO:root:[Epoch 142] train=0.166581 val=0.828200 loss=1.349227 time: 33.133782
INFO:root:[Epoch 143] train=0.165641 val=0.860800 loss=1.356604 time: 33.029184
INFO:root:[Epoch 144] train=0.164755 val=0.864000 loss=1.347137 time: 33.280437
INFO:root:[Epoch 145] train=0.165088 val=0.836700 loss=1.385203 time: 33.039312
INFO:root:[Epoch 146] train=0.165244 val=0.854100 loss=1.362099 time: 33.890216
INFO:root:[Epoch 147] train=0.165365 val=0.856600 loss=1.392606 time: 33.104730
INFO:root:[Epoch 148] train=0.164803 val=0.847600 loss=1.367269 time: 33.107704
INFO:root:[Epoch 149] train=0.165573 val=0.863400 loss=1.334487 time: 33.029963
INFO:root:[Epoch 150] train=0.157277 val=0.899700 loss=1.309531 time: 33.164809
INFO:root:[Epoch 151] train=0.152961 val=0.902700 loss=1.290724 time: 33.019345
INFO:root:[Epoch 152] train=0.152227 val=0.901300 loss=1.298074 time: 33.018352
INFO:root:[Epoch 153] train=0.150434 val=0.903900 loss=1.234914 time: 33.225668
INFO:root:[Epoch 154] train=0.150054 val=0.904900 loss=1.230042 time: 33.073959
INFO:root:[Epoch 155] train=0.149730 val=0.908800 loss=1.267550 time: 33.066741
INFO:root:[Epoch 156] train=0.149184 val=0.907800 loss=1.256469 time: 33.015756
INFO:root:[Epoch 157] train=0.149795 val=0.909800 loss=1.252266 time: 33.148168
INFO:root:[Epoch 158] train=0.148596 val=0.913600 loss=1.233054 time: 33.339895
INFO:root:[Epoch 159] train=0.148395 val=0.908300 loss=1.215087 time: 32.945988
INFO:root:[Epoch 160] train=0.148446 val=0.910000 loss=1.218496 time: 33.064270
INFO:root:[Epoch 161] train=0.147597 val=0.911900 loss=1.221238 time: 33.188493
INFO:root:[Epoch 162] train=0.148392 val=0.913500 loss=1.231647 time: 32.972664
INFO:root:[Epoch 163] train=0.148697 val=0.911900 loss=1.252061 time: 33.370168
INFO:root:[Epoch 164] train=0.146954 val=0.914100 loss=1.225130 time: 33.385325
INFO:root:[Epoch 165] train=0.146915 val=0.910900 loss=1.225773 time: 33.055773
INFO:root:[Epoch 166] train=0.146175 val=0.915200 loss=1.219359 time: 33.211194
INFO:root:[Epoch 167] train=0.146315 val=0.917400 loss=1.219842 time: 33.243801
INFO:root:[Epoch 168] train=0.147120 val=0.907900 loss=1.214528 time: 33.003077
INFO:root:[Epoch 169] train=0.145850 val=0.918800 loss=1.218658 time: 33.177676
INFO:root:[Epoch 170] train=0.146096 val=0.916300 loss=1.241831 time: 33.242667
INFO:root:[Epoch 171] train=0.144315 val=0.918800 loss=1.194846 time: 33.261727
INFO:root:[Epoch 172] train=0.145962 val=0.914700 loss=1.228333 time: 33.333476
INFO:root:[Epoch 173] train=0.144787 val=0.916200 loss=1.196430 time: 33.173500
INFO:root:[Epoch 174] train=0.144393 val=0.922400 loss=1.196878 time: 33.451138
INFO:root:[Epoch 175] train=0.144817 val=0.921000 loss=1.199285 time: 33.487382
INFO:root:[Epoch 176] train=0.144468 val=0.916500 loss=1.198007 time: 33.248817
INFO:root:[Epoch 177] train=0.143988 val=0.916100 loss=1.186638 time: 33.262565
INFO:root:[Epoch 178] train=0.146192 val=0.920600 loss=1.221535 time: 33.132004
INFO:root:[Epoch 179] train=0.143584 val=0.922400 loss=1.189987 time: 33.355141
INFO:root:[Epoch 180] train=0.144683 val=0.916800 loss=1.198089 time: 33.249616
INFO:root:[Epoch 181] train=0.144315 val=0.921500 loss=1.201757 time: 33.170457
INFO:root:[Epoch 182] train=0.145226 val=0.918600 loss=1.224572 time: 33.088281
INFO:root:[Epoch 183] train=0.143454 val=0.915400 loss=1.194584 time: 33.258281
INFO:root:[Epoch 184] train=0.144296 val=0.916500 loss=1.192319 time: 33.051516
INFO:root:[Epoch 185] train=0.143594 val=0.917900 loss=1.184657 time: 33.211283
INFO:root:[Epoch 186] train=0.143510 val=0.922700 loss=1.191521 time: 33.209308
INFO:root:[Epoch 187] train=0.145520 val=0.919800 loss=1.228922 time: 33.367437
INFO:root:[Epoch 188] train=0.143015 val=0.923400 loss=1.157028 time: 33.055315
INFO:root:[Epoch 189] train=0.143497 val=0.924900 loss=1.196361 time: 33.159918
INFO:root:[Epoch 190] train=0.144203 val=0.923700 loss=1.191691 time: 33.164278
INFO:root:[Epoch 191] train=0.143373 val=0.922700 loss=1.182515 time: 33.225059
INFO:root:[Epoch 192] train=0.142983 val=0.924500 loss=1.182278 time: 33.246731
INFO:root:[Epoch 193] train=0.143732 val=0.923900 loss=1.205009 time: 33.219088
INFO:root:[Epoch 194] train=0.144145 val=0.919600 loss=1.208781 time: 33.828965
INFO:root:[Epoch 195] train=0.142718 val=0.923700 loss=1.162431 time: 33.010763
INFO:root:[Epoch 196] train=0.143628 val=0.920400 loss=1.204745 time: 33.359248
INFO:root:[Epoch 197] train=0.143966 val=0.918800 loss=1.201311 time: 33.163405
INFO:root:[Epoch 198] train=0.143424 val=0.921300 loss=1.194139 time: 33.351882
INFO:root:[Epoch 199] train=0.143608 val=0.922000 loss=1.196238 time: 33.213993
INFO:root:[Epoch 200] train=0.142013 val=0.925800 loss=1.161955 time: 33.014307
INFO:root:[Epoch 201] train=0.142468 val=0.922900 loss=1.163682 time: 33.275122
INFO:root:[Epoch 202] train=0.143426 val=0.920600 loss=1.231394 time: 33.208684
INFO:root:[Epoch 203] train=0.143436 val=0.924600 loss=1.208800 time: 33.338041
INFO:root:[Epoch 204] train=0.142000 val=0.924500 loss=1.175059 time: 33.149073
INFO:root:[Epoch 205] train=0.143430 val=0.926700 loss=1.212649 time: 33.202418
INFO:root:[Epoch 206] train=0.142571 val=0.916600 loss=1.190886 time: 33.213222
INFO:root:[Epoch 207] train=0.142462 val=0.920700 loss=1.177715 time: 33.227033
INFO:root:[Epoch 208] train=0.142960 val=0.916900 loss=1.215064 time: 33.099796
INFO:root:[Epoch 209] train=0.141082 val=0.923700 loss=1.163720 time: 33.290288
INFO:root:[Epoch 210] train=0.142308 val=0.922200 loss=1.186514 time: 33.176858
INFO:root:[Epoch 211] train=0.142254 val=0.924600 loss=1.179273 time: 33.294515
INFO:root:[Epoch 212] train=0.142762 val=0.924300 loss=1.172712 time: 33.367391
INFO:root:[Epoch 213] train=0.140841 val=0.923100 loss=1.165681 time: 33.298970
INFO:root:[Epoch 214] train=0.143085 val=0.922900 loss=1.196631 time: 33.240296
INFO:root:[Epoch 215] train=0.141497 val=0.922500 loss=1.173594 time: 33.748528
INFO:root:[Epoch 216] train=0.143787 val=0.921300 loss=1.215254 time: 33.284368
INFO:root:[Epoch 217] train=0.142615 val=0.922300 loss=1.198646 time: 33.823348
INFO:root:[Epoch 218] train=0.142002 val=0.916600 loss=1.173756 time: 33.137791
INFO:root:[Epoch 219] train=0.141170 val=0.925300 loss=1.169167 time: 33.179331
INFO:root:[Epoch 220] train=0.142794 val=0.919500 loss=1.190596 time: 33.245161
INFO:root:[Epoch 221] train=0.141593 val=0.922300 loss=1.186673 time: 33.383967
INFO:root:[Epoch 222] train=0.141619 val=0.922300 loss=1.168758 time: 33.788472
INFO:root:[Epoch 223] train=0.141622 val=0.923900 loss=1.181271 time: 33.047156
INFO:root:[Epoch 224] train=0.142568 val=0.924900 loss=1.200158 time: 33.515232
INFO:root:[Epoch 225] train=0.141575 val=0.922800 loss=1.166887 time: 33.446746
INFO:root:[Epoch 226] train=0.141015 val=0.924700 loss=1.175230 time: 33.245775
INFO:root:[Epoch 227] train=0.141053 val=0.923700 loss=1.165305 time: 33.405256
INFO:root:[Epoch 228] train=0.143648 val=0.918600 loss=1.196911 time: 33.162708
INFO:root:[Epoch 229] train=0.141967 val=0.920000 loss=1.196890 time: 33.184899
INFO:root:[Epoch 230] train=0.141998 val=0.921400 loss=1.197255 time: 33.499790
INFO:root:[Epoch 231] train=0.141213 val=0.923200 loss=1.172409 time: 33.311772
INFO:root:[Epoch 232] train=0.141555 val=0.919700 loss=1.184630 time: 33.229923
INFO:root:[Epoch 233] train=0.141496 val=0.924600 loss=1.167441 time: 33.254499
INFO:root:[Epoch 234] train=0.142372 val=0.919300 loss=1.205924 time: 33.217063
INFO:root:[Epoch 235] train=0.141345 val=0.918400 loss=1.176491 time: 33.190589
INFO:root:[Epoch 236] train=0.141911 val=0.925800 loss=1.205968 time: 33.678072
INFO:root:[Epoch 237] train=0.140655 val=0.925600 loss=1.172061 time: 33.198817
INFO:root:[Epoch 238] train=0.141459 val=0.923200 loss=1.176740 time: 33.377779
INFO:root:[Epoch 239] train=0.141541 val=0.927500 loss=1.180638 time: 33.371643
INFO:root:[Epoch 240] train=0.142718 val=0.920800 loss=1.219422 time: 33.165372
INFO:root:[Epoch 241] train=0.143081 val=0.925300 loss=1.203323 time: 33.222598
INFO:root:[Epoch 242] train=0.141955 val=0.921300 loss=1.193397 time: 33.237453
INFO:root:[Epoch 243] train=0.141066 val=0.921400 loss=1.163397 time: 33.231781
INFO:root:[Epoch 244] train=0.141677 val=0.922800 loss=1.188283 time: 33.195061
INFO:root:[Epoch 245] train=0.142316 val=0.924000 loss=1.199554 time: 33.224629
INFO:root:[Epoch 246] train=0.141516 val=0.928100 loss=1.160411 time: 33.209958
INFO:root:[Epoch 247] train=0.142253 val=0.915900 loss=1.194275 time: 33.189000
INFO:root:[Epoch 248] train=0.142069 val=0.920300 loss=1.189791 time: 33.330680
INFO:root:[Epoch 249] train=0.140159 val=0.923400 loss=1.169155 time: 33.489505
INFO:root:[Epoch 250] train=0.140926 val=0.925000 loss=1.160021 time: 33.370143
INFO:root:[Epoch 251] train=0.141208 val=0.926100 loss=1.163049 time: 33.548960
INFO:root:[Epoch 252] train=0.141912 val=0.923500 loss=1.189989 time: 33.441718
INFO:root:[Epoch 253] train=0.142416 val=0.918200 loss=1.227558 time: 33.182022
INFO:root:[Epoch 254] train=0.140872 val=0.925200 loss=1.163082 time: 33.269565
INFO:root:[Epoch 255] train=0.140776 val=0.923000 loss=1.169344 time: 33.347298
INFO:root:[Epoch 256] train=0.139992 val=0.919200 loss=1.167804 time: 33.243544
INFO:root:[Epoch 257] train=0.142022 val=0.929500 loss=1.183308 time: 33.388687
INFO:root:[Epoch 258] train=0.141891 val=0.925800 loss=1.212464 time: 33.608228
INFO:root:[Epoch 259] train=0.139856 val=0.927000 loss=1.130028 time: 33.337847
INFO:root:[Epoch 260] train=0.140239 val=0.924300 loss=1.149717 time: 33.360147
INFO:root:[Epoch 261] train=0.140795 val=0.923300 loss=1.189227 time: 33.451221
INFO:root:[Epoch 262] train=0.141749 val=0.915000 loss=1.191275 time: 33.264051
INFO:root:[Epoch 263] train=0.140818 val=0.925400 loss=1.181413 time: 33.291891
INFO:root:[Epoch 264] train=0.141608 val=0.926700 loss=1.193662 time: 33.353352
INFO:root:[Epoch 265] train=0.140502 val=0.921900 loss=1.169766 time: 33.236918
INFO:root:[Epoch 266] train=0.140878 val=0.927700 loss=1.181944 time: 33.402723
INFO:root:[Epoch 267] train=0.141358 val=0.922000 loss=1.179159 time: 33.570250
INFO:root:[Epoch 268] train=0.141660 val=0.920300 loss=1.176636 time: 33.605228
INFO:root:[Epoch 269] train=0.141422 val=0.921500 loss=1.186689 time: 33.337547
INFO:root:[Epoch 270] train=0.140615 val=0.923200 loss=1.143138 time: 33.104542
INFO:root:[Epoch 271] train=0.140928 val=0.919700 loss=1.169050 time: 33.333245
INFO:root:[Epoch 272] train=0.140850 val=0.926800 loss=1.164252 time: 33.352727
INFO:root:[Epoch 273] train=0.140445 val=0.917500 loss=1.185462 time: 33.606015
INFO:root:[Epoch 274] train=0.142928 val=0.923500 loss=1.209545 time: 33.482437
INFO:root:[Epoch 275] train=0.141840 val=0.924900 loss=1.206132 time: 33.273044
INFO:root:[Epoch 276] train=0.141132 val=0.921500 loss=1.178156 time: 33.317901
INFO:root:[Epoch 277] train=0.141722 val=0.923200 loss=1.198934 time: 33.328772
INFO:root:[Epoch 278] train=0.139395 val=0.916300 loss=1.151319 time: 33.566810
INFO:root:[Epoch 279] train=0.140864 val=0.919700 loss=1.169363 time: 33.358207
INFO:root:[Epoch 280] train=0.141159 val=0.925900 loss=1.206291 time: 33.523406
INFO:root:[Epoch 281] train=0.141908 val=0.926500 loss=1.197327 time: 33.378946
INFO:root:[Epoch 282] train=0.140409 val=0.925500 loss=1.150037 time: 33.417097
INFO:root:[Epoch 283] train=0.140868 val=0.926100 loss=1.178693 time: 33.504853
INFO:root:[Epoch 284] train=0.141811 val=0.921800 loss=1.213027 time: 33.248909
INFO:root:[Epoch 285] train=0.139741 val=0.925000 loss=1.142632 time: 33.403218
INFO:root:[Epoch 286] train=0.141552 val=0.921000 loss=1.168082 time: 33.283803
INFO:root:[Epoch 287] train=0.141135 val=0.920000 loss=1.198127 time: 33.632773
INFO:root:[Epoch 288] train=0.141124 val=0.929300 loss=1.167526 time: 33.526629
INFO:root:[Epoch 289] train=0.142324 val=0.920900 loss=1.193672 time: 33.219854
INFO:root:[Epoch 290] train=0.141847 val=0.924700 loss=1.175644 time: 33.382742
INFO:root:[Epoch 291] train=0.141282 val=0.919400 loss=1.162273 time: 33.420923
INFO:root:[Epoch 292] train=0.140677 val=0.920400 loss=1.170916 time: 33.506570
INFO:root:[Epoch 293] train=0.139946 val=0.922500 loss=1.161040 time: 33.226654
INFO:root:[Epoch 294] train=0.139963 val=0.926200 loss=1.142603 time: 33.385867
INFO:root:[Epoch 295] train=0.141947 val=0.923800 loss=1.203542 time: 33.303904
INFO:root:[Epoch 296] train=0.139425 val=0.930500 loss=1.154093 time: 33.318520
INFO:root:[Epoch 297] train=0.140459 val=0.924100 loss=1.157748 time: 33.487328
INFO:root:[Epoch 298] train=0.141994 val=0.927500 loss=1.206619 time: 33.333420
INFO:root:[Epoch 299] train=0.140118 val=0.927400 loss=1.146326 time: 33.576372
INFO:root:[Epoch 300] train=0.137857 val=0.935000 loss=1.158139 time: 33.418067
INFO:root:[Epoch 301] train=0.135207 val=0.937300 loss=1.134673 time: 33.283513
INFO:root:[Epoch 302] train=0.137047 val=0.936200 loss=1.164716 time: 33.542400
INFO:root:[Epoch 303] train=0.134820 val=0.935200 loss=1.148437 time: 33.467340
INFO:root:[Epoch 304] train=0.135180 val=0.937100 loss=1.130189 time: 33.464525
INFO:root:[Epoch 305] train=0.134399 val=0.936600 loss=1.135119 time: 33.416445
INFO:root:[Epoch 306] train=0.133289 val=0.938800 loss=1.121961 time: 33.638504
INFO:root:[Epoch 307] train=0.133946 val=0.938900 loss=1.127176 time: 33.559206
INFO:root:[Epoch 308] train=0.133958 val=0.938100 loss=1.131846 time: 33.273415
INFO:root:[Epoch 309] train=0.133651 val=0.938600 loss=1.129491 time: 33.429088
INFO:root:[Epoch 310] train=0.134758 val=0.938000 loss=1.164959 time: 33.197987
INFO:root:[Epoch 311] train=0.133587 val=0.939300 loss=1.133473 time: 33.613882
INFO:root:[Epoch 312] train=0.133826 val=0.939700 loss=1.128238 time: 33.424904
INFO:root:[Epoch 313] train=0.132830 val=0.940700 loss=1.135013 time: 33.678909
INFO:root:[Epoch 314] train=0.131501 val=0.938800 loss=1.092231 time: 33.261412
INFO:root:[Epoch 315] train=0.132948 val=0.940600 loss=1.118984 time: 33.295289
INFO:root:[Epoch 316] train=0.133988 val=0.938600 loss=1.136091 time: 33.595447
INFO:root:[Epoch 317] train=0.132633 val=0.938300 loss=1.109538 time: 33.412610
INFO:root:[Epoch 318] train=0.131867 val=0.940300 loss=1.083494 time: 33.347539
INFO:root:[Epoch 319] train=0.133459 val=0.937300 loss=1.130515 time: 33.418652
INFO:root:[Epoch 320] train=0.132754 val=0.937900 loss=1.120813 time: 33.369396
INFO:root:[Epoch 321] train=0.133143 val=0.940000 loss=1.122523 time: 33.307045
INFO:root:[Epoch 322] train=0.134230 val=0.939700 loss=1.142873 time: 33.485938
INFO:root:[Epoch 323] train=0.133260 val=0.941400 loss=1.129484 time: 34.372084
INFO:root:[Epoch 324] train=0.132043 val=0.939400 loss=1.107887 time: 33.654775
INFO:root:[Epoch 325] train=0.133570 val=0.937200 loss=1.148321 time: 34.041932
INFO:root:[Epoch 326] train=0.132203 val=0.941000 loss=1.118759 time: 33.606702
INFO:root:[Epoch 327] train=0.132487 val=0.940200 loss=1.117136 time: 33.257023
INFO:root:[Epoch 328] train=0.130956 val=0.938800 loss=1.104224 time: 33.287585
INFO:root:[Epoch 329] train=0.132167 val=0.938000 loss=1.117221 time: 33.326911
INFO:root:[Epoch 330] train=0.133536 val=0.941100 loss=1.150200 time: 33.404059
INFO:root:[Epoch 331] train=0.131345 val=0.940600 loss=1.091316 time: 33.563276
INFO:root:[Epoch 332] train=0.131735 val=0.939200 loss=1.115852 time: 33.454434
INFO:root:[Epoch 333] train=0.133311 val=0.938600 loss=1.132560 time: 33.528419
INFO:root:[Epoch 334] train=0.133278 val=0.938200 loss=1.138504 time: 33.645042
INFO:root:[Epoch 335] train=0.132056 val=0.938900 loss=1.106639 time: 33.448973
INFO:root:[Epoch 336] train=0.130402 val=0.940600 loss=1.100062 time: 33.636082
INFO:root:[Epoch 337] train=0.133320 val=0.939200 loss=1.131194 time: 33.396129
INFO:root:[Epoch 338] train=0.132871 val=0.940800 loss=1.142612 time: 33.417817
INFO:root:[Epoch 339] train=0.131467 val=0.939400 loss=1.118758 time: 33.594106
INFO:root:[Epoch 340] train=0.131217 val=0.939000 loss=1.095903 time: 33.585365
INFO:root:[Epoch 341] train=0.131582 val=0.938200 loss=1.112025 time: 33.410694
INFO:root:[Epoch 342] train=0.131824 val=0.939700 loss=1.102268 time: 33.564643
INFO:root:[Epoch 343] train=0.132432 val=0.942400 loss=1.114928 time: 33.426335
INFO:root:[Epoch 344] train=0.132124 val=0.938700 loss=1.131655 time: 33.397171
INFO:root:[Epoch 345] train=0.130751 val=0.940000 loss=1.095666 time: 33.358707
INFO:root:[Epoch 346] train=0.130868 val=0.939000 loss=1.107607 time: 33.512879
INFO:root:[Epoch 347] train=0.131316 val=0.939300 loss=1.114161 time: 33.361429
INFO:root:[Epoch 348] train=0.131709 val=0.940400 loss=1.114561 time: 33.267510
INFO:root:[Epoch 349] train=0.131927 val=0.939900 loss=1.134547 time: 33.519134
INFO:root:[Epoch 350] train=0.130552 val=0.939100 loss=1.104205 time: 33.404462
INFO:root:[Epoch 351] train=0.131684 val=0.940900 loss=1.123734 time: 33.520846
INFO:root:[Epoch 352] train=0.132416 val=0.939500 loss=1.123748 time: 33.626237
INFO:root:[Epoch 353] train=0.131062 val=0.938300 loss=1.104716 time: 33.451181
INFO:root:[Epoch 354] train=0.133509 val=0.939000 loss=1.161527 time: 33.588985
INFO:root:[Epoch 355] train=0.130895 val=0.938700 loss=1.109619 time: 33.689584
INFO:root:[Epoch 356] train=0.132738 val=0.939600 loss=1.144124 time: 33.599996
INFO:root:[Epoch 357] train=0.132530 val=0.939500 loss=1.151664 time: 33.588769
INFO:root:[Epoch 358] train=0.129870 val=0.940800 loss=1.096386 time: 33.519656
INFO:root:[Epoch 359] train=0.131735 val=0.941700 loss=1.131679 time: 33.833160
INFO:root:[Epoch 360] train=0.131763 val=0.939200 loss=1.118835 time: 33.712865
INFO:root:[Epoch 361] train=0.130467 val=0.938800 loss=1.097657 time: 33.540551
INFO:root:[Epoch 362] train=0.131275 val=0.940100 loss=1.114333 time: 33.509505
INFO:root:[Epoch 363] train=0.129862 val=0.942300 loss=1.081830 time: 33.591500
INFO:root:[Epoch 364] train=0.132102 val=0.940000 loss=1.150423 time: 33.582586
INFO:root:[Epoch 365] train=0.129960 val=0.941900 loss=1.096120 time: 33.479426
INFO:root:[Epoch 366] train=0.133554 val=0.941900 loss=1.145013 time: 33.548224
INFO:root:[Epoch 367] train=0.131815 val=0.939700 loss=1.131183 time: 33.646908
INFO:root:[Epoch 368] train=0.128967 val=0.941500 loss=1.060005 time: 33.596573
INFO:root:[Epoch 369] train=0.130206 val=0.941000 loss=1.096147 time: 33.379318
INFO:root:[Epoch 370] train=0.129620 val=0.942600 loss=1.081733 time: 33.746473
INFO:root:[Epoch 371] train=0.130380 val=0.941700 loss=1.091975 time: 33.756521
INFO:root:[Epoch 372] train=0.130812 val=0.940900 loss=1.097823 time: 33.626653
INFO:root:[Epoch 373] train=0.130427 val=0.940400 loss=1.106619 time: 33.705818
INFO:root:[Epoch 374] train=0.129916 val=0.938600 loss=1.101406 time: 34.073306
INFO:root:[Epoch 375] train=0.130966 val=0.941500 loss=1.111108 time: 33.516828
INFO:root:[Epoch 376] train=0.130187 val=0.939800 loss=1.099274 time: 33.875350
INFO:root:[Epoch 377] train=0.131218 val=0.940500 loss=1.121581 time: 33.266990
INFO:root:[Epoch 378] train=0.130984 val=0.942600 loss=1.119010 time: 33.484938
INFO:root:[Epoch 379] train=0.129855 val=0.941800 loss=1.088550 time: 33.709261
INFO:root:[Epoch 380] train=0.128952 val=0.941200 loss=1.072055 time: 33.978913
INFO:root:[Epoch 381] train=0.130592 val=0.940500 loss=1.123851 time: 33.643121
INFO:root:[Epoch 382] train=0.130266 val=0.938600 loss=1.091974 time: 33.420584
INFO:root:[Epoch 383] train=0.130912 val=0.939600 loss=1.121435 time: 33.657308
INFO:root:[Epoch 384] train=0.131652 val=0.939700 loss=1.126955 time: 33.642286
INFO:root:[Epoch 385] train=0.130180 val=0.940500 loss=1.104153 time: 33.480345
INFO:root:[Epoch 386] train=0.131517 val=0.941200 loss=1.126233 time: 33.520176
INFO:root:[Epoch 387] train=0.130758 val=0.940700 loss=1.113648 time: 33.731289
INFO:root:[Epoch 388] train=0.131382 val=0.942100 loss=1.110970 time: 33.600454
INFO:root:[Epoch 389] train=0.130341 val=0.940700 loss=1.093091 time: 33.786401
INFO:root:[Epoch 390] train=0.130252 val=0.941600 loss=1.086817 time: 33.524328
INFO:root:[Epoch 391] train=0.129637 val=0.942900 loss=1.093021 time: 33.553849
INFO:root:[Epoch 392] train=0.131055 val=0.941700 loss=1.112200 time: 33.498781
INFO:root:[Epoch 393] train=0.132657 val=0.941400 loss=1.167469 time: 33.534219
INFO:root:[Epoch 394] train=0.130074 val=0.942500 loss=1.102332 time: 33.634157
INFO:root:[Epoch 395] train=0.128781 val=0.940700 loss=1.070156 time: 33.845943
INFO:root:[Epoch 396] train=0.131097 val=0.940600 loss=1.123785 time: 33.949746
INFO:root:[Epoch 397] train=0.129968 val=0.941500 loss=1.105362 time: 33.776137
INFO:root:[Epoch 398] train=0.131738 val=0.940800 loss=1.143396 time: 33.575510
INFO:root:[Epoch 399] train=0.131001 val=0.941800 loss=1.115246 time: 33.641961
INFO:root:[Epoch 400] train=0.129905 val=0.940800 loss=1.092166 time: 33.462007
INFO:root:[Epoch 401] train=0.128531 val=0.940700 loss=1.069619 time: 33.603087
INFO:root:[Epoch 402] train=0.130783 val=0.939600 loss=1.119198 time: 33.804946
INFO:root:[Epoch 403] train=0.129878 val=0.942500 loss=1.087498 time: 33.796117
INFO:root:[Epoch 404] train=0.128711 val=0.941200 loss=1.082268 time: 33.642385
INFO:root:[Epoch 405] train=0.129043 val=0.941700 loss=1.076471 time: 33.854168
INFO:root:[Epoch 406] train=0.130632 val=0.939900 loss=1.110995 time: 33.557624
INFO:root:[Epoch 407] train=0.130027 val=0.940600 loss=1.087573 time: 33.625965
INFO:root:[Epoch 408] train=0.130179 val=0.941300 loss=1.095428 time: 33.666748
INFO:root:[Epoch 409] train=0.130112 val=0.941800 loss=1.101610 time: 33.512598
INFO:root:[Epoch 410] train=0.131641 val=0.942200 loss=1.129215 time: 34.095946
INFO:root:[Epoch 411] train=0.130877 val=0.941200 loss=1.111373 time: 33.781146
INFO:root:[Epoch 412] train=0.130526 val=0.941500 loss=1.107849 time: 33.691876
INFO:root:[Epoch 413] train=0.129937 val=0.940300 loss=1.095311 time: 33.730365
INFO:root:[Epoch 414] train=0.130525 val=0.940200 loss=1.108606 time: 33.637626
INFO:root:[Epoch 415] train=0.130317 val=0.941600 loss=1.120116 time: 33.537940
INFO:root:[Epoch 416] train=0.131448 val=0.942300 loss=1.134473 time: 33.717535
INFO:root:[Epoch 417] train=0.130577 val=0.941500 loss=1.102684 time: 33.700668
INFO:root:[Epoch 418] train=0.129066 val=0.942700 loss=1.081096 time: 33.822937
INFO:root:[Epoch 419] train=0.132055 val=0.942600 loss=1.138414 time: 33.604648
INFO:root:[Epoch 420] train=0.129226 val=0.940100 loss=1.074083 time: 33.919109
INFO:root:[Epoch 421] train=0.129596 val=0.942100 loss=1.091114 time: 33.618196
INFO:root:[Epoch 422] train=0.130496 val=0.940900 loss=1.117964 time: 33.762678
INFO:root:[Epoch 423] train=0.130994 val=0.941300 loss=1.131798 time: 33.853135
INFO:root:[Epoch 424] train=0.129133 val=0.942000 loss=1.091386 time: 34.003225
INFO:root:[Epoch 425] train=0.130223 val=0.941400 loss=1.099315 time: 34.028494
INFO:root:[Epoch 426] train=0.127171 val=0.944800 loss=1.043593 time: 33.820952
INFO:root:[Epoch 427] train=0.129025 val=0.941500 loss=1.092404 time: 33.924813
INFO:root:[Epoch 428] train=0.129532 val=0.942800 loss=1.108325 time: 33.781205
INFO:root:[Epoch 429] train=0.128468 val=0.941800 loss=1.077882 time: 33.673127
INFO:root:[Epoch 430] train=0.129165 val=0.943100 loss=1.100557 time: 33.884035
INFO:root:[Epoch 431] train=0.129683 val=0.941900 loss=1.099114 time: 33.718539
INFO:root:[Epoch 432] train=0.129286 val=0.942500 loss=1.098190 time: 33.965342
INFO:root:[Epoch 433] train=0.130601 val=0.943400 loss=1.105252 time: 33.643028
INFO:root:[Epoch 434] train=0.131773 val=0.942100 loss=1.135791 time: 33.594033
INFO:root:[Epoch 435] train=0.128906 val=0.942000 loss=1.086697 time: 33.883512
INFO:root:[Epoch 436] train=0.130394 val=0.942100 loss=1.111054 time: 33.850408
INFO:root:[Epoch 437] train=0.130115 val=0.943500 loss=1.103029 time: 33.732983
INFO:root:[Epoch 438] train=0.129814 val=0.943300 loss=1.104346 time: 33.738751
INFO:root:[Epoch 439] train=0.130801 val=0.941700 loss=1.123159 time: 33.678809
INFO:root:[Epoch 440] train=0.130787 val=0.941800 loss=1.101806 time: 33.694132
INFO:root:[Epoch 441] train=0.129521 val=0.942600 loss=1.099223 time: 33.861203
INFO:root:[Epoch 442] train=0.130545 val=0.944100 loss=1.131614 time: 34.059367
INFO:root:[Epoch 443] train=0.129612 val=0.942400 loss=1.112152 time: 33.862962
INFO:root:[Epoch 444] train=0.127919 val=0.941500 loss=1.072179 time: 34.067967
INFO:root:[Epoch 445] train=0.128802 val=0.941700 loss=1.073557 time: 33.970014
INFO:root:[Epoch 446] train=0.128649 val=0.941800 loss=1.081909 time: 34.209118
INFO:root:[Epoch 447] train=0.128978 val=0.942100 loss=1.109172 time: 33.810225
INFO:root:[Epoch 448] train=0.130092 val=0.940500 loss=1.099657 time: 33.763823
INFO:root:[Epoch 449] train=0.132223 val=0.942400 loss=1.148106 time: 33.861704
INFO:root:[Epoch 450] train=0.112505 val=0.943000 loss=0.282441 time: 33.717241
INFO:root:[Epoch 451] train=0.111819 val=0.943000 loss=0.274242 time: 33.797164
INFO:root:[Epoch 452] train=0.111539 val=0.943300 loss=0.273206 time: 33.726688
INFO:root:[Epoch 453] train=0.110998 val=0.942700 loss=0.269112 time: 33.836915
INFO:root:[Epoch 454] train=0.110965 val=0.944500 loss=0.267858 time: 33.898513
INFO:root:[Epoch 455] train=0.111253 val=0.944700 loss=0.267757 time: 34.052060
INFO:root:[Epoch 456] train=0.111447 val=0.942000 loss=0.267722 time: 33.778795
INFO:root:[Epoch 457] train=0.110301 val=0.943900 loss=0.263584 time: 33.769604
INFO:root:[Epoch 458] train=0.110273 val=0.944200 loss=0.263298 time: 33.915818
INFO:root:[Epoch 459] train=0.109048 val=0.945700 loss=0.260184 time: 33.860184
INFO:root:[Epoch 460] train=0.110298 val=0.946300 loss=0.262436 time: 33.796998
INFO:root:[Epoch 461] train=0.109998 val=0.943100 loss=0.260622 time: 33.805522
INFO:root:[Epoch 462] train=0.110297 val=0.943500 loss=0.262697 time: 34.099800
INFO:root:[Epoch 463] train=0.109896 val=0.943100 loss=0.261009 time: 33.698279
INFO:root:[Epoch 464] train=0.109332 val=0.944300 loss=0.260379 time: 34.174055
INFO:root:[Epoch 465] train=0.109515 val=0.942100 loss=0.260328 time: 33.716100
INFO:root:[Epoch 466] train=0.109277 val=0.941100 loss=0.257743 time: 33.882524
INFO:root:[Epoch 467] train=0.109157 val=0.943900 loss=0.257395 time: 33.695292
INFO:root:[Epoch 468] train=0.109169 val=0.944400 loss=0.256843 time: 33.671025
INFO:root:[Epoch 469] train=0.109321 val=0.946200 loss=0.256392 time: 33.695420
INFO:root:[Epoch 470] train=0.108490 val=0.942800 loss=0.253964 time: 34.718206
INFO:root:[Epoch 471] train=0.108092 val=0.943600 loss=0.253815 time: 34.541192
INFO:root:[Epoch 472] train=0.108077 val=0.943100 loss=0.252687 time: 34.011754
INFO:root:[Epoch 473] train=0.108529 val=0.942000 loss=0.254306 time: 33.972905
INFO:root:[Epoch 474] train=0.107719 val=0.942100 loss=0.248762 time: 33.913068
INFO:root:[Epoch 475] train=0.108086 val=0.942700 loss=0.251464 time: 33.753579
INFO:root:[Epoch 476] train=0.108699 val=0.943800 loss=0.255073 time: 34.003058
INFO:root:[Epoch 477] train=0.108847 val=0.943900 loss=0.254755 time: 33.750978
INFO:root:[Epoch 478] train=0.109689 val=0.941600 loss=0.258360 time: 33.843868
INFO:root:[Epoch 479] train=0.108007 val=0.944000 loss=0.252335 time: 33.783346
INFO:root:[Epoch 480] train=0.107788 val=0.941500 loss=0.249195 time: 33.915627
INFO:root:[Epoch 481] train=0.108571 val=0.942400 loss=0.254381 time: 34.023756
INFO:root:[Epoch 482] train=0.108019 val=0.942700 loss=0.251760 time: 33.878146
INFO:root:[Epoch 483] train=0.108186 val=0.941800 loss=0.250073 time: 33.784907
INFO:root:[Epoch 484] train=0.107632 val=0.941500 loss=0.247410 time: 33.794443
INFO:root:[Epoch 485] train=0.106384 val=0.941600 loss=0.244525 time: 33.706698
INFO:root:[Epoch 486] train=0.107728 val=0.942300 loss=0.249303 time: 34.064260
INFO:root:[Epoch 487] train=0.107128 val=0.944600 loss=0.247864 time: 33.752063
INFO:root:[Epoch 488] train=0.106595 val=0.942500 loss=0.245469 time: 33.784771
INFO:root:[Epoch 489] train=0.107438 val=0.944300 loss=0.249759 time: 33.720965
INFO:root:[Epoch 490] train=0.106830 val=0.942600 loss=0.245112 time: 33.839847
INFO:root:[Epoch 491] train=0.107083 val=0.943500 loss=0.247666 time: 33.739468
INFO:root:[Epoch 492] train=0.107582 val=0.944100 loss=0.248705 time: 34.213555
INFO:root:[Epoch 493] train=0.107430 val=0.944400 loss=0.248818 time: 33.844364
INFO:root:[Epoch 494] train=0.106442 val=0.941400 loss=0.244675 time: 33.962976
INFO:root:[Epoch 495] train=0.107145 val=0.942200 loss=0.244427 time: 33.923305
INFO:root:[Epoch 496] train=0.106508 val=0.943400 loss=0.244195 time: 34.060333
INFO:root:[Epoch 497] train=0.106753 val=0.943900 loss=0.244711 time: 34.279362
INFO:root:[Epoch 498] train=0.106821 val=0.941800 loss=0.244995 time: 33.784750
INFO:root:[Epoch 499] train=0.104766 val=0.942500 loss=0.234503 time: 34.147324
