INFO:root:Namespace(batch_size=128, drop_rate=0.0, logging_dir='logs', lr=0.1, lr_decay=0.1, lr_decay_epoch='150,250', lr_decay_period=0, mode='hybrid', model='cifar_resnet20_v1', momentum=0.9, num_epochs=350, num_gpus=1, num_workers=8, resume_from=None, save_dir='params', save_period=10, save_plot_dir='.', wd=0.0001, width_factor=1)
/usr/local/lib/python2.7/dist-packages/mxnet/gluon/data/vision/datasets.py:193: DeprecationWarning: The binary mode of fromstring is deprecated, as it behaves surprisingly on unicode inputs. Use frombuffer instead
  data = np.fromstring(fin.read(), dtype=np.uint8).reshape(-1, 3072+1)
[04:36:28] src/operator/nn/./cudnn/./cudnn_algoreg-inl.h:107: Running performance tests to find the best convolution algorithm, this can take a while... (setting env variable MXNET_CUDNN_AUTOTUNE_DEFAULT to 0 to disable)
INFO:root:[Epoch 0] train=0.232590 val=0.340100 loss=2.067215 time: 9.129693
INFO:root:[Epoch 1] train=0.224099 val=0.488200 loss=1.918779 time: 8.677484
INFO:root:[Epoch 2] train=0.217548 val=0.505600 loss=1.846449 time: 8.753368
INFO:root:[Epoch 3] train=0.211958 val=0.586200 loss=1.788765 time: 8.654234
INFO:root:[Epoch 4] train=0.207737 val=0.549000 loss=1.748990 time: 8.718359
INFO:root:[Epoch 5] train=0.204533 val=0.628000 loss=1.693015 time: 8.622798
INFO:root:[Epoch 6] train=0.200467 val=0.673900 loss=1.684347 time: 8.668645
INFO:root:[Epoch 7] train=0.199009 val=0.698800 loss=1.642680 time: 8.740759
INFO:root:[Epoch 8] train=0.196594 val=0.693500 loss=1.629873 time: 8.808968
INFO:root:[Epoch 9] train=0.193665 val=0.709700 loss=1.623896 time: 8.641825
INFO:root:[Epoch 10] train=0.193507 val=0.719900 loss=1.606329 time: 8.708788
INFO:root:[Epoch 11] train=0.192335 val=0.692700 loss=1.586230 time: 8.764750
INFO:root:[Epoch 12] train=0.190653 val=0.717500 loss=1.592164 time: 8.679069
INFO:root:[Epoch 13] train=0.188688 val=0.729400 loss=1.590441 time: 8.740758
INFO:root:[Epoch 14] train=0.188438 val=0.725600 loss=1.573494 time: 8.721894
INFO:root:[Epoch 15] train=0.187683 val=0.758300 loss=1.554810 time: 8.691518
INFO:root:[Epoch 16] train=0.187525 val=0.746200 loss=1.527615 time: 8.647196
INFO:root:[Epoch 17] train=0.185992 val=0.740900 loss=1.545959 time: 8.643468
INFO:root:[Epoch 18] train=0.186091 val=0.741700 loss=1.532851 time: 8.715756
INFO:root:[Epoch 19] train=0.185769 val=0.752600 loss=1.508798 time: 8.569639
INFO:root:[Epoch 20] train=0.184605 val=0.767400 loss=1.489842 time: 8.772403
INFO:root:[Epoch 21] train=0.183596 val=0.758400 loss=1.500814 time: 8.724992
INFO:root:[Epoch 22] train=0.183782 val=0.745100 loss=1.495565 time: 8.702048
INFO:root:[Epoch 23] train=0.183060 val=0.739400 loss=1.510485 time: 8.744475
INFO:root:[Epoch 24] train=0.182480 val=0.756900 loss=1.490707 time: 8.760490
INFO:root:[Epoch 25] train=0.182344 val=0.783300 loss=1.512614 time: 8.700449
INFO:root:[Epoch 26] train=0.181924 val=0.759000 loss=1.514470 time: 8.678071
INFO:root:[Epoch 27] train=0.181002 val=0.758500 loss=1.512965 time: 8.664938
INFO:root:[Epoch 28] train=0.180317 val=0.793100 loss=1.499844 time: 8.711805
INFO:root:[Epoch 29] train=0.180213 val=0.784800 loss=1.468017 time: 8.759979
INFO:root:[Epoch 30] train=0.180190 val=0.748200 loss=1.456143 time: 8.807755
INFO:root:[Epoch 31] train=0.179699 val=0.769000 loss=1.479809 time: 8.775850
INFO:root:[Epoch 32] train=0.178900 val=0.785900 loss=1.477318 time: 8.799797
INFO:root:[Epoch 33] train=0.178029 val=0.788500 loss=1.486075 time: 8.758151
INFO:root:[Epoch 34] train=0.179141 val=0.790600 loss=1.472880 time: 8.700329
INFO:root:[Epoch 35] train=0.178501 val=0.766700 loss=1.466803 time: 8.751902
INFO:root:[Epoch 36] train=0.178755 val=0.800600 loss=1.433487 time: 8.751105
INFO:root:[Epoch 37] train=0.177956 val=0.804400 loss=1.473264 time: 8.803008
INFO:root:[Epoch 38] train=0.178234 val=0.804200 loss=1.460734 time: 8.750743
INFO:root:[Epoch 39] train=0.177834 val=0.798500 loss=1.444205 time: 8.708336
INFO:root:[Epoch 40] train=0.177310 val=0.807400 loss=1.464117 time: 8.865219
INFO:root:[Epoch 41] train=0.177642 val=0.808000 loss=1.447839 time: 8.822407
INFO:root:[Epoch 42] train=0.177704 val=0.794500 loss=1.444584 time: 8.668688
INFO:root:[Epoch 43] train=0.177763 val=0.766900 loss=1.442047 time: 8.813368
INFO:root:[Epoch 44] train=0.177488 val=0.806600 loss=1.448958 time: 8.659237
INFO:root:[Epoch 45] train=0.177364 val=0.805200 loss=1.422254 time: 8.718079
INFO:root:[Epoch 46] train=0.176682 val=0.811000 loss=1.452168 time: 8.767991
INFO:root:[Epoch 47] train=0.176915 val=0.808600 loss=1.441794 time: 8.773898
INFO:root:[Epoch 48] train=0.176438 val=0.798200 loss=1.425290 time: 8.804376
INFO:root:[Epoch 49] train=0.176719 val=0.778200 loss=1.459420 time: 8.814490
INFO:root:[Epoch 50] train=0.176445 val=0.796900 loss=1.441975 time: 8.767248
INFO:root:[Epoch 51] train=0.175926 val=0.785400 loss=1.473882 time: 8.836335
INFO:root:[Epoch 52] train=0.175793 val=0.765000 loss=1.439510 time: 8.855484
INFO:root:[Epoch 53] train=0.176544 val=0.810800 loss=1.435062 time: 8.705505
INFO:root:[Epoch 54] train=0.175487 val=0.813700 loss=1.473708 time: 8.729016
INFO:root:[Epoch 55] train=0.175827 val=0.775100 loss=1.443627 time: 8.731397
INFO:root:[Epoch 56] train=0.174863 val=0.806600 loss=1.430505 time: 8.792208
INFO:root:[Epoch 57] train=0.175381 val=0.803700 loss=1.452462 time: 8.779553
INFO:root:[Epoch 58] train=0.174978 val=0.793300 loss=1.449827 time: 8.694776
INFO:root:[Epoch 59] train=0.174957 val=0.812900 loss=1.400264 time: 8.728863
INFO:root:[Epoch 60] train=0.174498 val=0.817700 loss=1.449126 time: 8.716790
INFO:root:[Epoch 61] train=0.175265 val=0.810200 loss=1.414101 time: 8.789107
INFO:root:[Epoch 62] train=0.174782 val=0.804400 loss=1.440608 time: 8.774902
INFO:root:[Epoch 63] train=0.174588 val=0.814500 loss=1.427086 time: 8.805230
INFO:root:[Epoch 64] train=0.174563 val=0.807800 loss=1.430093 time: 8.650905
INFO:root:[Epoch 65] train=0.174451 val=0.809700 loss=1.436247 time: 8.877324
INFO:root:[Epoch 66] train=0.174780 val=0.789300 loss=1.415346 time: 8.738232
INFO:root:[Epoch 67] train=0.174266 val=0.810800 loss=1.473395 time: 8.786883
INFO:root:[Epoch 68] train=0.174171 val=0.823700 loss=1.421842 time: 8.744795
INFO:root:[Epoch 69] train=0.174813 val=0.780300 loss=1.428045 time: 8.805709
INFO:root:[Epoch 70] train=0.174402 val=0.803000 loss=1.422567 time: 8.716125
INFO:root:[Epoch 71] train=0.174786 val=0.816000 loss=1.431154 time: 8.762333
INFO:root:[Epoch 72] train=0.173806 val=0.765200 loss=1.432207 time: 8.915986
INFO:root:[Epoch 73] train=0.174563 val=0.830100 loss=1.441964 time: 8.730325
INFO:root:[Epoch 74] train=0.174037 val=0.820100 loss=1.454894 time: 8.758909
INFO:root:[Epoch 75] train=0.173845 val=0.801600 loss=1.438953 time: 8.794980
INFO:root:[Epoch 76] train=0.173850 val=0.807100 loss=1.427009 time: 8.689634
INFO:root:[Epoch 77] train=0.174389 val=0.819900 loss=1.415232 time: 8.866819
INFO:root:[Epoch 78] train=0.173660 val=0.823900 loss=1.445264 time: 8.842294
INFO:root:[Epoch 79] train=0.173599 val=0.810000 loss=1.417524 time: 8.778270
INFO:root:[Epoch 80] train=0.173249 val=0.817500 loss=1.429024 time: 8.748843
INFO:root:[Epoch 81] train=0.174219 val=0.820300 loss=1.417162 time: 8.783056
INFO:root:[Epoch 82] train=0.173469 val=0.822800 loss=1.418504 time: 8.850998
INFO:root:[Epoch 83] train=0.173705 val=0.827700 loss=1.450836 time: 8.644618
INFO:root:[Epoch 84] train=0.173524 val=0.823500 loss=1.399497 time: 8.755085
INFO:root:[Epoch 85] train=0.172558 val=0.809600 loss=1.422222 time: 8.791638
INFO:root:[Epoch 86] train=0.172663 val=0.826600 loss=1.421356 time: 8.986991
INFO:root:[Epoch 87] train=0.173233 val=0.811800 loss=1.413503 time: 8.792195
INFO:root:[Epoch 88] train=0.172690 val=0.832600 loss=1.440351 time: 8.774171
INFO:root:[Epoch 89] train=0.173676 val=0.816000 loss=1.397193 time: 8.921869
INFO:root:[Epoch 90] train=0.173367 val=0.837600 loss=1.435611 time: 8.831679
INFO:root:[Epoch 91] train=0.172547 val=0.817300 loss=1.455861 time: 8.801166
INFO:root:[Epoch 92] train=0.172535 val=0.823300 loss=1.406740 time: 8.759462
INFO:root:[Epoch 93] train=0.173247 val=0.810100 loss=1.420535 time: 8.772565
INFO:root:[Epoch 94] train=0.172533 val=0.832200 loss=1.441497 time: 8.840019
INFO:root:[Epoch 95] train=0.172299 val=0.827800 loss=1.409746 time: 8.904895
INFO:root:[Epoch 96] train=0.173112 val=0.817800 loss=1.378057 time: 8.894925
INFO:root:[Epoch 97] train=0.172432 val=0.819700 loss=1.443629 time: 8.849190
INFO:root:[Epoch 98] train=0.172326 val=0.810300 loss=1.448922 time: 8.892300
INFO:root:[Epoch 99] train=0.172241 val=0.823700 loss=1.444044 time: 8.707331
INFO:root:[Epoch 100] train=0.172964 val=0.822100 loss=1.432570 time: 8.788909
INFO:root:[Epoch 101] train=0.172090 val=0.835900 loss=1.395279 time: 8.805751
INFO:root:[Epoch 102] train=0.172545 val=0.834200 loss=1.412775 time: 8.842901
INFO:root:[Epoch 103] train=0.172834 val=0.841400 loss=1.421551 time: 8.769593
INFO:root:[Epoch 104] train=0.172550 val=0.780700 loss=1.407770 time: 8.821219
INFO:root:[Epoch 105] train=0.172042 val=0.796900 loss=1.416614 time: 8.901346
INFO:root:[Epoch 106] train=0.172191 val=0.834800 loss=1.452635 time: 8.816504
INFO:root:[Epoch 107] train=0.172550 val=0.817800 loss=1.415599 time: 8.849763
INFO:root:[Epoch 108] train=0.171982 val=0.814200 loss=1.430351 time: 8.793114
INFO:root:[Epoch 109] train=0.172978 val=0.825900 loss=1.394541 time: 8.841599
INFO:root:[Epoch 110] train=0.172162 val=0.824500 loss=1.423204 time: 8.992545
INFO:root:[Epoch 111] train=0.171254 val=0.807600 loss=1.413565 time: 9.085440
INFO:root:[Epoch 112] train=0.172371 val=0.827600 loss=1.410166 time: 9.083612
INFO:root:[Epoch 113] train=0.171755 val=0.842800 loss=1.421107 time: 9.070564
INFO:root:[Epoch 114] train=0.172045 val=0.807500 loss=1.422215 time: 9.134709
INFO:root:[Epoch 115] train=0.171974 val=0.806200 loss=1.435200 time: 9.010211
INFO:root:[Epoch 116] train=0.172380 val=0.804400 loss=1.433783 time: 8.982869
INFO:root:[Epoch 117] train=0.171906 val=0.812900 loss=1.393446 time: 8.967485
INFO:root:[Epoch 118] train=0.171917 val=0.833700 loss=1.421026 time: 9.016106
INFO:root:[Epoch 119] train=0.172093 val=0.797500 loss=1.422516 time: 9.086305
INFO:root:[Epoch 120] train=0.171946 val=0.840800 loss=1.414750 time: 8.993439
INFO:root:[Epoch 121] train=0.171707 val=0.846800 loss=1.395902 time: 9.102162
INFO:root:[Epoch 122] train=0.171800 val=0.819500 loss=1.401982 time: 9.086874
INFO:root:[Epoch 123] train=0.171962 val=0.825200 loss=1.401544 time: 9.120165
INFO:root:[Epoch 124] train=0.171910 val=0.837800 loss=1.411728 time: 9.040702
INFO:root:[Epoch 125] train=0.171000 val=0.824300 loss=1.399892 time: 9.020814
INFO:root:[Epoch 126] train=0.172131 val=0.828500 loss=1.436047 time: 8.943217
INFO:root:[Epoch 127] train=0.172114 val=0.812200 loss=1.428023 time: 9.141539
INFO:root:[Epoch 128] train=0.171906 val=0.833500 loss=1.413763 time: 9.001150
INFO:root:[Epoch 129] train=0.171316 val=0.827700 loss=1.405761 time: 9.089781
INFO:root:[Epoch 130] train=0.171822 val=0.834200 loss=1.376171 time: 9.016686
INFO:root:[Epoch 131] train=0.171023 val=0.829900 loss=1.419802 time: 9.284486
INFO:root:[Epoch 132] train=0.171624 val=0.831100 loss=1.408812 time: 9.080247
INFO:root:[Epoch 133] train=0.171867 val=0.816800 loss=1.407418 time: 9.161011
INFO:root:[Epoch 134] train=0.171534 val=0.842100 loss=1.392623 time: 9.054586
INFO:root:[Epoch 135] train=0.170987 val=0.820500 loss=1.396344 time: 9.101695
INFO:root:[Epoch 136] train=0.170844 val=0.820200 loss=1.411350 time: 9.118193
INFO:root:[Epoch 137] train=0.170703 val=0.819800 loss=1.398743 time: 9.074758
INFO:root:[Epoch 138] train=0.171676 val=0.839300 loss=1.380981 time: 9.176682
INFO:root:[Epoch 139] train=0.171619 val=0.821900 loss=1.409630 time: 9.080830
INFO:root:[Epoch 140] train=0.171478 val=0.835400 loss=1.411203 time: 9.094944
INFO:root:[Epoch 141] train=0.171615 val=0.833000 loss=1.426908 time: 9.201815
INFO:root:[Epoch 142] train=0.171222 val=0.823700 loss=1.424982 time: 9.337963
INFO:root:[Epoch 143] train=0.171671 val=0.801400 loss=1.406470 time: 9.034271
INFO:root:[Epoch 144] train=0.171182 val=0.839300 loss=1.405372 time: 9.118671
INFO:root:[Epoch 145] train=0.171163 val=0.836900 loss=1.422280 time: 9.173578
INFO:root:[Epoch 146] train=0.171274 val=0.837900 loss=1.391166 time: 9.251750
INFO:root:[Epoch 147] train=0.170855 val=0.829300 loss=1.434690 time: 9.138464
INFO:root:[Epoch 148] train=0.170789 val=0.830300 loss=1.435899 time: 9.005094
INFO:root:[Epoch 149] train=0.170837 val=0.842400 loss=1.402624 time: 9.174454
INFO:root:[Epoch 150] train=0.164760 val=0.875000 loss=1.335841 time: 9.064178
INFO:root:[Epoch 151] train=0.161382 val=0.877800 loss=1.333426 time: 9.082486
INFO:root:[Epoch 152] train=0.160528 val=0.880300 loss=1.332149 time: 9.036229
INFO:root:[Epoch 153] train=0.160399 val=0.883200 loss=1.334529 time: 9.086078
INFO:root:[Epoch 154] train=0.160427 val=0.880300 loss=1.311431 time: 9.059766
INFO:root:[Epoch 155] train=0.158778 val=0.881200 loss=1.305892 time: 9.063858
INFO:root:[Epoch 156] train=0.159090 val=0.883700 loss=1.316603 time: 9.074462
INFO:root:[Epoch 157] train=0.159489 val=0.886700 loss=1.322551 time: 9.018594
INFO:root:[Epoch 158] train=0.158239 val=0.880100 loss=1.287577 time: 9.115579
INFO:root:[Epoch 159] train=0.158670 val=0.882900 loss=1.319699 time: 9.051805
INFO:root:[Epoch 160] train=0.158514 val=0.885200 loss=1.299206 time: 9.041981
INFO:root:[Epoch 161] train=0.159024 val=0.883400 loss=1.338240 time: 9.020643
INFO:root:[Epoch 162] train=0.158146 val=0.887900 loss=1.294371 time: 9.154688
INFO:root:[Epoch 163] train=0.157052 val=0.886800 loss=1.265415 time: 9.202509
INFO:root:[Epoch 164] train=0.156858 val=0.892600 loss=1.294133 time: 9.062922
INFO:root:[Epoch 165] train=0.157738 val=0.885500 loss=1.312702 time: 9.184618
INFO:root:[Epoch 166] train=0.157749 val=0.892700 loss=1.294954 time: 9.097157
INFO:root:[Epoch 167] train=0.157455 val=0.889000 loss=1.307858 time: 9.198879
INFO:root:[Epoch 168] train=0.157475 val=0.883900 loss=1.297524 time: 9.089416
INFO:root:[Epoch 169] train=0.157080 val=0.888600 loss=1.284350 time: 9.275194
INFO:root:[Epoch 170] train=0.157249 val=0.887400 loss=1.292438 time: 9.272354
INFO:root:[Epoch 171] train=0.156461 val=0.886300 loss=1.264371 time: 9.323458
INFO:root:[Epoch 172] train=0.156574 val=0.890200 loss=1.269128 time: 9.170724
INFO:root:[Epoch 173] train=0.157577 val=0.883600 loss=1.317511 time: 9.459958
INFO:root:[Epoch 174] train=0.157402 val=0.892900 loss=1.300636 time: 9.297424
INFO:root:[Epoch 175] train=0.156530 val=0.890700 loss=1.274185 time: 9.374999
INFO:root:[Epoch 176] train=0.156831 val=0.894900 loss=1.304627 time: 9.449055
INFO:root:[Epoch 177] train=0.157204 val=0.890000 loss=1.311898 time: 9.328318
INFO:root:[Epoch 178] train=0.157097 val=0.888800 loss=1.344804 time: 9.519910
INFO:root:[Epoch 179] train=0.155830 val=0.891400 loss=1.242932 time: 9.276046
INFO:root:[Epoch 180] train=0.155994 val=0.890100 loss=1.297797 time: 9.344579
INFO:root:[Epoch 181] train=0.157243 val=0.888600 loss=1.305724 time: 9.367875
INFO:root:[Epoch 182] train=0.156440 val=0.892900 loss=1.265703 time: 9.329168
INFO:root:[Epoch 183] train=0.157157 val=0.890600 loss=1.312738 time: 9.379432
INFO:root:[Epoch 184] train=0.157068 val=0.889400 loss=1.324040 time: 9.377921
INFO:root:[Epoch 185] train=0.156226 val=0.890000 loss=1.294641 time: 9.331792
INFO:root:[Epoch 186] train=0.155680 val=0.889400 loss=1.260803 time: 9.303853
INFO:root:[Epoch 187] train=0.155995 val=0.893000 loss=1.292785 time: 9.328286
INFO:root:[Epoch 188] train=0.156423 val=0.894800 loss=1.301427 time: 9.283965
INFO:root:[Epoch 189] train=0.155442 val=0.887000 loss=1.272134 time: 9.406800
INFO:root:[Epoch 190] train=0.155452 val=0.891200 loss=1.282221 time: 9.409537
INFO:root:[Epoch 191] train=0.155296 val=0.888400 loss=1.295736 time: 9.474047
INFO:root:[Epoch 192] train=0.155946 val=0.893000 loss=1.264394 time: 9.361763
INFO:root:[Epoch 193] train=0.155692 val=0.895700 loss=1.271427 time: 9.455132
INFO:root:[Epoch 194] train=0.155431 val=0.887200 loss=1.281537 time: 9.440096
INFO:root:[Epoch 195] train=0.155003 val=0.892700 loss=1.243701 time: 9.385565
INFO:root:[Epoch 196] train=0.155061 val=0.894500 loss=1.265534 time: 9.297423
INFO:root:[Epoch 197] train=0.155311 val=0.886700 loss=1.264332 time: 9.278248
INFO:root:[Epoch 198] train=0.155826 val=0.895800 loss=1.297133 time: 9.169452
INFO:root:[Epoch 199] train=0.155122 val=0.891700 loss=1.251328 time: 9.094245
INFO:root:[Epoch 200] train=0.156319 val=0.895800 loss=1.287457 time: 9.133254
INFO:root:[Epoch 201] train=0.155619 val=0.890500 loss=1.289171 time: 9.063753
INFO:root:[Epoch 202] train=0.156137 val=0.892000 loss=1.300620 time: 9.195857
INFO:root:[Epoch 203] train=0.155641 val=0.894100 loss=1.272755 time: 9.124361
INFO:root:[Epoch 204] train=0.156194 val=0.891500 loss=1.301748 time: 9.218125
INFO:root:[Epoch 205] train=0.154986 val=0.892200 loss=1.265727 time: 9.168971
INFO:root:[Epoch 206] train=0.155790 val=0.895900 loss=1.293994 time: 9.174044
INFO:root:[Epoch 207] train=0.155274 val=0.887200 loss=1.265986 time: 9.135600
INFO:root:[Epoch 208] train=0.155903 val=0.896300 loss=1.291110 time: 9.063689
INFO:root:[Epoch 209] train=0.154807 val=0.896300 loss=1.261936 time: 9.094565
INFO:root:[Epoch 210] train=0.155899 val=0.895200 loss=1.287830 time: 9.277394
INFO:root:[Epoch 211] train=0.155741 val=0.893600 loss=1.301839 time: 9.004717
INFO:root:[Epoch 212] train=0.155556 val=0.893100 loss=1.265877 time: 9.127491
INFO:root:[Epoch 213] train=0.156002 val=0.892900 loss=1.293721 time: 8.956946
INFO:root:[Epoch 214] train=0.154655 val=0.891200 loss=1.284597 time: 9.245835
INFO:root:[Epoch 215] train=0.155667 val=0.895500 loss=1.282280 time: 9.029644
INFO:root:[Epoch 216] train=0.155449 val=0.897500 loss=1.267319 time: 9.135740
INFO:root:[Epoch 217] train=0.154175 val=0.891600 loss=1.248241 time: 9.094640
INFO:root:[Epoch 218] train=0.155787 val=0.889200 loss=1.306399 time: 9.377372
INFO:root:[Epoch 219] train=0.155061 val=0.896400 loss=1.297041 time: 9.071876
INFO:root:[Epoch 220] train=0.155005 val=0.894700 loss=1.283661 time: 9.176025
INFO:root:[Epoch 221] train=0.155335 val=0.894600 loss=1.301682 time: 9.004027
INFO:root:[Epoch 222] train=0.155014 val=0.897900 loss=1.273632 time: 9.246720
INFO:root:[Epoch 223] train=0.154654 val=0.897400 loss=1.291917 time: 9.225972
INFO:root:[Epoch 224] train=0.155118 val=0.894000 loss=1.278155 time: 9.112597
INFO:root:[Epoch 225] train=0.155504 val=0.895200 loss=1.296876 time: 9.067678
INFO:root:[Epoch 226] train=0.156521 val=0.893700 loss=1.332333 time: 9.174927
INFO:root:[Epoch 227] train=0.154841 val=0.896000 loss=1.281033 time: 9.281139
INFO:root:[Epoch 228] train=0.155494 val=0.893400 loss=1.285258 time: 9.167427
INFO:root:[Epoch 229] train=0.154740 val=0.899400 loss=1.262892 time: 9.164440
INFO:root:[Epoch 230] train=0.154407 val=0.889400 loss=1.286591 time: 9.258110
INFO:root:[Epoch 231] train=0.156346 val=0.887700 loss=1.313699 time: 9.023868
INFO:root:[Epoch 232] train=0.155067 val=0.893100 loss=1.243999 time: 9.232493
INFO:root:[Epoch 233] train=0.155543 val=0.889800 loss=1.271983 time: 9.113626
INFO:root:[Epoch 234] train=0.154447 val=0.893100 loss=1.272124 time: 9.266271
INFO:root:[Epoch 235] train=0.154916 val=0.888000 loss=1.275115 time: 9.182718
INFO:root:[Epoch 236] train=0.155251 val=0.897200 loss=1.299508 time: 9.179768
INFO:root:[Epoch 237] train=0.155141 val=0.890800 loss=1.301963 time: 9.162554
INFO:root:[Epoch 238] train=0.155128 val=0.885800 loss=1.277702 time: 9.101589
INFO:root:[Epoch 239] train=0.154583 val=0.892700 loss=1.263860 time: 9.103917
INFO:root:[Epoch 240] train=0.155458 val=0.894200 loss=1.304102 time: 9.123734
INFO:root:[Epoch 241] train=0.155311 val=0.895000 loss=1.297375 time: 9.245989
INFO:root:[Epoch 242] train=0.154651 val=0.897700 loss=1.247791 time: 9.096526
INFO:root:[Epoch 243] train=0.155272 val=0.888800 loss=1.299134 time: 9.232995
INFO:root:[Epoch 244] train=0.155612 val=0.895200 loss=1.301435 time: 9.127517
INFO:root:[Epoch 245] train=0.155371 val=0.889200 loss=1.293945 time: 9.286889
INFO:root:[Epoch 246] train=0.154967 val=0.891800 loss=1.267574 time: 9.196236
INFO:root:[Epoch 247] train=0.154913 val=0.893600 loss=1.274792 time: 9.124143
INFO:root:[Epoch 248] train=0.154912 val=0.897700 loss=1.276484 time: 9.051530
INFO:root:[Epoch 249] train=0.155737 val=0.893600 loss=1.304528 time: 9.276386
INFO:root:[Epoch 250] train=0.153504 val=0.904200 loss=1.256917 time: 9.434435
INFO:root:[Epoch 251] train=0.151581 val=0.901200 loss=1.243021 time: 9.215934
INFO:root:[Epoch 252] train=0.152572 val=0.902300 loss=1.241617 time: 9.201255
INFO:root:[Epoch 253] train=0.152672 val=0.904300 loss=1.282631 time: 9.233944
INFO:root:[Epoch 254] train=0.151581 val=0.902600 loss=1.245409 time: 9.431418
INFO:root:[Epoch 255] train=0.153010 val=0.899600 loss=1.291391 time: 9.197841
INFO:root:[Epoch 256] train=0.152176 val=0.901500 loss=1.239860 time: 9.341751
INFO:root:[Epoch 257] train=0.151089 val=0.902000 loss=1.250619 time: 9.208037
INFO:root:[Epoch 258] train=0.151814 val=0.902000 loss=1.258216 time: 9.255204
INFO:root:[Epoch 259] train=0.152568 val=0.902000 loss=1.257584 time: 9.166306
INFO:root:[Epoch 260] train=0.151447 val=0.901300 loss=1.247837 time: 9.378636
INFO:root:[Epoch 261] train=0.151671 val=0.900300 loss=1.266423 time: 9.137354
INFO:root:[Epoch 262] train=0.150616 val=0.905400 loss=1.230921 time: 9.381470
INFO:root:[Epoch 263] train=0.151836 val=0.904400 loss=1.271714 time: 9.251924
INFO:root:[Epoch 264] train=0.151434 val=0.903400 loss=1.244774 time: 9.208293
INFO:root:[Epoch 265] train=0.150008 val=0.904900 loss=1.214837 time: 9.235053
INFO:root:[Epoch 266] train=0.151604 val=0.903100 loss=1.268169 time: 9.374531
INFO:root:[Epoch 267] train=0.150970 val=0.903800 loss=1.261604 time: 9.190999
INFO:root:[Epoch 268] train=0.151279 val=0.903700 loss=1.275110 time: 9.310417
INFO:root:[Epoch 269] train=0.151735 val=0.904600 loss=1.285681 time: 9.194483
INFO:root:[Epoch 270] train=0.151456 val=0.904700 loss=1.252930 time: 9.220336
INFO:root:[Epoch 271] train=0.150724 val=0.902800 loss=1.240388 time: 9.383287
INFO:root:[Epoch 272] train=0.151413 val=0.905600 loss=1.241849 time: 9.443666
INFO:root:[Epoch 273] train=0.151310 val=0.902900 loss=1.250322 time: 9.132565
INFO:root:[Epoch 274] train=0.150955 val=0.904200 loss=1.248916 time: 9.251416
INFO:root:[Epoch 275] train=0.151092 val=0.903700 loss=1.258502 time: 9.132840
INFO:root:[Epoch 276] train=0.150938 val=0.903900 loss=1.223429 time: 9.235746
INFO:root:[Epoch 277] train=0.150535 val=0.904900 loss=1.234207 time: 9.239428
INFO:root:[Epoch 278] train=0.150441 val=0.906900 loss=1.257695 time: 9.310107
INFO:root:[Epoch 279] train=0.150123 val=0.904700 loss=1.219831 time: 9.129715
INFO:root:[Epoch 280] train=0.150937 val=0.904600 loss=1.257222 time: 9.372302
INFO:root:[Epoch 281] train=0.151435 val=0.906100 loss=1.254010 time: 9.310938
INFO:root:[Epoch 282] train=0.150031 val=0.906200 loss=1.216964 time: 9.303815
INFO:root:[Epoch 283] train=0.151006 val=0.905500 loss=1.285127 time: 9.215612
INFO:root:[Epoch 284] train=0.150867 val=0.903100 loss=1.248556 time: 9.333141
INFO:root:[Epoch 285] train=0.151273 val=0.904100 loss=1.257748 time: 9.186761
INFO:root:[Epoch 286] train=0.151037 val=0.905500 loss=1.229189 time: 9.278196
INFO:root:[Epoch 287] train=0.151371 val=0.904200 loss=1.260111 time: 9.179946
INFO:root:[Epoch 288] train=0.150575 val=0.903000 loss=1.251941 time: 9.267510
INFO:root:[Epoch 289] train=0.152004 val=0.903500 loss=1.284408 time: 9.358526
INFO:root:[Epoch 290] train=0.151110 val=0.904600 loss=1.245405 time: 9.292209
INFO:root:[Epoch 291] train=0.150852 val=0.904500 loss=1.252293 time: 9.287850
INFO:root:[Epoch 292] train=0.150561 val=0.905100 loss=1.243383 time: 9.181175
INFO:root:[Epoch 293] train=0.150727 val=0.906500 loss=1.264732 time: 9.538334
INFO:root:[Epoch 294] train=0.150547 val=0.904600 loss=1.251096 time: 9.231965
INFO:root:[Epoch 295] train=0.150253 val=0.905900 loss=1.242724 time: 9.216018
INFO:root:[Epoch 296] train=0.151039 val=0.903500 loss=1.273474 time: 9.213868
INFO:root:[Epoch 297] train=0.150656 val=0.904800 loss=1.245507 time: 9.414853
INFO:root:[Epoch 298] train=0.150280 val=0.905300 loss=1.199486 time: 9.249216
INFO:root:[Epoch 299] train=0.150708 val=0.906200 loss=1.244327 time: 9.534243
INFO:root:[Epoch 300] train=0.147177 val=0.910100 loss=0.473079 time: 9.326141
INFO:root:[Epoch 301] train=0.145748 val=0.910400 loss=0.460184 time: 9.375708
INFO:root:[Epoch 302] train=0.145343 val=0.909500 loss=0.458657 time: 9.225415
INFO:root:[Epoch 303] train=0.145934 val=0.910500 loss=0.457737 time: 9.438693
INFO:root:[Epoch 304] train=0.145144 val=0.910400 loss=0.452851 time: 9.212596
INFO:root:[Epoch 305] train=0.144531 val=0.913000 loss=0.447664 time: 9.373667
INFO:root:[Epoch 306] train=0.144703 val=0.910200 loss=0.448768 time: 9.283751
INFO:root:[Epoch 307] train=0.144646 val=0.909300 loss=0.448571 time: 9.316837
INFO:root:[Epoch 308] train=0.144649 val=0.908700 loss=0.446695 time: 9.321226
INFO:root:[Epoch 309] train=0.143357 val=0.910300 loss=0.438464 time: 9.346969
INFO:root:[Epoch 310] train=0.144334 val=0.910900 loss=0.444255 time: 9.264895
INFO:root:[Epoch 311] train=0.144261 val=0.909700 loss=0.442376 time: 9.301834
INFO:root:[Epoch 312] train=0.143232 val=0.910900 loss=0.436317 time: 9.346399
INFO:root:[Epoch 313] train=0.142412 val=0.909500 loss=0.433363 time: 9.323927
INFO:root:[Epoch 314] train=0.143685 val=0.908900 loss=0.440091 time: 9.300841
INFO:root:[Epoch 315] train=0.143681 val=0.911300 loss=0.438105 time: 9.287088
INFO:root:[Epoch 316] train=0.143841 val=0.910400 loss=0.439863 time: 9.404807
INFO:root:[Epoch 317] train=0.142547 val=0.911400 loss=0.432429 time: 9.369834
INFO:root:[Epoch 318] train=0.143982 val=0.911400 loss=0.441658 time: 9.350581
INFO:root:[Epoch 319] train=0.143612 val=0.911000 loss=0.435506 time: 9.356157
INFO:root:[Epoch 320] train=0.143561 val=0.910500 loss=0.437684 time: 9.238533
INFO:root:[Epoch 321] train=0.142550 val=0.911600 loss=0.431283 time: 9.410086
INFO:root:[Epoch 322] train=0.143842 val=0.910300 loss=0.438385 time: 9.251060
INFO:root:[Epoch 323] train=0.143816 val=0.911900 loss=0.438908 time: 9.506092
INFO:root:[Epoch 324] train=0.142522 val=0.909400 loss=0.433147 time: 9.308629
INFO:root:[Epoch 325] train=0.141661 val=0.911300 loss=0.424708 time: 9.479477
INFO:root:[Epoch 326] train=0.142043 val=0.911600 loss=0.428830 time: 9.305539
INFO:root:[Epoch 327] train=0.142076 val=0.911300 loss=0.430608 time: 9.506742
INFO:root:[Epoch 328] train=0.141670 val=0.910900 loss=0.426407 time: 9.313847
INFO:root:[Epoch 329] train=0.142879 val=0.912500 loss=0.433391 time: 9.328329
INFO:root:[Epoch 330] train=0.142777 val=0.910900 loss=0.433387 time: 9.415520
INFO:root:[Epoch 331] train=0.141986 val=0.912700 loss=0.426582 time: 9.390449
INFO:root:[Epoch 332] train=0.142469 val=0.909800 loss=0.432259 time: 9.301588
INFO:root:[Epoch 333] train=0.142179 val=0.912700 loss=0.429662 time: 9.406344
INFO:root:[Epoch 334] train=0.141607 val=0.912000 loss=0.425558 time: 9.485469
INFO:root:[Epoch 335] train=0.142360 val=0.911600 loss=0.428203 time: 9.467666
INFO:root:[Epoch 336] train=0.140973 val=0.912300 loss=0.421904 time: 9.481372
INFO:root:[Epoch 337] train=0.140686 val=0.912700 loss=0.421492 time: 9.343075
INFO:root:[Epoch 338] train=0.142048 val=0.912000 loss=0.428553 time: 9.309505
INFO:root:[Epoch 339] train=0.141584 val=0.911600 loss=0.424321 time: 9.338787
INFO:root:[Epoch 340] train=0.141681 val=0.912100 loss=0.425250 time: 9.431148
INFO:root:[Epoch 341] train=0.140237 val=0.911900 loss=0.416679 time: 9.379928
INFO:root:[Epoch 342] train=0.141027 val=0.913600 loss=0.420593 time: 9.458051
INFO:root:[Epoch 343] train=0.141776 val=0.913500 loss=0.427697 time: 9.347377
INFO:root:[Epoch 344] train=0.141561 val=0.912300 loss=0.424826 time: 9.573383
INFO:root:[Epoch 345] train=0.141261 val=0.911800 loss=0.422487 time: 9.350705
INFO:root:[Epoch 346] train=0.141303 val=0.911400 loss=0.424456 time: 9.403382
INFO:root:[Epoch 347] train=0.140586 val=0.912600 loss=0.419623 time: 9.380749
INFO:root:[Epoch 348] train=0.140528 val=0.911600 loss=0.419680 time: 9.561529
INFO:root:[Epoch 349] train=0.140621 val=0.911600 loss=0.418769 time: 9.377011
